
file            [index]  value      size  bind  type  vis   shndx  symbol name 

src\app\task\config\ftask_cfg.c.1.obj|[0]     |0x00000000|0|LOCL |NONE |DFLT |UNDEF |
src\app\task\config\ftask_cfg.c.1.obj|[67]    |0x000001e0|0|LOCL |FUNC |HIDN |85    |$C$CON1
src\app\task\config\ftask_cfg.c.1.obj|[68]    |0x000001e4|0|LOCL |FUNC |HIDN |85    |$C$CON2
src\app\task\config\ftask_cfg.c.1.obj|[69]    |0x000001e8|0|LOCL |FUNC |HIDN |85    |$C$CON3
src\app\task\config\ftask_cfg.c.1.obj|[70]    |0x000001ec|0|LOCL |FUNC |HIDN |85    |$C$CON4
src\app\task\config\ftask_cfg.c.1.obj|[71]    |0x000001f0|0|LOCL |FUNC |HIDN |85    |$C$CON5
src\app\task\config\ftask_cfg.c.1.obj|[72]    |0x000001f4|0|LOCL |FUNC |HIDN |85    |$C$CON6
src\app\task\config\ftask_cfg.c.1.obj|[5]     |0x00000028|0|LOCL |FUNC |HIDN |94    |$C$L1
src\app\task\config\ftask_cfg.c.1.obj|[14]    |0x00000058|0|LOCL |FUNC |HIDN |100   |$C$L10
src\app\task\config\ftask_cfg.c.1.obj|[15]    |0x00000060|0|LOCL |FUNC |HIDN |100   |$C$L11
src\app\task\config\ftask_cfg.c.1.obj|[16]    |0x00000028|0|LOCL |FUNC |HIDN |101   |$C$L12
src\app\task\config\ftask_cfg.c.1.obj|[17]    |0x00000058|0|LOCL |FUNC |HIDN |102   |$C$L13
src\app\task\config\ftask_cfg.c.1.obj|[18]    |0x00000060|0|LOCL |FUNC |HIDN |102   |$C$L14
src\app\task\config\ftask_cfg.c.1.obj|[19]    |0x00000058|0|LOCL |FUNC |HIDN |103   |$C$L15
src\app\task\config\ftask_cfg.c.1.obj|[20]    |0x00000060|0|LOCL |FUNC |HIDN |103   |$C$L16
src\app\task\config\ftask_cfg.c.1.obj|[21]    |0x00000028|0|LOCL |FUNC |HIDN |104   |$C$L17
src\app\task\config\ftask_cfg.c.1.obj|[22]    |0x00000058|0|LOCL |FUNC |HIDN |105   |$C$L18
src\app\task\config\ftask_cfg.c.1.obj|[23]    |0x00000060|0|LOCL |FUNC |HIDN |105   |$C$L19
src\app\task\config\ftask_cfg.c.1.obj|[6]     |0x00000030|0|LOCL |FUNC |HIDN |94    |$C$L2
src\app\task\config\ftask_cfg.c.1.obj|[24]    |0x00000020|0|LOCL |FUNC |HIDN |106   |$C$L20
src\app\task\config\ftask_cfg.c.1.obj|[25]    |0x0000001c|0|LOCL |FUNC |HIDN |107   |$C$L21
src\app\task\config\ftask_cfg.c.1.obj|[26]    |0x00000020|0|LOCL |FUNC |HIDN |108   |$C$L22
src\app\task\config\ftask_cfg.c.1.obj|[27]    |0x00000050|0|LOCL |FUNC |HIDN |109   |$C$L23
src\app\task\config\ftask_cfg.c.1.obj|[28]    |0x0000005c|0|LOCL |FUNC |HIDN |109   |$C$L24
src\app\task\config\ftask_cfg.c.1.obj|[29]    |0x00000064|0|LOCL |FUNC |HIDN |109   |$C$L25
src\app\task\config\ftask_cfg.c.1.obj|[30]    |0x00000094|0|LOCL |FUNC |HIDN |109   |$C$L26
src\app\task\config\ftask_cfg.c.1.obj|[31]    |0x000000a0|0|LOCL |FUNC |HIDN |109   |$C$L27
src\app\task\config\ftask_cfg.c.1.obj|[32]    |0x000000d0|0|LOCL |FUNC |HIDN |109   |$C$L28
src\app\task\config\ftask_cfg.c.1.obj|[33]    |0x000000dc|0|LOCL |FUNC |HIDN |109   |$C$L29
src\app\task\config\ftask_cfg.c.1.obj|[7]     |0x00000028|0|LOCL |FUNC |HIDN |96    |$C$L3
src\app\task\config\ftask_cfg.c.1.obj|[34]    |0x000000e0|0|LOCL |FUNC |HIDN |109   |$C$L30
src\app\task\config\ftask_cfg.c.1.obj|[35]    |0x00000028|0|LOCL |FUNC |HIDN |110   |$C$L31
src\app\task\config\ftask_cfg.c.1.obj|[36]    |0x00000030|0|LOCL |FUNC |HIDN |110   |$C$L32
src\app\task\config\ftask_cfg.c.1.obj|[37]    |0x00000048|0|LOCL |FUNC |HIDN |110   |$C$L33
src\app\task\config\ftask_cfg.c.1.obj|[38]    |0x0000005c|0|LOCL |FUNC |HIDN |110   |$C$L34
src\app\task\config\ftask_cfg.c.1.obj|[39]    |0x00000060|0|LOCL |FUNC |HIDN |110   |$C$L35
src\app\task\config\ftask_cfg.c.1.obj|[40]    |0x00000050|0|LOCL |FUNC |HIDN |111   |$C$L36
src\app\task\config\ftask_cfg.c.1.obj|[41]    |0x0000005c|0|LOCL |FUNC |HIDN |111   |$C$L37
src\app\task\config\ftask_cfg.c.1.obj|[42]    |0x00000064|0|LOCL |FUNC |HIDN |111   |$C$L38
src\app\task\config\ftask_cfg.c.1.obj|[43]    |0x00000094|0|LOCL |FUNC |HIDN |111   |$C$L39
src\app\task\config\ftask_cfg.c.1.obj|[8]     |0x00000030|0|LOCL |FUNC |HIDN |96    |$C$L4
src\app\task\config\ftask_cfg.c.1.obj|[44]    |0x000000a0|0|LOCL |FUNC |HIDN |111   |$C$L40
src\app\task\config\ftask_cfg.c.1.obj|[45]    |0x000000d0|0|LOCL |FUNC |HIDN |111   |$C$L41
src\app\task\config\ftask_cfg.c.1.obj|[46]    |0x000000dc|0|LOCL |FUNC |HIDN |111   |$C$L42
src\app\task\config\ftask_cfg.c.1.obj|[47]    |0x000000e0|0|LOCL |FUNC |HIDN |111   |$C$L43
src\app\task\config\ftask_cfg.c.1.obj|[48]    |0x000000c0|0|LOCL |FUNC |HIDN |85    |$C$L44
src\app\task\config\ftask_cfg.c.1.obj|[49]    |0x000000f4|0|LOCL |FUNC |HIDN |85    |$C$L45
src\app\task\config\ftask_cfg.c.1.obj|[50]    |0x00000164|0|LOCL |FUNC |HIDN |85    |$C$L46
src\app\task\config\ftask_cfg.c.1.obj|[51]    |0x00000178|0|LOCL |FUNC |HIDN |85    |$C$L47
src\app\task\config\ftask_cfg.c.1.obj|[52]    |0x0000017c|0|LOCL |FUNC |HIDN |85    |$C$L48
src\app\task\config\ftask_cfg.c.1.obj|[53]    |0x000001c0|0|LOCL |FUNC |HIDN |85    |$C$L49
src\app\task\config\ftask_cfg.c.1.obj|[9]     |0x00000034|0|LOCL |FUNC |HIDN |97    |$C$L5
src\app\task\config\ftask_cfg.c.1.obj|[54]    |0x000001c4|0|LOCL |FUNC |HIDN |85    |$C$L50
src\app\task\config\ftask_cfg.c.1.obj|[55]    |0x000001d8|0|LOCL |FUNC |HIDN |85    |$C$L51
src\app\task\config\ftask_cfg.c.1.obj|[56]    |0x000001dc|0|LOCL |FUNC |HIDN |85    |$C$L52
src\app\task\config\ftask_cfg.c.1.obj|[10]    |0x00000050|0|LOCL |FUNC |HIDN |97    |$C$L6
src\app\task\config\ftask_cfg.c.1.obj|[11]    |0x0000002c|0|LOCL |FUNC |HIDN |98    |$C$L7
src\app\task\config\ftask_cfg.c.1.obj|[12]    |0x00000034|0|LOCL |FUNC |HIDN |99    |$C$L8
src\app\task\config\ftask_cfg.c.1.obj|[13]    |0x00000050|0|LOCL |FUNC |HIDN |99    |$C$L9
src\app\task\config\ftask_cfg.c.1.obj|[57]    |0x00000054|0|LOCL |FUNC |HIDN |97    |$C$LL1
src\app\task\config\ftask_cfg.c.1.obj|[66]    |0x000000ec|0|LOCL |FUNC |HIDN |111   |$C$LL10
src\app\task\config\ftask_cfg.c.1.obj|[58]    |0x00000054|0|LOCL |FUNC |HIDN |99    |$C$LL2
src\app\task\config\ftask_cfg.c.1.obj|[59]    |0x00000064|0|LOCL |FUNC |HIDN |100   |$C$LL3
src\app\task\config\ftask_cfg.c.1.obj|[60]    |0x00000064|0|LOCL |FUNC |HIDN |102   |$C$LL4
src\app\task\config\ftask_cfg.c.1.obj|[61]    |0x00000064|0|LOCL |FUNC |HIDN |103   |$C$LL5
src\app\task\config\ftask_cfg.c.1.obj|[62]    |0x00000064|0|LOCL |FUNC |HIDN |105   |$C$LL6
src\app\task\config\ftask_cfg.c.1.obj|[63]    |0x000000e4|0|LOCL |FUNC |HIDN |109   |$C$LL7
src\app\task\config\ftask_cfg.c.1.obj|[64]    |0x000000ec|0|LOCL |FUNC |HIDN |109   |$C$LL8
src\app\task\config\ftask_cfg.c.1.obj|[65]    |0x000000e4|0|LOCL |FUNC |HIDN |111   |$C$LL9
src\app\task\config\ftask_cfg.c.1.obj|[147]   |0x00000004|0|LOCL |NONE |HIDN |85    |$a
src\app\task\config\ftask_cfg.c.1.obj|[146]   |0x00000000|0|LOCL |NONE |HIDN |85    |$a
src\app\task\config\ftask_cfg.c.1.obj|[148]   |0x0000002c|0|LOCL |NONE |HIDN |85    |$a
src\app\task\config\ftask_cfg.c.1.obj|[145]   |0x00000000|0|LOCL |NONE |HIDN |111   |$a
src\app\task\config\ftask_cfg.c.1.obj|[144]   |0x00000000|0|LOCL |NONE |HIDN |110   |$a
src\app\task\config\ftask_cfg.c.1.obj|[143]   |0x00000000|0|LOCL |NONE |HIDN |109   |$a
src\app\task\config\ftask_cfg.c.1.obj|[142]   |0x00000000|0|LOCL |NONE |HIDN |108   |$a
src\app\task\config\ftask_cfg.c.1.obj|[141]   |0x00000000|0|LOCL |NONE |HIDN |107   |$a
src\app\task\config\ftask_cfg.c.1.obj|[140]   |0x00000000|0|LOCL |NONE |HIDN |106   |$a
src\app\task\config\ftask_cfg.c.1.obj|[139]   |0x00000000|0|LOCL |NONE |HIDN |105   |$a
src\app\task\config\ftask_cfg.c.1.obj|[138]   |0x00000000|0|LOCL |NONE |HIDN |104   |$a
src\app\task\config\ftask_cfg.c.1.obj|[137]   |0x00000000|0|LOCL |NONE |HIDN |103   |$a
src\app\task\config\ftask_cfg.c.1.obj|[136]   |0x00000000|0|LOCL |NONE |HIDN |102   |$a
src\app\task\config\ftask_cfg.c.1.obj|[135]   |0x00000000|0|LOCL |NONE |HIDN |101   |$a
src\app\task\config\ftask_cfg.c.1.obj|[134]   |0x00000000|0|LOCL |NONE |HIDN |100   |$a
src\app\task\config\ftask_cfg.c.1.obj|[133]   |0x00000000|0|LOCL |NONE |HIDN |99    |$a
src\app\task\config\ftask_cfg.c.1.obj|[132]   |0x00000000|0|LOCL |NONE |HIDN |98    |$a
src\app\task\config\ftask_cfg.c.1.obj|[131]   |0x00000000|0|LOCL |NONE |HIDN |97    |$a
src\app\task\config\ftask_cfg.c.1.obj|[130]   |0x00000000|0|LOCL |NONE |HIDN |96    |$a
src\app\task\config\ftask_cfg.c.1.obj|[129]   |0x00000000|0|LOCL |NONE |HIDN |95    |$a
src\app\task\config\ftask_cfg.c.1.obj|[155]   |0x00000180|0|LOCL |NONE |HIDN |85    |$a
src\app\task\config\ftask_cfg.c.1.obj|[154]   |0x00000114|0|LOCL |NONE |HIDN |85    |$a
src\app\task\config\ftask_cfg.c.1.obj|[153]   |0x00000110|0|LOCL |NONE |HIDN |85    |$a
src\app\task\config\ftask_cfg.c.1.obj|[152]   |0x000000d4|0|LOCL |NONE |HIDN |85    |$a
src\app\task\config\ftask_cfg.c.1.obj|[151]   |0x00000070|0|LOCL |NONE |HIDN |85    |$a
src\app\task\config\ftask_cfg.c.1.obj|[150]   |0x00000058|0|LOCL |NONE |HIDN |85    |$a
src\app\task\config\ftask_cfg.c.1.obj|[149]   |0x0000003c|0|LOCL |NONE |HIDN |85    |$a
src\app\task\config\ftask_cfg.c.1.obj|[128]   |0x00000000|0|LOCL |NONE |HIDN |94    |$a
src\app\task\config\ftask_cfg.c.1.obj|[164]   |0x000001e0|0|LOCL |NONE |HIDN |85    |$d
src\app\task\config\ftask_cfg.c.1.obj|[127]   |0x00000002|0|LOCL |NONE |HIDN |93    |$d
src\app\task\config\ftask_cfg.c.1.obj|[118]   |0x00000000|0|LOCL |NONE |HIDN |86    |$d
src\app\task\config\ftask_cfg.c.1.obj|[119]   |0x00000000|0|LOCL |NONE |HIDN |87    |$d
src\app\task\config\ftask_cfg.c.1.obj|[120]   |0x00000000|0|LOCL |NONE |HIDN |88    |$d
src\app\task\config\ftask_cfg.c.1.obj|[121]   |0x00000000|0|LOCL |NONE |HIDN |89    |$d
src\app\task\config\ftask_cfg.c.1.obj|[122]   |0x00000000|0|LOCL |NONE |HIDN |90    |$d
src\app\task\config\ftask_cfg.c.1.obj|[123]   |0x00000000|0|LOCL |NONE |HIDN |91    |$d
src\app\task\config\ftask_cfg.c.1.obj|[124]   |0x00000000|0|LOCL |NONE |HIDN |92    |$d
src\app\task\config\ftask_cfg.c.1.obj|[125]   |0x00000000|0|LOCL |NONE |HIDN |93    |$d
src\app\task\config\ftask_cfg.c.1.obj|[126]   |0x00000001|0|LOCL |NONE |HIDN |93    |$d
src\app\task\config\ftask_cfg.c.1.obj|[158]   |0x00000064|0|LOCL |NONE |HIDN |100   |$d
src\app\task\config\ftask_cfg.c.1.obj|[156]   |0x00000054|0|LOCL |NONE |HIDN |97    |$d
src\app\task\config\ftask_cfg.c.1.obj|[157]   |0x00000054|0|LOCL |NONE |HIDN |99    |$d
src\app\task\config\ftask_cfg.c.1.obj|[159]   |0x00000064|0|LOCL |NONE |HIDN |102   |$d
src\app\task\config\ftask_cfg.c.1.obj|[160]   |0x00000064|0|LOCL |NONE |HIDN |103   |$d
src\app\task\config\ftask_cfg.c.1.obj|[161]   |0x00000064|0|LOCL |NONE |HIDN |105   |$d
src\app\task\config\ftask_cfg.c.1.obj|[162]   |0x000000e4|0|LOCL |NONE |HIDN |109   |$d
src\app\task\config\ftask_cfg.c.1.obj|[163]   |0x000000e4|0|LOCL |NONE |HIDN |111   |$d
src\app\task\config\ftask_cfg.c.1.obj|[81]    |0x00000000|0|LOCL |SECT |HIDN |93    |.data
src\app\task\config\ftask_cfg.c.1.obj|[80]    |0x00000000|0|LOCL |SECT |HIDN |92    |.data:ftsk_taskDefinitionAfe
src\app\task\config\ftask_cfg.c.1.obj|[77]    |0x00000000|0|LOCL |SECT |HIDN |89    |.data:ftsk_taskDefinitionCyclic100ms
src\app\task\config\ftask_cfg.c.1.obj|[76]    |0x00000000|0|LOCL |SECT |HIDN |88    |.data:ftsk_taskDefinitionCyclic10ms
src\app\task\config\ftask_cfg.c.1.obj|[75]    |0x00000000|0|LOCL |SECT |HIDN |87    |.data:ftsk_taskDefinitionCyclic1ms
src\app\task\config\ftask_cfg.c.1.obj|[78]    |0x00000000|0|LOCL |SECT |HIDN |90    |.data:ftsk_taskDefinitionCyclicAlgorithm100ms
src\app\task\config\ftask_cfg.c.1.obj|[74]    |0x00000000|0|LOCL |SECT |HIDN |86    |.data:ftsk_taskDefinitionEngine
src\app\task\config\ftask_cfg.c.1.obj|[79]    |0x00000000|0|LOCL |SECT |HIDN |91    |.data:ftsk_taskDefinitionI2c
src\app\task\config\ftask_cfg.c.1.obj|[386]   |0x00000000|0|LOCL |SECT |HIDN |333   |.debug_abbrev
src\app\task\config\ftask_cfg.c.1.obj|[387]   |0x00000000|0|LOCL |SECT |HIDN |334   |.debug_abbrev
src\app\task\config\ftask_cfg.c.1.obj|[388]   |0x00000000|0|LOCL |SECT |HIDN |335   |.debug_abbrev
src\app\task\config\ftask_cfg.c.1.obj|[389]   |0x00000000|0|LOCL |SECT |HIDN |336   |.debug_abbrev
src\app\task\config\ftask_cfg.c.1.obj|[385]   |0x00000000|0|LOCL |SECT |HIDN |332   |.debug_abbrev
src\app\task\config\ftask_cfg.c.1.obj|[390]   |0x00000000|0|LOCL |SECT |HIDN |337   |.debug_abbrev
src\app\task\config\ftask_cfg.c.1.obj|[391]   |0x00000000|0|LOCL |SECT |HIDN |338   |.debug_abbrev
src\app\task\config\ftask_cfg.c.1.obj|[392]   |0x00000000|0|LOCL |SECT |HIDN |339   |.debug_abbrev
src\app\task\config\ftask_cfg.c.1.obj|[393]   |0x00000000|0|LOCL |SECT |HIDN |340   |.debug_abbrev
src\app\task\config\ftask_cfg.c.1.obj|[464]   |0x00000000|0|LOCL |SECT |HIDN |410   |.debug_abbrev
src\app\task\config\ftask_cfg.c.1.obj|[502]   |0x00000000|0|LOCL |SECT |HIDN |448   |.debug_abbrev
src\app\task\config\ftask_cfg.c.1.obj|[500]   |0x00000000|0|LOCL |SECT |HIDN |446   |.debug_abbrev
src\app\task\config\ftask_cfg.c.1.obj|[522]   |0x00000000|0|LOCL |SECT |HIDN |468   |.debug_abbrev
src\app\task\config\ftask_cfg.c.1.obj|[524]   |0x00000000|0|LOCL |SECT |HIDN |470   |.debug_abbrev
src\app\task\config\ftask_cfg.c.1.obj|[526]   |0x00000000|0|LOCL |SECT |HIDN |472   |.debug_abbrev
src\app\task\config\ftask_cfg.c.1.obj|[528]   |0x00000000|0|LOCL |SECT |HIDN |474   |.debug_abbrev
src\app\task\config\ftask_cfg.c.1.obj|[498]   |0x00000000|0|LOCL |SECT |HIDN |444   |.debug_abbrev
src\app\task\config\ftask_cfg.c.1.obj|[496]   |0x00000000|0|LOCL |SECT |HIDN |442   |.debug_abbrev
src\app\task\config\ftask_cfg.c.1.obj|[494]   |0x00000000|0|LOCL |SECT |HIDN |440   |.debug_abbrev
src\app\task\config\ftask_cfg.c.1.obj|[490]   |0x00000000|0|LOCL |SECT |HIDN |436   |.debug_abbrev
src\app\task\config\ftask_cfg.c.1.obj|[488]   |0x00000000|0|LOCL |SECT |HIDN |434   |.debug_abbrev
src\app\task\config\ftask_cfg.c.1.obj|[486]   |0x00000000|0|LOCL |SECT |HIDN |432   |.debug_abbrev
src\app\task\config\ftask_cfg.c.1.obj|[484]   |0x00000000|0|LOCL |SECT |HIDN |430   |.debug_abbrev
src\app\task\config\ftask_cfg.c.1.obj|[492]   |0x00000000|0|LOCL |SECT |HIDN |438   |.debug_abbrev
src\app\task\config\ftask_cfg.c.1.obj|[482]   |0x00000000|0|LOCL |SECT |HIDN |428   |.debug_abbrev
src\app\task\config\ftask_cfg.c.1.obj|[480]   |0x00000000|0|LOCL |SECT |HIDN |426   |.debug_abbrev
src\app\task\config\ftask_cfg.c.1.obj|[478]   |0x00000000|0|LOCL |SECT |HIDN |424   |.debug_abbrev
src\app\task\config\ftask_cfg.c.1.obj|[476]   |0x00000000|0|LOCL |SECT |HIDN |422   |.debug_abbrev
src\app\task\config\ftask_cfg.c.1.obj|[474]   |0x00000000|0|LOCL |SECT |HIDN |420   |.debug_abbrev
src\app\task\config\ftask_cfg.c.1.obj|[472]   |0x00000000|0|LOCL |SECT |HIDN |418   |.debug_abbrev
src\app\task\config\ftask_cfg.c.1.obj|[470]   |0x00000000|0|LOCL |SECT |HIDN |416   |.debug_abbrev
src\app\task\config\ftask_cfg.c.1.obj|[468]   |0x00000000|0|LOCL |SECT |HIDN |414   |.debug_abbrev
src\app\task\config\ftask_cfg.c.1.obj|[506]   |0x00000000|0|LOCL |SECT |HIDN |452   |.debug_abbrev
src\app\task\config\ftask_cfg.c.1.obj|[508]   |0x00000000|0|LOCL |SECT |HIDN |454   |.debug_abbrev
src\app\task\config\ftask_cfg.c.1.obj|[466]   |0x00000000|0|LOCL |SECT |HIDN |412   |.debug_abbrev
src\app\task\config\ftask_cfg.c.1.obj|[510]   |0x00000000|0|LOCL |SECT |HIDN |456   |.debug_abbrev
src\app\task\config\ftask_cfg.c.1.obj|[512]   |0x00000000|0|LOCL |SECT |HIDN |458   |.debug_abbrev
src\app\task\config\ftask_cfg.c.1.obj|[514]   |0x00000000|0|LOCL |SECT |HIDN |460   |.debug_abbrev
src\app\task\config\ftask_cfg.c.1.obj|[516]   |0x00000000|0|LOCL |SECT |HIDN |462   |.debug_abbrev
src\app\task\config\ftask_cfg.c.1.obj|[518]   |0x00000000|0|LOCL |SECT |HIDN |464   |.debug_abbrev
src\app\task\config\ftask_cfg.c.1.obj|[520]   |0x00000000|0|LOCL |SECT |HIDN |466   |.debug_abbrev
src\app\task\config\ftask_cfg.c.1.obj|[504]   |0x00000000|0|LOCL |SECT |HIDN |450   |.debug_abbrev
src\app\task\config\ftask_cfg.c.1.obj|[394]   |0x00000000|0|LOCL |SECT |HIDN |341   |.debug_abbrev
src\app\task\config\ftask_cfg.c.1.obj|[462]   |0x00000000|0|LOCL |SECT |HIDN |408   |.debug_abbrev
src\app\task\config\ftask_cfg.c.1.obj|[460]   |0x00000000|0|LOCL |SECT |HIDN |406   |.debug_abbrev
src\app\task\config\ftask_cfg.c.1.obj|[458]   |0x00000000|0|LOCL |SECT |HIDN |404   |.debug_abbrev
src\app\task\config\ftask_cfg.c.1.obj|[456]   |0x00000000|0|LOCL |SECT |HIDN |402   |.debug_abbrev
src\app\task\config\ftask_cfg.c.1.obj|[454]   |0x00000000|0|LOCL |SECT |HIDN |400   |.debug_abbrev
src\app\task\config\ftask_cfg.c.1.obj|[452]   |0x00000000|0|LOCL |SECT |HIDN |398   |.debug_abbrev
src\app\task\config\ftask_cfg.c.1.obj|[450]   |0x00000000|0|LOCL |SECT |HIDN |396   |.debug_abbrev
src\app\task\config\ftask_cfg.c.1.obj|[448]   |0x00000000|0|LOCL |SECT |HIDN |394   |.debug_abbrev
src\app\task\config\ftask_cfg.c.1.obj|[446]   |0x00000000|0|LOCL |SECT |HIDN |392   |.debug_abbrev
src\app\task\config\ftask_cfg.c.1.obj|[444]   |0x00000000|0|LOCL |SECT |HIDN |390   |.debug_abbrev
src\app\task\config\ftask_cfg.c.1.obj|[442]   |0x00000000|0|LOCL |SECT |HIDN |388   |.debug_abbrev
src\app\task\config\ftask_cfg.c.1.obj|[440]   |0x00000000|0|LOCL |SECT |HIDN |386   |.debug_abbrev
src\app\task\config\ftask_cfg.c.1.obj|[438]   |0x00000000|0|LOCL |SECT |HIDN |384   |.debug_abbrev
src\app\task\config\ftask_cfg.c.1.obj|[436]   |0x00000000|0|LOCL |SECT |HIDN |382   |.debug_abbrev
src\app\task\config\ftask_cfg.c.1.obj|[434]   |0x00000000|0|LOCL |SECT |HIDN |380   |.debug_abbrev
src\app\task\config\ftask_cfg.c.1.obj|[432]   |0x00000000|0|LOCL |SECT |HIDN |378   |.debug_abbrev
src\app\task\config\ftask_cfg.c.1.obj|[430]   |0x00000000|0|LOCL |SECT |HIDN |376   |.debug_abbrev
src\app\task\config\ftask_cfg.c.1.obj|[428]   |0x00000000|0|LOCL |SECT |HIDN |374   |.debug_abbrev
src\app\task\config\ftask_cfg.c.1.obj|[426]   |0x00000000|0|LOCL |SECT |HIDN |372   |.debug_abbrev
src\app\task\config\ftask_cfg.c.1.obj|[424]   |0x00000000|0|LOCL |SECT |HIDN |370   |.debug_abbrev
src\app\task\config\ftask_cfg.c.1.obj|[422]   |0x00000000|0|LOCL |SECT |HIDN |368   |.debug_abbrev
src\app\task\config\ftask_cfg.c.1.obj|[420]   |0x00000000|0|LOCL |SECT |HIDN |366   |.debug_abbrev
src\app\task\config\ftask_cfg.c.1.obj|[418]   |0x00000000|0|LOCL |SECT |HIDN |364   |.debug_abbrev
src\app\task\config\ftask_cfg.c.1.obj|[416]   |0x00000000|0|LOCL |SECT |HIDN |362   |.debug_abbrev
src\app\task\config\ftask_cfg.c.1.obj|[414]   |0x00000000|0|LOCL |SECT |HIDN |360   |.debug_abbrev
src\app\task\config\ftask_cfg.c.1.obj|[412]   |0x00000000|0|LOCL |SECT |HIDN |358   |.debug_abbrev
src\app\task\config\ftask_cfg.c.1.obj|[410]   |0x00000000|0|LOCL |SECT |HIDN |356   |.debug_abbrev
src\app\task\config\ftask_cfg.c.1.obj|[408]   |0x00000000|0|LOCL |SECT |HIDN |354   |.debug_abbrev
src\app\task\config\ftask_cfg.c.1.obj|[406]   |0x00000000|0|LOCL |SECT |HIDN |352   |.debug_abbrev
src\app\task\config\ftask_cfg.c.1.obj|[404]   |0x00000000|0|LOCL |SECT |HIDN |350   |.debug_abbrev
src\app\task\config\ftask_cfg.c.1.obj|[402]   |0x00000000|0|LOCL |SECT |HIDN |348   |.debug_abbrev
src\app\task\config\ftask_cfg.c.1.obj|[400]   |0x00000000|0|LOCL |SECT |HIDN |346   |.debug_abbrev
src\app\task\config\ftask_cfg.c.1.obj|[398]   |0x00000000|0|LOCL |SECT |HIDN |344   |.debug_abbrev
src\app\task\config\ftask_cfg.c.1.obj|[396]   |0x00000000|0|LOCL |SECT |HIDN |343   |.debug_abbrev
src\app\task\config\ftask_cfg.c.1.obj|[395]   |0x00000000|0|LOCL |SECT |HIDN |342   |.debug_abbrev
src\app\task\config\ftask_cfg.c.1.obj|[384]   |0x00000000|0|LOCL |SECT |HIDN |331   |.debug_abbrev
src\app\task\config\ftask_cfg.c.1.obj|[370]   |0x00000000|0|LOCL |SECT |HIDN |317   |.debug_abbrev
src\app\task\config\ftask_cfg.c.1.obj|[371]   |0x00000000|0|LOCL |SECT |HIDN |318   |.debug_abbrev
src\app\task\config\ftask_cfg.c.1.obj|[372]   |0x00000000|0|LOCL |SECT |HIDN |319   |.debug_abbrev
src\app\task\config\ftask_cfg.c.1.obj|[373]   |0x00000000|0|LOCL |SECT |HIDN |320   |.debug_abbrev
src\app\task\config\ftask_cfg.c.1.obj|[374]   |0x00000000|0|LOCL |SECT |HIDN |321   |.debug_abbrev
src\app\task\config\ftask_cfg.c.1.obj|[375]   |0x00000000|0|LOCL |SECT |HIDN |322   |.debug_abbrev
src\app\task\config\ftask_cfg.c.1.obj|[376]   |0x00000000|0|LOCL |SECT |HIDN |323   |.debug_abbrev
src\app\task\config\ftask_cfg.c.1.obj|[377]   |0x00000000|0|LOCL |SECT |HIDN |324   |.debug_abbrev
src\app\task\config\ftask_cfg.c.1.obj|[378]   |0x00000000|0|LOCL |SECT |HIDN |325   |.debug_abbrev
src\app\task\config\ftask_cfg.c.1.obj|[379]   |0x00000000|0|LOCL |SECT |HIDN |326   |.debug_abbrev
src\app\task\config\ftask_cfg.c.1.obj|[380]   |0x00000000|0|LOCL |SECT |HIDN |327   |.debug_abbrev
src\app\task\config\ftask_cfg.c.1.obj|[381]   |0x00000000|0|LOCL |SECT |HIDN |328   |.debug_abbrev
src\app\task\config\ftask_cfg.c.1.obj|[382]   |0x00000000|0|LOCL |SECT |HIDN |329   |.debug_abbrev
src\app\task\config\ftask_cfg.c.1.obj|[383]   |0x00000000|0|LOCL |SECT |HIDN |330   |.debug_abbrev
src\app\task\config\ftask_cfg.c.1.obj|[540]   |0x00000000|0|LOCL |SECT |HIDN |487   |.debug_aranges
src\app\task\config\ftask_cfg.c.1.obj|[541]   |0x00000000|0|LOCL |SECT |HIDN |488   |.debug_aranges
src\app\task\config\ftask_cfg.c.1.obj|[542]   |0x00000000|0|LOCL |SECT |HIDN |489   |.debug_aranges
src\app\task\config\ftask_cfg.c.1.obj|[543]   |0x00000000|0|LOCL |SECT |HIDN |490   |.debug_aranges
src\app\task\config\ftask_cfg.c.1.obj|[544]   |0x00000000|0|LOCL |SECT |HIDN |491   |.debug_aranges
src\app\task\config\ftask_cfg.c.1.obj|[537]   |0x00000000|0|LOCL |SECT |HIDN |484   |.debug_aranges
src\app\task\config\ftask_cfg.c.1.obj|[547]   |0x00000000|0|LOCL |SECT |HIDN |494   |.debug_aranges
src\app\task\config\ftask_cfg.c.1.obj|[546]   |0x00000000|0|LOCL |SECT |HIDN |493   |.debug_aranges
src\app\task\config\ftask_cfg.c.1.obj|[545]   |0x00000000|0|LOCL |SECT |HIDN |492   |.debug_aranges
src\app\task\config\ftask_cfg.c.1.obj|[529]   |0x00000000|0|LOCL |SECT |HIDN |476   |.debug_aranges
src\app\task\config\ftask_cfg.c.1.obj|[530]   |0x00000000|0|LOCL |SECT |HIDN |477   |.debug_aranges
src\app\task\config\ftask_cfg.c.1.obj|[531]   |0x00000000|0|LOCL |SECT |HIDN |478   |.debug_aranges
src\app\task\config\ftask_cfg.c.1.obj|[532]   |0x00000000|0|LOCL |SECT |HIDN |479   |.debug_aranges
src\app\task\config\ftask_cfg.c.1.obj|[533]   |0x00000000|0|LOCL |SECT |HIDN |480   |.debug_aranges
src\app\task\config\ftask_cfg.c.1.obj|[534]   |0x00000000|0|LOCL |SECT |HIDN |481   |.debug_aranges
src\app\task\config\ftask_cfg.c.1.obj|[535]   |0x00000000|0|LOCL |SECT |HIDN |482   |.debug_aranges
src\app\task\config\ftask_cfg.c.1.obj|[536]   |0x00000000|0|LOCL |SECT |HIDN |483   |.debug_aranges
src\app\task\config\ftask_cfg.c.1.obj|[538]   |0x00000000|0|LOCL |SECT |HIDN |485   |.debug_aranges
src\app\task\config\ftask_cfg.c.1.obj|[539]   |0x00000000|0|LOCL |SECT |HIDN |486   |.debug_aranges
src\app\task\config\ftask_cfg.c.1.obj|[366]   |0x00000000|0|LOCL |SECT |HIDN |313   |.debug_frame
src\app\task\config\ftask_cfg.c.1.obj|[367]   |0x00000000|0|LOCL |SECT |HIDN |314   |.debug_frame
src\app\task\config\ftask_cfg.c.1.obj|[368]   |0x00000000|0|LOCL |SECT |HIDN |315   |.debug_frame
src\app\task\config\ftask_cfg.c.1.obj|[369]   |0x00000000|0|LOCL |SECT |HIDN |316   |.debug_frame
src\app\task\config\ftask_cfg.c.1.obj|[352]   |0x00000000|0|LOCL |SECT |HIDN |299   |.debug_frame
src\app\task\config\ftask_cfg.c.1.obj|[351]   |0x00000000|0|LOCL |SECT |HIDN |298   |.debug_frame
src\app\task\config\ftask_cfg.c.1.obj|[354]   |0x00000000|0|LOCL |SECT |HIDN |301   |.debug_frame
src\app\task\config\ftask_cfg.c.1.obj|[355]   |0x00000000|0|LOCL |SECT |HIDN |302   |.debug_frame
src\app\task\config\ftask_cfg.c.1.obj|[356]   |0x00000000|0|LOCL |SECT |HIDN |303   |.debug_frame
src\app\task\config\ftask_cfg.c.1.obj|[357]   |0x00000000|0|LOCL |SECT |HIDN |304   |.debug_frame
src\app\task\config\ftask_cfg.c.1.obj|[358]   |0x00000000|0|LOCL |SECT |HIDN |305   |.debug_frame
src\app\task\config\ftask_cfg.c.1.obj|[359]   |0x00000000|0|LOCL |SECT |HIDN |306   |.debug_frame
src\app\task\config\ftask_cfg.c.1.obj|[360]   |0x00000000|0|LOCL |SECT |HIDN |307   |.debug_frame
src\app\task\config\ftask_cfg.c.1.obj|[361]   |0x00000000|0|LOCL |SECT |HIDN |308   |.debug_frame
src\app\task\config\ftask_cfg.c.1.obj|[362]   |0x00000000|0|LOCL |SECT |HIDN |309   |.debug_frame
src\app\task\config\ftask_cfg.c.1.obj|[363]   |0x00000000|0|LOCL |SECT |HIDN |310   |.debug_frame
src\app\task\config\ftask_cfg.c.1.obj|[364]   |0x00000000|0|LOCL |SECT |HIDN |311   |.debug_frame
src\app\task\config\ftask_cfg.c.1.obj|[365]   |0x00000000|0|LOCL |SECT |HIDN |312   |.debug_frame
src\app\task\config\ftask_cfg.c.1.obj|[353]   |0x00000000|0|LOCL |SECT |HIDN |300   |.debug_frame
src\app\task\config\ftask_cfg.c.1.obj|[218]   |0x00000000|0|LOCL |SECT |HIDN |165   |.debug_info
src\app\task\config\ftask_cfg.c.1.obj|[219]   |0x00000000|0|LOCL |SECT |HIDN |166   |.debug_info
src\app\task\config\ftask_cfg.c.1.obj|[220]   |0x00000000|0|LOCL |SECT |HIDN |167   |.debug_info
src\app\task\config\ftask_cfg.c.1.obj|[221]   |0x00000000|0|LOCL |SECT |HIDN |168   |.debug_info
src\app\task\config\ftask_cfg.c.1.obj|[222]   |0x00000000|0|LOCL |SECT |HIDN |169   |.debug_info
src\app\task\config\ftask_cfg.c.1.obj|[223]   |0x00000000|0|LOCL |SECT |HIDN |170   |.debug_info
src\app\task\config\ftask_cfg.c.1.obj|[224]   |0x00000000|0|LOCL |SECT |HIDN |171   |.debug_info
src\app\task\config\ftask_cfg.c.1.obj|[225]   |0x00000000|0|LOCL |SECT |HIDN |172   |.debug_info
src\app\task\config\ftask_cfg.c.1.obj|[226]   |0x00000000|0|LOCL |SECT |HIDN |173   |.debug_info
src\app\task\config\ftask_cfg.c.1.obj|[227]   |0x00000000|0|LOCL |SECT |HIDN |174   |.debug_info
src\app\task\config\ftask_cfg.c.1.obj|[228]   |0x00000000|0|LOCL |SECT |HIDN |175   |.debug_info
src\app\task\config\ftask_cfg.c.1.obj|[229]   |0x00000000|0|LOCL |SECT |HIDN |176   |.debug_info
src\app\task\config\ftask_cfg.c.1.obj|[230]   |0x00000000|0|LOCL |SECT |HIDN |177   |.debug_info
src\app\task\config\ftask_cfg.c.1.obj|[231]   |0x00000000|0|LOCL |SECT |HIDN |178   |.debug_info
src\app\task\config\ftask_cfg.c.1.obj|[232]   |0x00000000|0|LOCL |SECT |HIDN |179   |.debug_info
src\app\task\config\ftask_cfg.c.1.obj|[233]   |0x00000000|0|LOCL |SECT |HIDN |180   |.debug_info
src\app\task\config\ftask_cfg.c.1.obj|[234]   |0x00000000|0|LOCL |SECT |HIDN |181   |.debug_info
src\app\task\config\ftask_cfg.c.1.obj|[235]   |0x00000000|0|LOCL |SECT |HIDN |182   |.debug_info
src\app\task\config\ftask_cfg.c.1.obj|[236]   |0x00000000|0|LOCL |SECT |HIDN |183   |.debug_info
src\app\task\config\ftask_cfg.c.1.obj|[237]   |0x00000000|0|LOCL |SECT |HIDN |184   |.debug_info
src\app\task\config\ftask_cfg.c.1.obj|[238]   |0x00000000|0|LOCL |SECT |HIDN |185   |.debug_info
src\app\task\config\ftask_cfg.c.1.obj|[239]   |0x00000000|0|LOCL |SECT |HIDN |186   |.debug_info
src\app\task\config\ftask_cfg.c.1.obj|[240]   |0x00000000|0|LOCL |SECT |HIDN |187   |.debug_info
src\app\task\config\ftask_cfg.c.1.obj|[241]   |0x00000000|0|LOCL |SECT |HIDN |188   |.debug_info
src\app\task\config\ftask_cfg.c.1.obj|[242]   |0x00000000|0|LOCL |SECT |HIDN |189   |.debug_info
src\app\task\config\ftask_cfg.c.1.obj|[243]   |0x00000000|0|LOCL |SECT |HIDN |190   |.debug_info
src\app\task\config\ftask_cfg.c.1.obj|[244]   |0x00000000|0|LOCL |SECT |HIDN |191   |.debug_info
src\app\task\config\ftask_cfg.c.1.obj|[245]   |0x00000000|0|LOCL |SECT |HIDN |192   |.debug_info
src\app\task\config\ftask_cfg.c.1.obj|[246]   |0x00000000|0|LOCL |SECT |HIDN |193   |.debug_info
src\app\task\config\ftask_cfg.c.1.obj|[247]   |0x00000000|0|LOCL |SECT |HIDN |194   |.debug_info
src\app\task\config\ftask_cfg.c.1.obj|[248]   |0x00000000|0|LOCL |SECT |HIDN |195   |.debug_info
src\app\task\config\ftask_cfg.c.1.obj|[249]   |0x00000000|0|LOCL |SECT |HIDN |196   |.debug_info
src\app\task\config\ftask_cfg.c.1.obj|[250]   |0x00000000|0|LOCL |SECT |HIDN |197   |.debug_info
src\app\task\config\ftask_cfg.c.1.obj|[251]   |0x00000000|0|LOCL |SECT |HIDN |198   |.debug_info
src\app\task\config\ftask_cfg.c.1.obj|[252]   |0x00000000|0|LOCL |SECT |HIDN |199   |.debug_info
src\app\task\config\ftask_cfg.c.1.obj|[253]   |0x00000000|0|LOCL |SECT |HIDN |200   |.debug_info
src\app\task\config\ftask_cfg.c.1.obj|[254]   |0x00000000|0|LOCL |SECT |HIDN |201   |.debug_info
src\app\task\config\ftask_cfg.c.1.obj|[255]   |0x00000000|0|LOCL |SECT |HIDN |202   |.debug_info
src\app\task\config\ftask_cfg.c.1.obj|[256]   |0x00000000|0|LOCL |SECT |HIDN |203   |.debug_info
src\app\task\config\ftask_cfg.c.1.obj|[257]   |0x00000000|0|LOCL |SECT |HIDN |204   |.debug_info
src\app\task\config\ftask_cfg.c.1.obj|[165]   |0x00000000|0|LOCL |SECT |HIDN |112   |.debug_info
src\app\task\config\ftask_cfg.c.1.obj|[166]   |0x00000000|0|LOCL |SECT |HIDN |113   |.debug_info
src\app\task\config\ftask_cfg.c.1.obj|[167]   |0x00000000|0|LOCL |SECT |HIDN |114   |.debug_info
src\app\task\config\ftask_cfg.c.1.obj|[168]   |0x00000000|0|LOCL |SECT |HIDN |115   |.debug_info
src\app\task\config\ftask_cfg.c.1.obj|[169]   |0x00000000|0|LOCL |SECT |HIDN |116   |.debug_info
src\app\task\config\ftask_cfg.c.1.obj|[170]   |0x00000000|0|LOCL |SECT |HIDN |117   |.debug_info
src\app\task\config\ftask_cfg.c.1.obj|[171]   |0x00000000|0|LOCL |SECT |HIDN |118   |.debug_info
src\app\task\config\ftask_cfg.c.1.obj|[172]   |0x00000000|0|LOCL |SECT |HIDN |119   |.debug_info
src\app\task\config\ftask_cfg.c.1.obj|[173]   |0x00000000|0|LOCL |SECT |HIDN |120   |.debug_info
src\app\task\config\ftask_cfg.c.1.obj|[174]   |0x00000000|0|LOCL |SECT |HIDN |121   |.debug_info
src\app\task\config\ftask_cfg.c.1.obj|[175]   |0x00000000|0|LOCL |SECT |HIDN |122   |.debug_info
src\app\task\config\ftask_cfg.c.1.obj|[176]   |0x00000000|0|LOCL |SECT |HIDN |123   |.debug_info
src\app\task\config\ftask_cfg.c.1.obj|[177]   |0x00000000|0|LOCL |SECT |HIDN |124   |.debug_info
src\app\task\config\ftask_cfg.c.1.obj|[178]   |0x00000000|0|LOCL |SECT |HIDN |125   |.debug_info
src\app\task\config\ftask_cfg.c.1.obj|[179]   |0x00000000|0|LOCL |SECT |HIDN |126   |.debug_info
src\app\task\config\ftask_cfg.c.1.obj|[180]   |0x00000000|0|LOCL |SECT |HIDN |127   |.debug_info
src\app\task\config\ftask_cfg.c.1.obj|[181]   |0x00000000|0|LOCL |SECT |HIDN |128   |.debug_info
src\app\task\config\ftask_cfg.c.1.obj|[182]   |0x00000000|0|LOCL |SECT |HIDN |129   |.debug_info
src\app\task\config\ftask_cfg.c.1.obj|[183]   |0x00000000|0|LOCL |SECT |HIDN |130   |.debug_info
src\app\task\config\ftask_cfg.c.1.obj|[184]   |0x00000000|0|LOCL |SECT |HIDN |131   |.debug_info
src\app\task\config\ftask_cfg.c.1.obj|[185]   |0x00000000|0|LOCL |SECT |HIDN |132   |.debug_info
src\app\task\config\ftask_cfg.c.1.obj|[186]   |0x00000000|0|LOCL |SECT |HIDN |133   |.debug_info
src\app\task\config\ftask_cfg.c.1.obj|[187]   |0x00000000|0|LOCL |SECT |HIDN |134   |.debug_info
src\app\task\config\ftask_cfg.c.1.obj|[188]   |0x00000000|0|LOCL |SECT |HIDN |135   |.debug_info
src\app\task\config\ftask_cfg.c.1.obj|[189]   |0x00000000|0|LOCL |SECT |HIDN |136   |.debug_info
src\app\task\config\ftask_cfg.c.1.obj|[190]   |0x00000000|0|LOCL |SECT |HIDN |137   |.debug_info
src\app\task\config\ftask_cfg.c.1.obj|[191]   |0x00000000|0|LOCL |SECT |HIDN |138   |.debug_info
src\app\task\config\ftask_cfg.c.1.obj|[192]   |0x00000000|0|LOCL |SECT |HIDN |139   |.debug_info
src\app\task\config\ftask_cfg.c.1.obj|[193]   |0x00000000|0|LOCL |SECT |HIDN |140   |.debug_info
src\app\task\config\ftask_cfg.c.1.obj|[194]   |0x00000000|0|LOCL |SECT |HIDN |141   |.debug_info
src\app\task\config\ftask_cfg.c.1.obj|[195]   |0x00000000|0|LOCL |SECT |HIDN |142   |.debug_info
src\app\task\config\ftask_cfg.c.1.obj|[196]   |0x00000000|0|LOCL |SECT |HIDN |143   |.debug_info
src\app\task\config\ftask_cfg.c.1.obj|[197]   |0x00000000|0|LOCL |SECT |HIDN |144   |.debug_info
src\app\task\config\ftask_cfg.c.1.obj|[198]   |0x00000000|0|LOCL |SECT |HIDN |145   |.debug_info
src\app\task\config\ftask_cfg.c.1.obj|[199]   |0x00000000|0|LOCL |SECT |HIDN |146   |.debug_info
src\app\task\config\ftask_cfg.c.1.obj|[200]   |0x00000000|0|LOCL |SECT |HIDN |147   |.debug_info
src\app\task\config\ftask_cfg.c.1.obj|[201]   |0x00000000|0|LOCL |SECT |HIDN |148   |.debug_info
src\app\task\config\ftask_cfg.c.1.obj|[202]   |0x00000000|0|LOCL |SECT |HIDN |149   |.debug_info
src\app\task\config\ftask_cfg.c.1.obj|[203]   |0x00000000|0|LOCL |SECT |HIDN |150   |.debug_info
src\app\task\config\ftask_cfg.c.1.obj|[204]   |0x00000000|0|LOCL |SECT |HIDN |151   |.debug_info
src\app\task\config\ftask_cfg.c.1.obj|[205]   |0x00000000|0|LOCL |SECT |HIDN |152   |.debug_info
src\app\task\config\ftask_cfg.c.1.obj|[206]   |0x00000000|0|LOCL |SECT |HIDN |153   |.debug_info
src\app\task\config\ftask_cfg.c.1.obj|[207]   |0x00000000|0|LOCL |SECT |HIDN |154   |.debug_info
src\app\task\config\ftask_cfg.c.1.obj|[208]   |0x00000000|0|LOCL |SECT |HIDN |155   |.debug_info
src\app\task\config\ftask_cfg.c.1.obj|[209]   |0x00000000|0|LOCL |SECT |HIDN |156   |.debug_info
src\app\task\config\ftask_cfg.c.1.obj|[210]   |0x00000000|0|LOCL |SECT |HIDN |157   |.debug_info
src\app\task\config\ftask_cfg.c.1.obj|[211]   |0x00000000|0|LOCL |SECT |HIDN |158   |.debug_info
src\app\task\config\ftask_cfg.c.1.obj|[212]   |0x00000000|0|LOCL |SECT |HIDN |159   |.debug_info
src\app\task\config\ftask_cfg.c.1.obj|[213]   |0x00000000|0|LOCL |SECT |HIDN |160   |.debug_info
src\app\task\config\ftask_cfg.c.1.obj|[214]   |0x00000000|0|LOCL |SECT |HIDN |161   |.debug_info
src\app\task\config\ftask_cfg.c.1.obj|[215]   |0x00000000|0|LOCL |SECT |HIDN |162   |.debug_info
src\app\task\config\ftask_cfg.c.1.obj|[216]   |0x00000000|0|LOCL |SECT |HIDN |163   |.debug_info
src\app\task\config\ftask_cfg.c.1.obj|[217]   |0x00000000|0|LOCL |SECT |HIDN |164   |.debug_info
src\app\task\config\ftask_cfg.c.1.obj|[318]   |0x00000000|0|LOCL |SECT |HIDN |265   |.debug_line
src\app\task\config\ftask_cfg.c.1.obj|[326]   |0x00000000|0|LOCL |SECT |HIDN |273   |.debug_line
src\app\task\config\ftask_cfg.c.1.obj|[284]   |0x00000000|0|LOCL |SECT |HIDN |231   |.debug_line
src\app\task\config\ftask_cfg.c.1.obj|[325]   |0x00000000|0|LOCL |SECT |HIDN |272   |.debug_line
src\app\task\config\ftask_cfg.c.1.obj|[324]   |0x00000000|0|LOCL |SECT |HIDN |271   |.debug_line
src\app\task\config\ftask_cfg.c.1.obj|[283]   |0x00000000|0|LOCL |SECT |HIDN |230   |.debug_line
src\app\task\config\ftask_cfg.c.1.obj|[323]   |0x00000000|0|LOCL |SECT |HIDN |270   |.debug_line
src\app\task\config\ftask_cfg.c.1.obj|[282]   |0x00000000|0|LOCL |SECT |HIDN |229   |.debug_line
src\app\task\config\ftask_cfg.c.1.obj|[322]   |0x00000000|0|LOCL |SECT |HIDN |269   |.debug_line
src\app\task\config\ftask_cfg.c.1.obj|[281]   |0x00000000|0|LOCL |SECT |HIDN |228   |.debug_line
src\app\task\config\ftask_cfg.c.1.obj|[321]   |0x00000000|0|LOCL |SECT |HIDN |268   |.debug_line
src\app\task\config\ftask_cfg.c.1.obj|[280]   |0x00000000|0|LOCL |SECT |HIDN |227   |.debug_line
src\app\task\config\ftask_cfg.c.1.obj|[320]   |0x00000000|0|LOCL |SECT |HIDN |267   |.debug_line
src\app\task\config\ftask_cfg.c.1.obj|[279]   |0x00000000|0|LOCL |SECT |HIDN |226   |.debug_line
src\app\task\config\ftask_cfg.c.1.obj|[319]   |0x00000000|0|LOCL |SECT |HIDN |266   |.debug_line
src\app\task\config\ftask_cfg.c.1.obj|[278]   |0x00000000|0|LOCL |SECT |HIDN |225   |.debug_line
src\app\task\config\ftask_cfg.c.1.obj|[277]   |0x00000000|0|LOCL |SECT |HIDN |224   |.debug_line
src\app\task\config\ftask_cfg.c.1.obj|[317]   |0x00000000|0|LOCL |SECT |HIDN |264   |.debug_line
src\app\task\config\ftask_cfg.c.1.obj|[276]   |0x00000000|0|LOCL |SECT |HIDN |223   |.debug_line
src\app\task\config\ftask_cfg.c.1.obj|[316]   |0x00000000|0|LOCL |SECT |HIDN |263   |.debug_line
src\app\task\config\ftask_cfg.c.1.obj|[315]   |0x00000000|0|LOCL |SECT |HIDN |262   |.debug_line
src\app\task\config\ftask_cfg.c.1.obj|[274]   |0x00000000|0|LOCL |SECT |HIDN |221   |.debug_line
src\app\task\config\ftask_cfg.c.1.obj|[314]   |0x00000000|0|LOCL |SECT |HIDN |261   |.debug_line
src\app\task\config\ftask_cfg.c.1.obj|[263]   |0x00000000|0|LOCL |SECT |HIDN |210   |.debug_line
src\app\task\config\ftask_cfg.c.1.obj|[273]   |0x00000000|0|LOCL |SECT |HIDN |220   |.debug_line
src\app\task\config\ftask_cfg.c.1.obj|[313]   |0x00000000|0|LOCL |SECT |HIDN |260   |.debug_line
src\app\task\config\ftask_cfg.c.1.obj|[272]   |0x00000000|0|LOCL |SECT |HIDN |219   |.debug_line
src\app\task\config\ftask_cfg.c.1.obj|[312]   |0x00000000|0|LOCL |SECT |HIDN |259   |.debug_line
src\app\task\config\ftask_cfg.c.1.obj|[271]   |0x00000000|0|LOCL |SECT |HIDN |218   |.debug_line
src\app\task\config\ftask_cfg.c.1.obj|[311]   |0x00000000|0|LOCL |SECT |HIDN |258   |.debug_line
src\app\task\config\ftask_cfg.c.1.obj|[270]   |0x00000000|0|LOCL |SECT |HIDN |217   |.debug_line
src\app\task\config\ftask_cfg.c.1.obj|[310]   |0x00000000|0|LOCL |SECT |HIDN |257   |.debug_line
src\app\task\config\ftask_cfg.c.1.obj|[269]   |0x00000000|0|LOCL |SECT |HIDN |216   |.debug_line
src\app\task\config\ftask_cfg.c.1.obj|[309]   |0x00000000|0|LOCL |SECT |HIDN |256   |.debug_line
src\app\task\config\ftask_cfg.c.1.obj|[268]   |0x00000000|0|LOCL |SECT |HIDN |215   |.debug_line
src\app\task\config\ftask_cfg.c.1.obj|[308]   |0x00000000|0|LOCL |SECT |HIDN |255   |.debug_line
src\app\task\config\ftask_cfg.c.1.obj|[267]   |0x00000000|0|LOCL |SECT |HIDN |214   |.debug_line
src\app\task\config\ftask_cfg.c.1.obj|[307]   |0x00000000|0|LOCL |SECT |HIDN |254   |.debug_line
src\app\task\config\ftask_cfg.c.1.obj|[266]   |0x00000000|0|LOCL |SECT |HIDN |213   |.debug_line
src\app\task\config\ftask_cfg.c.1.obj|[306]   |0x00000000|0|LOCL |SECT |HIDN |253   |.debug_line
src\app\task\config\ftask_cfg.c.1.obj|[265]   |0x00000000|0|LOCL |SECT |HIDN |212   |.debug_line
src\app\task\config\ftask_cfg.c.1.obj|[258]   |0x00000000|0|LOCL |SECT |HIDN |205   |.debug_line
src\app\task\config\ftask_cfg.c.1.obj|[259]   |0x00000000|0|LOCL |SECT |HIDN |206   |.debug_line
src\app\task\config\ftask_cfg.c.1.obj|[260]   |0x00000000|0|LOCL |SECT |HIDN |207   |.debug_line
src\app\task\config\ftask_cfg.c.1.obj|[261]   |0x00000000|0|LOCL |SECT |HIDN |208   |.debug_line
src\app\task\config\ftask_cfg.c.1.obj|[262]   |0x00000000|0|LOCL |SECT |HIDN |209   |.debug_line
src\app\task\config\ftask_cfg.c.1.obj|[305]   |0x00000000|0|LOCL |SECT |HIDN |252   |.debug_line
src\app\task\config\ftask_cfg.c.1.obj|[350]   |0x00000000|0|LOCL |SECT |HIDN |297   |.debug_line
src\app\task\config\ftask_cfg.c.1.obj|[349]   |0x00000000|0|LOCL |SECT |HIDN |296   |.debug_line
src\app\task\config\ftask_cfg.c.1.obj|[295]   |0x00000000|0|LOCL |SECT |HIDN |242   |.debug_line
src\app\task\config\ftask_cfg.c.1.obj|[348]   |0x00000000|0|LOCL |SECT |HIDN |295   |.debug_line
src\app\task\config\ftask_cfg.c.1.obj|[264]   |0x00000000|0|LOCL |SECT |HIDN |211   |.debug_line
src\app\task\config\ftask_cfg.c.1.obj|[347]   |0x00000000|0|LOCL |SECT |HIDN |294   |.debug_line
src\app\task\config\ftask_cfg.c.1.obj|[294]   |0x00000000|0|LOCL |SECT |HIDN |241   |.debug_line
src\app\task\config\ftask_cfg.c.1.obj|[346]   |0x00000000|0|LOCL |SECT |HIDN |293   |.debug_line
src\app\task\config\ftask_cfg.c.1.obj|[304]   |0x00000000|0|LOCL |SECT |HIDN |251   |.debug_line
src\app\task\config\ftask_cfg.c.1.obj|[345]   |0x00000000|0|LOCL |SECT |HIDN |292   |.debug_line
src\app\task\config\ftask_cfg.c.1.obj|[303]   |0x00000000|0|LOCL |SECT |HIDN |250   |.debug_line
src\app\task\config\ftask_cfg.c.1.obj|[344]   |0x00000000|0|LOCL |SECT |HIDN |291   |.debug_line
src\app\task\config\ftask_cfg.c.1.obj|[293]   |0x00000000|0|LOCL |SECT |HIDN |240   |.debug_line
src\app\task\config\ftask_cfg.c.1.obj|[343]   |0x00000000|0|LOCL |SECT |HIDN |290   |.debug_line
src\app\task\config\ftask_cfg.c.1.obj|[302]   |0x00000000|0|LOCL |SECT |HIDN |249   |.debug_line
src\app\task\config\ftask_cfg.c.1.obj|[342]   |0x00000000|0|LOCL |SECT |HIDN |289   |.debug_line
src\app\task\config\ftask_cfg.c.1.obj|[292]   |0x00000000|0|LOCL |SECT |HIDN |239   |.debug_line
src\app\task\config\ftask_cfg.c.1.obj|[341]   |0x00000000|0|LOCL |SECT |HIDN |288   |.debug_line
src\app\task\config\ftask_cfg.c.1.obj|[296]   |0x00000000|0|LOCL |SECT |HIDN |243   |.debug_line
src\app\task\config\ftask_cfg.c.1.obj|[340]   |0x00000000|0|LOCL |SECT |HIDN |287   |.debug_line
src\app\task\config\ftask_cfg.c.1.obj|[291]   |0x00000000|0|LOCL |SECT |HIDN |238   |.debug_line
src\app\task\config\ftask_cfg.c.1.obj|[339]   |0x00000000|0|LOCL |SECT |HIDN |286   |.debug_line
src\app\task\config\ftask_cfg.c.1.obj|[327]   |0x00000000|0|LOCL |SECT |HIDN |274   |.debug_line
src\app\task\config\ftask_cfg.c.1.obj|[338]   |0x00000000|0|LOCL |SECT |HIDN |285   |.debug_line
src\app\task\config\ftask_cfg.c.1.obj|[290]   |0x00000000|0|LOCL |SECT |HIDN |237   |.debug_line
src\app\task\config\ftask_cfg.c.1.obj|[337]   |0x00000000|0|LOCL |SECT |HIDN |284   |.debug_line
src\app\task\config\ftask_cfg.c.1.obj|[301]   |0x00000000|0|LOCL |SECT |HIDN |248   |.debug_line
src\app\task\config\ftask_cfg.c.1.obj|[336]   |0x00000000|0|LOCL |SECT |HIDN |283   |.debug_line
src\app\task\config\ftask_cfg.c.1.obj|[289]   |0x00000000|0|LOCL |SECT |HIDN |236   |.debug_line
src\app\task\config\ftask_cfg.c.1.obj|[335]   |0x00000000|0|LOCL |SECT |HIDN |282   |.debug_line
src\app\task\config\ftask_cfg.c.1.obj|[300]   |0x00000000|0|LOCL |SECT |HIDN |247   |.debug_line
src\app\task\config\ftask_cfg.c.1.obj|[334]   |0x00000000|0|LOCL |SECT |HIDN |281   |.debug_line
src\app\task\config\ftask_cfg.c.1.obj|[288]   |0x00000000|0|LOCL |SECT |HIDN |235   |.debug_line
src\app\task\config\ftask_cfg.c.1.obj|[333]   |0x00000000|0|LOCL |SECT |HIDN |280   |.debug_line
src\app\task\config\ftask_cfg.c.1.obj|[299]   |0x00000000|0|LOCL |SECT |HIDN |246   |.debug_line
src\app\task\config\ftask_cfg.c.1.obj|[332]   |0x00000000|0|LOCL |SECT |HIDN |279   |.debug_line
src\app\task\config\ftask_cfg.c.1.obj|[287]   |0x00000000|0|LOCL |SECT |HIDN |234   |.debug_line
src\app\task\config\ftask_cfg.c.1.obj|[331]   |0x00000000|0|LOCL |SECT |HIDN |278   |.debug_line
src\app\task\config\ftask_cfg.c.1.obj|[298]   |0x00000000|0|LOCL |SECT |HIDN |245   |.debug_line
src\app\task\config\ftask_cfg.c.1.obj|[330]   |0x00000000|0|LOCL |SECT |HIDN |277   |.debug_line
src\app\task\config\ftask_cfg.c.1.obj|[286]   |0x00000000|0|LOCL |SECT |HIDN |233   |.debug_line
src\app\task\config\ftask_cfg.c.1.obj|[329]   |0x00000000|0|LOCL |SECT |HIDN |276   |.debug_line
src\app\task\config\ftask_cfg.c.1.obj|[297]   |0x00000000|0|LOCL |SECT |HIDN |244   |.debug_line
src\app\task\config\ftask_cfg.c.1.obj|[328]   |0x00000000|0|LOCL |SECT |HIDN |275   |.debug_line
src\app\task\config\ftask_cfg.c.1.obj|[285]   |0x00000000|0|LOCL |SECT |HIDN |232   |.debug_line
src\app\task\config\ftask_cfg.c.1.obj|[275]   |0x00000000|0|LOCL |SECT |HIDN |222   |.debug_line
src\app\task\config\ftask_cfg.c.1.obj|[570]   |0x00000000|0|LOCL |SECT |HIDN |517   |.debug_pubnames
src\app\task\config\ftask_cfg.c.1.obj|[562]   |0x00000000|0|LOCL |SECT |HIDN |509   |.debug_pubnames
src\app\task\config\ftask_cfg.c.1.obj|[560]   |0x00000000|0|LOCL |SECT |HIDN |507   |.debug_pubnames
src\app\task\config\ftask_cfg.c.1.obj|[557]   |0x00000000|0|LOCL |SECT |HIDN |504   |.debug_pubnames
src\app\task\config\ftask_cfg.c.1.obj|[561]   |0x00000000|0|LOCL |SECT |HIDN |508   |.debug_pubnames
src\app\task\config\ftask_cfg.c.1.obj|[558]   |0x00000000|0|LOCL |SECT |HIDN |505   |.debug_pubnames
src\app\task\config\ftask_cfg.c.1.obj|[559]   |0x00000000|0|LOCL |SECT |HIDN |506   |.debug_pubnames
src\app\task\config\ftask_cfg.c.1.obj|[573]   |0x00000000|0|LOCL |SECT |HIDN |520   |.debug_pubnames
src\app\task\config\ftask_cfg.c.1.obj|[572]   |0x00000000|0|LOCL |SECT |HIDN |519   |.debug_pubnames
src\app\task\config\ftask_cfg.c.1.obj|[571]   |0x00000000|0|LOCL |SECT |HIDN |518   |.debug_pubnames
src\app\task\config\ftask_cfg.c.1.obj|[563]   |0x00000000|0|LOCL |SECT |HIDN |510   |.debug_pubnames
src\app\task\config\ftask_cfg.c.1.obj|[564]   |0x00000000|0|LOCL |SECT |HIDN |511   |.debug_pubnames
src\app\task\config\ftask_cfg.c.1.obj|[565]   |0x00000000|0|LOCL |SECT |HIDN |512   |.debug_pubnames
src\app\task\config\ftask_cfg.c.1.obj|[550]   |0x00000000|0|LOCL |SECT |HIDN |497   |.debug_pubnames
src\app\task\config\ftask_cfg.c.1.obj|[569]   |0x00000000|0|LOCL |SECT |HIDN |516   |.debug_pubnames
src\app\task\config\ftask_cfg.c.1.obj|[551]   |0x00000000|0|LOCL |SECT |HIDN |498   |.debug_pubnames
src\app\task\config\ftask_cfg.c.1.obj|[566]   |0x00000000|0|LOCL |SECT |HIDN |513   |.debug_pubnames
src\app\task\config\ftask_cfg.c.1.obj|[552]   |0x00000000|0|LOCL |SECT |HIDN |499   |.debug_pubnames
src\app\task\config\ftask_cfg.c.1.obj|[548]   |0x00000000|0|LOCL |SECT |HIDN |495   |.debug_pubnames
src\app\task\config\ftask_cfg.c.1.obj|[553]   |0x00000000|0|LOCL |SECT |HIDN |500   |.debug_pubnames
src\app\task\config\ftask_cfg.c.1.obj|[568]   |0x00000000|0|LOCL |SECT |HIDN |515   |.debug_pubnames
src\app\task\config\ftask_cfg.c.1.obj|[554]   |0x00000000|0|LOCL |SECT |HIDN |501   |.debug_pubnames
src\app\task\config\ftask_cfg.c.1.obj|[549]   |0x00000000|0|LOCL |SECT |HIDN |496   |.debug_pubnames
src\app\task\config\ftask_cfg.c.1.obj|[555]   |0x00000000|0|LOCL |SECT |HIDN |502   |.debug_pubnames
src\app\task\config\ftask_cfg.c.1.obj|[567]   |0x00000000|0|LOCL |SECT |HIDN |514   |.debug_pubnames
src\app\task\config\ftask_cfg.c.1.obj|[556]   |0x00000000|0|LOCL |SECT |HIDN |503   |.debug_pubnames
src\app\task\config\ftask_cfg.c.1.obj|[592]   |0x00000000|0|LOCL |SECT |HIDN |539   |.debug_pubtypes
src\app\task\config\ftask_cfg.c.1.obj|[591]   |0x00000000|0|LOCL |SECT |HIDN |538   |.debug_pubtypes
src\app\task\config\ftask_cfg.c.1.obj|[590]   |0x00000000|0|LOCL |SECT |HIDN |537   |.debug_pubtypes
src\app\task\config\ftask_cfg.c.1.obj|[589]   |0x00000000|0|LOCL |SECT |HIDN |536   |.debug_pubtypes
src\app\task\config\ftask_cfg.c.1.obj|[588]   |0x00000000|0|LOCL |SECT |HIDN |535   |.debug_pubtypes
src\app\task\config\ftask_cfg.c.1.obj|[586]   |0x00000000|0|LOCL |SECT |HIDN |533   |.debug_pubtypes
src\app\task\config\ftask_cfg.c.1.obj|[585]   |0x00000000|0|LOCL |SECT |HIDN |532   |.debug_pubtypes
src\app\task\config\ftask_cfg.c.1.obj|[584]   |0x00000000|0|LOCL |SECT |HIDN |531   |.debug_pubtypes
src\app\task\config\ftask_cfg.c.1.obj|[583]   |0x00000000|0|LOCL |SECT |HIDN |530   |.debug_pubtypes
src\app\task\config\ftask_cfg.c.1.obj|[582]   |0x00000000|0|LOCL |SECT |HIDN |529   |.debug_pubtypes
src\app\task\config\ftask_cfg.c.1.obj|[581]   |0x00000000|0|LOCL |SECT |HIDN |528   |.debug_pubtypes
src\app\task\config\ftask_cfg.c.1.obj|[580]   |0x00000000|0|LOCL |SECT |HIDN |527   |.debug_pubtypes
src\app\task\config\ftask_cfg.c.1.obj|[579]   |0x00000000|0|LOCL |SECT |HIDN |526   |.debug_pubtypes
src\app\task\config\ftask_cfg.c.1.obj|[578]   |0x00000000|0|LOCL |SECT |HIDN |525   |.debug_pubtypes
src\app\task\config\ftask_cfg.c.1.obj|[577]   |0x00000000|0|LOCL |SECT |HIDN |524   |.debug_pubtypes
src\app\task\config\ftask_cfg.c.1.obj|[576]   |0x00000000|0|LOCL |SECT |HIDN |523   |.debug_pubtypes
src\app\task\config\ftask_cfg.c.1.obj|[575]   |0x00000000|0|LOCL |SECT |HIDN |522   |.debug_pubtypes
src\app\task\config\ftask_cfg.c.1.obj|[574]   |0x00000000|0|LOCL |SECT |HIDN |521   |.debug_pubtypes
src\app\task\config\ftask_cfg.c.1.obj|[587]   |0x00000000|0|LOCL |SECT |HIDN |534   |.debug_pubtypes
src\app\task\config\ftask_cfg.c.1.obj|[623]   |0x00000000|0|LOCL |SECT |HIDN |570   |.debug_pubtypes
src\app\task\config\ftask_cfg.c.1.obj|[598]   |0x00000000|0|LOCL |SECT |HIDN |545   |.debug_pubtypes
src\app\task\config\ftask_cfg.c.1.obj|[609]   |0x00000000|0|LOCL |SECT |HIDN |556   |.debug_pubtypes
src\app\task\config\ftask_cfg.c.1.obj|[608]   |0x00000000|0|LOCL |SECT |HIDN |555   |.debug_pubtypes
src\app\task\config\ftask_cfg.c.1.obj|[607]   |0x00000000|0|LOCL |SECT |HIDN |554   |.debug_pubtypes
src\app\task\config\ftask_cfg.c.1.obj|[606]   |0x00000000|0|LOCL |SECT |HIDN |553   |.debug_pubtypes
src\app\task\config\ftask_cfg.c.1.obj|[605]   |0x00000000|0|LOCL |SECT |HIDN |552   |.debug_pubtypes
src\app\task\config\ftask_cfg.c.1.obj|[604]   |0x00000000|0|LOCL |SECT |HIDN |551   |.debug_pubtypes
src\app\task\config\ftask_cfg.c.1.obj|[603]   |0x00000000|0|LOCL |SECT |HIDN |550   |.debug_pubtypes
src\app\task\config\ftask_cfg.c.1.obj|[602]   |0x00000000|0|LOCL |SECT |HIDN |549   |.debug_pubtypes
src\app\task\config\ftask_cfg.c.1.obj|[601]   |0x00000000|0|LOCL |SECT |HIDN |548   |.debug_pubtypes
src\app\task\config\ftask_cfg.c.1.obj|[600]   |0x00000000|0|LOCL |SECT |HIDN |547   |.debug_pubtypes
src\app\task\config\ftask_cfg.c.1.obj|[599]   |0x00000000|0|LOCL |SECT |HIDN |546   |.debug_pubtypes
src\app\task\config\ftask_cfg.c.1.obj|[597]   |0x00000000|0|LOCL |SECT |HIDN |544   |.debug_pubtypes
src\app\task\config\ftask_cfg.c.1.obj|[596]   |0x00000000|0|LOCL |SECT |HIDN |543   |.debug_pubtypes
src\app\task\config\ftask_cfg.c.1.obj|[595]   |0x00000000|0|LOCL |SECT |HIDN |542   |.debug_pubtypes
src\app\task\config\ftask_cfg.c.1.obj|[594]   |0x00000000|0|LOCL |SECT |HIDN |541   |.debug_pubtypes
src\app\task\config\ftask_cfg.c.1.obj|[593]   |0x00000000|0|LOCL |SECT |HIDN |540   |.debug_pubtypes
src\app\task\config\ftask_cfg.c.1.obj|[610]   |0x00000000|0|LOCL |SECT |HIDN |557   |.debug_pubtypes
src\app\task\config\ftask_cfg.c.1.obj|[611]   |0x00000000|0|LOCL |SECT |HIDN |558   |.debug_pubtypes
src\app\task\config\ftask_cfg.c.1.obj|[612]   |0x00000000|0|LOCL |SECT |HIDN |559   |.debug_pubtypes
src\app\task\config\ftask_cfg.c.1.obj|[613]   |0x00000000|0|LOCL |SECT |HIDN |560   |.debug_pubtypes
src\app\task\config\ftask_cfg.c.1.obj|[614]   |0x00000000|0|LOCL |SECT |HIDN |561   |.debug_pubtypes
src\app\task\config\ftask_cfg.c.1.obj|[615]   |0x00000000|0|LOCL |SECT |HIDN |562   |.debug_pubtypes
src\app\task\config\ftask_cfg.c.1.obj|[616]   |0x00000000|0|LOCL |SECT |HIDN |563   |.debug_pubtypes
src\app\task\config\ftask_cfg.c.1.obj|[617]   |0x00000000|0|LOCL |SECT |HIDN |564   |.debug_pubtypes
src\app\task\config\ftask_cfg.c.1.obj|[618]   |0x00000000|0|LOCL |SECT |HIDN |565   |.debug_pubtypes
src\app\task\config\ftask_cfg.c.1.obj|[619]   |0x00000000|0|LOCL |SECT |HIDN |566   |.debug_pubtypes
src\app\task\config\ftask_cfg.c.1.obj|[620]   |0x00000000|0|LOCL |SECT |HIDN |567   |.debug_pubtypes
src\app\task\config\ftask_cfg.c.1.obj|[621]   |0x00000000|0|LOCL |SECT |HIDN |568   |.debug_pubtypes
src\app\task\config\ftask_cfg.c.1.obj|[622]   |0x00000000|0|LOCL |SECT |HIDN |569   |.debug_pubtypes
src\app\task\config\ftask_cfg.c.1.obj|[624]   |0x00000000|0|LOCL |SECT |HIDN |571   |.debug_pubtypes
src\app\task\config\ftask_cfg.c.1.obj|[625]   |0x00000000|0|LOCL |SECT |HIDN |572   |.debug_pubtypes
src\app\task\config\ftask_cfg.c.1.obj|[626]   |0x00000000|0|LOCL |SECT |HIDN |573   |.debug_pubtypes
src\app\task\config\ftask_cfg.c.1.obj|[627]   |0x00000000|0|LOCL |SECT |HIDN |574   |.debug_pubtypes
src\app\task\config\ftask_cfg.c.1.obj|[628]   |0x00000000|0|LOCL |SECT |HIDN |575   |.debug_pubtypes
src\app\task\config\ftask_cfg.c.1.obj|[629]   |0x00000000|0|LOCL |SECT |HIDN |576   |.debug_pubtypes
src\app\task\config\ftask_cfg.c.1.obj|[630]   |0x00000000|0|LOCL |SECT |HIDN |577   |.debug_pubtypes
src\app\task\config\ftask_cfg.c.1.obj|[631]   |0x00000000|0|LOCL |SECT |HIDN |578   |.debug_pubtypes
src\app\task\config\ftask_cfg.c.1.obj|[632]   |0x00000000|0|LOCL |SECT |HIDN |579   |.debug_pubtypes
src\app\task\config\ftask_cfg.c.1.obj|[633]   |0x00000000|0|LOCL |SECT |HIDN |580   |.debug_pubtypes
src\app\task\config\ftask_cfg.c.1.obj|[634]   |0x00000000|0|LOCL |SECT |HIDN |581   |.debug_pubtypes
src\app\task\config\ftask_cfg.c.1.obj|[635]   |0x00000000|0|LOCL |SECT |HIDN |582   |.debug_pubtypes
src\app\task\config\ftask_cfg.c.1.obj|[636]   |0x00000000|0|LOCL |SECT |HIDN |583   |.debug_pubtypes
src\app\task\config\ftask_cfg.c.1.obj|[637]   |0x00000000|0|LOCL |SECT |HIDN |584   |.debug_pubtypes
src\app\task\config\ftask_cfg.c.1.obj|[638]   |0x00000000|0|LOCL |SECT |HIDN |585   |.debug_pubtypes
src\app\task\config\ftask_cfg.c.1.obj|[639]   |0x00000000|0|LOCL |SECT |HIDN |586   |.debug_pubtypes
src\app\task\config\ftask_cfg.c.1.obj|[457]   |0x00000000|0|LOCL |SECT |HIDN |405   |.debug_str
src\app\task\config\ftask_cfg.c.1.obj|[459]   |0x00000000|0|LOCL |SECT |HIDN |407   |.debug_str
src\app\task\config\ftask_cfg.c.1.obj|[461]   |0x00000000|0|LOCL |SECT |HIDN |409   |.debug_str
src\app\task\config\ftask_cfg.c.1.obj|[463]   |0x00000000|0|LOCL |SECT |HIDN |411   |.debug_str
src\app\task\config\ftask_cfg.c.1.obj|[465]   |0x00000000|0|LOCL |SECT |HIDN |413   |.debug_str
src\app\task\config\ftask_cfg.c.1.obj|[467]   |0x00000000|0|LOCL |SECT |HIDN |415   |.debug_str
src\app\task\config\ftask_cfg.c.1.obj|[469]   |0x00000000|0|LOCL |SECT |HIDN |417   |.debug_str
src\app\task\config\ftask_cfg.c.1.obj|[471]   |0x00000000|0|LOCL |SECT |HIDN |419   |.debug_str
src\app\task\config\ftask_cfg.c.1.obj|[473]   |0x00000000|0|LOCL |SECT |HIDN |421   |.debug_str
src\app\task\config\ftask_cfg.c.1.obj|[475]   |0x00000000|0|LOCL |SECT |HIDN |423   |.debug_str
src\app\task\config\ftask_cfg.c.1.obj|[477]   |0x00000000|0|LOCL |SECT |HIDN |425   |.debug_str
src\app\task\config\ftask_cfg.c.1.obj|[479]   |0x00000000|0|LOCL |SECT |HIDN |427   |.debug_str
src\app\task\config\ftask_cfg.c.1.obj|[481]   |0x00000000|0|LOCL |SECT |HIDN |429   |.debug_str
src\app\task\config\ftask_cfg.c.1.obj|[483]   |0x00000000|0|LOCL |SECT |HIDN |431   |.debug_str
src\app\task\config\ftask_cfg.c.1.obj|[485]   |0x00000000|0|LOCL |SECT |HIDN |433   |.debug_str
src\app\task\config\ftask_cfg.c.1.obj|[487]   |0x00000000|0|LOCL |SECT |HIDN |435   |.debug_str
src\app\task\config\ftask_cfg.c.1.obj|[489]   |0x00000000|0|LOCL |SECT |HIDN |437   |.debug_str
src\app\task\config\ftask_cfg.c.1.obj|[491]   |0x00000000|0|LOCL |SECT |HIDN |439   |.debug_str
src\app\task\config\ftask_cfg.c.1.obj|[493]   |0x00000000|0|LOCL |SECT |HIDN |441   |.debug_str
src\app\task\config\ftask_cfg.c.1.obj|[495]   |0x00000000|0|LOCL |SECT |HIDN |443   |.debug_str
src\app\task\config\ftask_cfg.c.1.obj|[497]   |0x00000000|0|LOCL |SECT |HIDN |445   |.debug_str
src\app\task\config\ftask_cfg.c.1.obj|[499]   |0x00000000|0|LOCL |SECT |HIDN |447   |.debug_str
src\app\task\config\ftask_cfg.c.1.obj|[501]   |0x00000000|0|LOCL |SECT |HIDN |449   |.debug_str
src\app\task\config\ftask_cfg.c.1.obj|[503]   |0x00000000|0|LOCL |SECT |HIDN |451   |.debug_str
src\app\task\config\ftask_cfg.c.1.obj|[505]   |0x00000000|0|LOCL |SECT |HIDN |453   |.debug_str
src\app\task\config\ftask_cfg.c.1.obj|[507]   |0x00000000|0|LOCL |SECT |HIDN |455   |.debug_str
src\app\task\config\ftask_cfg.c.1.obj|[509]   |0x00000000|0|LOCL |SECT |HIDN |457   |.debug_str
src\app\task\config\ftask_cfg.c.1.obj|[511]   |0x00000000|0|LOCL |SECT |HIDN |459   |.debug_str
src\app\task\config\ftask_cfg.c.1.obj|[515]   |0x00000000|0|LOCL |SECT |HIDN |463   |.debug_str
src\app\task\config\ftask_cfg.c.1.obj|[517]   |0x00000000|0|LOCL |SECT |HIDN |465   |.debug_str
src\app\task\config\ftask_cfg.c.1.obj|[519]   |0x00000000|0|LOCL |SECT |HIDN |467   |.debug_str
src\app\task\config\ftask_cfg.c.1.obj|[521]   |0x00000000|0|LOCL |SECT |HIDN |469   |.debug_str
src\app\task\config\ftask_cfg.c.1.obj|[523]   |0x00000000|0|LOCL |SECT |HIDN |471   |.debug_str
src\app\task\config\ftask_cfg.c.1.obj|[525]   |0x00000000|0|LOCL |SECT |HIDN |473   |.debug_str
src\app\task\config\ftask_cfg.c.1.obj|[527]   |0x00000000|0|LOCL |SECT |HIDN |475   |.debug_str
src\app\task\config\ftask_cfg.c.1.obj|[403]   |0x00000000|0|LOCL |SECT |HIDN |351   |.debug_str
src\app\task\config\ftask_cfg.c.1.obj|[397]   |0x00000000|0|LOCL |SECT |HIDN |345   |.debug_str
src\app\task\config\ftask_cfg.c.1.obj|[399]   |0x00000000|0|LOCL |SECT |HIDN |347   |.debug_str
src\app\task\config\ftask_cfg.c.1.obj|[401]   |0x00000000|0|LOCL |SECT |HIDN |349   |.debug_str
src\app\task\config\ftask_cfg.c.1.obj|[405]   |0x00000000|0|LOCL |SECT |HIDN |353   |.debug_str
src\app\task\config\ftask_cfg.c.1.obj|[407]   |0x00000000|0|LOCL |SECT |HIDN |355   |.debug_str
src\app\task\config\ftask_cfg.c.1.obj|[409]   |0x00000000|0|LOCL |SECT |HIDN |357   |.debug_str
src\app\task\config\ftask_cfg.c.1.obj|[411]   |0x00000000|0|LOCL |SECT |HIDN |359   |.debug_str
src\app\task\config\ftask_cfg.c.1.obj|[413]   |0x00000000|0|LOCL |SECT |HIDN |361   |.debug_str
src\app\task\config\ftask_cfg.c.1.obj|[415]   |0x00000000|0|LOCL |SECT |HIDN |363   |.debug_str
src\app\task\config\ftask_cfg.c.1.obj|[417]   |0x00000000|0|LOCL |SECT |HIDN |365   |.debug_str
src\app\task\config\ftask_cfg.c.1.obj|[419]   |0x00000000|0|LOCL |SECT |HIDN |367   |.debug_str
src\app\task\config\ftask_cfg.c.1.obj|[421]   |0x00000000|0|LOCL |SECT |HIDN |369   |.debug_str
src\app\task\config\ftask_cfg.c.1.obj|[423]   |0x00000000|0|LOCL |SECT |HIDN |371   |.debug_str
src\app\task\config\ftask_cfg.c.1.obj|[513]   |0x00000000|0|LOCL |SECT |HIDN |461   |.debug_str
src\app\task\config\ftask_cfg.c.1.obj|[425]   |0x00000000|0|LOCL |SECT |HIDN |373   |.debug_str
src\app\task\config\ftask_cfg.c.1.obj|[427]   |0x00000000|0|LOCL |SECT |HIDN |375   |.debug_str
src\app\task\config\ftask_cfg.c.1.obj|[429]   |0x00000000|0|LOCL |SECT |HIDN |377   |.debug_str
src\app\task\config\ftask_cfg.c.1.obj|[431]   |0x00000000|0|LOCL |SECT |HIDN |379   |.debug_str
src\app\task\config\ftask_cfg.c.1.obj|[433]   |0x00000000|0|LOCL |SECT |HIDN |381   |.debug_str
src\app\task\config\ftask_cfg.c.1.obj|[435]   |0x00000000|0|LOCL |SECT |HIDN |383   |.debug_str
src\app\task\config\ftask_cfg.c.1.obj|[437]   |0x00000000|0|LOCL |SECT |HIDN |385   |.debug_str
src\app\task\config\ftask_cfg.c.1.obj|[439]   |0x00000000|0|LOCL |SECT |HIDN |387   |.debug_str
src\app\task\config\ftask_cfg.c.1.obj|[441]   |0x00000000|0|LOCL |SECT |HIDN |389   |.debug_str
src\app\task\config\ftask_cfg.c.1.obj|[443]   |0x00000000|0|LOCL |SECT |HIDN |391   |.debug_str
src\app\task\config\ftask_cfg.c.1.obj|[445]   |0x00000000|0|LOCL |SECT |HIDN |393   |.debug_str
src\app\task\config\ftask_cfg.c.1.obj|[447]   |0x00000000|0|LOCL |SECT |HIDN |395   |.debug_str
src\app\task\config\ftask_cfg.c.1.obj|[449]   |0x00000000|0|LOCL |SECT |HIDN |397   |.debug_str
src\app\task\config\ftask_cfg.c.1.obj|[451]   |0x00000000|0|LOCL |SECT |HIDN |399   |.debug_str
src\app\task\config\ftask_cfg.c.1.obj|[453]   |0x00000000|0|LOCL |SECT |HIDN |401   |.debug_str
src\app\task\config\ftask_cfg.c.1.obj|[455]   |0x00000000|0|LOCL |SECT |HIDN |403   |.debug_str
src\app\task\config\ftask_cfg.c.1.obj|[73]    |0x00000000|0|LOCL |SECT |HIDN |85    |.text
src\app\task\config\ftask_cfg.c.1.obj|[99]    |0x00000000|0|LOCL |SECT |HIDN |111   |.text:__fpclassify
src\app\task\config\ftask_cfg.c.1.obj|[98]    |0x00000000|0|LOCL |SECT |HIDN |110   |.text:__fpclassifyf
src\app\task\config\ftask_cfg.c.1.obj|[97]    |0x00000000|0|LOCL |SECT |HIDN |109   |.text:__fpclassifyl
src\app\task\config\ftask_cfg.c.1.obj|[96]    |0x00000000|0|LOCL |SECT |HIDN |108   |.text:__isfinite
src\app\task\config\ftask_cfg.c.1.obj|[95]    |0x00000000|0|LOCL |SECT |HIDN |107   |.text:__isfinitef
src\app\task\config\ftask_cfg.c.1.obj|[94]    |0x00000000|0|LOCL |SECT |HIDN |106   |.text:__isfinitel
src\app\task\config\ftask_cfg.c.1.obj|[93]    |0x00000000|0|LOCL |SECT |HIDN |105   |.text:__isinf
src\app\task\config\ftask_cfg.c.1.obj|[92]    |0x00000000|0|LOCL |SECT |HIDN |104   |.text:__isinff
src\app\task\config\ftask_cfg.c.1.obj|[91]    |0x00000000|0|LOCL |SECT |HIDN |103   |.text:__isinfl
src\app\task\config\ftask_cfg.c.1.obj|[90]    |0x00000000|0|LOCL |SECT |HIDN |102   |.text:__isnan
src\app\task\config\ftask_cfg.c.1.obj|[89]    |0x00000000|0|LOCL |SECT |HIDN |101   |.text:__isnanf
src\app\task\config\ftask_cfg.c.1.obj|[88]    |0x00000000|0|LOCL |SECT |HIDN |100   |.text:__isnanl
src\app\task\config\ftask_cfg.c.1.obj|[87]    |0x00000000|0|LOCL |SECT |HIDN |99    |.text:__isnormal
src\app\task\config\ftask_cfg.c.1.obj|[86]    |0x00000000|0|LOCL |SECT |HIDN |98    |.text:__isnormalf
src\app\task\config\ftask_cfg.c.1.obj|[85]    |0x00000000|0|LOCL |SECT |HIDN |97    |.text:__isnormall
src\app\task\config\ftask_cfg.c.1.obj|[84]    |0x00000000|0|LOCL |SECT |HIDN |96    |.text:__signbit
src\app\task\config\ftask_cfg.c.1.obj|[83]    |0x00000000|0|LOCL |SECT |HIDN |95    |.text:__signbitf
src\app\task\config\ftask_cfg.c.1.obj|[82]    |0x00000000|0|LOCL |SECT |HIDN |94    |.text:__signbitl
src\app\task\config\ftask_cfg.c.1.obj|[694]   |0x00000000|0|GLOB |NONE |HIDN |UNDEF |ADC_Control
src\app\task\config\ftask_cfg.c.1.obj|[704]   |0x00000000|0|GLOB |NONE |HIDN |UNDEF |ALGO_MainFunction
src\app\task\config\ftask_cfg.c.1.obj|[698]   |0x00000000|0|GLOB |NONE |HIDN |UNDEF |ALGO_MonitorExecutionTime
src\app\task\config\ftask_cfg.c.1.obj|[711]   |0x00000000|0|GLOB |NONE |HIDN |UNDEF |BAL_Trigger
src\app\task\config\ftask_cfg.c.1.obj|[659]   |0x00000000|0|GLOB |NONE |HIDN |UNDEF |BMS_Trigger
src\app\task\config\ftask_cfg.c.1.obj|[673]   |0x00000000|0|GLOB |NONE |HIDN |UNDEF |CAN_MainFunction
src\app\task\config\ftask_cfg.c.1.obj|[669]   |0x00000000|0|GLOB |NONE |HIDN |UNDEF |CAN_ReadRxBuffer
src\app\task\config\ftask_cfg.c.1.obj|[691]   |0x00000000|0|GLOB |NONE |HIDN |UNDEF |CONT_Initialize
src\app\task\config\ftask_cfg.c.1.obj|[718]   |0x00000000|0|GLOB |NONE |HIDN |UNDEF |DATA_Initialize
src\app\task\config\ftask_cfg.c.1.obj|[685]   |0x00000000|0|GLOB |NONE |HIDN |UNDEF |DATA_Task
src\app\task\config\ftask_cfg.c.1.obj|[705]   |0x00000000|0|GLOB |NONE |HIDN |UNDEF |DIAG_UpdateFlags
src\app\task\config\ftask_cfg.c.1.obj|[713]   |0x00000000|0|GLOB |NONE |HIDN |UNDEF |FAS_StoreAssertLocation
src\app\task\config\ftask_cfg.c.1.obj|[702]   |0x00000000|0|GLOB |NONE |HIDN |UNDEF |FRAM_Initialize
src\app\task\config\ftask_cfg.c.1.obj|[660]   |0x00000180|96|GLOB |FUNC |HIDN |85    |FTSK_InitializeUserCodeEngine
src\app\task\config\ftask_cfg.c.1.obj|[647]   |0x00000114|108|GLOB |FUNC |HIDN |85    |FTSK_InitializeUserCodePreCyclicTasks
src\app\task\config\ftask_cfg.c.1.obj|[666]   |0x00000110|4|GLOB |FUNC |HIDN |85    |FTSK_RunUserCodeAfe
src\app\task\config\ftask_cfg.c.1.obj|[714]   |0x000000d4|60|GLOB |FUNC |HIDN |85    |FTSK_RunUserCodeCyclic100ms
src\app\task\config\ftask_cfg.c.1.obj|[646]   |0x00000070|100|GLOB |FUNC |HIDN |85    |FTSK_RunUserCodeCyclic10ms
src\app\task\config\ftask_cfg.c.1.obj|[677]   |0x00000058|24|GLOB |FUNC |HIDN |85    |FTSK_RunUserCodeCyclic1ms
src\app\task\config\ftask_cfg.c.1.obj|[652]   |0x0000003c|28|GLOB |FUNC |HIDN |85    |FTSK_RunUserCodeCyclicAlgorithm100ms
src\app\task\config\ftask_cfg.c.1.obj|[671]   |0x0000002c|16|GLOB |FUNC |HIDN |85    |FTSK_RunUserCodeEngine
src\app\task\config\ftask_cfg.c.1.obj|[696]   |0x00000004|40|GLOB |FUNC |HIDN |85    |FTSK_RunUserCodeI2c
src\app\task\config\ftask_cfg.c.1.obj|[719]   |0x00000000|4|GLOB |FUNC |HIDN |85    |FTSK_RunUserCodeIdle
src\app\task\config\ftask_cfg.c.1.obj|[663]   |0x00000000|0|GLOB |NONE |HIDN |UNDEF |HTSEN_Trigger
src\app\task\config\ftask_cfg.c.1.obj|[686]   |0x00000000|0|GLOB |NONE |HIDN |UNDEF |ILCK_Trigger
src\app\task\config\ftask_cfg.c.1.obj|[665]   |0x00000000|0|GLOB |NONE |HIDN |UNDEF |IMD_Trigger
src\app\task\config\ftask_cfg.c.1.obj|[642]   |0x00000000|0|GLOB |NONE |HIDN |UNDEF |LED_SetToggleTime
src\app\task\config\ftask_cfg.c.1.obj|[667]   |0x00000000|0|GLOB |NONE |HIDN |UNDEF |LED_Trigger
src\app\task\config\ftask_cfg.c.1.obj|[640]   |0x00000000|0|WEAK |FUNC |HIDN |UNDEF |Lib$$Request$$armlib
src\app\task\config\ftask_cfg.c.1.obj|[641]   |0x00000000|0|WEAK |FUNC |HIDN |UNDEF |Lib$$Request$$cpplib
src\app\task\config\ftask_cfg.c.1.obj|[670]   |0x00000000|0|GLOB |NONE |HIDN |UNDEF |MEAS_Control
src\app\task\config\ftask_cfg.c.1.obj|[715]   |0x00000000|0|GLOB |NONE |HIDN |UNDEF |MEAS_Initialize
src\app\task\config\ftask_cfg.c.1.obj|[648]   |0x00000000|0|GLOB |NONE |HIDN |UNDEF |MPU_vTaskSuspend
src\app\task\config\ftask_cfg.c.1.obj|[679]   |0x00000000|0|GLOB |NONE |HIDN |UNDEF |MRC_Initialize
src\app\task\config\ftask_cfg.c.1.obj|[668]   |0x00000000|0|GLOB |NONE |HIDN |UNDEF |MRC_ValidateAfeMeasurement
src\app\task\config\ftask_cfg.c.1.obj|[703]   |0x00000000|0|GLOB |NONE |HIDN |UNDEF |MRC_ValidatePackMeasurement
src\app\task\config\ftask_cfg.c.1.obj|[695]   |0x00000000|0|GLOB |NONE |HIDN |UNDEF |OS_DelayTaskUntil
src\app\task\config\ftask_cfg.c.1.obj|[716]   |0x00000000|0|GLOB |NONE |HIDN |UNDEF |OS_GetTickCount
src\app\task\config\ftask_cfg.c.1.obj|[688]   |0x00000000|0|GLOB |NONE |HIDN |UNDEF |OS_IncrementTimer
src\app\task\config\ftask_cfg.c.1.obj|[706]   |0x00000000|0|GLOB |NONE |HIDN |UNDEF |PEX_Initialize
src\app\task\config\ftask_cfg.c.1.obj|[655]   |0x00000000|0|GLOB |NONE |HIDN |UNDEF |PEX_SetPin
src\app\task\config\ftask_cfg.c.1.obj|[712]   |0x00000000|0|GLOB |NONE |HIDN |UNDEF |PEX_SetPinDirectionOutput
src\app\task\config\ftask_cfg.c.1.obj|[709]   |0x00000000|0|GLOB |NONE |HIDN |UNDEF |PEX_Trigger
src\app\task\config\ftask_cfg.c.1.obj|[720]   |0x00000000|0|GLOB |NONE |HIDN |UNDEF |RTC_Trigger
src\app\task\config\ftask_cfg.c.1.obj|[721]   |0x00000000|0|GLOB |NONE |HIDN |UNDEF |SBC_Trigger
src\app\task\config\ftask_cfg.c.1.obj|[672]   |0x00000000|0|GLOB |NONE |HIDN |UNDEF |SE_RunStateEstimations
src\app\task\config\ftask_cfg.c.1.obj|[692]   |0x00000000|0|GLOB |NONE |HIDN |UNDEF |SOF_Calculation
src\app\task\config\ftask_cfg.c.1.obj|[676]   |0x00000000|0|GLOB |NONE |HIDN |UNDEF |SPS_Ctrl
src\app\task\config\ftask_cfg.c.1.obj|[650]   |0x00000000|0|GLOB |NONE |HIDN |UNDEF |SPS_Initialize
src\app\task\config\ftask_cfg.c.1.obj|[649]   |0x00000000|0|GLOB |NONE |HIDN |UNDEF |SYSM_CheckNotifications
src\app\task\config\ftask_cfg.c.1.obj|[701]   |0x00000000|0|GLOB |NONE |HIDN |UNDEF |SYSM_Init
src\app\task\config\ftask_cfg.c.1.obj|[693]   |0x00000000|0|GLOB |NONE |HIDN |UNDEF |SYSM_UpdateFramData
src\app\task\config\ftask_cfg.c.1.obj|[643]   |0x00000000|0|GLOB |NONE |HIDN |UNDEF |SYS_SetStateRequest
src\app\task\config\ftask_cfg.c.1.obj|[645]   |0x00000000|0|GLOB |NONE |HIDN |UNDEF |SYS_Trigger
src\app\task\config\ftask_cfg.c.1.obj|[768]   |0x00000000|0|GLOB |NONE |HIDN |185   |__TI_DW.debug_info.$base_types.a3001db55c69772f4e2efd565078122a
src\app\task\config\ftask_cfg.c.1.obj|[763]   |0x00000000|0|GLOB |NONE |HIDN |180   |__TI_DW.debug_info.FreeRTOS.h.04ae4be274fdd73f669237d7bd419fd8
src\app\task\config\ftask_cfg.c.1.obj|[776]   |0x00000000|0|GLOB |NONE |HIDN |193   |__TI_DW.debug_info.HL_adc.h.7d2b08791c3294a337a567aa3ea70a8d
src\app\task\config\ftask_cfg.c.1.obj|[778]   |0x00000000|0|GLOB |NONE |HIDN |195   |__TI_DW.debug_info.HL_can.h.1630562fb95cacb7a32f67f6d5e8c788
src\app\task\config\ftask_cfg.c.1.obj|[781]   |0x00000000|0|GLOB |NONE |HIDN |198   |__TI_DW.debug_info.HL_gio.h.e7f1bf807c7fe364ad7fd961558bd401
src\app\task\config\ftask_cfg.c.1.obj|[753]   |0x00000000|0|GLOB |NONE |HIDN |170   |__TI_DW.debug_info.HL_hal_stdtypes.h.f6fe50beccb00e10c974b1712ae0460c
src\app\task\config\ftask_cfg.c.1.obj|[783]   |0x00000000|0|GLOB |NONE |HIDN |200   |__TI_DW.debug_info.HL_het.h.a6c14b898f23627c37babe8511b7928b
src\app\task\config\ftask_cfg.c.1.obj|[785]   |0x00000000|0|GLOB |NONE |HIDN |202   |__TI_DW.debug_info.HL_i2c.h.2ca32065687164efa911462f6cc8eaf7
src\app\task\config\ftask_cfg.c.1.obj|[755]   |0x00000000|0|GLOB |NONE |HIDN |172   |__TI_DW.debug_info.HL_reg_adc.h.e775cee8e19edddd8c08599efcf5a535
src\app\task\config\ftask_cfg.c.1.obj|[777]   |0x00000000|0|GLOB |NONE |HIDN |194   |__TI_DW.debug_info.HL_reg_can.h.924d9b21fd38995cf9ce170f66f0f00d
src\app\task\config\ftask_cfg.c.1.obj|[757]   |0x00000000|0|GLOB |NONE |HIDN |174   |__TI_DW.debug_info.HL_reg_dma.h.36a8a360bb79652018cb40654cc570ce
src\app\task\config\ftask_cfg.c.1.obj|[780]   |0x00000000|0|GLOB |NONE |HIDN |197   |__TI_DW.debug_info.HL_reg_gio.h.14fbe21c444fd77e90046c712f40e220
src\app\task\config\ftask_cfg.c.1.obj|[782]   |0x00000000|0|GLOB |NONE |HIDN |199   |__TI_DW.debug_info.HL_reg_het.h.340fb317176ec08ff32b554cbe8612b4
src\app\task\config\ftask_cfg.c.1.obj|[784]   |0x00000000|0|GLOB |NONE |HIDN |201   |__TI_DW.debug_info.HL_reg_i2c.h.699c2071062f8e984efd59fdbb3c43a4
src\app\task\config\ftask_cfg.c.1.obj|[786]   |0x00000000|0|GLOB |NONE |HIDN |203   |__TI_DW.debug_info.HL_reg_spi.h.532250e86fb075be63feada5b6532c7e
src\app\task\config\ftask_cfg.c.1.obj|[767]   |0x00000000|0|GLOB |NONE |HIDN |184   |__TI_DW.debug_info.HL_spi.h.636367dc2acf11632c5efa6a1c78c493
src\app\task\config\ftask_cfg.c.1.obj|[775]   |0x00000000|0|GLOB |NONE |HIDN |192   |__TI_DW.debug_info.HL_sys_common.h.e8daada136d191dca44e4b47f4729313
src\app\task\config\ftask_cfg.c.1.obj|[779]   |0x00000000|0|GLOB |NONE |HIDN |196   |__TI_DW.debug_info.HL_sys_dma.h.3552c18df6e9c1e93c3b786f5e22b84c
src\app\task\config\ftask_cfg.c.1.obj|[772]   |0x00000000|0|GLOB |NONE |HIDN |189   |__TI_DW.debug_info._stdint.h.55dc0724062de24f6648c36a36931c9a
src\app\task\config\ftask_cfg.c.1.obj|[752]   |0x00000000|0|GLOB |NONE |HIDN |169   |__TI_DW.debug_info._types.h.59562a94a523b27bdcf6ba60164276f0
src\app\task\config\ftask_cfg.c.1.obj|[770]   |0x00000000|0|GLOB |NONE |HIDN |187   |__TI_DW.debug_info._types.h.62a9317002fb36f2a0c7d45aa6f41cd3
src\app\task\config\ftask_cfg.c.1.obj|[746]   |0x00000000|0|GLOB |NONE |HIDN |163   |__TI_DW.debug_info.adc.h.073ed20780919b816aa7e9d280e1526d
src\app\task\config\ftask_cfg.c.1.obj|[725]   |0x00000000|0|GLOB |NONE |HIDN |142   |__TI_DW.debug_info.algorithm_cfg.h.6756e531d7f1f54efca2d0ba259256da
src\app\task\config\ftask_cfg.c.1.obj|[733]   |0x00000000|0|GLOB |NONE |HIDN |150   |__TI_DW.debug_info.bal.h.3ffabdd024e368f2f234bba146c06083
src\app\task\config\ftask_cfg.c.1.obj|[760]   |0x00000000|0|GLOB |NONE |HIDN |177   |__TI_DW.debug_info.battery_cell_cfg.h.afea96ba48f287a30037f22c16850a5b
src\app\task\config\ftask_cfg.c.1.obj|[735]   |0x00000000|0|GLOB |NONE |HIDN |152   |__TI_DW.debug_info.battery_system_cfg.h.0d4bf392593ad8c7424a2b56147ab1c8
src\app\task\config\ftask_cfg.c.1.obj|[736]   |0x00000000|0|GLOB |NONE |HIDN |153   |__TI_DW.debug_info.bms.h.fcac313e7fece0a657185e89ba9af49e
src\app\task\config\ftask_cfg.c.1.obj|[756]   |0x00000000|0|GLOB |NONE |HIDN |173   |__TI_DW.debug_info.can.h.66f1fa480797b427bd3b5c125f6ae951
src\app\task\config\ftask_cfg.c.1.obj|[737]   |0x00000000|0|GLOB |NONE |HIDN |154   |__TI_DW.debug_info.can_cfg.h.dcfe6b6a0c4b145e8995202949a5dce4
src\app\task\config\ftask_cfg.c.1.obj|[734]   |0x00000000|0|GLOB |NONE |HIDN |151   |__TI_DW.debug_info.contactor_cfg.h.477cd96064fdff34e6dc6c2f5cbe7f7c
src\app\task\config\ftask_cfg.c.1.obj|[732]   |0x00000000|0|GLOB |NONE |HIDN |149   |__TI_DW.debug_info.database.h.8375bc513bfbcb2ca5a182379d78bf12
src\app\task\config\ftask_cfg.c.1.obj|[731]   |0x00000000|0|GLOB |NONE |HIDN |148   |__TI_DW.debug_info.database_cfg.h.f906c4dd07ebafd1cbb04cd9a5d8f73a
src\app\task\config\ftask_cfg.c.1.obj|[739]   |0x00000000|0|GLOB |NONE |HIDN |156   |__TI_DW.debug_info.diag.h.2dd585e2425af65e825e83e0b2f8299d
src\app\task\config\ftask_cfg.c.1.obj|[738]   |0x00000000|0|GLOB |NONE |HIDN |155   |__TI_DW.debug_info.diag_cfg.h.e7a813b80aca141ada97b819c1b25b3c
src\app\task\config\ftask_cfg.c.1.obj|[758]   |0x00000000|0|GLOB |NONE |HIDN |175   |__TI_DW.debug_info.dma_cfg.h.1fa91731b3da1bb3f1da493714ae69b0
src\app\task\config\ftask_cfg.c.1.obj|[754]   |0x00000000|0|GLOB |NONE |HIDN |171   |__TI_DW.debug_info.fassert.h.0b7b2882a1c517594159c37868ac3e58
src\app\task\config\ftask_cfg.c.1.obj|[726]   |0x00000000|0|GLOB |NONE |HIDN |143   |__TI_DW.debug_info.fram_cfg.h.890360ebb228255d7e24e4d579624348
src\app\task\config\ftask_cfg.c.1.obj|[724]   |0x00000000|0|GLOB |NONE |HIDN |141   |__TI_DW.debug_info.fstd_types.h.1d46766ec8ec487eaf2fab650eb7b69f
src\app\task\config\ftask_cfg.c.1.obj|[747]   |0x00000000|0|GLOB |NONE |HIDN |164   |__TI_DW.debug_info.htsensor.h.fe8d8e03941dfc1437c5117f90411b79
src\app\task\config\ftask_cfg.c.1.obj|[748]   |0x00000000|0|GLOB |NONE |HIDN |165   |__TI_DW.debug_info.imd.h.07fd9c7b0d5e8ddc5198bb586c0de748
src\app\task\config\ftask_cfg.c.1.obj|[740]   |0x00000000|0|GLOB |NONE |HIDN |157   |__TI_DW.debug_info.interlock.h.4a0453a8f4b8e01ef5f8d0253d45e19f
src\app\task\config\ftask_cfg.c.1.obj|[749]   |0x00000000|0|GLOB |NONE |HIDN |166   |__TI_DW.debug_info.interlock_cfg.h.25bbb8d84c56d29bff7d58e8f4f6bf0d
src\app\task\config\ftask_cfg.c.1.obj|[787]   |0x00000000|0|GLOB |NONE |HIDN |204   |__TI_DW.debug_info.list.h.4d6d03950ec964682d1452032bc583c0
src\app\task\config\ftask_cfg.c.1.obj|[774]   |0x00000000|0|GLOB |NONE |HIDN |191   |__TI_DW.debug_info.math.h.13c7f3b9a83b668b2d889e035795d0ae
src\app\task\config\ftask_cfg.c.1.obj|[727]   |0x00000000|0|GLOB |NONE |HIDN |144   |__TI_DW.debug_info.nxpfs85xx.h.3fe3d6b8240d058aad63b6f779319699
src\app\task\config\ftask_cfg.c.1.obj|[730]   |0x00000000|0|GLOB |NONE |HIDN |147   |__TI_DW.debug_info.os.h.41398224f6b5d0f5c3f79f50da01e755
src\app\task\config\ftask_cfg.c.1.obj|[764]   |0x00000000|0|GLOB |NONE |HIDN |181   |__TI_DW.debug_info.portable.h.c0bc1a9dbc14fbad9a0d50cf4c508b48
src\app\task\config\ftask_cfg.c.1.obj|[765]   |0x00000000|0|GLOB |NONE |HIDN |182   |__TI_DW.debug_info.portmacro.h.27a49087feeaefca4aa91ed2620167d4
src\app\task\config\ftask_cfg.c.1.obj|[769]   |0x00000000|0|GLOB |NONE |HIDN |186   |__TI_DW.debug_info.projdefs.h.5856c2ba92afc82b3ee8e01784625b26
src\app\task\config\ftask_cfg.c.1.obj|[766]   |0x00000000|0|GLOB |NONE |HIDN |183   |__TI_DW.debug_info.queue.h.4395c51deb74aa560f9a5fb5d2d2ba23
src\app\task\config\ftask_cfg.c.1.obj|[759]   |0x00000000|0|GLOB |NONE |HIDN |176   |__TI_DW.debug_info.redundancy.h.c7702109bf43166d6f2c464783ffbd82
src\app\task\config\ftask_cfg.c.1.obj|[750]   |0x00000000|0|GLOB |NONE |HIDN |167   |__TI_DW.debug_info.rtc.h.f91c8ba89079ffc6a67dbebca5f9c958
src\app\task\config\ftask_cfg.c.1.obj|[728]   |0x00000000|0|GLOB |NONE |HIDN |145   |__TI_DW.debug_info.sbc.h.9d6ebaabf4aa63316d8c29b872dde054
src\app\task\config\ftask_cfg.c.1.obj|[751]   |0x00000000|0|GLOB |NONE |HIDN |168   |__TI_DW.debug_info.sbc_fs8x.h.79b135dfe0bbdca3a66b7759c0476fc7
src\app\task\config\ftask_cfg.c.1.obj|[723]   |0x00000000|0|GLOB |NONE |HIDN |140   |__TI_DW.debug_info.sbc_fs8x_common.h.1b6a8e5bb13251197af84150f60b6573
src\app\task\config\ftask_cfg.c.1.obj|[762]   |0x00000000|0|GLOB |NONE |HIDN |179   |__TI_DW.debug_info.sof_trapezoid.h.5aaf0a93e52f99b393fa5c9a5b859cbd
src\app\task\config\ftask_cfg.c.1.obj|[761]   |0x00000000|0|GLOB |NONE |HIDN |178   |__TI_DW.debug_info.sof_trapezoid_cfg.h.17b0f1409ecb08305722557db2ae01a2
src\app\task\config\ftask_cfg.c.1.obj|[722]   |0x00000000|0|GLOB |NONE |HIDN |139   |__TI_DW.debug_info.spi_cfg.h.b668debcfd06635adad6d427ebdea1a3
src\app\task\config\ftask_cfg.c.1.obj|[741]   |0x00000000|0|GLOB |NONE |HIDN |158   |__TI_DW.debug_info.sps_cfg.h.5f32dfd669fa2a5d12857c17e7cea1cf
src\app\task\config\ftask_cfg.c.1.obj|[742]   |0x00000000|0|GLOB |NONE |HIDN |159   |__TI_DW.debug_info.sps_types.h.64f048f9255ea587a5d04bff49a64c25
src\app\task\config\ftask_cfg.c.1.obj|[773]   |0x00000000|0|GLOB |NONE |HIDN |190   |__TI_DW.debug_info.stddef.h.3995acaf97b16aff113f2eef85fc0668
src\app\task\config\ftask_cfg.c.1.obj|[771]   |0x00000000|0|GLOB |NONE |HIDN |188   |__TI_DW.debug_info.stdint.h.ad4b679dbce029afdbcc9a8c662c70ff
src\app\task\config\ftask_cfg.c.1.obj|[729]   |0x00000000|0|GLOB |NONE |HIDN |146   |__TI_DW.debug_info.sys.h.e12d85c85ed231d281cc730c60566cdd
src\app\task\config\ftask_cfg.c.1.obj|[744]   |0x00000000|0|GLOB |NONE |HIDN |161   |__TI_DW.debug_info.sys_mon.h.d85f1df01d86e591577f83e1240aaca9
src\app\task\config\ftask_cfg.c.1.obj|[743]   |0x00000000|0|GLOB |NONE |HIDN |160   |__TI_DW.debug_info.sys_mon_cfg.h.bde81a67f41397060051838fb91c33e6
src\app\task\config\ftask_cfg.c.1.obj|[745]   |0x00000000|0|GLOB |NONE |HIDN |162   |__TI_DW.debug_info.task.h.10d8fb1d269a36a83fc81a7c5881d7b4
src\app\task\config\ftask_cfg.c.1.obj|[100]   |0x00000000|0|LOCL |SECT |HIDN |1     |__fpclassify
src\app\task\config\ftask_cfg.c.1.obj|[707]   |0x00000000|228|GLOB |FUNC |HIDN |111   |__fpclassify
src\app\task\config\ftask_cfg.c.1.obj|[101]   |0x00000000|0|LOCL |SECT |HIDN |2     |__fpclassifyf
src\app\task\config\ftask_cfg.c.1.obj|[682]   |0x00000000|100|GLOB |FUNC |HIDN |110   |__fpclassifyf
src\app\task\config\ftask_cfg.c.1.obj|[102]   |0x00000000|0|LOCL |SECT |HIDN |3     |__fpclassifyl
src\app\task\config\ftask_cfg.c.1.obj|[681]   |0x00000000|228|GLOB |FUNC |HIDN |109   |__fpclassifyl
src\app\task\config\ftask_cfg.c.1.obj|[103]   |0x00000000|0|LOCL |SECT |HIDN |4     |__isfinite
src\app\task\config\ftask_cfg.c.1.obj|[700]   |0x00000000|36|GLOB |FUNC |HIDN |108   |__isfinite
src\app\task\config\ftask_cfg.c.1.obj|[657]   |0x00000000|32|GLOB |FUNC |HIDN |107   |__isfinitef
src\app\task\config\ftask_cfg.c.1.obj|[104]   |0x00000000|0|LOCL |SECT |HIDN |5     |__isfinitef
src\app\task\config\ftask_cfg.c.1.obj|[656]   |0x00000000|36|GLOB |FUNC |HIDN |106   |__isfinitel
src\app\task\config\ftask_cfg.c.1.obj|[105]   |0x00000000|0|LOCL |SECT |HIDN |6     |__isfinitel
src\app\task\config\ftask_cfg.c.1.obj|[687]   |0x00000000|100|GLOB |FUNC |HIDN |105   |__isinf
src\app\task\config\ftask_cfg.c.1.obj|[106]   |0x00000000|0|LOCL |SECT |HIDN |7     |__isinf
src\app\task\config\ftask_cfg.c.1.obj|[107]   |0x00000000|0|LOCL |SECT |HIDN |8     |__isinff
src\app\task\config\ftask_cfg.c.1.obj|[683]   |0x00000000|44|GLOB |FUNC |HIDN |104   |__isinff
src\app\task\config\ftask_cfg.c.1.obj|[684]   |0x00000000|100|GLOB |FUNC |HIDN |103   |__isinfl
src\app\task\config\ftask_cfg.c.1.obj|[108]   |0x00000000|0|LOCL |SECT |HIDN |9     |__isinfl
src\app\task\config\ftask_cfg.c.1.obj|[689]   |0x00000000|100|GLOB |FUNC |HIDN |102   |__isnan
src\app\task\config\ftask_cfg.c.1.obj|[109]   |0x00000000|0|LOCL |SECT |HIDN |10    |__isnan
src\app\task\config\ftask_cfg.c.1.obj|[110]   |0x00000000|0|LOCL |SECT |HIDN |11    |__isnanf
src\app\task\config\ftask_cfg.c.1.obj|[674]   |0x00000000|44|GLOB |FUNC |HIDN |101   |__isnanf
src\app\task\config\ftask_cfg.c.1.obj|[111]   |0x00000000|0|LOCL |SECT |HIDN |12    |__isnanl
src\app\task\config\ftask_cfg.c.1.obj|[675]   |0x00000000|100|GLOB |FUNC |HIDN |100   |__isnanl
src\app\task\config\ftask_cfg.c.1.obj|[708]   |0x00000000|84|GLOB |FUNC |HIDN |99    |__isnormal
src\app\task\config\ftask_cfg.c.1.obj|[112]   |0x00000000|0|LOCL |SECT |HIDN |13    |__isnormal
src\app\task\config\ftask_cfg.c.1.obj|[113]   |0x00000000|0|LOCL |SECT |HIDN |14    |__isnormalf
src\app\task\config\ftask_cfg.c.1.obj|[654]   |0x00000000|48|GLOB |FUNC |HIDN |98    |__isnormalf
src\app\task\config\ftask_cfg.c.1.obj|[114]   |0x00000000|0|LOCL |SECT |HIDN |15    |__isnormall
src\app\task\config\ftask_cfg.c.1.obj|[653]   |0x00000000|84|GLOB |FUNC |HIDN |97    |__isnormall
src\app\task\config\ftask_cfg.c.1.obj|[651]   |0x00000000|52|GLOB |FUNC |HIDN |96    |__signbit
src\app\task\config\ftask_cfg.c.1.obj|[115]   |0x00000000|0|LOCL |SECT |HIDN |16    |__signbit
src\app\task\config\ftask_cfg.c.1.obj|[662]   |0x00000000|12|GLOB |FUNC |HIDN |95    |__signbitf
src\app\task\config\ftask_cfg.c.1.obj|[116]   |0x00000000|0|LOCL |SECT |HIDN |17    |__signbitf
src\app\task\config\ftask_cfg.c.1.obj|[661]   |0x00000000|52|GLOB |FUNC |HIDN |94    |__signbitl
src\app\task\config\ftask_cfg.c.1.obj|[117]   |0x00000000|0|LOCL |SECT |HIDN |18    |__signbitl
src\app\task\config\ftask_cfg.c.1.obj|[3]     |0x00000001|1|LOCL |OBJT |HIDN |93    |ftsk_cyclic100msCounter$2
src\app\task\config\ftask_cfg.c.1.obj|[2]     |0x00000000|1|LOCL |OBJT |HIDN |93    |ftsk_cyclic10msCounter$1
src\app\task\config\ftask_cfg.c.1.obj|[4]     |0x00000002|1|LOCL |OBJT |HIDN |93    |ftsk_cyclicAlgorithm100msCounter$3
src\app\task\config\ftask_cfg.c.1.obj|[690]   |0x00000000|20|GLOB |OBJT |HIDN |92    |ftsk_taskDefinitionAfe
src\app\task\config\ftask_cfg.c.1.obj|[717]   |0x00000000|20|GLOB |OBJT |HIDN |89    |ftsk_taskDefinitionCyclic100ms
src\app\task\config\ftask_cfg.c.1.obj|[678]   |0x00000000|20|GLOB |OBJT |HIDN |88    |ftsk_taskDefinitionCyclic10ms
src\app\task\config\ftask_cfg.c.1.obj|[710]   |0x00000000|20|GLOB |OBJT |HIDN |87    |ftsk_taskDefinitionCyclic1ms
src\app\task\config\ftask_cfg.c.1.obj|[644]   |0x00000000|20|GLOB |OBJT |HIDN |90    |ftsk_taskDefinitionCyclicAlgorithm100ms
src\app\task\config\ftask_cfg.c.1.obj|[680]   |0x00000000|20|GLOB |OBJT |HIDN |86    |ftsk_taskDefinitionEngine
src\app\task\config\ftask_cfg.c.1.obj|[658]   |0x00000000|20|GLOB |OBJT |HIDN |91    |ftsk_taskDefinitionI2c
src\app\task\config\ftask_cfg.c.1.obj|[699]   |0x00000000|0|GLOB |NONE |HIDN |UNDEF |ftsk_taskHandleAfe
src\app\task\config\ftask_cfg.c.1.obj|[697]   |0x00000000|0|GLOB |NONE |HIDN |UNDEF |sbc_stateMcuSupervisor
src\app\task\config\ftask_cfg.c.1.obj|[664]   |0x00000000|0|GLOB |NONE |HIDN |UNDEF |sys_state
src\app\task\config\ftask_cfg.c.1.obj|[1]     |0x00000000|0|LOCL |FILE |HIDN |ABS   |{B49EA189-E97B-4442-982C-98494D11DA39}
