
file            [index]  value      size  bind  type  vis   shndx  symbol name 

src\hal\source\HL_het.c.1.obj|[0]     |0x00000000|0|LOCL |NONE |DFLT |UNDEF |
src\hal\source\HL_het.c.1.obj|[20]    |0x0000056c|0|LOCL |FUNC |HIDN |14    |$C$CON1
src\hal\source\HL_het.c.1.obj|[29]    |0x00000590|0|LOCL |FUNC |HIDN |14    |$C$CON10
src\hal\source\HL_het.c.1.obj|[30]    |0x00000594|0|LOCL |FUNC |HIDN |14    |$C$CON11
src\hal\source\HL_het.c.1.obj|[31]    |0x00000598|0|LOCL |FUNC |HIDN |14    |$C$CON12
src\hal\source\HL_het.c.1.obj|[21]    |0x00000570|0|LOCL |FUNC |HIDN |14    |$C$CON2
src\hal\source\HL_het.c.1.obj|[22]    |0x00000574|0|LOCL |FUNC |HIDN |14    |$C$CON3
src\hal\source\HL_het.c.1.obj|[23]    |0x00000578|0|LOCL |FUNC |HIDN |14    |$C$CON4
src\hal\source\HL_het.c.1.obj|[24]    |0x0000057c|0|LOCL |FUNC |HIDN |14    |$C$CON5
src\hal\source\HL_het.c.1.obj|[25]    |0x00000580|0|LOCL |FUNC |HIDN |14    |$C$CON6
src\hal\source\HL_het.c.1.obj|[26]    |0x00000584|0|LOCL |FUNC |HIDN |14    |$C$CON7
src\hal\source\HL_het.c.1.obj|[27]    |0x00000588|0|LOCL |FUNC |HIDN |14    |$C$CON8
src\hal\source\HL_het.c.1.obj|[28]    |0x0000058c|0|LOCL |FUNC |HIDN |14    |$C$CON9
src\hal\source\HL_het.c.1.obj|[16]    |0x000003e0|0|LOCL |FUNC |HIDN |14    |$C$FL1
src\hal\source\HL_het.c.1.obj|[17]    |0x000003e8|0|LOCL |FUNC |HIDN |14    |$C$FL2
src\hal\source\HL_het.c.1.obj|[6]     |0x00000094|0|LOCL |FUNC |HIDN |14    |$C$L1
src\hal\source\HL_het.c.1.obj|[15]    |0x000003d8|0|LOCL |FUNC |HIDN |14    |$C$L10
src\hal\source\HL_het.c.1.obj|[18]    |0x00000448|0|LOCL |FUNC |HIDN |14    |$C$L11
src\hal\source\HL_het.c.1.obj|[19]    |0x000004b0|0|LOCL |FUNC |HIDN |14    |$C$L12
src\hal\source\HL_het.c.1.obj|[7]     |0x000000a4|0|LOCL |FUNC |HIDN |14    |$C$L2
src\hal\source\HL_het.c.1.obj|[8]     |0x000000ac|0|LOCL |FUNC |HIDN |14    |$C$L3
src\hal\source\HL_het.c.1.obj|[9]     |0x000000b0|0|LOCL |FUNC |HIDN |14    |$C$L4
src\hal\source\HL_het.c.1.obj|[10]    |0x00000154|0|LOCL |FUNC |HIDN |14    |$C$L5
src\hal\source\HL_het.c.1.obj|[11]    |0x00000164|0|LOCL |FUNC |HIDN |14    |$C$L6
src\hal\source\HL_het.c.1.obj|[12]    |0x0000016c|0|LOCL |FUNC |HIDN |14    |$C$L7
src\hal\source\HL_het.c.1.obj|[13]    |0x00000170|0|LOCL |FUNC |HIDN |14    |$C$L8
src\hal\source\HL_het.c.1.obj|[14]    |0x00000370|0|LOCL |FUNC |HIDN |14    |$C$L9
src\hal\source\HL_het.c.1.obj|[44]    |0x00000110|0|LOCL |NONE |HIDN |14    |$a
src\hal\source\HL_het.c.1.obj|[45]    |0x000001a4|0|LOCL |NONE |HIDN |14    |$a
src\hal\source\HL_het.c.1.obj|[46]    |0x00000214|0|LOCL |NONE |HIDN |14    |$a
src\hal\source\HL_het.c.1.obj|[58]    |0x00000504|0|LOCL |NONE |HIDN |14    |$a
src\hal\source\HL_het.c.1.obj|[48]    |0x00000238|0|LOCL |NONE |HIDN |14    |$a
src\hal\source\HL_het.c.1.obj|[49]    |0x00000244|0|LOCL |NONE |HIDN |14    |$a
src\hal\source\HL_het.c.1.obj|[50]    |0x00000310|0|LOCL |NONE |HIDN |14    |$a
src\hal\source\HL_het.c.1.obj|[51]    |0x00000318|0|LOCL |NONE |HIDN |14    |$a
src\hal\source\HL_het.c.1.obj|[53]    |0x000003f0|0|LOCL |NONE |HIDN |14    |$a
src\hal\source\HL_het.c.1.obj|[47]    |0x00000228|0|LOCL |NONE |HIDN |14    |$a
src\hal\source\HL_het.c.1.obj|[54]    |0x000004b8|0|LOCL |NONE |HIDN |14    |$a
src\hal\source\HL_het.c.1.obj|[55]    |0x000004cc|0|LOCL |NONE |HIDN |14    |$a
src\hal\source\HL_het.c.1.obj|[56]    |0x000004e0|0|LOCL |NONE |HIDN |14    |$a
src\hal\source\HL_het.c.1.obj|[57]    |0x000004f4|0|LOCL |NONE |HIDN |14    |$a
src\hal\source\HL_het.c.1.obj|[41]    |0x00000000|0|LOCL |NONE |HIDN |14    |$a
src\hal\source\HL_het.c.1.obj|[42]    |0x0000001c|0|LOCL |NONE |HIDN |14    |$a
src\hal\source\HL_het.c.1.obj|[43]    |0x00000038|0|LOCL |NONE |HIDN |14    |$a
src\hal\source\HL_het.c.1.obj|[40]    |0x00000000|0|LOCL |NONE |HIDN |18    |$d
src\hal\source\HL_het.c.1.obj|[38]    |0x00000000|0|LOCL |NONE |HIDN |16    |$d
src\hal\source\HL_het.c.1.obj|[39]    |0x00000000|0|LOCL |NONE |HIDN |17    |$d
src\hal\source\HL_het.c.1.obj|[59]    |0x0000056c|0|LOCL |NONE |HIDN |14    |$d
src\hal\source\HL_het.c.1.obj|[52]    |0x000003e0|0|LOCL |NONE |HIDN |14    |$d
src\hal\source\HL_het.c.1.obj|[37]    |0x00000000|0|LOCL |NONE |HIDN |15    |$d
src\hal\source\HL_het.c.1.obj|[35]    |0x00000000|0|LOCL |SECT |HIDN |17    |.const:het1PROGRAM
src\hal\source\HL_het.c.1.obj|[36]    |0x00000000|0|LOCL |SECT |HIDN |18    |.const:het2PROGRAM
src\hal\source\HL_het.c.1.obj|[33]    |0x00000000|0|LOCL |SECT |HIDN |15    |.const:s_het1pwmPolarity
src\hal\source\HL_het.c.1.obj|[34]    |0x00000000|0|LOCL |SECT |HIDN |16    |.const:s_het2pwmPolarity
src\hal\source\HL_het.c.1.obj|[102]   |0x00000000|0|LOCL |SECT |HIDN |61    |.debug_abbrev
src\hal\source\HL_het.c.1.obj|[101]   |0x00000000|0|LOCL |SECT |HIDN |60    |.debug_abbrev
src\hal\source\HL_het.c.1.obj|[100]   |0x00000000|0|LOCL |SECT |HIDN |59    |.debug_abbrev
src\hal\source\HL_het.c.1.obj|[99]    |0x00000000|0|LOCL |SECT |HIDN |58    |.debug_abbrev
src\hal\source\HL_het.c.1.obj|[108]   |0x00000000|0|LOCL |SECT |HIDN |66    |.debug_abbrev
src\hal\source\HL_het.c.1.obj|[103]   |0x00000000|0|LOCL |SECT |HIDN |62    |.debug_abbrev
src\hal\source\HL_het.c.1.obj|[112]   |0x00000000|0|LOCL |SECT |HIDN |70    |.debug_abbrev
src\hal\source\HL_het.c.1.obj|[114]   |0x00000000|0|LOCL |SECT |HIDN |72    |.debug_abbrev
src\hal\source\HL_het.c.1.obj|[116]   |0x00000000|0|LOCL |SECT |HIDN |74    |.debug_abbrev
src\hal\source\HL_het.c.1.obj|[118]   |0x00000000|0|LOCL |SECT |HIDN |76    |.debug_abbrev
src\hal\source\HL_het.c.1.obj|[122]   |0x00000000|0|LOCL |SECT |HIDN |80    |.debug_abbrev
src\hal\source\HL_het.c.1.obj|[124]   |0x00000000|0|LOCL |SECT |HIDN |82    |.debug_abbrev
src\hal\source\HL_het.c.1.obj|[126]   |0x00000000|0|LOCL |SECT |HIDN |84    |.debug_abbrev
src\hal\source\HL_het.c.1.obj|[128]   |0x00000000|0|LOCL |SECT |HIDN |86    |.debug_abbrev
src\hal\source\HL_het.c.1.obj|[130]   |0x00000000|0|LOCL |SECT |HIDN |88    |.debug_abbrev
src\hal\source\HL_het.c.1.obj|[120]   |0x00000000|0|LOCL |SECT |HIDN |78    |.debug_abbrev
src\hal\source\HL_het.c.1.obj|[110]   |0x00000000|0|LOCL |SECT |HIDN |68    |.debug_abbrev
src\hal\source\HL_het.c.1.obj|[104]   |0x00000000|0|LOCL |SECT |HIDN |63    |.debug_abbrev
src\hal\source\HL_het.c.1.obj|[106]   |0x00000000|0|LOCL |SECT |HIDN |64    |.debug_abbrev
src\hal\source\HL_het.c.1.obj|[131]   |0x00000000|0|LOCL |SECT |HIDN |90    |.debug_aranges
src\hal\source\HL_het.c.1.obj|[98]    |0x00000000|0|LOCL |SECT |HIDN |57    |.debug_frame
src\hal\source\HL_het.c.1.obj|[60]    |0x00000000|0|LOCL |SECT |HIDN |19    |.debug_info
src\hal\source\HL_het.c.1.obj|[61]    |0x00000000|0|LOCL |SECT |HIDN |20    |.debug_info
src\hal\source\HL_het.c.1.obj|[62]    |0x00000000|0|LOCL |SECT |HIDN |21    |.debug_info
src\hal\source\HL_het.c.1.obj|[63]    |0x00000000|0|LOCL |SECT |HIDN |22    |.debug_info
src\hal\source\HL_het.c.1.obj|[64]    |0x00000000|0|LOCL |SECT |HIDN |23    |.debug_info
src\hal\source\HL_het.c.1.obj|[65]    |0x00000000|0|LOCL |SECT |HIDN |24    |.debug_info
src\hal\source\HL_het.c.1.obj|[66]    |0x00000000|0|LOCL |SECT |HIDN |25    |.debug_info
src\hal\source\HL_het.c.1.obj|[67]    |0x00000000|0|LOCL |SECT |HIDN |26    |.debug_info
src\hal\source\HL_het.c.1.obj|[68]    |0x00000000|0|LOCL |SECT |HIDN |27    |.debug_info
src\hal\source\HL_het.c.1.obj|[74]    |0x00000000|0|LOCL |SECT |HIDN |33    |.debug_info
src\hal\source\HL_het.c.1.obj|[75]    |0x00000000|0|LOCL |SECT |HIDN |34    |.debug_info
src\hal\source\HL_het.c.1.obj|[76]    |0x00000000|0|LOCL |SECT |HIDN |35    |.debug_info
src\hal\source\HL_het.c.1.obj|[77]    |0x00000000|0|LOCL |SECT |HIDN |36    |.debug_info
src\hal\source\HL_het.c.1.obj|[69]    |0x00000000|0|LOCL |SECT |HIDN |28    |.debug_info
src\hal\source\HL_het.c.1.obj|[78]    |0x00000000|0|LOCL |SECT |HIDN |37    |.debug_info
src\hal\source\HL_het.c.1.obj|[70]    |0x00000000|0|LOCL |SECT |HIDN |29    |.debug_info
src\hal\source\HL_het.c.1.obj|[72]    |0x00000000|0|LOCL |SECT |HIDN |31    |.debug_info
src\hal\source\HL_het.c.1.obj|[73]    |0x00000000|0|LOCL |SECT |HIDN |32    |.debug_info
src\hal\source\HL_het.c.1.obj|[71]    |0x00000000|0|LOCL |SECT |HIDN |30    |.debug_info
src\hal\source\HL_het.c.1.obj|[94]    |0x00000000|0|LOCL |SECT |HIDN |53    |.debug_line
src\hal\source\HL_het.c.1.obj|[95]    |0x00000000|0|LOCL |SECT |HIDN |54    |.debug_line
src\hal\source\HL_het.c.1.obj|[96]    |0x00000000|0|LOCL |SECT |HIDN |55    |.debug_line
src\hal\source\HL_het.c.1.obj|[97]    |0x00000000|0|LOCL |SECT |HIDN |56    |.debug_line
src\hal\source\HL_het.c.1.obj|[79]    |0x00000000|0|LOCL |SECT |HIDN |38    |.debug_line
src\hal\source\HL_het.c.1.obj|[80]    |0x00000000|0|LOCL |SECT |HIDN |39    |.debug_line
src\hal\source\HL_het.c.1.obj|[81]    |0x00000000|0|LOCL |SECT |HIDN |40    |.debug_line
src\hal\source\HL_het.c.1.obj|[82]    |0x00000000|0|LOCL |SECT |HIDN |41    |.debug_line
src\hal\source\HL_het.c.1.obj|[83]    |0x00000000|0|LOCL |SECT |HIDN |42    |.debug_line
src\hal\source\HL_het.c.1.obj|[84]    |0x00000000|0|LOCL |SECT |HIDN |43    |.debug_line
src\hal\source\HL_het.c.1.obj|[85]    |0x00000000|0|LOCL |SECT |HIDN |44    |.debug_line
src\hal\source\HL_het.c.1.obj|[86]    |0x00000000|0|LOCL |SECT |HIDN |45    |.debug_line
src\hal\source\HL_het.c.1.obj|[87]    |0x00000000|0|LOCL |SECT |HIDN |46    |.debug_line
src\hal\source\HL_het.c.1.obj|[88]    |0x00000000|0|LOCL |SECT |HIDN |47    |.debug_line
src\hal\source\HL_het.c.1.obj|[89]    |0x00000000|0|LOCL |SECT |HIDN |48    |.debug_line
src\hal\source\HL_het.c.1.obj|[90]    |0x00000000|0|LOCL |SECT |HIDN |49    |.debug_line
src\hal\source\HL_het.c.1.obj|[91]    |0x00000000|0|LOCL |SECT |HIDN |50    |.debug_line
src\hal\source\HL_het.c.1.obj|[92]    |0x00000000|0|LOCL |SECT |HIDN |51    |.debug_line
src\hal\source\HL_het.c.1.obj|[93]    |0x00000000|0|LOCL |SECT |HIDN |52    |.debug_line
src\hal\source\HL_het.c.1.obj|[132]   |0x00000000|0|LOCL |SECT |HIDN |91    |.debug_pubnames
src\hal\source\HL_het.c.1.obj|[133]   |0x00000000|0|LOCL |SECT |HIDN |92    |.debug_pubnames
src\hal\source\HL_het.c.1.obj|[134]   |0x00000000|0|LOCL |SECT |HIDN |93    |.debug_pubnames
src\hal\source\HL_het.c.1.obj|[135]   |0x00000000|0|LOCL |SECT |HIDN |94    |.debug_pubnames
src\hal\source\HL_het.c.1.obj|[136]   |0x00000000|0|LOCL |SECT |HIDN |95    |.debug_pubnames
src\hal\source\HL_het.c.1.obj|[149]   |0x00000000|0|LOCL |SECT |HIDN |108   |.debug_pubtypes
src\hal\source\HL_het.c.1.obj|[137]   |0x00000000|0|LOCL |SECT |HIDN |96    |.debug_pubtypes
src\hal\source\HL_het.c.1.obj|[138]   |0x00000000|0|LOCL |SECT |HIDN |97    |.debug_pubtypes
src\hal\source\HL_het.c.1.obj|[148]   |0x00000000|0|LOCL |SECT |HIDN |107   |.debug_pubtypes
src\hal\source\HL_het.c.1.obj|[139]   |0x00000000|0|LOCL |SECT |HIDN |98    |.debug_pubtypes
src\hal\source\HL_het.c.1.obj|[140]   |0x00000000|0|LOCL |SECT |HIDN |99    |.debug_pubtypes
src\hal\source\HL_het.c.1.obj|[141]   |0x00000000|0|LOCL |SECT |HIDN |100   |.debug_pubtypes
src\hal\source\HL_het.c.1.obj|[142]   |0x00000000|0|LOCL |SECT |HIDN |101   |.debug_pubtypes
src\hal\source\HL_het.c.1.obj|[143]   |0x00000000|0|LOCL |SECT |HIDN |102   |.debug_pubtypes
src\hal\source\HL_het.c.1.obj|[144]   |0x00000000|0|LOCL |SECT |HIDN |103   |.debug_pubtypes
src\hal\source\HL_het.c.1.obj|[145]   |0x00000000|0|LOCL |SECT |HIDN |104   |.debug_pubtypes
src\hal\source\HL_het.c.1.obj|[146]   |0x00000000|0|LOCL |SECT |HIDN |105   |.debug_pubtypes
src\hal\source\HL_het.c.1.obj|[147]   |0x00000000|0|LOCL |SECT |HIDN |106   |.debug_pubtypes
src\hal\source\HL_het.c.1.obj|[113]   |0x00000000|0|LOCL |SECT |HIDN |73    |.debug_str
src\hal\source\HL_het.c.1.obj|[127]   |0x00000000|0|LOCL |SECT |HIDN |87    |.debug_str
src\hal\source\HL_het.c.1.obj|[115]   |0x00000000|0|LOCL |SECT |HIDN |75    |.debug_str
src\hal\source\HL_het.c.1.obj|[121]   |0x00000000|0|LOCL |SECT |HIDN |81    |.debug_str
src\hal\source\HL_het.c.1.obj|[117]   |0x00000000|0|LOCL |SECT |HIDN |77    |.debug_str
src\hal\source\HL_het.c.1.obj|[105]   |0x00000000|0|LOCL |SECT |HIDN |65    |.debug_str
src\hal\source\HL_het.c.1.obj|[119]   |0x00000000|0|LOCL |SECT |HIDN |79    |.debug_str
src\hal\source\HL_het.c.1.obj|[129]   |0x00000000|0|LOCL |SECT |HIDN |89    |.debug_str
src\hal\source\HL_het.c.1.obj|[107]   |0x00000000|0|LOCL |SECT |HIDN |67    |.debug_str
src\hal\source\HL_het.c.1.obj|[123]   |0x00000000|0|LOCL |SECT |HIDN |83    |.debug_str
src\hal\source\HL_het.c.1.obj|[111]   |0x00000000|0|LOCL |SECT |HIDN |71    |.debug_str
src\hal\source\HL_het.c.1.obj|[125]   |0x00000000|0|LOCL |SECT |HIDN |85    |.debug_str
src\hal\source\HL_het.c.1.obj|[109]   |0x00000000|0|LOCL |SECT |HIDN |69    |.debug_str
src\hal\source\HL_het.c.1.obj|[32]    |0x00000000|0|LOCL |SECT |HIDN |14    |.text
src\hal\source\HL_het.c.1.obj|[150]   |0x00000000|0|WEAK |FUNC |HIDN |UNDEF |Lib$$Request$$armlib
src\hal\source\HL_het.c.1.obj|[151]   |0x00000000|0|WEAK |FUNC |HIDN |UNDEF |Lib$$Request$$cpplib
src\hal\source\HL_het.c.1.obj|[173]   |0x00000000|0|GLOB |NONE |HIDN |27    |__TI_DW.debug_info.$base_types.a3001db55c69772f4e2efd565078122a
src\hal\source\HL_het.c.1.obj|[172]   |0x00000000|0|GLOB |NONE |HIDN |26    |__TI_DW.debug_info.HL_hal_stdtypes.h.f6fe50beccb00e10c974b1712ae0460c
src\hal\source\HL_het.c.1.obj|[182]   |0x00000000|0|GLOB |NONE |HIDN |36    |__TI_DW.debug_info.HL_het.h.a6c14b898f23627c37babe8511b7928b
src\hal\source\HL_het.c.1.obj|[180]   |0x00000000|0|GLOB |NONE |HIDN |34    |__TI_DW.debug_info.HL_reg_gio.h.14fbe21c444fd77e90046c712f40e220
src\hal\source\HL_het.c.1.obj|[181]   |0x00000000|0|GLOB |NONE |HIDN |35    |__TI_DW.debug_info.HL_reg_het.h.340fb317176ec08ff32b554cbe8612b4
src\hal\source\HL_het.c.1.obj|[183]   |0x00000000|0|GLOB |NONE |HIDN |37    |__TI_DW.debug_info.HL_reg_vim.h.d860fe5f18ea68a228b5309189148bc1
src\hal\source\HL_het.c.1.obj|[179]   |0x00000000|0|GLOB |NONE |HIDN |33    |__TI_DW.debug_info.HL_sys_common.h.e8daada136d191dca44e4b47f4729313
src\hal\source\HL_het.c.1.obj|[174]   |0x00000000|0|GLOB |NONE |HIDN |28    |__TI_DW.debug_info.HL_sys_vim.h.bc34994e235d47a6d5290aaf78ab20cf
src\hal\source\HL_het.c.1.obj|[177]   |0x00000000|0|GLOB |NONE |HIDN |31    |__TI_DW.debug_info._stdint.h.55dc0724062de24f6648c36a36931c9a
src\hal\source\HL_het.c.1.obj|[171]   |0x00000000|0|GLOB |NONE |HIDN |25    |__TI_DW.debug_info._types.h.59562a94a523b27bdcf6ba60164276f0
src\hal\source\HL_het.c.1.obj|[175]   |0x00000000|0|GLOB |NONE |HIDN |29    |__TI_DW.debug_info._types.h.62a9317002fb36f2a0c7d45aa6f41cd3
src\hal\source\HL_het.c.1.obj|[176]   |0x00000000|0|GLOB |NONE |HIDN |30    |__TI_DW.debug_info.stdint.h.ad4b679dbce029afdbcc9a8c662c70ff
src\hal\source\HL_het.c.1.obj|[178]   |0x00000000|0|GLOB |NONE |HIDN |32    |__TI_DW.debug_info.string.h.393cd1e38f0e26af7e281f8f5e32796e
src\hal\source\HL_het.c.1.obj|[153]   |0x00000000|0|GLOB |NONE |HIDN |UNDEF |__aeabi_uidivmod
src\hal\source\HL_het.c.1.obj|[165]   |0x00000504|104|GLOB |FUNC |HIDN |14    |capGetSignal
src\hal\source\HL_het.c.1.obj|[164]   |0x000004f4|16|GLOB |FUNC |HIDN |14    |edgeDisableNotification
src\hal\source\HL_het.c.1.obj|[169]   |0x000004e0|20|GLOB |FUNC |HIDN |14    |edgeEnableNotification
src\hal\source\HL_het.c.1.obj|[168]   |0x000004cc|20|GLOB |FUNC |HIDN |14    |edgeGetCounter
src\hal\source\HL_het.c.1.obj|[167]   |0x000004b8|20|GLOB |FUNC |HIDN |14    |edgeResetCounter
src\hal\source\HL_het.c.1.obj|[161]   |0x000003f0|200|GLOB |FUNC |HIDN |14    |het1GetConfigValue
src\hal\source\HL_het.c.1.obj|[4]     |0x00000000|928|LOCL |OBJT |HIDN |17    |het1PROGRAM
src\hal\source\HL_het.c.1.obj|[162]   |0x00000318|200|GLOB |FUNC |HIDN |14    |het2GetConfigValue
src\hal\source\HL_het.c.1.obj|[5]     |0x00000000|928|LOCL |OBJT |HIDN |18    |het2PROGRAM
src\hal\source\HL_het.c.1.obj|[156]   |0x00000310|8|GLOB |FUNC |HIDN |14    |hetGetTimestamp
src\hal\source\HL_het.c.1.obj|[170]   |0x00000244|204|GLOB |FUNC |HIDN |14    |hetInit
src\hal\source\HL_het.c.1.obj|[155]   |0x00000238|12|GLOB |FUNC |HIDN |14    |hetResetTimestamp
src\hal\source\HL_het.c.1.obj|[154]   |0x00000000|0|GLOB |NONE |HIDN |UNDEF |memcpy
src\hal\source\HL_het.c.1.obj|[160]   |0x00000228|16|GLOB |FUNC |HIDN |14    |pwmDisableNotification
src\hal\source\HL_het.c.1.obj|[166]   |0x00000214|20|GLOB |FUNC |HIDN |14    |pwmEnableNotification
src\hal\source\HL_het.c.1.obj|[157]   |0x000001a4|112|GLOB |FUNC |HIDN |14    |pwmGetSignal
src\hal\source\HL_het.c.1.obj|[158]   |0x00000110|148|GLOB |FUNC |HIDN |14    |pwmSetDuty
src\hal\source\HL_het.c.1.obj|[163]   |0x00000038|216|GLOB |FUNC |HIDN |14    |pwmSetSignal
src\hal\source\HL_het.c.1.obj|[152]   |0x0000001c|28|GLOB |FUNC |HIDN |14    |pwmStart
src\hal\source\HL_het.c.1.obj|[159]   |0x00000000|28|GLOB |FUNC |HIDN |14    |pwmStop
src\hal\source\HL_het.c.1.obj|[2]     |0x00000000|32|LOCL |OBJT |HIDN |15    |s_het1pwmPolarity
src\hal\source\HL_het.c.1.obj|[3]     |0x00000000|32|LOCL |OBJT |HIDN |16    |s_het2pwmPolarity
src\hal\source\HL_het.c.1.obj|[1]     |0x00000000|0|LOCL |FILE |HIDN |ABS   |{845CE32C-0DED-4849-912C-24F914C86822}
