
file            [index]  value      size  bind  type  vis   shndx  symbol name 

src\hal\source\HL_i2c.c.1.obj|[0]     |0x00000000|0|LOCL |NONE |DFLT |UNDEF |
src\hal\source\HL_i2c.c.1.obj|[21]    |0x00000440|0|LOCL |FUNC |HIDN |14    |$C$CON1
src\hal\source\HL_i2c.c.1.obj|[22]    |0x00000444|0|LOCL |FUNC |HIDN |14    |$C$CON2
src\hal\source\HL_i2c.c.1.obj|[25]    |0x0000013c|0|LOCL |FUNC |HIDN |16    |$C$CON3
src\hal\source\HL_i2c.c.1.obj|[26]    |0x00000140|0|LOCL |FUNC |HIDN |16    |$C$CON4
src\hal\source\HL_i2c.c.1.obj|[23]    |0x00000448|0|LOCL |FUNC |HIDN |14    |$C$CON5
src\hal\source\HL_i2c.c.1.obj|[24]    |0x0000044c|0|LOCL |FUNC |HIDN |14    |$C$CON6
src\hal\source\HL_i2c.c.1.obj|[20]    |0x00000438|0|LOCL |FUNC |HIDN |14    |$C$FL1
src\hal\source\HL_i2c.c.1.obj|[3]     |0x000000a4|0|LOCL |FUNC |HIDN |14    |$C$L1
src\hal\source\HL_i2c.c.1.obj|[12]    |0x000000fc|0|LOCL |FUNC |HIDN |16    |$C$L10
src\hal\source\HL_i2c.c.1.obj|[13]    |0x00000104|0|LOCL |FUNC |HIDN |16    |$C$L11
src\hal\source\HL_i2c.c.1.obj|[14]    |0x0000010c|0|LOCL |FUNC |HIDN |16    |$C$L12
src\hal\source\HL_i2c.c.1.obj|[15]    |0x00000114|0|LOCL |FUNC |HIDN |16    |$C$L13
src\hal\source\HL_i2c.c.1.obj|[16]    |0x0000011c|0|LOCL |FUNC |HIDN |16    |$C$L14
src\hal\source\HL_i2c.c.1.obj|[17]    |0x00000120|0|LOCL |FUNC |HIDN |16    |$C$L15
src\hal\source\HL_i2c.c.1.obj|[18]    |0x000003b8|0|LOCL |FUNC |HIDN |14    |$C$L16
src\hal\source\HL_i2c.c.1.obj|[19]    |0x00000430|0|LOCL |FUNC |HIDN |14    |$C$L17
src\hal\source\HL_i2c.c.1.obj|[4]     |0x000000fc|0|LOCL |FUNC |HIDN |14    |$C$L2
src\hal\source\HL_i2c.c.1.obj|[5]     |0x0000011c|0|LOCL |FUNC |HIDN |14    |$C$L3
src\hal\source\HL_i2c.c.1.obj|[6]     |0x00000160|0|LOCL |FUNC |HIDN |14    |$C$L4
src\hal\source\HL_i2c.c.1.obj|[7]     |0x000001a8|0|LOCL |FUNC |HIDN |14    |$C$L5
src\hal\source\HL_i2c.c.1.obj|[8]     |0x000001c8|0|LOCL |FUNC |HIDN |14    |$C$L6
src\hal\source\HL_i2c.c.1.obj|[9]     |0x0000006c|0|LOCL |FUNC |HIDN |16    |$C$L7
src\hal\source\HL_i2c.c.1.obj|[10]    |0x000000b4|0|LOCL |FUNC |HIDN |16    |$C$L8
src\hal\source\HL_i2c.c.1.obj|[11]    |0x000000f4|0|LOCL |FUNC |HIDN |16    |$C$L9
src\hal\source\HL_i2c.c.1.obj|[51]    |0x000002e0|0|LOCL |NONE |HIDN |14    |$a
src\hal\source\HL_i2c.c.1.obj|[52]    |0x000002f0|0|LOCL |NONE |HIDN |14    |$a
src\hal\source\HL_i2c.c.1.obj|[53]    |0x00000338|0|LOCL |NONE |HIDN |14    |$a
src\hal\source\HL_i2c.c.1.obj|[54]    |0x00000348|0|LOCL |NONE |HIDN |14    |$a
src\hal\source\HL_i2c.c.1.obj|[55]    |0x00000354|0|LOCL |NONE |HIDN |14    |$a
src\hal\source\HL_i2c.c.1.obj|[30]    |0x00000000|0|LOCL |NONE |HIDN |14    |$a
src\hal\source\HL_i2c.c.1.obj|[31]    |0x00000010|0|LOCL |NONE |HIDN |14    |$a
src\hal\source\HL_i2c.c.1.obj|[32]    |0x00000020|0|LOCL |NONE |HIDN |14    |$a
src\hal\source\HL_i2c.c.1.obj|[33]    |0x00000028|0|LOCL |NONE |HIDN |14    |$a
src\hal\source\HL_i2c.c.1.obj|[34]    |0x00000030|0|LOCL |NONE |HIDN |14    |$a
src\hal\source\HL_i2c.c.1.obj|[35]    |0x00000044|0|LOCL |NONE |HIDN |14    |$a
src\hal\source\HL_i2c.c.1.obj|[36]    |0x00000060|0|LOCL |NONE |HIDN |14    |$a
src\hal\source\HL_i2c.c.1.obj|[37]    |0x00000068|0|LOCL |NONE |HIDN |14    |$a
src\hal\source\HL_i2c.c.1.obj|[38]    |0x000000a4|0|LOCL |NONE |HIDN |14    |$a
src\hal\source\HL_i2c.c.1.obj|[39]    |0x000000b8|0|LOCL |NONE |HIDN |14    |$a
src\hal\source\HL_i2c.c.1.obj|[40]    |0x00000148|0|LOCL |NONE |HIDN |14    |$a
src\hal\source\HL_i2c.c.1.obj|[41]    |0x00000160|0|LOCL |NONE |HIDN |14    |$a
src\hal\source\HL_i2c.c.1.obj|[42]    |0x00000178|0|LOCL |NONE |HIDN |14    |$a
src\hal\source\HL_i2c.c.1.obj|[43]    |0x000001dc|0|LOCL |NONE |HIDN |14    |$a
src\hal\source\HL_i2c.c.1.obj|[44]    |0x000001e8|0|LOCL |NONE |HIDN |14    |$a
src\hal\source\HL_i2c.c.1.obj|[45]    |0x000001f4|0|LOCL |NONE |HIDN |14    |$a
src\hal\source\HL_i2c.c.1.obj|[46]    |0x00000200|0|LOCL |NONE |HIDN |14    |$a
src\hal\source\HL_i2c.c.1.obj|[47]    |0x00000214|0|LOCL |NONE |HIDN |14    |$a
src\hal\source\HL_i2c.c.1.obj|[48]    |0x00000000|0|LOCL |NONE |HIDN |16    |$a
src\hal\source\HL_i2c.c.1.obj|[49]    |0x00000228|0|LOCL |NONE |HIDN |14    |$a
src\hal\source\HL_i2c.c.1.obj|[50]    |0x000002ac|0|LOCL |NONE |HIDN |14    |$a
src\hal\source\HL_i2c.c.1.obj|[56]    |0x00000438|0|LOCL |NONE |HIDN |14    |$d
src\hal\source\HL_i2c.c.1.obj|[57]    |0x00000440|0|LOCL |NONE |HIDN |14    |$d
src\hal\source\HL_i2c.c.1.obj|[58]    |0x0000013c|0|LOCL |NONE |HIDN |16    |$d
src\hal\source\HL_i2c.c.1.obj|[28]    |0x00000000|0|LOCL |SECT |HIDN |15    |.bss:g_i2cTransfer_t
src\hal\source\HL_i2c.c.1.obj|[95]    |0x00000000|0|LOCL |SECT |HIDN |53    |.debug_abbrev
src\hal\source\HL_i2c.c.1.obj|[118]   |0x00000000|0|LOCL |SECT |HIDN |75    |.debug_abbrev
src\hal\source\HL_i2c.c.1.obj|[97]    |0x00000000|0|LOCL |SECT |HIDN |55    |.debug_abbrev
src\hal\source\HL_i2c.c.1.obj|[96]    |0x00000000|0|LOCL |SECT |HIDN |54    |.debug_abbrev
src\hal\source\HL_i2c.c.1.obj|[100]   |0x00000000|0|LOCL |SECT |HIDN |57    |.debug_abbrev
src\hal\source\HL_i2c.c.1.obj|[102]   |0x00000000|0|LOCL |SECT |HIDN |59    |.debug_abbrev
src\hal\source\HL_i2c.c.1.obj|[104]   |0x00000000|0|LOCL |SECT |HIDN |61    |.debug_abbrev
src\hal\source\HL_i2c.c.1.obj|[108]   |0x00000000|0|LOCL |SECT |HIDN |65    |.debug_abbrev
src\hal\source\HL_i2c.c.1.obj|[110]   |0x00000000|0|LOCL |SECT |HIDN |67    |.debug_abbrev
src\hal\source\HL_i2c.c.1.obj|[112]   |0x00000000|0|LOCL |SECT |HIDN |69    |.debug_abbrev
src\hal\source\HL_i2c.c.1.obj|[114]   |0x00000000|0|LOCL |SECT |HIDN |71    |.debug_abbrev
src\hal\source\HL_i2c.c.1.obj|[116]   |0x00000000|0|LOCL |SECT |HIDN |73    |.debug_abbrev
src\hal\source\HL_i2c.c.1.obj|[98]    |0x00000000|0|LOCL |SECT |HIDN |56    |.debug_abbrev
src\hal\source\HL_i2c.c.1.obj|[120]   |0x00000000|0|LOCL |SECT |HIDN |77    |.debug_abbrev
src\hal\source\HL_i2c.c.1.obj|[122]   |0x00000000|0|LOCL |SECT |HIDN |79    |.debug_abbrev
src\hal\source\HL_i2c.c.1.obj|[106]   |0x00000000|0|LOCL |SECT |HIDN |63    |.debug_abbrev
src\hal\source\HL_i2c.c.1.obj|[124]   |0x00000000|0|LOCL |SECT |HIDN |81    |.debug_abbrev
src\hal\source\HL_i2c.c.1.obj|[126]   |0x00000000|0|LOCL |SECT |HIDN |84    |.debug_aranges
src\hal\source\HL_i2c.c.1.obj|[125]   |0x00000000|0|LOCL |SECT |HIDN |83    |.debug_aranges
src\hal\source\HL_i2c.c.1.obj|[94]    |0x00000000|0|LOCL |SECT |HIDN |52    |.debug_frame
src\hal\source\HL_i2c.c.1.obj|[93]    |0x00000000|0|LOCL |SECT |HIDN |51    |.debug_frame
src\hal\source\HL_i2c.c.1.obj|[59]    |0x00000000|0|LOCL |SECT |HIDN |17    |.debug_info
src\hal\source\HL_i2c.c.1.obj|[60]    |0x00000000|0|LOCL |SECT |HIDN |18    |.debug_info
src\hal\source\HL_i2c.c.1.obj|[61]    |0x00000000|0|LOCL |SECT |HIDN |19    |.debug_info
src\hal\source\HL_i2c.c.1.obj|[62]    |0x00000000|0|LOCL |SECT |HIDN |20    |.debug_info
src\hal\source\HL_i2c.c.1.obj|[63]    |0x00000000|0|LOCL |SECT |HIDN |21    |.debug_info
src\hal\source\HL_i2c.c.1.obj|[64]    |0x00000000|0|LOCL |SECT |HIDN |22    |.debug_info
src\hal\source\HL_i2c.c.1.obj|[65]    |0x00000000|0|LOCL |SECT |HIDN |23    |.debug_info
src\hal\source\HL_i2c.c.1.obj|[66]    |0x00000000|0|LOCL |SECT |HIDN |24    |.debug_info
src\hal\source\HL_i2c.c.1.obj|[68]    |0x00000000|0|LOCL |SECT |HIDN |26    |.debug_info
src\hal\source\HL_i2c.c.1.obj|[69]    |0x00000000|0|LOCL |SECT |HIDN |27    |.debug_info
src\hal\source\HL_i2c.c.1.obj|[71]    |0x00000000|0|LOCL |SECT |HIDN |29    |.debug_info
src\hal\source\HL_i2c.c.1.obj|[73]    |0x00000000|0|LOCL |SECT |HIDN |31    |.debug_info
src\hal\source\HL_i2c.c.1.obj|[67]    |0x00000000|0|LOCL |SECT |HIDN |25    |.debug_info
src\hal\source\HL_i2c.c.1.obj|[72]    |0x00000000|0|LOCL |SECT |HIDN |30    |.debug_info
src\hal\source\HL_i2c.c.1.obj|[74]    |0x00000000|0|LOCL |SECT |HIDN |32    |.debug_info
src\hal\source\HL_i2c.c.1.obj|[75]    |0x00000000|0|LOCL |SECT |HIDN |33    |.debug_info
src\hal\source\HL_i2c.c.1.obj|[70]    |0x00000000|0|LOCL |SECT |HIDN |28    |.debug_info
src\hal\source\HL_i2c.c.1.obj|[76]    |0x00000000|0|LOCL |SECT |HIDN |34    |.debug_line
src\hal\source\HL_i2c.c.1.obj|[77]    |0x00000000|0|LOCL |SECT |HIDN |35    |.debug_line
src\hal\source\HL_i2c.c.1.obj|[78]    |0x00000000|0|LOCL |SECT |HIDN |36    |.debug_line
src\hal\source\HL_i2c.c.1.obj|[79]    |0x00000000|0|LOCL |SECT |HIDN |37    |.debug_line
src\hal\source\HL_i2c.c.1.obj|[80]    |0x00000000|0|LOCL |SECT |HIDN |38    |.debug_line
src\hal\source\HL_i2c.c.1.obj|[81]    |0x00000000|0|LOCL |SECT |HIDN |39    |.debug_line
src\hal\source\HL_i2c.c.1.obj|[82]    |0x00000000|0|LOCL |SECT |HIDN |40    |.debug_line
src\hal\source\HL_i2c.c.1.obj|[83]    |0x00000000|0|LOCL |SECT |HIDN |41    |.debug_line
src\hal\source\HL_i2c.c.1.obj|[84]    |0x00000000|0|LOCL |SECT |HIDN |42    |.debug_line
src\hal\source\HL_i2c.c.1.obj|[85]    |0x00000000|0|LOCL |SECT |HIDN |43    |.debug_line
src\hal\source\HL_i2c.c.1.obj|[86]    |0x00000000|0|LOCL |SECT |HIDN |44    |.debug_line
src\hal\source\HL_i2c.c.1.obj|[87]    |0x00000000|0|LOCL |SECT |HIDN |45    |.debug_line
src\hal\source\HL_i2c.c.1.obj|[88]    |0x00000000|0|LOCL |SECT |HIDN |46    |.debug_line
src\hal\source\HL_i2c.c.1.obj|[89]    |0x00000000|0|LOCL |SECT |HIDN |47    |.debug_line
src\hal\source\HL_i2c.c.1.obj|[90]    |0x00000000|0|LOCL |SECT |HIDN |48    |.debug_line
src\hal\source\HL_i2c.c.1.obj|[91]    |0x00000000|0|LOCL |SECT |HIDN |49    |.debug_line
src\hal\source\HL_i2c.c.1.obj|[92]    |0x00000000|0|LOCL |SECT |HIDN |50    |.debug_line
src\hal\source\HL_i2c.c.1.obj|[128]   |0x00000000|0|LOCL |SECT |HIDN |86    |.debug_pubnames
src\hal\source\HL_i2c.c.1.obj|[127]   |0x00000000|0|LOCL |SECT |HIDN |85    |.debug_pubnames
src\hal\source\HL_i2c.c.1.obj|[129]   |0x00000000|0|LOCL |SECT |HIDN |87    |.debug_pubnames
src\hal\source\HL_i2c.c.1.obj|[133]   |0x00000000|0|LOCL |SECT |HIDN |91    |.debug_pubtypes
src\hal\source\HL_i2c.c.1.obj|[134]   |0x00000000|0|LOCL |SECT |HIDN |92    |.debug_pubtypes
src\hal\source\HL_i2c.c.1.obj|[135]   |0x00000000|0|LOCL |SECT |HIDN |93    |.debug_pubtypes
src\hal\source\HL_i2c.c.1.obj|[140]   |0x00000000|0|LOCL |SECT |HIDN |98    |.debug_pubtypes
src\hal\source\HL_i2c.c.1.obj|[136]   |0x00000000|0|LOCL |SECT |HIDN |94    |.debug_pubtypes
src\hal\source\HL_i2c.c.1.obj|[137]   |0x00000000|0|LOCL |SECT |HIDN |95    |.debug_pubtypes
src\hal\source\HL_i2c.c.1.obj|[139]   |0x00000000|0|LOCL |SECT |HIDN |97    |.debug_pubtypes
src\hal\source\HL_i2c.c.1.obj|[130]   |0x00000000|0|LOCL |SECT |HIDN |88    |.debug_pubtypes
src\hal\source\HL_i2c.c.1.obj|[131]   |0x00000000|0|LOCL |SECT |HIDN |89    |.debug_pubtypes
src\hal\source\HL_i2c.c.1.obj|[138]   |0x00000000|0|LOCL |SECT |HIDN |96    |.debug_pubtypes
src\hal\source\HL_i2c.c.1.obj|[132]   |0x00000000|0|LOCL |SECT |HIDN |90    |.debug_pubtypes
src\hal\source\HL_i2c.c.1.obj|[141]   |0x00000000|0|LOCL |SECT |HIDN |99    |.debug_pubtypes
src\hal\source\HL_i2c.c.1.obj|[142]   |0x00000000|0|LOCL |SECT |HIDN |100   |.debug_pubtypes
src\hal\source\HL_i2c.c.1.obj|[113]   |0x00000000|0|LOCL |SECT |HIDN |72    |.debug_str
src\hal\source\HL_i2c.c.1.obj|[115]   |0x00000000|0|LOCL |SECT |HIDN |74    |.debug_str
src\hal\source\HL_i2c.c.1.obj|[117]   |0x00000000|0|LOCL |SECT |HIDN |76    |.debug_str
src\hal\source\HL_i2c.c.1.obj|[119]   |0x00000000|0|LOCL |SECT |HIDN |78    |.debug_str
src\hal\source\HL_i2c.c.1.obj|[105]   |0x00000000|0|LOCL |SECT |HIDN |64    |.debug_str
src\hal\source\HL_i2c.c.1.obj|[121]   |0x00000000|0|LOCL |SECT |HIDN |80    |.debug_str
src\hal\source\HL_i2c.c.1.obj|[123]   |0x00000000|0|LOCL |SECT |HIDN |82    |.debug_str
src\hal\source\HL_i2c.c.1.obj|[107]   |0x00000000|0|LOCL |SECT |HIDN |66    |.debug_str
src\hal\source\HL_i2c.c.1.obj|[99]    |0x00000000|0|LOCL |SECT |HIDN |58    |.debug_str
src\hal\source\HL_i2c.c.1.obj|[109]   |0x00000000|0|LOCL |SECT |HIDN |68    |.debug_str
src\hal\source\HL_i2c.c.1.obj|[103]   |0x00000000|0|LOCL |SECT |HIDN |62    |.debug_str
src\hal\source\HL_i2c.c.1.obj|[111]   |0x00000000|0|LOCL |SECT |HIDN |70    |.debug_str
src\hal\source\HL_i2c.c.1.obj|[101]   |0x00000000|0|LOCL |SECT |HIDN |60    |.debug_str
src\hal\source\HL_i2c.c.1.obj|[27]    |0x00000000|0|LOCL |SECT |HIDN |14    |.text
src\hal\source\HL_i2c.c.1.obj|[29]    |0x00000000|0|LOCL |SECT |HIDN |16    |.text:retain
src\hal\source\HL_i2c.c.1.obj|[143]   |0x00000000|0|WEAK |FUNC |HIDN |UNDEF |Lib$$Request$$armlib
src\hal\source\HL_i2c.c.1.obj|[144]   |0x00000000|0|WEAK |FUNC |HIDN |UNDEF |Lib$$Request$$cpplib
src\hal\source\HL_i2c.c.1.obj|[174]   |0x00000000|0|GLOB |NONE |HIDN |23    |__TI_DW.debug_info.$base_types.a3001db55c69772f4e2efd565078122a
src\hal\source\HL_i2c.c.1.obj|[173]   |0x00000000|0|GLOB |NONE |HIDN |22    |__TI_DW.debug_info.HL_hal_stdtypes.h.f6fe50beccb00e10c974b1712ae0460c
src\hal\source\HL_i2c.c.1.obj|[180]   |0x00000000|0|GLOB |NONE |HIDN |29    |__TI_DW.debug_info.HL_i2c.c.aa64cd2f7e174a5b3c02474ed339d620
src\hal\source\HL_i2c.c.1.obj|[183]   |0x00000000|0|GLOB |NONE |HIDN |32    |__TI_DW.debug_info.HL_i2c.h.2ca32065687164efa911462f6cc8eaf7
src\hal\source\HL_i2c.c.1.obj|[181]   |0x00000000|0|GLOB |NONE |HIDN |30    |__TI_DW.debug_info.HL_reg_gio.h.14fbe21c444fd77e90046c712f40e220
src\hal\source\HL_i2c.c.1.obj|[182]   |0x00000000|0|GLOB |NONE |HIDN |31    |__TI_DW.debug_info.HL_reg_i2c.h.699c2071062f8e984efd59fdbb3c43a4
src\hal\source\HL_i2c.c.1.obj|[184]   |0x00000000|0|GLOB |NONE |HIDN |33    |__TI_DW.debug_info.HL_reg_vim.h.d860fe5f18ea68a228b5309189148bc1
src\hal\source\HL_i2c.c.1.obj|[179]   |0x00000000|0|GLOB |NONE |HIDN |28    |__TI_DW.debug_info.HL_sys_common.h.e8daada136d191dca44e4b47f4729313
src\hal\source\HL_i2c.c.1.obj|[175]   |0x00000000|0|GLOB |NONE |HIDN |24    |__TI_DW.debug_info.HL_sys_vim.h.bc34994e235d47a6d5290aaf78ab20cf
src\hal\source\HL_i2c.c.1.obj|[178]   |0x00000000|0|GLOB |NONE |HIDN |27    |__TI_DW.debug_info._stdint.h.55dc0724062de24f6648c36a36931c9a
src\hal\source\HL_i2c.c.1.obj|[172]   |0x00000000|0|GLOB |NONE |HIDN |21    |__TI_DW.debug_info._types.h.59562a94a523b27bdcf6ba60164276f0
src\hal\source\HL_i2c.c.1.obj|[176]   |0x00000000|0|GLOB |NONE |HIDN |25    |__TI_DW.debug_info._types.h.62a9317002fb36f2a0c7d45aa6f41cd3
src\hal\source\HL_i2c.c.1.obj|[177]   |0x00000000|0|GLOB |NONE |HIDN |26    |__TI_DW.debug_info.stdint.h.ad4b679dbce029afdbcc9a8c662c70ff
src\hal\source\HL_i2c.c.1.obj|[2]     |0x00000000|24|LOCL |OBJT |HIDN |15    |g_i2cTransfer_t
src\hal\source\HL_i2c.c.1.obj|[163]   |0x00000354|228|GLOB |FUNC |HIDN |14    |i2c1GetConfigValue
src\hal\source\HL_i2c.c.1.obj|[165]   |0x00000348|12|GLOB |FUNC |HIDN |14    |i2cClearSCD
src\hal\source\HL_i2c.c.1.obj|[152]   |0x00000338|16|GLOB |FUNC |HIDN |14    |i2cDisableLoopback
src\hal\source\HL_i2c.c.1.obj|[150]   |0x000002f0|72|GLOB |FUNC |HIDN |14    |i2cDisableNotification
src\hal\source\HL_i2c.c.1.obj|[159]   |0x000002e0|16|GLOB |FUNC |HIDN |14    |i2cEnableLoopback
src\hal\source\HL_i2c.c.1.obj|[170]   |0x000002ac|52|GLOB |FUNC |HIDN |14    |i2cEnableNotification
src\hal\source\HL_i2c.c.1.obj|[147]   |0x00000228|132|GLOB |FUNC |HIDN |14    |i2cInit
src\hal\source\HL_i2c.c.1.obj|[166]   |0x00000000|316|GLOB |FUNC |HIDN |16    |i2cInterrupt
src\hal\source\HL_i2c.c.1.obj|[157]   |0x00000214|20|GLOB |FUNC |HIDN |14    |i2cIsBusBusy
src\hal\source\HL_i2c.c.1.obj|[151]   |0x00000200|20|GLOB |FUNC |HIDN |14    |i2cIsMasterReady
src\hal\source\HL_i2c.c.1.obj|[156]   |0x000001f4|12|GLOB |FUNC |HIDN |14    |i2cIsRxReady
src\hal\source\HL_i2c.c.1.obj|[149]   |0x000001e8|12|GLOB |FUNC |HIDN |14    |i2cIsStopDetected
src\hal\source\HL_i2c.c.1.obj|[167]   |0x000001dc|12|GLOB |FUNC |HIDN |14    |i2cIsTxReady
src\hal\source\HL_i2c.c.1.obj|[169]   |0x00000000|0|GLOB |NONE |HIDN |UNDEF |i2cNotification
src\hal\source\HL_i2c.c.1.obj|[154]   |0x00000178|100|GLOB |FUNC |HIDN |14    |i2cReceive
src\hal\source\HL_i2c.c.1.obj|[168]   |0x00000160|24|GLOB |FUNC |HIDN |14    |i2cReceiveByte
src\hal\source\HL_i2c.c.1.obj|[155]   |0x00000148|24|GLOB |FUNC |HIDN |14    |i2cRxError
src\hal\source\HL_i2c.c.1.obj|[162]   |0x000000b8|144|GLOB |FUNC |HIDN |14    |i2cSend
src\hal\source\HL_i2c.c.1.obj|[158]   |0x000000a4|20|GLOB |FUNC |HIDN |14    |i2cSendByte
src\hal\source\HL_i2c.c.1.obj|[160]   |0x00000068|60|GLOB |FUNC |HIDN |14    |i2cSetBaudrate
src\hal\source\HL_i2c.c.1.obj|[145]   |0x00000060|8|GLOB |FUNC |HIDN |14    |i2cSetCount
src\hal\source\HL_i2c.c.1.obj|[148]   |0x00000044|28|GLOB |FUNC |HIDN |14    |i2cSetDirection
src\hal\source\HL_i2c.c.1.obj|[146]   |0x00000030|20|GLOB |FUNC |HIDN |14    |i2cSetMode
src\hal\source\HL_i2c.c.1.obj|[171]   |0x00000028|8|GLOB |FUNC |HIDN |14    |i2cSetOwnAdd
src\hal\source\HL_i2c.c.1.obj|[153]   |0x00000020|8|GLOB |FUNC |HIDN |14    |i2cSetSlaveAdd
src\hal\source\HL_i2c.c.1.obj|[161]   |0x00000010|16|GLOB |FUNC |HIDN |14    |i2cSetStart
src\hal\source\HL_i2c.c.1.obj|[164]   |0x00000000|16|GLOB |FUNC |HIDN |14    |i2cSetStop
src\hal\source\HL_i2c.c.1.obj|[1]     |0x00000000|0|LOCL |FILE |HIDN |ABS   |{694C2D42-1C57-4E16-BA42-90D099C91C9A}
