
file            [index]  value      size  bind  type  vis   shndx  symbol name 

src\hal\source\HL_sci.c.1.obj|[0]     |0x00000000|0|LOCL |NONE |DFLT |UNDEF |
src\hal\source\HL_sci.c.1.obj|[23]    |0x00000648|0|LOCL |FUNC |HIDN |33    |$C$CON1
src\hal\source\HL_sci.c.1.obj|[24]    |0x0000064c|0|LOCL |FUNC |HIDN |33    |$C$CON2
src\hal\source\HL_sci.c.1.obj|[25]    |0x00000650|0|LOCL |FUNC |HIDN |33    |$C$CON3
src\hal\source\HL_sci.c.1.obj|[26]    |0x00000654|0|LOCL |FUNC |HIDN |33    |$C$CON4
src\hal\source\HL_sci.c.1.obj|[27]    |0x00000658|0|LOCL |FUNC |HIDN |33    |$C$CON5
src\hal\source\HL_sci.c.1.obj|[28]    |0x0000065c|0|LOCL |FUNC |HIDN |33    |$C$CON6
src\hal\source\HL_sci.c.1.obj|[29]    |0x00000660|0|LOCL |FUNC |HIDN |33    |$C$CON7
src\hal\source\HL_sci.c.1.obj|[30]    |0x00000664|0|LOCL |FUNC |HIDN |33    |$C$CON8
src\hal\source\HL_sci.c.1.obj|[13]    |0x00000430|0|LOCL |FUNC |HIDN |33    |$C$FL1
src\hal\source\HL_sci.c.1.obj|[3]     |0x00000060|0|LOCL |FUNC |HIDN |33    |$C$L1
src\hal\source\HL_sci.c.1.obj|[12]    |0x000003f0|0|LOCL |FUNC |HIDN |33    |$C$L10
src\hal\source\HL_sci.c.1.obj|[14]    |0x00000488|0|LOCL |FUNC |HIDN |33    |$C$L11
src\hal\source\HL_sci.c.1.obj|[15]    |0x000004e0|0|LOCL |FUNC |HIDN |33    |$C$L12
src\hal\source\HL_sci.c.1.obj|[16]    |0x00000538|0|LOCL |FUNC |HIDN |33    |$C$L13
src\hal\source\HL_sci.c.1.obj|[17]    |0x00000590|0|LOCL |FUNC |HIDN |33    |$C$L14
src\hal\source\HL_sci.c.1.obj|[18]    |0x000005e8|0|LOCL |FUNC |HIDN |33    |$C$L15
src\hal\source\HL_sci.c.1.obj|[19]    |0x00000640|0|LOCL |FUNC |HIDN |33    |$C$L16
src\hal\source\HL_sci.c.1.obj|[20]    |0x00000054|0|LOCL |FUNC |HIDN |50    |$C$L17
src\hal\source\HL_sci.c.1.obj|[21]    |0x00000028|0|LOCL |FUNC |HIDN |51    |$C$L18
src\hal\source\HL_sci.c.1.obj|[22]    |0x00000054|0|LOCL |FUNC |HIDN |52    |$C$L19
src\hal\source\HL_sci.c.1.obj|[4]     |0x000000a8|0|LOCL |FUNC |HIDN |33    |$C$L2
src\hal\source\HL_sci.c.1.obj|[5]     |0x000000d0|0|LOCL |FUNC |HIDN |33    |$C$L3
src\hal\source\HL_sci.c.1.obj|[6]     |0x000000f0|0|LOCL |FUNC |HIDN |33    |$C$L4
src\hal\source\HL_sci.c.1.obj|[7]     |0x00000130|0|LOCL |FUNC |HIDN |33    |$C$L5
src\hal\source\HL_sci.c.1.obj|[8]     |0x00000164|0|LOCL |FUNC |HIDN |33    |$C$L6
src\hal\source\HL_sci.c.1.obj|[9]     |0x00000184|0|LOCL |FUNC |HIDN |33    |$C$L7
src\hal\source\HL_sci.c.1.obj|[10]    |0x000001b0|0|LOCL |FUNC |HIDN |33    |$C$L8
src\hal\source\HL_sci.c.1.obj|[11]    |0x00000378|0|LOCL |FUNC |HIDN |33    |$C$L9
src\hal\source\HL_sci.c.1.obj|[31]    |0x0000004c|0|LOCL |FUNC |HIDN |38    |$C$LL1
src\hal\source\HL_sci.c.1.obj|[40]    |0x000000c0|0|LOCL |FUNC |HIDN |52    |$C$LL10
src\hal\source\HL_sci.c.1.obj|[32]    |0x0000004c|0|LOCL |FUNC |HIDN |40    |$C$LL2
src\hal\source\HL_sci.c.1.obj|[33]    |0x0000005c|0|LOCL |FUNC |HIDN |41    |$C$LL3
src\hal\source\HL_sci.c.1.obj|[34]    |0x0000005c|0|LOCL |FUNC |HIDN |43    |$C$LL4
src\hal\source\HL_sci.c.1.obj|[35]    |0x0000005c|0|LOCL |FUNC |HIDN |44    |$C$LL5
src\hal\source\HL_sci.c.1.obj|[36]    |0x0000005c|0|LOCL |FUNC |HIDN |46    |$C$LL6
src\hal\source\HL_sci.c.1.obj|[37]    |0x000000b8|0|LOCL |FUNC |HIDN |50    |$C$LL7
src\hal\source\HL_sci.c.1.obj|[38]    |0x000000c0|0|LOCL |FUNC |HIDN |50    |$C$LL8
src\hal\source\HL_sci.c.1.obj|[39]    |0x000000b8|0|LOCL |FUNC |HIDN |52    |$C$LL9
src\hal\source\HL_sci.c.1.obj|[116]   |0x00000000|0|LOCL |NONE |HIDN |51    |$a
src\hal\source\HL_sci.c.1.obj|[117]   |0x00000000|0|LOCL |NONE |HIDN |52    |$a
src\hal\source\HL_sci.c.1.obj|[79]    |0x00000000|0|LOCL |NONE |HIDN |33    |$a
src\hal\source\HL_sci.c.1.obj|[100]   |0x00000000|0|LOCL |NONE |HIDN |35    |$a
src\hal\source\HL_sci.c.1.obj|[81]    |0x00000060|0|LOCL |NONE |HIDN |33    |$a
src\hal\source\HL_sci.c.1.obj|[82]    |0x00000074|0|LOCL |NONE |HIDN |33    |$a
src\hal\source\HL_sci.c.1.obj|[83]    |0x00000118|0|LOCL |NONE |HIDN |33    |$a
src\hal\source\HL_sci.c.1.obj|[92]    |0x00000348|0|LOCL |NONE |HIDN |33    |$a
src\hal\source\HL_sci.c.1.obj|[84]    |0x00000130|0|LOCL |NONE |HIDN |33    |$a
src\hal\source\HL_sci.c.1.obj|[85]    |0x00000148|0|LOCL |NONE |HIDN |33    |$a
src\hal\source\HL_sci.c.1.obj|[86]    |0x000001d4|0|LOCL |NONE |HIDN |33    |$a
src\hal\source\HL_sci.c.1.obj|[87]    |0x000001e0|0|LOCL |NONE |HIDN |33    |$a
src\hal\source\HL_sci.c.1.obj|[88]    |0x000001ec|0|LOCL |NONE |HIDN |33    |$a
src\hal\source\HL_sci.c.1.obj|[89]    |0x000001f8|0|LOCL |NONE |HIDN |33    |$a
src\hal\source\HL_sci.c.1.obj|[90]    |0x00000328|0|LOCL |NONE |HIDN |33    |$a
src\hal\source\HL_sci.c.1.obj|[91]    |0x00000338|0|LOCL |NONE |HIDN |33    |$a
src\hal\source\HL_sci.c.1.obj|[93]    |0x000003a4|0|LOCL |NONE |HIDN |33    |$a
src\hal\source\HL_sci.c.1.obj|[94]    |0x000003bc|0|LOCL |NONE |HIDN |33    |$a
src\hal\source\HL_sci.c.1.obj|[95]    |0x00000424|0|LOCL |NONE |HIDN |33    |$a
src\hal\source\HL_sci.c.1.obj|[97]    |0x00000438|0|LOCL |NONE |HIDN |33    |$a
src\hal\source\HL_sci.c.1.obj|[98]    |0x000004e8|0|LOCL |NONE |HIDN |33    |$a
src\hal\source\HL_sci.c.1.obj|[80]    |0x00000008|0|LOCL |NONE |HIDN |33    |$a
src\hal\source\HL_sci.c.1.obj|[99]    |0x00000598|0|LOCL |NONE |HIDN |33    |$a
src\hal\source\HL_sci.c.1.obj|[101]   |0x00000000|0|LOCL |NONE |HIDN |36    |$a
src\hal\source\HL_sci.c.1.obj|[102]   |0x00000000|0|LOCL |NONE |HIDN |37    |$a
src\hal\source\HL_sci.c.1.obj|[103]   |0x00000000|0|LOCL |NONE |HIDN |38    |$a
src\hal\source\HL_sci.c.1.obj|[104]   |0x00000000|0|LOCL |NONE |HIDN |39    |$a
src\hal\source\HL_sci.c.1.obj|[105]   |0x00000000|0|LOCL |NONE |HIDN |40    |$a
src\hal\source\HL_sci.c.1.obj|[106]   |0x00000000|0|LOCL |NONE |HIDN |41    |$a
src\hal\source\HL_sci.c.1.obj|[107]   |0x00000000|0|LOCL |NONE |HIDN |42    |$a
src\hal\source\HL_sci.c.1.obj|[108]   |0x00000000|0|LOCL |NONE |HIDN |43    |$a
src\hal\source\HL_sci.c.1.obj|[109]   |0x00000000|0|LOCL |NONE |HIDN |44    |$a
src\hal\source\HL_sci.c.1.obj|[110]   |0x00000000|0|LOCL |NONE |HIDN |45    |$a
src\hal\source\HL_sci.c.1.obj|[111]   |0x00000000|0|LOCL |NONE |HIDN |46    |$a
src\hal\source\HL_sci.c.1.obj|[112]   |0x00000000|0|LOCL |NONE |HIDN |47    |$a
src\hal\source\HL_sci.c.1.obj|[113]   |0x00000000|0|LOCL |NONE |HIDN |48    |$a
src\hal\source\HL_sci.c.1.obj|[114]   |0x00000000|0|LOCL |NONE |HIDN |49    |$a
src\hal\source\HL_sci.c.1.obj|[115]   |0x00000000|0|LOCL |NONE |HIDN |50    |$a
src\hal\source\HL_sci.c.1.obj|[96]    |0x00000430|0|LOCL |NONE |HIDN |33    |$d
src\hal\source\HL_sci.c.1.obj|[118]   |0x00000648|0|LOCL |NONE |HIDN |33    |$d
src\hal\source\HL_sci.c.1.obj|[119]   |0x0000004c|0|LOCL |NONE |HIDN |38    |$d
src\hal\source\HL_sci.c.1.obj|[120]   |0x0000004c|0|LOCL |NONE |HIDN |40    |$d
src\hal\source\HL_sci.c.1.obj|[121]   |0x0000005c|0|LOCL |NONE |HIDN |41    |$d
src\hal\source\HL_sci.c.1.obj|[122]   |0x0000005c|0|LOCL |NONE |HIDN |43    |$d
src\hal\source\HL_sci.c.1.obj|[123]   |0x0000005c|0|LOCL |NONE |HIDN |44    |$d
src\hal\source\HL_sci.c.1.obj|[124]   |0x0000005c|0|LOCL |NONE |HIDN |46    |$d
src\hal\source\HL_sci.c.1.obj|[125]   |0x000000b8|0|LOCL |NONE |HIDN |50    |$d
src\hal\source\HL_sci.c.1.obj|[126]   |0x000000b8|0|LOCL |NONE |HIDN |52    |$d
src\hal\source\HL_sci.c.1.obj|[42]    |0x00000000|0|LOCL |SECT |HIDN |34    |.bss:g_sciTransfer_t
src\hal\source\HL_sci.c.1.obj|[227]   |0x00000000|0|LOCL |SECT |HIDN |153   |.debug_abbrev
src\hal\source\HL_sci.c.1.obj|[264]   |0x00000000|0|LOCL |SECT |HIDN |189   |.debug_abbrev
src\hal\source\HL_sci.c.1.obj|[262]   |0x00000000|0|LOCL |SECT |HIDN |187   |.debug_abbrev
src\hal\source\HL_sci.c.1.obj|[260]   |0x00000000|0|LOCL |SECT |HIDN |185   |.debug_abbrev
src\hal\source\HL_sci.c.1.obj|[258]   |0x00000000|0|LOCL |SECT |HIDN |183   |.debug_abbrev
src\hal\source\HL_sci.c.1.obj|[256]   |0x00000000|0|LOCL |SECT |HIDN |181   |.debug_abbrev
src\hal\source\HL_sci.c.1.obj|[254]   |0x00000000|0|LOCL |SECT |HIDN |179   |.debug_abbrev
src\hal\source\HL_sci.c.1.obj|[252]   |0x00000000|0|LOCL |SECT |HIDN |177   |.debug_abbrev
src\hal\source\HL_sci.c.1.obj|[250]   |0x00000000|0|LOCL |SECT |HIDN |175   |.debug_abbrev
src\hal\source\HL_sci.c.1.obj|[248]   |0x00000000|0|LOCL |SECT |HIDN |173   |.debug_abbrev
src\hal\source\HL_sci.c.1.obj|[242]   |0x00000000|0|LOCL |SECT |HIDN |167   |.debug_abbrev
src\hal\source\HL_sci.c.1.obj|[240]   |0x00000000|0|LOCL |SECT |HIDN |165   |.debug_abbrev
src\hal\source\HL_sci.c.1.obj|[238]   |0x00000000|0|LOCL |SECT |HIDN |163   |.debug_abbrev
src\hal\source\HL_sci.c.1.obj|[236]   |0x00000000|0|LOCL |SECT |HIDN |162   |.debug_abbrev
src\hal\source\HL_sci.c.1.obj|[235]   |0x00000000|0|LOCL |SECT |HIDN |161   |.debug_abbrev
src\hal\source\HL_sci.c.1.obj|[234]   |0x00000000|0|LOCL |SECT |HIDN |160   |.debug_abbrev
src\hal\source\HL_sci.c.1.obj|[233]   |0x00000000|0|LOCL |SECT |HIDN |159   |.debug_abbrev
src\hal\source\HL_sci.c.1.obj|[231]   |0x00000000|0|LOCL |SECT |HIDN |157   |.debug_abbrev
src\hal\source\HL_sci.c.1.obj|[230]   |0x00000000|0|LOCL |SECT |HIDN |156   |.debug_abbrev
src\hal\source\HL_sci.c.1.obj|[229]   |0x00000000|0|LOCL |SECT |HIDN |155   |.debug_abbrev
src\hal\source\HL_sci.c.1.obj|[228]   |0x00000000|0|LOCL |SECT |HIDN |154   |.debug_abbrev
src\hal\source\HL_sci.c.1.obj|[244]   |0x00000000|0|LOCL |SECT |HIDN |169   |.debug_abbrev
src\hal\source\HL_sci.c.1.obj|[226]   |0x00000000|0|LOCL |SECT |HIDN |152   |.debug_abbrev
src\hal\source\HL_sci.c.1.obj|[225]   |0x00000000|0|LOCL |SECT |HIDN |151   |.debug_abbrev
src\hal\source\HL_sci.c.1.obj|[224]   |0x00000000|0|LOCL |SECT |HIDN |150   |.debug_abbrev
src\hal\source\HL_sci.c.1.obj|[223]   |0x00000000|0|LOCL |SECT |HIDN |149   |.debug_abbrev
src\hal\source\HL_sci.c.1.obj|[222]   |0x00000000|0|LOCL |SECT |HIDN |148   |.debug_abbrev
src\hal\source\HL_sci.c.1.obj|[246]   |0x00000000|0|LOCL |SECT |HIDN |171   |.debug_abbrev
src\hal\source\HL_sci.c.1.obj|[221]   |0x00000000|0|LOCL |SECT |HIDN |147   |.debug_abbrev
src\hal\source\HL_sci.c.1.obj|[220]   |0x00000000|0|LOCL |SECT |HIDN |146   |.debug_abbrev
src\hal\source\HL_sci.c.1.obj|[219]   |0x00000000|0|LOCL |SECT |HIDN |145   |.debug_abbrev
src\hal\source\HL_sci.c.1.obj|[218]   |0x00000000|0|LOCL |SECT |HIDN |144   |.debug_abbrev
src\hal\source\HL_sci.c.1.obj|[232]   |0x00000000|0|LOCL |SECT |HIDN |158   |.debug_abbrev
src\hal\source\HL_sci.c.1.obj|[217]   |0x00000000|0|LOCL |SECT |HIDN |143   |.debug_abbrev
src\hal\source\HL_sci.c.1.obj|[216]   |0x00000000|0|LOCL |SECT |HIDN |142   |.debug_abbrev
src\hal\source\HL_sci.c.1.obj|[270]   |0x00000000|0|LOCL |SECT |HIDN |196   |.debug_aranges
src\hal\source\HL_sci.c.1.obj|[269]   |0x00000000|0|LOCL |SECT |HIDN |195   |.debug_aranges
src\hal\source\HL_sci.c.1.obj|[268]   |0x00000000|0|LOCL |SECT |HIDN |194   |.debug_aranges
src\hal\source\HL_sci.c.1.obj|[267]   |0x00000000|0|LOCL |SECT |HIDN |193   |.debug_aranges
src\hal\source\HL_sci.c.1.obj|[266]   |0x00000000|0|LOCL |SECT |HIDN |192   |.debug_aranges
src\hal\source\HL_sci.c.1.obj|[265]   |0x00000000|0|LOCL |SECT |HIDN |191   |.debug_aranges
src\hal\source\HL_sci.c.1.obj|[274]   |0x00000000|0|LOCL |SECT |HIDN |200   |.debug_aranges
src\hal\source\HL_sci.c.1.obj|[273]   |0x00000000|0|LOCL |SECT |HIDN |199   |.debug_aranges
src\hal\source\HL_sci.c.1.obj|[272]   |0x00000000|0|LOCL |SECT |HIDN |198   |.debug_aranges
src\hal\source\HL_sci.c.1.obj|[271]   |0x00000000|0|LOCL |SECT |HIDN |197   |.debug_aranges
src\hal\source\HL_sci.c.1.obj|[283]   |0x00000000|0|LOCL |SECT |HIDN |209   |.debug_aranges
src\hal\source\HL_sci.c.1.obj|[275]   |0x00000000|0|LOCL |SECT |HIDN |201   |.debug_aranges
src\hal\source\HL_sci.c.1.obj|[276]   |0x00000000|0|LOCL |SECT |HIDN |202   |.debug_aranges
src\hal\source\HL_sci.c.1.obj|[277]   |0x00000000|0|LOCL |SECT |HIDN |203   |.debug_aranges
src\hal\source\HL_sci.c.1.obj|[278]   |0x00000000|0|LOCL |SECT |HIDN |204   |.debug_aranges
src\hal\source\HL_sci.c.1.obj|[279]   |0x00000000|0|LOCL |SECT |HIDN |205   |.debug_aranges
src\hal\source\HL_sci.c.1.obj|[280]   |0x00000000|0|LOCL |SECT |HIDN |206   |.debug_aranges
src\hal\source\HL_sci.c.1.obj|[281]   |0x00000000|0|LOCL |SECT |HIDN |207   |.debug_aranges
src\hal\source\HL_sci.c.1.obj|[282]   |0x00000000|0|LOCL |SECT |HIDN |208   |.debug_aranges
src\hal\source\HL_sci.c.1.obj|[201]   |0x00000000|0|LOCL |SECT |HIDN |127   |.debug_frame
src\hal\source\HL_sci.c.1.obj|[215]   |0x00000000|0|LOCL |SECT |HIDN |141   |.debug_frame
src\hal\source\HL_sci.c.1.obj|[214]   |0x00000000|0|LOCL |SECT |HIDN |140   |.debug_frame
src\hal\source\HL_sci.c.1.obj|[213]   |0x00000000|0|LOCL |SECT |HIDN |139   |.debug_frame
src\hal\source\HL_sci.c.1.obj|[212]   |0x00000000|0|LOCL |SECT |HIDN |138   |.debug_frame
src\hal\source\HL_sci.c.1.obj|[211]   |0x00000000|0|LOCL |SECT |HIDN |137   |.debug_frame
src\hal\source\HL_sci.c.1.obj|[210]   |0x00000000|0|LOCL |SECT |HIDN |136   |.debug_frame
src\hal\source\HL_sci.c.1.obj|[209]   |0x00000000|0|LOCL |SECT |HIDN |135   |.debug_frame
src\hal\source\HL_sci.c.1.obj|[200]   |0x00000000|0|LOCL |SECT |HIDN |126   |.debug_frame
src\hal\source\HL_sci.c.1.obj|[207]   |0x00000000|0|LOCL |SECT |HIDN |133   |.debug_frame
src\hal\source\HL_sci.c.1.obj|[199]   |0x00000000|0|LOCL |SECT |HIDN |125   |.debug_frame
src\hal\source\HL_sci.c.1.obj|[198]   |0x00000000|0|LOCL |SECT |HIDN |124   |.debug_frame
src\hal\source\HL_sci.c.1.obj|[197]   |0x00000000|0|LOCL |SECT |HIDN |123   |.debug_frame
src\hal\source\HL_sci.c.1.obj|[206]   |0x00000000|0|LOCL |SECT |HIDN |132   |.debug_frame
src\hal\source\HL_sci.c.1.obj|[205]   |0x00000000|0|LOCL |SECT |HIDN |131   |.debug_frame
src\hal\source\HL_sci.c.1.obj|[204]   |0x00000000|0|LOCL |SECT |HIDN |130   |.debug_frame
src\hal\source\HL_sci.c.1.obj|[203]   |0x00000000|0|LOCL |SECT |HIDN |129   |.debug_frame
src\hal\source\HL_sci.c.1.obj|[202]   |0x00000000|0|LOCL |SECT |HIDN |128   |.debug_frame
src\hal\source\HL_sci.c.1.obj|[208]   |0x00000000|0|LOCL |SECT |HIDN |134   |.debug_frame
src\hal\source\HL_sci.c.1.obj|[136]   |0x00000000|0|LOCL |SECT |HIDN |62    |.debug_info
src\hal\source\HL_sci.c.1.obj|[137]   |0x00000000|0|LOCL |SECT |HIDN |63    |.debug_info
src\hal\source\HL_sci.c.1.obj|[138]   |0x00000000|0|LOCL |SECT |HIDN |64    |.debug_info
src\hal\source\HL_sci.c.1.obj|[139]   |0x00000000|0|LOCL |SECT |HIDN |65    |.debug_info
src\hal\source\HL_sci.c.1.obj|[141]   |0x00000000|0|LOCL |SECT |HIDN |67    |.debug_info
src\hal\source\HL_sci.c.1.obj|[142]   |0x00000000|0|LOCL |SECT |HIDN |68    |.debug_info
src\hal\source\HL_sci.c.1.obj|[143]   |0x00000000|0|LOCL |SECT |HIDN |69    |.debug_info
src\hal\source\HL_sci.c.1.obj|[144]   |0x00000000|0|LOCL |SECT |HIDN |70    |.debug_info
src\hal\source\HL_sci.c.1.obj|[145]   |0x00000000|0|LOCL |SECT |HIDN |71    |.debug_info
src\hal\source\HL_sci.c.1.obj|[146]   |0x00000000|0|LOCL |SECT |HIDN |72    |.debug_info
src\hal\source\HL_sci.c.1.obj|[147]   |0x00000000|0|LOCL |SECT |HIDN |73    |.debug_info
src\hal\source\HL_sci.c.1.obj|[148]   |0x00000000|0|LOCL |SECT |HIDN |74    |.debug_info
src\hal\source\HL_sci.c.1.obj|[149]   |0x00000000|0|LOCL |SECT |HIDN |75    |.debug_info
src\hal\source\HL_sci.c.1.obj|[150]   |0x00000000|0|LOCL |SECT |HIDN |76    |.debug_info
src\hal\source\HL_sci.c.1.obj|[151]   |0x00000000|0|LOCL |SECT |HIDN |77    |.debug_info
src\hal\source\HL_sci.c.1.obj|[152]   |0x00000000|0|LOCL |SECT |HIDN |78    |.debug_info
src\hal\source\HL_sci.c.1.obj|[153]   |0x00000000|0|LOCL |SECT |HIDN |79    |.debug_info
src\hal\source\HL_sci.c.1.obj|[154]   |0x00000000|0|LOCL |SECT |HIDN |80    |.debug_info
src\hal\source\HL_sci.c.1.obj|[155]   |0x00000000|0|LOCL |SECT |HIDN |81    |.debug_info
src\hal\source\HL_sci.c.1.obj|[156]   |0x00000000|0|LOCL |SECT |HIDN |82    |.debug_info
src\hal\source\HL_sci.c.1.obj|[157]   |0x00000000|0|LOCL |SECT |HIDN |83    |.debug_info
src\hal\source\HL_sci.c.1.obj|[158]   |0x00000000|0|LOCL |SECT |HIDN |84    |.debug_info
src\hal\source\HL_sci.c.1.obj|[159]   |0x00000000|0|LOCL |SECT |HIDN |85    |.debug_info
src\hal\source\HL_sci.c.1.obj|[160]   |0x00000000|0|LOCL |SECT |HIDN |86    |.debug_info
src\hal\source\HL_sci.c.1.obj|[161]   |0x00000000|0|LOCL |SECT |HIDN |87    |.debug_info
src\hal\source\HL_sci.c.1.obj|[140]   |0x00000000|0|LOCL |SECT |HIDN |66    |.debug_info
src\hal\source\HL_sci.c.1.obj|[127]   |0x00000000|0|LOCL |SECT |HIDN |53    |.debug_info
src\hal\source\HL_sci.c.1.obj|[128]   |0x00000000|0|LOCL |SECT |HIDN |54    |.debug_info
src\hal\source\HL_sci.c.1.obj|[129]   |0x00000000|0|LOCL |SECT |HIDN |55    |.debug_info
src\hal\source\HL_sci.c.1.obj|[130]   |0x00000000|0|LOCL |SECT |HIDN |56    |.debug_info
src\hal\source\HL_sci.c.1.obj|[131]   |0x00000000|0|LOCL |SECT |HIDN |57    |.debug_info
src\hal\source\HL_sci.c.1.obj|[132]   |0x00000000|0|LOCL |SECT |HIDN |58    |.debug_info
src\hal\source\HL_sci.c.1.obj|[133]   |0x00000000|0|LOCL |SECT |HIDN |59    |.debug_info
src\hal\source\HL_sci.c.1.obj|[134]   |0x00000000|0|LOCL |SECT |HIDN |60    |.debug_info
src\hal\source\HL_sci.c.1.obj|[135]   |0x00000000|0|LOCL |SECT |HIDN |61    |.debug_info
src\hal\source\HL_sci.c.1.obj|[196]   |0x00000000|0|LOCL |SECT |HIDN |122   |.debug_line
src\hal\source\HL_sci.c.1.obj|[185]   |0x00000000|0|LOCL |SECT |HIDN |111   |.debug_line
src\hal\source\HL_sci.c.1.obj|[184]   |0x00000000|0|LOCL |SECT |HIDN |110   |.debug_line
src\hal\source\HL_sci.c.1.obj|[183]   |0x00000000|0|LOCL |SECT |HIDN |109   |.debug_line
src\hal\source\HL_sci.c.1.obj|[182]   |0x00000000|0|LOCL |SECT |HIDN |108   |.debug_line
src\hal\source\HL_sci.c.1.obj|[181]   |0x00000000|0|LOCL |SECT |HIDN |107   |.debug_line
src\hal\source\HL_sci.c.1.obj|[180]   |0x00000000|0|LOCL |SECT |HIDN |106   |.debug_line
src\hal\source\HL_sci.c.1.obj|[179]   |0x00000000|0|LOCL |SECT |HIDN |105   |.debug_line
src\hal\source\HL_sci.c.1.obj|[178]   |0x00000000|0|LOCL |SECT |HIDN |104   |.debug_line
src\hal\source\HL_sci.c.1.obj|[177]   |0x00000000|0|LOCL |SECT |HIDN |103   |.debug_line
src\hal\source\HL_sci.c.1.obj|[176]   |0x00000000|0|LOCL |SECT |HIDN |102   |.debug_line
src\hal\source\HL_sci.c.1.obj|[175]   |0x00000000|0|LOCL |SECT |HIDN |101   |.debug_line
src\hal\source\HL_sci.c.1.obj|[174]   |0x00000000|0|LOCL |SECT |HIDN |100   |.debug_line
src\hal\source\HL_sci.c.1.obj|[173]   |0x00000000|0|LOCL |SECT |HIDN |99    |.debug_line
src\hal\source\HL_sci.c.1.obj|[172]   |0x00000000|0|LOCL |SECT |HIDN |98    |.debug_line
src\hal\source\HL_sci.c.1.obj|[171]   |0x00000000|0|LOCL |SECT |HIDN |97    |.debug_line
src\hal\source\HL_sci.c.1.obj|[170]   |0x00000000|0|LOCL |SECT |HIDN |96    |.debug_line
src\hal\source\HL_sci.c.1.obj|[169]   |0x00000000|0|LOCL |SECT |HIDN |95    |.debug_line
src\hal\source\HL_sci.c.1.obj|[168]   |0x00000000|0|LOCL |SECT |HIDN |94    |.debug_line
src\hal\source\HL_sci.c.1.obj|[167]   |0x00000000|0|LOCL |SECT |HIDN |93    |.debug_line
src\hal\source\HL_sci.c.1.obj|[166]   |0x00000000|0|LOCL |SECT |HIDN |92    |.debug_line
src\hal\source\HL_sci.c.1.obj|[165]   |0x00000000|0|LOCL |SECT |HIDN |91    |.debug_line
src\hal\source\HL_sci.c.1.obj|[164]   |0x00000000|0|LOCL |SECT |HIDN |90    |.debug_line
src\hal\source\HL_sci.c.1.obj|[163]   |0x00000000|0|LOCL |SECT |HIDN |89    |.debug_line
src\hal\source\HL_sci.c.1.obj|[162]   |0x00000000|0|LOCL |SECT |HIDN |88    |.debug_line
src\hal\source\HL_sci.c.1.obj|[192]   |0x00000000|0|LOCL |SECT |HIDN |118   |.debug_line
src\hal\source\HL_sci.c.1.obj|[193]   |0x00000000|0|LOCL |SECT |HIDN |119   |.debug_line
src\hal\source\HL_sci.c.1.obj|[194]   |0x00000000|0|LOCL |SECT |HIDN |120   |.debug_line
src\hal\source\HL_sci.c.1.obj|[195]   |0x00000000|0|LOCL |SECT |HIDN |121   |.debug_line
src\hal\source\HL_sci.c.1.obj|[186]   |0x00000000|0|LOCL |SECT |HIDN |112   |.debug_line
src\hal\source\HL_sci.c.1.obj|[191]   |0x00000000|0|LOCL |SECT |HIDN |117   |.debug_line
src\hal\source\HL_sci.c.1.obj|[187]   |0x00000000|0|LOCL |SECT |HIDN |113   |.debug_line
src\hal\source\HL_sci.c.1.obj|[188]   |0x00000000|0|LOCL |SECT |HIDN |114   |.debug_line
src\hal\source\HL_sci.c.1.obj|[189]   |0x00000000|0|LOCL |SECT |HIDN |115   |.debug_line
src\hal\source\HL_sci.c.1.obj|[190]   |0x00000000|0|LOCL |SECT |HIDN |116   |.debug_line
src\hal\source\HL_sci.c.1.obj|[297]   |0x00000000|0|LOCL |SECT |HIDN |223   |.debug_pubnames
src\hal\source\HL_sci.c.1.obj|[303]   |0x00000000|0|LOCL |SECT |HIDN |229   |.debug_pubnames
src\hal\source\HL_sci.c.1.obj|[284]   |0x00000000|0|LOCL |SECT |HIDN |210   |.debug_pubnames
src\hal\source\HL_sci.c.1.obj|[296]   |0x00000000|0|LOCL |SECT |HIDN |222   |.debug_pubnames
src\hal\source\HL_sci.c.1.obj|[295]   |0x00000000|0|LOCL |SECT |HIDN |221   |.debug_pubnames
src\hal\source\HL_sci.c.1.obj|[294]   |0x00000000|0|LOCL |SECT |HIDN |220   |.debug_pubnames
src\hal\source\HL_sci.c.1.obj|[293]   |0x00000000|0|LOCL |SECT |HIDN |219   |.debug_pubnames
src\hal\source\HL_sci.c.1.obj|[302]   |0x00000000|0|LOCL |SECT |HIDN |228   |.debug_pubnames
src\hal\source\HL_sci.c.1.obj|[291]   |0x00000000|0|LOCL |SECT |HIDN |217   |.debug_pubnames
src\hal\source\HL_sci.c.1.obj|[290]   |0x00000000|0|LOCL |SECT |HIDN |216   |.debug_pubnames
src\hal\source\HL_sci.c.1.obj|[289]   |0x00000000|0|LOCL |SECT |HIDN |215   |.debug_pubnames
src\hal\source\HL_sci.c.1.obj|[288]   |0x00000000|0|LOCL |SECT |HIDN |214   |.debug_pubnames
src\hal\source\HL_sci.c.1.obj|[287]   |0x00000000|0|LOCL |SECT |HIDN |213   |.debug_pubnames
src\hal\source\HL_sci.c.1.obj|[292]   |0x00000000|0|LOCL |SECT |HIDN |218   |.debug_pubnames
src\hal\source\HL_sci.c.1.obj|[285]   |0x00000000|0|LOCL |SECT |HIDN |211   |.debug_pubnames
src\hal\source\HL_sci.c.1.obj|[301]   |0x00000000|0|LOCL |SECT |HIDN |227   |.debug_pubnames
src\hal\source\HL_sci.c.1.obj|[300]   |0x00000000|0|LOCL |SECT |HIDN |226   |.debug_pubnames
src\hal\source\HL_sci.c.1.obj|[299]   |0x00000000|0|LOCL |SECT |HIDN |225   |.debug_pubnames
src\hal\source\HL_sci.c.1.obj|[298]   |0x00000000|0|LOCL |SECT |HIDN |224   |.debug_pubnames
src\hal\source\HL_sci.c.1.obj|[286]   |0x00000000|0|LOCL |SECT |HIDN |212   |.debug_pubnames
src\hal\source\HL_sci.c.1.obj|[313]   |0x00000000|0|LOCL |SECT |HIDN |239   |.debug_pubtypes
src\hal\source\HL_sci.c.1.obj|[314]   |0x00000000|0|LOCL |SECT |HIDN |240   |.debug_pubtypes
src\hal\source\HL_sci.c.1.obj|[315]   |0x00000000|0|LOCL |SECT |HIDN |241   |.debug_pubtypes
src\hal\source\HL_sci.c.1.obj|[316]   |0x00000000|0|LOCL |SECT |HIDN |242   |.debug_pubtypes
src\hal\source\HL_sci.c.1.obj|[317]   |0x00000000|0|LOCL |SECT |HIDN |243   |.debug_pubtypes
src\hal\source\HL_sci.c.1.obj|[306]   |0x00000000|0|LOCL |SECT |HIDN |232   |.debug_pubtypes
src\hal\source\HL_sci.c.1.obj|[304]   |0x00000000|0|LOCL |SECT |HIDN |230   |.debug_pubtypes
src\hal\source\HL_sci.c.1.obj|[305]   |0x00000000|0|LOCL |SECT |HIDN |231   |.debug_pubtypes
src\hal\source\HL_sci.c.1.obj|[307]   |0x00000000|0|LOCL |SECT |HIDN |233   |.debug_pubtypes
src\hal\source\HL_sci.c.1.obj|[308]   |0x00000000|0|LOCL |SECT |HIDN |234   |.debug_pubtypes
src\hal\source\HL_sci.c.1.obj|[309]   |0x00000000|0|LOCL |SECT |HIDN |235   |.debug_pubtypes
src\hal\source\HL_sci.c.1.obj|[310]   |0x00000000|0|LOCL |SECT |HIDN |236   |.debug_pubtypes
src\hal\source\HL_sci.c.1.obj|[311]   |0x00000000|0|LOCL |SECT |HIDN |237   |.debug_pubtypes
src\hal\source\HL_sci.c.1.obj|[312]   |0x00000000|0|LOCL |SECT |HIDN |238   |.debug_pubtypes
src\hal\source\HL_sci.c.1.obj|[239]   |0x00000000|0|LOCL |SECT |HIDN |166   |.debug_str
src\hal\source\HL_sci.c.1.obj|[259]   |0x00000000|0|LOCL |SECT |HIDN |186   |.debug_str
src\hal\source\HL_sci.c.1.obj|[241]   |0x00000000|0|LOCL |SECT |HIDN |168   |.debug_str
src\hal\source\HL_sci.c.1.obj|[257]   |0x00000000|0|LOCL |SECT |HIDN |184   |.debug_str
src\hal\source\HL_sci.c.1.obj|[253]   |0x00000000|0|LOCL |SECT |HIDN |180   |.debug_str
src\hal\source\HL_sci.c.1.obj|[255]   |0x00000000|0|LOCL |SECT |HIDN |182   |.debug_str
src\hal\source\HL_sci.c.1.obj|[261]   |0x00000000|0|LOCL |SECT |HIDN |188   |.debug_str
src\hal\source\HL_sci.c.1.obj|[251]   |0x00000000|0|LOCL |SECT |HIDN |178   |.debug_str
src\hal\source\HL_sci.c.1.obj|[249]   |0x00000000|0|LOCL |SECT |HIDN |176   |.debug_str
src\hal\source\HL_sci.c.1.obj|[263]   |0x00000000|0|LOCL |SECT |HIDN |190   |.debug_str
src\hal\source\HL_sci.c.1.obj|[247]   |0x00000000|0|LOCL |SECT |HIDN |174   |.debug_str
src\hal\source\HL_sci.c.1.obj|[245]   |0x00000000|0|LOCL |SECT |HIDN |172   |.debug_str
src\hal\source\HL_sci.c.1.obj|[243]   |0x00000000|0|LOCL |SECT |HIDN |170   |.debug_str
src\hal\source\HL_sci.c.1.obj|[237]   |0x00000000|0|LOCL |SECT |HIDN |164   |.debug_str
src\hal\source\HL_sci.c.1.obj|[41]    |0x00000000|0|LOCL |SECT |HIDN |33    |.text
src\hal\source\HL_sci.c.1.obj|[60]    |0x00000000|0|LOCL |SECT |HIDN |52    |.text:__fpclassify
src\hal\source\HL_sci.c.1.obj|[59]    |0x00000000|0|LOCL |SECT |HIDN |51    |.text:__fpclassifyf
src\hal\source\HL_sci.c.1.obj|[58]    |0x00000000|0|LOCL |SECT |HIDN |50    |.text:__fpclassifyl
src\hal\source\HL_sci.c.1.obj|[57]    |0x00000000|0|LOCL |SECT |HIDN |49    |.text:__isfinite
src\hal\source\HL_sci.c.1.obj|[56]    |0x00000000|0|LOCL |SECT |HIDN |48    |.text:__isfinitef
src\hal\source\HL_sci.c.1.obj|[55]    |0x00000000|0|LOCL |SECT |HIDN |47    |.text:__isfinitel
src\hal\source\HL_sci.c.1.obj|[54]    |0x00000000|0|LOCL |SECT |HIDN |46    |.text:__isinf
src\hal\source\HL_sci.c.1.obj|[53]    |0x00000000|0|LOCL |SECT |HIDN |45    |.text:__isinff
src\hal\source\HL_sci.c.1.obj|[52]    |0x00000000|0|LOCL |SECT |HIDN |44    |.text:__isinfl
src\hal\source\HL_sci.c.1.obj|[51]    |0x00000000|0|LOCL |SECT |HIDN |43    |.text:__isnan
src\hal\source\HL_sci.c.1.obj|[50]    |0x00000000|0|LOCL |SECT |HIDN |42    |.text:__isnanf
src\hal\source\HL_sci.c.1.obj|[49]    |0x00000000|0|LOCL |SECT |HIDN |41    |.text:__isnanl
src\hal\source\HL_sci.c.1.obj|[48]    |0x00000000|0|LOCL |SECT |HIDN |40    |.text:__isnormal
src\hal\source\HL_sci.c.1.obj|[47]    |0x00000000|0|LOCL |SECT |HIDN |39    |.text:__isnormalf
src\hal\source\HL_sci.c.1.obj|[46]    |0x00000000|0|LOCL |SECT |HIDN |38    |.text:__isnormall
src\hal\source\HL_sci.c.1.obj|[45]    |0x00000000|0|LOCL |SECT |HIDN |37    |.text:__signbit
src\hal\source\HL_sci.c.1.obj|[44]    |0x00000000|0|LOCL |SECT |HIDN |36    |.text:__signbitf
src\hal\source\HL_sci.c.1.obj|[43]    |0x00000000|0|LOCL |SECT |HIDN |35    |.text:__signbitl
src\hal\source\HL_sci.c.1.obj|[318]   |0x00000000|0|WEAK |FUNC |HIDN |UNDEF |Lib$$Request$$armlib
src\hal\source\HL_sci.c.1.obj|[319]   |0x00000000|0|WEAK |FUNC |HIDN |UNDEF |Lib$$Request$$cpplib
src\hal\source\HL_sci.c.1.obj|[361]   |0x00000000|0|GLOB |NONE |HIDN |76    |__TI_DW.debug_info.$base_types.a3001db55c69772f4e2efd565078122a
src\hal\source\HL_sci.c.1.obj|[360]   |0x00000000|0|GLOB |NONE |HIDN |75    |__TI_DW.debug_info.HL_hal_stdtypes.h.f6fe50beccb00e10c974b1712ae0460c
src\hal\source\HL_sci.c.1.obj|[369]   |0x00000000|0|GLOB |NONE |HIDN |84    |__TI_DW.debug_info.HL_reg_gio.h.14fbe21c444fd77e90046c712f40e220
src\hal\source\HL_sci.c.1.obj|[370]   |0x00000000|0|GLOB |NONE |HIDN |85    |__TI_DW.debug_info.HL_reg_sci.h.e2bacb81e78301870c35c8ce6db8287f
src\hal\source\HL_sci.c.1.obj|[372]   |0x00000000|0|GLOB |NONE |HIDN |87    |__TI_DW.debug_info.HL_reg_vim.h.d860fe5f18ea68a228b5309189148bc1
src\hal\source\HL_sci.c.1.obj|[368]   |0x00000000|0|GLOB |NONE |HIDN |83    |__TI_DW.debug_info.HL_sci.c.5200f092e3048fabbcfdfc2f26db55c2
src\hal\source\HL_sci.c.1.obj|[371]   |0x00000000|0|GLOB |NONE |HIDN |86    |__TI_DW.debug_info.HL_sci.h.957e641379e764e0eab279212742850b
src\hal\source\HL_sci.c.1.obj|[367]   |0x00000000|0|GLOB |NONE |HIDN |82    |__TI_DW.debug_info.HL_sys_common.h.e8daada136d191dca44e4b47f4729313
src\hal\source\HL_sci.c.1.obj|[362]   |0x00000000|0|GLOB |NONE |HIDN |77    |__TI_DW.debug_info.HL_sys_vim.h.bc34994e235d47a6d5290aaf78ab20cf
src\hal\source\HL_sci.c.1.obj|[365]   |0x00000000|0|GLOB |NONE |HIDN |80    |__TI_DW.debug_info._stdint.h.55dc0724062de24f6648c36a36931c9a
src\hal\source\HL_sci.c.1.obj|[359]   |0x00000000|0|GLOB |NONE |HIDN |74    |__TI_DW.debug_info._types.h.59562a94a523b27bdcf6ba60164276f0
src\hal\source\HL_sci.c.1.obj|[363]   |0x00000000|0|GLOB |NONE |HIDN |78    |__TI_DW.debug_info._types.h.62a9317002fb36f2a0c7d45aa6f41cd3
src\hal\source\HL_sci.c.1.obj|[366]   |0x00000000|0|GLOB |NONE |HIDN |81    |__TI_DW.debug_info.math.h.13c7f3b9a83b668b2d889e035795d0ae
src\hal\source\HL_sci.c.1.obj|[364]   |0x00000000|0|GLOB |NONE |HIDN |79    |__TI_DW.debug_info.stdint.h.ad4b679dbce029afdbcc9a8c662c70ff
src\hal\source\HL_sci.c.1.obj|[61]    |0x00000000|0|LOCL |SECT |HIDN |1     |__fpclassify
src\hal\source\HL_sci.c.1.obj|[353]   |0x00000000|184|GLOB |FUNC |HIDN |52    |__fpclassify
src\hal\source\HL_sci.c.1.obj|[343]   |0x00000000|68|GLOB |FUNC |HIDN |51    |__fpclassifyf
src\hal\source\HL_sci.c.1.obj|[62]    |0x00000000|0|LOCL |SECT |HIDN |2     |__fpclassifyf
src\hal\source\HL_sci.c.1.obj|[63]    |0x00000000|0|LOCL |SECT |HIDN |3     |__fpclassifyl
src\hal\source\HL_sci.c.1.obj|[342]   |0x00000000|184|GLOB |FUNC |HIDN |50    |__fpclassifyl
src\hal\source\HL_sci.c.1.obj|[350]   |0x00000000|32|GLOB |FUNC |HIDN |49    |__isfinite
src\hal\source\HL_sci.c.1.obj|[64]    |0x00000000|0|LOCL |SECT |HIDN |4     |__isfinite
src\hal\source\HL_sci.c.1.obj|[65]    |0x00000000|0|LOCL |SECT |HIDN |5     |__isfinitef
src\hal\source\HL_sci.c.1.obj|[330]   |0x00000000|28|GLOB |FUNC |HIDN |48    |__isfinitef
src\hal\source\HL_sci.c.1.obj|[66]    |0x00000000|0|LOCL |SECT |HIDN |6     |__isfinitel
src\hal\source\HL_sci.c.1.obj|[328]   |0x00000000|32|GLOB |FUNC |HIDN |47    |__isfinitel
src\hal\source\HL_sci.c.1.obj|[67]    |0x00000000|0|LOCL |SECT |HIDN |7     |__isinf
src\hal\source\HL_sci.c.1.obj|[346]   |0x00000000|92|GLOB |FUNC |HIDN |46    |__isinf
src\hal\source\HL_sci.c.1.obj|[68]    |0x00000000|0|LOCL |SECT |HIDN |8     |__isinff
src\hal\source\HL_sci.c.1.obj|[344]   |0x00000000|32|GLOB |FUNC |HIDN |45    |__isinff
src\hal\source\HL_sci.c.1.obj|[345]   |0x00000000|92|GLOB |FUNC |HIDN |44    |__isinfl
src\hal\source\HL_sci.c.1.obj|[69]    |0x00000000|0|LOCL |SECT |HIDN |9     |__isinfl
src\hal\source\HL_sci.c.1.obj|[70]    |0x00000000|0|LOCL |SECT |HIDN |10    |__isnan
src\hal\source\HL_sci.c.1.obj|[348]   |0x00000000|92|GLOB |FUNC |HIDN |43    |__isnan
src\hal\source\HL_sci.c.1.obj|[339]   |0x00000000|36|GLOB |FUNC |HIDN |42    |__isnanf
src\hal\source\HL_sci.c.1.obj|[71]    |0x00000000|0|LOCL |SECT |HIDN |11    |__isnanf
src\hal\source\HL_sci.c.1.obj|[72]    |0x00000000|0|LOCL |SECT |HIDN |12    |__isnanl
src\hal\source\HL_sci.c.1.obj|[340]   |0x00000000|92|GLOB |FUNC |HIDN |41    |__isnanl
src\hal\source\HL_sci.c.1.obj|[73]    |0x00000000|0|LOCL |SECT |HIDN |13    |__isnormal
src\hal\source\HL_sci.c.1.obj|[354]   |0x00000000|76|GLOB |FUNC |HIDN |40    |__isnormal
src\hal\source\HL_sci.c.1.obj|[327]   |0x00000000|36|GLOB |FUNC |HIDN |39    |__isnormalf
src\hal\source\HL_sci.c.1.obj|[74]    |0x00000000|0|LOCL |SECT |HIDN |14    |__isnormalf
src\hal\source\HL_sci.c.1.obj|[75]    |0x00000000|0|LOCL |SECT |HIDN |15    |__isnormall
src\hal\source\HL_sci.c.1.obj|[326]   |0x00000000|76|GLOB |FUNC |HIDN |38    |__isnormall
src\hal\source\HL_sci.c.1.obj|[325]   |0x00000000|44|GLOB |FUNC |HIDN |37    |__signbit
src\hal\source\HL_sci.c.1.obj|[76]    |0x00000000|0|LOCL |SECT |HIDN |16    |__signbit
src\hal\source\HL_sci.c.1.obj|[332]   |0x00000000|12|GLOB |FUNC |HIDN |36    |__signbitf
src\hal\source\HL_sci.c.1.obj|[77]    |0x00000000|0|LOCL |SECT |HIDN |17    |__signbitf
src\hal\source\HL_sci.c.1.obj|[331]   |0x00000000|44|GLOB |FUNC |HIDN |35    |__signbitl
src\hal\source\HL_sci.c.1.obj|[78]    |0x00000000|0|LOCL |SECT |HIDN |18    |__signbitl
src\hal\source\HL_sci.c.1.obj|[333]   |0x00000000|0|GLOB |NONE |HIDN |UNDEF |floor
src\hal\source\HL_sci.c.1.obj|[2]     |0x00000000|80|LOCL |OBJT |HIDN |34    |g_sciTransfer_t
src\hal\source\HL_sci.c.1.obj|[322]   |0x00000598|176|GLOB |FUNC |HIDN |33    |sci2GetConfigValue
src\hal\source\HL_sci.c.1.obj|[324]   |0x000004e8|176|GLOB |FUNC |HIDN |33    |sci3GetConfigValue
src\hal\source\HL_sci.c.1.obj|[321]   |0x00000438|176|GLOB |FUNC |HIDN |33    |sci4GetConfigValue
src\hal\source\HL_sci.c.1.obj|[323]   |0x00000424|12|GLOB |FUNC |HIDN |33    |sciDisableLoopback
src\hal\source\HL_sci.c.1.obj|[347]   |0x000003bc|104|GLOB |FUNC |HIDN |33    |sciDisableNotification
src\hal\source\HL_sci.c.1.obj|[356]   |0x000003a4|24|GLOB |FUNC |HIDN |33    |sciEnableLoopback
src\hal\source\HL_sci.c.1.obj|[336]   |0x00000348|92|GLOB |FUNC |HIDN |33    |sciEnableNotification
src\hal\source\HL_sci.c.1.obj|[358]   |0x00000338|16|GLOB |FUNC |HIDN |33    |sciEnterResetState
src\hal\source\HL_sci.c.1.obj|[338]   |0x00000328|16|GLOB |FUNC |HIDN |33    |sciExitResetState
src\hal\source\HL_sci.c.1.obj|[335]   |0x000001f8|304|GLOB |FUNC |HIDN |33    |sciInit
src\hal\source\HL_sci.c.1.obj|[357]   |0x000001ec|12|GLOB |FUNC |HIDN |33    |sciIsIdleDetected
src\hal\source\HL_sci.c.1.obj|[329]   |0x000001e0|12|GLOB |FUNC |HIDN |33    |sciIsRxReady
src\hal\source\HL_sci.c.1.obj|[320]   |0x000001d4|12|GLOB |FUNC |HIDN |33    |sciIsTxReady
src\hal\source\HL_sci.c.1.obj|[337]   |0x00000148|140|GLOB |FUNC |HIDN |33    |sciReceive
src\hal\source\HL_sci.c.1.obj|[352]   |0x00000130|24|GLOB |FUNC |HIDN |33    |sciReceiveByte
src\hal\source\HL_sci.c.1.obj|[351]   |0x00000118|24|GLOB |FUNC |HIDN |33    |sciRxError
src\hal\source\HL_sci.c.1.obj|[349]   |0x00000074|164|GLOB |FUNC |HIDN |33    |sciSend
src\hal\source\HL_sci.c.1.obj|[355]   |0x00000060|20|GLOB |FUNC |HIDN |33    |sciSendByte
src\hal\source\HL_sci.c.1.obj|[334]   |0x00000008|88|GLOB |FUNC |HIDN |33    |sciSetBaudrate
src\hal\source\HL_sci.c.1.obj|[341]   |0x00000000|8|GLOB |FUNC |HIDN |33    |sciSetFunctional
src\hal\source\HL_sci.c.1.obj|[1]     |0x00000000|0|LOCL |FILE |HIDN |ABS   |{817FDCC5-1096-4064-8BA4-FAAEF6D2AD58}
