
file            [index]  value      size  bind  type  vis   shndx  symbol name 

src\hal\source\HL_sys_core.asm.1.obj|[0]     |0x00000000|0|LOCL |NONE |DFLT |UNDEF |
src\hal\source\HL_sys_core.asm.1.obj|[31]    |0x00000000|0|LOCL |NONE |HIDN |1     |$a
src\hal\source\HL_sys_core.asm.1.obj|[33]    |0x00000158|0|LOCL |NONE |HIDN |1     |$a
src\hal\source\HL_sys_core.asm.1.obj|[35]    |0x000002d8|0|LOCL |NONE |HIDN |1     |$a
src\hal\source\HL_sys_core.asm.1.obj|[37]    |0x0000032c|0|LOCL |NONE |HIDN |1     |$a
src\hal\source\HL_sys_core.asm.1.obj|[38]    |0x000003bc|0|LOCL |NONE |HIDN |1     |$d
src\hal\source\HL_sys_core.asm.1.obj|[32]    |0x00000140|0|LOCL |NONE |HIDN |1     |$d
src\hal\source\HL_sys_core.asm.1.obj|[34]    |0x000002a4|0|LOCL |NONE |HIDN |1     |$d
src\hal\source\HL_sys_core.asm.1.obj|[36]    |0x00000320|0|LOCL |NONE |HIDN |1     |$d
src\hal\source\HL_sys_core.asm.1.obj|[44]    |0x00000000|0|LOCL |SECT |HIDN |7     |.debug_abbrev
src\hal\source\HL_sys_core.asm.1.obj|[43]    |0x00000000|0|LOCL |SECT |HIDN |6     |.debug_abbrev
src\hal\source\HL_sys_core.asm.1.obj|[45]    |0x00000000|0|LOCL |SECT |HIDN |8     |.debug_aranges
src\hal\source\HL_sys_core.asm.1.obj|[39]    |0x00000000|0|LOCL |SECT |HIDN |2     |.debug_info
src\hal\source\HL_sys_core.asm.1.obj|[40]    |0x00000000|0|LOCL |SECT |HIDN |3     |.debug_info
src\hal\source\HL_sys_core.asm.1.obj|[42]    |0x00000000|0|LOCL |SECT |HIDN |5     |.debug_line
src\hal\source\HL_sys_core.asm.1.obj|[41]    |0x00000000|0|LOCL |SECT |HIDN |4     |.debug_line
src\hal\source\HL_sys_core.asm.1.obj|[46]    |0x00000000|0|LOCL |SECT |HIDN |9     |.debug_pubnames
src\hal\source\HL_sys_core.asm.1.obj|[30]    |0x00000000|0|LOCL |SECT |HIDN |1     |.text
src\hal\source\HL_sys_core.asm.1.obj|[19]    |0x000002c0|0|LOCL |FUNC |HIDN |1     |CCMR4_ERR_CLR
src\hal\source\HL_sys_core.asm.1.obj|[17]    |0x000002b8|0|LOCL |FUNC |HIDN |1     |CCMR4_STAT_REG
src\hal\source\HL_sys_core.asm.1.obj|[18]    |0x000002bc|0|LOCL |FUNC |HIDN |1     |ERR_CLR_WRD
src\hal\source\HL_sys_core.asm.1.obj|[15]    |0x000002b0|0|LOCL |FUNC |HIDN |1     |ESMKEY_REG
src\hal\source\HL_sys_core.asm.1.obj|[20]    |0x000002c4|0|LOCL |FUNC |HIDN |1     |ESMSR1_ERR_CLR
src\hal\source\HL_sys_core.asm.1.obj|[12]    |0x000002a4|0|LOCL |FUNC |HIDN |1     |ESMSR1_REG
src\hal\source\HL_sys_core.asm.1.obj|[21]    |0x000002c8|0|LOCL |FUNC |HIDN |1     |ESMSR2_ERR_CLR
src\hal\source\HL_sys_core.asm.1.obj|[13]    |0x000002a8|0|LOCL |FUNC |HIDN |1     |ESMSR2_REG
src\hal\source\HL_sys_core.asm.1.obj|[14]    |0x000002ac|0|LOCL |FUNC |HIDN |1     |ESMSR3_REG
src\hal\source\HL_sys_core.asm.1.obj|[22]    |0x000002cc|0|LOCL |FUNC |HIDN |1     |ESMSSR2_ERR_CLR
src\hal\source\HL_sys_core.asm.1.obj|[16]    |0x000002b4|0|LOCL |FUNC |HIDN |1     |ESMSSR2_REG
src\hal\source\HL_sys_core.asm.1.obj|[1]     |0x00000000|0|LOCL |FILE |HIDN |ABS   |HL_sys_core.asm
src\hal\source\HL_sys_core.asm.1.obj|[47]    |0x00000000|0|WEAK |FUNC |HIDN |UNDEF |Lib$$Request$$armlib
src\hal\source\HL_sys_core.asm.1.obj|[48]    |0x00000000|0|WEAK |FUNC |HIDN |UNDEF |Lib$$Request$$cpplib
src\hal\source\HL_sys_core.asm.1.obj|[27]    |0x00000320|0|LOCL |FUNC |HIDN |1     |MINITGCR
src\hal\source\HL_sys_core.asm.1.obj|[28]    |0x00000324|0|LOCL |FUNC |HIDN |1     |MSIENA
src\hal\source\HL_sys_core.asm.1.obj|[29]    |0x00000328|0|LOCL |FUNC |HIDN |1     |MSTCGSTAT
src\hal\source\HL_sys_core.asm.1.obj|[59]    |0x00000000|0|WEAK |NONE |HIDN |UNDEF |SHT$$INIT_ARRAY$$Base
src\hal\source\HL_sys_core.asm.1.obj|[57]    |0x00000000|0|WEAK |NONE |HIDN |UNDEF |SHT$$INIT_ARRAY$$Limit
src\hal\source\HL_sys_core.asm.1.obj|[24]    |0x000002d4|0|LOCL |FUNC |HIDN |1     |VIM_INTREQ
src\hal\source\HL_sys_core.asm.1.obj|[23]    |0x000002d0|0|LOCL |FUNC |HIDN |1     |VIM_INT_CLR
src\hal\source\HL_sys_core.asm.1.obj|[55]    |0x000003bc|0|GLOB |FUNC |HIDN |1     |__TI_PINIT_Base
src\hal\source\HL_sys_core.asm.1.obj|[71]    |0x000003c0|0|GLOB |FUNC |HIDN |1     |__TI_PINIT_Limit
src\hal\source\HL_sys_core.asm.1.obj|[69]    |0x00000370|0|GLOB |FUNC |HIDN |1     |_cacheDisable_
src\hal\source\HL_sys_core.asm.1.obj|[78]    |0x0000032c|0|GLOB |FUNC |HIDN |1     |_cacheEnable_
src\hal\source\HL_sys_core.asm.1.obj|[82]    |0x0000030c|0|GLOB |FUNC |HIDN |1     |_checkMemInitOn_
src\hal\source\HL_sys_core.asm.1.obj|[80]    |0x00000218|0|GLOB |FUNC |HIDN |1     |_coreClearAuxiliaryDataFault_
src\hal\source\HL_sys_core.asm.1.obj|[63]    |0x0000022c|0|GLOB |FUNC |HIDN |1     |_coreClearAuxiliaryInstructionFault_
src\hal\source\HL_sys_core.asm.1.obj|[54]    |0x000001f0|0|GLOB |FUNC |HIDN |1     |_coreClearDataFaultAddress_
src\hal\source\HL_sys_core.asm.1.obj|[60]    |0x000001c8|0|GLOB |FUNC |HIDN |1     |_coreClearDataFault_
src\hal\source\HL_sys_core.asm.1.obj|[58]    |0x00000204|0|GLOB |FUNC |HIDN |1     |_coreClearInstructionFaultAddress_
src\hal\source\HL_sys_core.asm.1.obj|[67]    |0x000001dc|0|GLOB |FUNC |HIDN |1     |_coreClearInstructionFault_
src\hal\source\HL_sys_core.asm.1.obj|[53]    |0x000001a0|0|GLOB |FUNC |HIDN |1     |_coreDisableEventBusExport_
src\hal\source\HL_sys_core.asm.1.obj|[81]    |0x00000190|0|GLOB |FUNC |HIDN |1     |_coreEnableEventBusExport_
src\hal\source\HL_sys_core.asm.1.obj|[76]    |0x000001b0|0|GLOB |FUNC |HIDN |1     |_coreEnableIrqVicOffset_
src\hal\source\HL_sys_core.asm.1.obj|[79]    |0x00000178|0|GLOB |FUNC |HIDN |1     |_coreEnableVfp_
src\hal\source\HL_sys_core.asm.1.obj|[61]    |0x00000210|0|GLOB |FUNC |HIDN |1     |_coreGetAuxiliaryDataFault_
src\hal\source\HL_sys_core.asm.1.obj|[72]    |0x00000224|0|GLOB |FUNC |HIDN |1     |_coreGetAuxiliaryInstructionFault_
src\hal\source\HL_sys_core.asm.1.obj|[66]    |0x000001e8|0|GLOB |FUNC |HIDN |1     |_coreGetDataFaultAddress_
src\hal\source\HL_sys_core.asm.1.obj|[52]    |0x000001c0|0|GLOB |FUNC |HIDN |1     |_coreGetDataFault_
src\hal\source\HL_sys_core.asm.1.obj|[51]    |0x000001fc|0|GLOB |FUNC |HIDN |1     |_coreGetInstructionFaultAddress_
src\hal\source\HL_sys_core.asm.1.obj|[77]    |0x000001d4|0|GLOB |FUNC |HIDN |1     |_coreGetInstructionFault_
src\hal\source\HL_sys_core.asm.1.obj|[56]    |0x00000000|0|GLOB |FUNC |HIDN |1     |_coreInitRegisters_
src\hal\source\HL_sys_core.asm.1.obj|[73]    |0x0000010c|0|GLOB |FUNC |HIDN |1     |_coreInitStackPointer_
src\hal\source\HL_sys_core.asm.1.obj|[65]    |0x00000394|0|GLOB |FUNC |HIDN |1     |_dCacheInvalidate_
src\hal\source\HL_sys_core.asm.1.obj|[50]    |0x00000238|0|GLOB |FUNC |HIDN |1     |_disable_IRQ_interrupt_
src\hal\source\HL_sys_core.asm.1.obj|[70]    |0x00000240|0|GLOB |FUNC |HIDN |1     |_enable_IRQ_interrupt_
src\hal\source\HL_sys_core.asm.1.obj|[62]    |0x00000248|0|GLOB |FUNC |HIDN |1     |_enable_interrupt_
src\hal\source\HL_sys_core.asm.1.obj|[74]    |0x00000250|0|GLOB |FUNC |HIDN |1     |_esmCcmErrorsClear_
src\hal\source\HL_sys_core.asm.1.obj|[68]    |0x00000158|0|GLOB |FUNC |HIDN |1     |_getCPSRValue_
src\hal\source\HL_sys_core.asm.1.obj|[75]    |0x00000160|0|GLOB |FUNC |HIDN |1     |_gotoCPUIdle_
src\hal\source\HL_sys_core.asm.1.obj|[49]    |0x000003a8|0|GLOB |FUNC |HIDN |1     |_iCacheInvalidate_
src\hal\source\HL_sys_core.asm.1.obj|[64]    |0x000002d8|0|GLOB |FUNC |HIDN |1     |_memInit_
src\hal\source\HL_sys_core.asm.1.obj|[10]    |0x00000150|0|LOCL |FUNC |HIDN |1     |abortSp
src\hal\source\HL_sys_core.asm.1.obj|[8]     |0x00000148|0|LOCL |FUNC |HIDN |1     |fiqSp
src\hal\source\HL_sys_core.asm.1.obj|[9]     |0x0000014c|0|LOCL |FUNC |HIDN |1     |irqSp
src\hal\source\HL_sys_core.asm.1.obj|[25]    |0x000002f0|0|LOCL |FUNC |HIDN |1     |mloop
src\hal\source\HL_sys_core.asm.1.obj|[26]    |0x00000310|0|LOCL |FUNC |HIDN |1     |mloop5
src\hal\source\HL_sys_core.asm.1.obj|[2]     |0x000000fc|0|LOCL |FUNC |HIDN |1     |next1
src\hal\source\HL_sys_core.asm.1.obj|[3]     |0x00000100|0|LOCL |FUNC |HIDN |1     |next2
src\hal\source\HL_sys_core.asm.1.obj|[4]     |0x00000104|0|LOCL |FUNC |HIDN |1     |next3
src\hal\source\HL_sys_core.asm.1.obj|[5]     |0x00000108|0|LOCL |FUNC |HIDN |1     |next4
src\hal\source\HL_sys_core.asm.1.obj|[7]     |0x00000144|0|LOCL |FUNC |HIDN |1     |svcSp
src\hal\source\HL_sys_core.asm.1.obj|[11]    |0x00000154|0|LOCL |FUNC |HIDN |1     |undefSp
src\hal\source\HL_sys_core.asm.1.obj|[6]     |0x00000140|0|LOCL |FUNC |HIDN |1     |userSp
