
file            [index]  value      size  bind  type  vis   shndx  symbol name 

src\app\driver\led\led.c.1.obj|[0]     |0x00000000|0|LOCL |NONE |DFLT |UNDEF |
src\app\driver\led\led.c.1.obj|[15]    |0x0000012c|0|LOCL |FUNC |HIDN |21    |$C$CON1
src\app\driver\led\led.c.1.obj|[16]    |0x00000130|0|LOCL |FUNC |HIDN |21    |$C$CON2
src\app\driver\led\led.c.1.obj|[17]    |0x00000134|0|LOCL |FUNC |HIDN |21    |$C$CON3
src\app\driver\led\led.c.1.obj|[18]    |0x00000138|0|LOCL |FUNC |HIDN |21    |$C$CON4
src\app\driver\led\led.c.1.obj|[4]     |0x00000034|0|LOCL |FUNC |HIDN |21    |$C$L1
src\app\driver\led\led.c.1.obj|[13]    |0x00000118|0|LOCL |FUNC |HIDN |21    |$C$L10
src\app\driver\led\led.c.1.obj|[14]    |0x0000011c|0|LOCL |FUNC |HIDN |21    |$C$L11
src\app\driver\led\led.c.1.obj|[5]     |0x00000064|0|LOCL |FUNC |HIDN |21    |$C$L2
src\app\driver\led\led.c.1.obj|[6]     |0x00000090|0|LOCL |FUNC |HIDN |21    |$C$L3
src\app\driver\led\led.c.1.obj|[7]     |0x00000098|0|LOCL |FUNC |HIDN |21    |$C$L4
src\app\driver\led\led.c.1.obj|[8]     |0x000000a4|0|LOCL |FUNC |HIDN |21    |$C$L5
src\app\driver\led\led.c.1.obj|[9]     |0x000000b8|0|LOCL |FUNC |HIDN |21    |$C$L6
src\app\driver\led\led.c.1.obj|[10]    |0x000000bc|0|LOCL |FUNC |HIDN |21    |$C$L7
src\app\driver\led\led.c.1.obj|[11]    |0x00000100|0|LOCL |FUNC |HIDN |21    |$C$L8
src\app\driver\led\led.c.1.obj|[12]    |0x00000104|0|LOCL |FUNC |HIDN |21    |$C$L9
src\app\driver\led\led.c.1.obj|[23]    |0x00000000|0|LOCL |NONE |HIDN |21    |$a
src\app\driver\led\led.c.1.obj|[24]    |0x000000c0|0|LOCL |NONE |HIDN |21    |$a
src\app\driver\led\led.c.1.obj|[25]    |0x00000120|0|LOCL |NONE |HIDN |21    |$a
src\app\driver\led\led.c.1.obj|[26]    |0x0000012c|0|LOCL |NONE |HIDN |21    |$d
src\app\driver\led\led.c.1.obj|[21]    |0x00000000|0|LOCL |NONE |HIDN |22    |$d
src\app\driver\led\led.c.1.obj|[22]    |0x00000004|0|LOCL |NONE |HIDN |22    |$d
src\app\driver\led\led.c.1.obj|[20]    |0x00000000|0|LOCL |SECT |HIDN |22    |.data
src\app\driver\led\led.c.1.obj|[104]   |0x00000000|0|LOCL |SECT |HIDN |99    |.debug_abbrev
src\app\driver\led\led.c.1.obj|[102]   |0x00000000|0|LOCL |SECT |HIDN |97    |.debug_abbrev
src\app\driver\led\led.c.1.obj|[100]   |0x00000000|0|LOCL |SECT |HIDN |95    |.debug_abbrev
src\app\driver\led\led.c.1.obj|[98]    |0x00000000|0|LOCL |SECT |HIDN |93    |.debug_abbrev
src\app\driver\led\led.c.1.obj|[75]    |0x00000000|0|LOCL |SECT |HIDN |71    |.debug_abbrev
src\app\driver\led\led.c.1.obj|[96]    |0x00000000|0|LOCL |SECT |HIDN |91    |.debug_abbrev
src\app\driver\led\led.c.1.obj|[106]   |0x00000000|0|LOCL |SECT |HIDN |101   |.debug_abbrev
src\app\driver\led\led.c.1.obj|[108]   |0x00000000|0|LOCL |SECT |HIDN |103   |.debug_abbrev
src\app\driver\led\led.c.1.obj|[110]   |0x00000000|0|LOCL |SECT |HIDN |105   |.debug_abbrev
src\app\driver\led\led.c.1.obj|[112]   |0x00000000|0|LOCL |SECT |HIDN |107   |.debug_abbrev
src\app\driver\led\led.c.1.obj|[114]   |0x00000000|0|LOCL |SECT |HIDN |109   |.debug_abbrev
src\app\driver\led\led.c.1.obj|[116]   |0x00000000|0|LOCL |SECT |HIDN |111   |.debug_abbrev
src\app\driver\led\led.c.1.obj|[76]    |0x00000000|0|LOCL |SECT |HIDN |72    |.debug_abbrev
src\app\driver\led\led.c.1.obj|[78]    |0x00000000|0|LOCL |SECT |HIDN |73    |.debug_abbrev
src\app\driver\led\led.c.1.obj|[86]    |0x00000000|0|LOCL |SECT |HIDN |81    |.debug_abbrev
src\app\driver\led\led.c.1.obj|[94]    |0x00000000|0|LOCL |SECT |HIDN |89    |.debug_abbrev
src\app\driver\led\led.c.1.obj|[80]    |0x00000000|0|LOCL |SECT |HIDN |75    |.debug_abbrev
src\app\driver\led\led.c.1.obj|[92]    |0x00000000|0|LOCL |SECT |HIDN |87    |.debug_abbrev
src\app\driver\led\led.c.1.obj|[82]    |0x00000000|0|LOCL |SECT |HIDN |77    |.debug_abbrev
src\app\driver\led\led.c.1.obj|[90]    |0x00000000|0|LOCL |SECT |HIDN |85    |.debug_abbrev
src\app\driver\led\led.c.1.obj|[84]    |0x00000000|0|LOCL |SECT |HIDN |79    |.debug_abbrev
src\app\driver\led\led.c.1.obj|[88]    |0x00000000|0|LOCL |SECT |HIDN |83    |.debug_abbrev
src\app\driver\led\led.c.1.obj|[74]    |0x00000000|0|LOCL |SECT |HIDN |70    |.debug_abbrev
src\app\driver\led\led.c.1.obj|[117]   |0x00000000|0|LOCL |SECT |HIDN |113   |.debug_aranges
src\app\driver\led\led.c.1.obj|[73]    |0x00000000|0|LOCL |SECT |HIDN |69    |.debug_frame
src\app\driver\led\led.c.1.obj|[27]    |0x00000000|0|LOCL |SECT |HIDN |23    |.debug_info
src\app\driver\led\led.c.1.obj|[28]    |0x00000000|0|LOCL |SECT |HIDN |24    |.debug_info
src\app\driver\led\led.c.1.obj|[29]    |0x00000000|0|LOCL |SECT |HIDN |25    |.debug_info
src\app\driver\led\led.c.1.obj|[30]    |0x00000000|0|LOCL |SECT |HIDN |26    |.debug_info
src\app\driver\led\led.c.1.obj|[31]    |0x00000000|0|LOCL |SECT |HIDN |27    |.debug_info
src\app\driver\led\led.c.1.obj|[32]    |0x00000000|0|LOCL |SECT |HIDN |28    |.debug_info
src\app\driver\led\led.c.1.obj|[33]    |0x00000000|0|LOCL |SECT |HIDN |29    |.debug_info
src\app\driver\led\led.c.1.obj|[34]    |0x00000000|0|LOCL |SECT |HIDN |30    |.debug_info
src\app\driver\led\led.c.1.obj|[40]    |0x00000000|0|LOCL |SECT |HIDN |36    |.debug_info
src\app\driver\led\led.c.1.obj|[41]    |0x00000000|0|LOCL |SECT |HIDN |37    |.debug_info
src\app\driver\led\led.c.1.obj|[42]    |0x00000000|0|LOCL |SECT |HIDN |38    |.debug_info
src\app\driver\led\led.c.1.obj|[43]    |0x00000000|0|LOCL |SECT |HIDN |39    |.debug_info
src\app\driver\led\led.c.1.obj|[44]    |0x00000000|0|LOCL |SECT |HIDN |40    |.debug_info
src\app\driver\led\led.c.1.obj|[45]    |0x00000000|0|LOCL |SECT |HIDN |41    |.debug_info
src\app\driver\led\led.c.1.obj|[46]    |0x00000000|0|LOCL |SECT |HIDN |42    |.debug_info
src\app\driver\led\led.c.1.obj|[35]    |0x00000000|0|LOCL |SECT |HIDN |31    |.debug_info
src\app\driver\led\led.c.1.obj|[47]    |0x00000000|0|LOCL |SECT |HIDN |43    |.debug_info
src\app\driver\led\led.c.1.obj|[48]    |0x00000000|0|LOCL |SECT |HIDN |44    |.debug_info
src\app\driver\led\led.c.1.obj|[49]    |0x00000000|0|LOCL |SECT |HIDN |45    |.debug_info
src\app\driver\led\led.c.1.obj|[36]    |0x00000000|0|LOCL |SECT |HIDN |32    |.debug_info
src\app\driver\led\led.c.1.obj|[37]    |0x00000000|0|LOCL |SECT |HIDN |33    |.debug_info
src\app\driver\led\led.c.1.obj|[38]    |0x00000000|0|LOCL |SECT |HIDN |34    |.debug_info
src\app\driver\led\led.c.1.obj|[39]    |0x00000000|0|LOCL |SECT |HIDN |35    |.debug_info
src\app\driver\led\led.c.1.obj|[57]    |0x00000000|0|LOCL |SECT |HIDN |53    |.debug_line
src\app\driver\led\led.c.1.obj|[58]    |0x00000000|0|LOCL |SECT |HIDN |54    |.debug_line
src\app\driver\led\led.c.1.obj|[59]    |0x00000000|0|LOCL |SECT |HIDN |55    |.debug_line
src\app\driver\led\led.c.1.obj|[60]    |0x00000000|0|LOCL |SECT |HIDN |56    |.debug_line
src\app\driver\led\led.c.1.obj|[61]    |0x00000000|0|LOCL |SECT |HIDN |57    |.debug_line
src\app\driver\led\led.c.1.obj|[62]    |0x00000000|0|LOCL |SECT |HIDN |58    |.debug_line
src\app\driver\led\led.c.1.obj|[63]    |0x00000000|0|LOCL |SECT |HIDN |59    |.debug_line
src\app\driver\led\led.c.1.obj|[64]    |0x00000000|0|LOCL |SECT |HIDN |60    |.debug_line
src\app\driver\led\led.c.1.obj|[66]    |0x00000000|0|LOCL |SECT |HIDN |62    |.debug_line
src\app\driver\led\led.c.1.obj|[67]    |0x00000000|0|LOCL |SECT |HIDN |63    |.debug_line
src\app\driver\led\led.c.1.obj|[68]    |0x00000000|0|LOCL |SECT |HIDN |64    |.debug_line
src\app\driver\led\led.c.1.obj|[69]    |0x00000000|0|LOCL |SECT |HIDN |65    |.debug_line
src\app\driver\led\led.c.1.obj|[70]    |0x00000000|0|LOCL |SECT |HIDN |66    |.debug_line
src\app\driver\led\led.c.1.obj|[71]    |0x00000000|0|LOCL |SECT |HIDN |67    |.debug_line
src\app\driver\led\led.c.1.obj|[72]    |0x00000000|0|LOCL |SECT |HIDN |68    |.debug_line
src\app\driver\led\led.c.1.obj|[65]    |0x00000000|0|LOCL |SECT |HIDN |61    |.debug_line
src\app\driver\led\led.c.1.obj|[50]    |0x00000000|0|LOCL |SECT |HIDN |46    |.debug_line
src\app\driver\led\led.c.1.obj|[51]    |0x00000000|0|LOCL |SECT |HIDN |47    |.debug_line
src\app\driver\led\led.c.1.obj|[52]    |0x00000000|0|LOCL |SECT |HIDN |48    |.debug_line
src\app\driver\led\led.c.1.obj|[53]    |0x00000000|0|LOCL |SECT |HIDN |49    |.debug_line
src\app\driver\led\led.c.1.obj|[54]    |0x00000000|0|LOCL |SECT |HIDN |50    |.debug_line
src\app\driver\led\led.c.1.obj|[55]    |0x00000000|0|LOCL |SECT |HIDN |51    |.debug_line
src\app\driver\led\led.c.1.obj|[56]    |0x00000000|0|LOCL |SECT |HIDN |52    |.debug_line
src\app\driver\led\led.c.1.obj|[118]   |0x00000000|0|LOCL |SECT |HIDN |114   |.debug_pubnames
src\app\driver\led\led.c.1.obj|[119]   |0x00000000|0|LOCL |SECT |HIDN |115   |.debug_pubnames
src\app\driver\led\led.c.1.obj|[129]   |0x00000000|0|LOCL |SECT |HIDN |125   |.debug_pubtypes
src\app\driver\led\led.c.1.obj|[130]   |0x00000000|0|LOCL |SECT |HIDN |126   |.debug_pubtypes
src\app\driver\led\led.c.1.obj|[131]   |0x00000000|0|LOCL |SECT |HIDN |127   |.debug_pubtypes
src\app\driver\led\led.c.1.obj|[132]   |0x00000000|0|LOCL |SECT |HIDN |128   |.debug_pubtypes
src\app\driver\led\led.c.1.obj|[137]   |0x00000000|0|LOCL |SECT |HIDN |133   |.debug_pubtypes
src\app\driver\led\led.c.1.obj|[136]   |0x00000000|0|LOCL |SECT |HIDN |132   |.debug_pubtypes
src\app\driver\led\led.c.1.obj|[135]   |0x00000000|0|LOCL |SECT |HIDN |131   |.debug_pubtypes
src\app\driver\led\led.c.1.obj|[133]   |0x00000000|0|LOCL |SECT |HIDN |129   |.debug_pubtypes
src\app\driver\led\led.c.1.obj|[134]   |0x00000000|0|LOCL |SECT |HIDN |130   |.debug_pubtypes
src\app\driver\led\led.c.1.obj|[120]   |0x00000000|0|LOCL |SECT |HIDN |116   |.debug_pubtypes
src\app\driver\led\led.c.1.obj|[121]   |0x00000000|0|LOCL |SECT |HIDN |117   |.debug_pubtypes
src\app\driver\led\led.c.1.obj|[122]   |0x00000000|0|LOCL |SECT |HIDN |118   |.debug_pubtypes
src\app\driver\led\led.c.1.obj|[123]   |0x00000000|0|LOCL |SECT |HIDN |119   |.debug_pubtypes
src\app\driver\led\led.c.1.obj|[124]   |0x00000000|0|LOCL |SECT |HIDN |120   |.debug_pubtypes
src\app\driver\led\led.c.1.obj|[125]   |0x00000000|0|LOCL |SECT |HIDN |121   |.debug_pubtypes
src\app\driver\led\led.c.1.obj|[126]   |0x00000000|0|LOCL |SECT |HIDN |122   |.debug_pubtypes
src\app\driver\led\led.c.1.obj|[127]   |0x00000000|0|LOCL |SECT |HIDN |123   |.debug_pubtypes
src\app\driver\led\led.c.1.obj|[128]   |0x00000000|0|LOCL |SECT |HIDN |124   |.debug_pubtypes
src\app\driver\led\led.c.1.obj|[138]   |0x00000000|0|LOCL |SECT |HIDN |134   |.debug_pubtypes
src\app\driver\led\led.c.1.obj|[139]   |0x00000000|0|LOCL |SECT |HIDN |135   |.debug_pubtypes
src\app\driver\led\led.c.1.obj|[77]    |0x00000000|0|LOCL |SECT |HIDN |74    |.debug_str
src\app\driver\led\led.c.1.obj|[97]    |0x00000000|0|LOCL |SECT |HIDN |94    |.debug_str
src\app\driver\led\led.c.1.obj|[99]    |0x00000000|0|LOCL |SECT |HIDN |96    |.debug_str
src\app\driver\led\led.c.1.obj|[101]   |0x00000000|0|LOCL |SECT |HIDN |98    |.debug_str
src\app\driver\led\led.c.1.obj|[105]   |0x00000000|0|LOCL |SECT |HIDN |102   |.debug_str
src\app\driver\led\led.c.1.obj|[87]    |0x00000000|0|LOCL |SECT |HIDN |84    |.debug_str
src\app\driver\led\led.c.1.obj|[107]   |0x00000000|0|LOCL |SECT |HIDN |104   |.debug_str
src\app\driver\led\led.c.1.obj|[85]    |0x00000000|0|LOCL |SECT |HIDN |82    |.debug_str
src\app\driver\led\led.c.1.obj|[109]   |0x00000000|0|LOCL |SECT |HIDN |106   |.debug_str
src\app\driver\led\led.c.1.obj|[89]    |0x00000000|0|LOCL |SECT |HIDN |86    |.debug_str
src\app\driver\led\led.c.1.obj|[111]   |0x00000000|0|LOCL |SECT |HIDN |108   |.debug_str
src\app\driver\led\led.c.1.obj|[83]    |0x00000000|0|LOCL |SECT |HIDN |80    |.debug_str
src\app\driver\led\led.c.1.obj|[113]   |0x00000000|0|LOCL |SECT |HIDN |110   |.debug_str
src\app\driver\led\led.c.1.obj|[91]    |0x00000000|0|LOCL |SECT |HIDN |88    |.debug_str
src\app\driver\led\led.c.1.obj|[115]   |0x00000000|0|LOCL |SECT |HIDN |112   |.debug_str
src\app\driver\led\led.c.1.obj|[81]    |0x00000000|0|LOCL |SECT |HIDN |78    |.debug_str
src\app\driver\led\led.c.1.obj|[93]    |0x00000000|0|LOCL |SECT |HIDN |90    |.debug_str
src\app\driver\led\led.c.1.obj|[103]   |0x00000000|0|LOCL |SECT |HIDN |100   |.debug_str
src\app\driver\led\led.c.1.obj|[79]    |0x00000000|0|LOCL |SECT |HIDN |76    |.debug_str
src\app\driver\led\led.c.1.obj|[95]    |0x00000000|0|LOCL |SECT |HIDN |92    |.debug_str
src\app\driver\led\led.c.1.obj|[19]    |0x00000000|0|LOCL |SECT |HIDN |21    |.text
src\app\driver\led\led.c.1.obj|[152]   |0x00000000|0|GLOB |NONE |HIDN |UNDEF |FAS_StoreAssertLocation
src\app\driver\led\led.c.1.obj|[143]   |0x00000000|0|GLOB |NONE |HIDN |UNDEF |IO_PinGet
src\app\driver\led\led.c.1.obj|[144]   |0x00000000|0|GLOB |NONE |HIDN |UNDEF |IO_PinReset
src\app\driver\led\led.c.1.obj|[149]   |0x00000000|0|GLOB |NONE |HIDN |UNDEF |IO_PinSet
src\app\driver\led\led.c.1.obj|[151]   |0x00000120|12|GLOB |FUNC |HIDN |21    |LED_SetDebugLed
src\app\driver\led\led.c.1.obj|[142]   |0x000000c0|96|GLOB |FUNC |HIDN |21    |LED_SetToggleTime
src\app\driver\led\led.c.1.obj|[150]   |0x00000000|192|GLOB |FUNC |HIDN |21    |LED_Trigger
src\app\driver\led\led.c.1.obj|[140]   |0x00000000|0|WEAK |FUNC |HIDN |UNDEF |Lib$$Request$$armlib
src\app\driver\led\led.c.1.obj|[141]   |0x00000000|0|WEAK |FUNC |HIDN |UNDEF |Lib$$Request$$cpplib
src\app\driver\led\led.c.1.obj|[148]   |0x00000000|0|GLOB |NONE |HIDN |UNDEF |OS_EnterTaskCritical
src\app\driver\led\led.c.1.obj|[146]   |0x00000000|0|GLOB |NONE |HIDN |UNDEF |OS_ExitTaskCritical
src\app\driver\led\led.c.1.obj|[163]   |0x00000000|0|GLOB |NONE |HIDN |36    |__TI_DW.debug_info.$base_types.a3001db55c69772f4e2efd565078122a
src\app\driver\led\led.c.1.obj|[159]   |0x00000000|0|GLOB |NONE |HIDN |32    |__TI_DW.debug_info.FreeRTOS.h.04ae4be274fdd73f669237d7bd419fd8
src\app\driver\led\led.c.1.obj|[157]   |0x00000000|0|GLOB |NONE |HIDN |30    |__TI_DW.debug_info.HL_hal_stdtypes.h.f6fe50beccb00e10c974b1712ae0460c
src\app\driver\led\led.c.1.obj|[170]   |0x00000000|0|GLOB |NONE |HIDN |43    |__TI_DW.debug_info.HL_reg_gio.h.14fbe21c444fd77e90046c712f40e220
src\app\driver\led\led.c.1.obj|[171]   |0x00000000|0|GLOB |NONE |HIDN |44    |__TI_DW.debug_info.HL_reg_het.h.340fb317176ec08ff32b554cbe8612b4
src\app\driver\led\led.c.1.obj|[169]   |0x00000000|0|GLOB |NONE |HIDN |42    |__TI_DW.debug_info.HL_sys_common.h.e8daada136d191dca44e4b47f4729313
src\app\driver\led\led.c.1.obj|[167]   |0x00000000|0|GLOB |NONE |HIDN |40    |__TI_DW.debug_info._stdint.h.55dc0724062de24f6648c36a36931c9a
src\app\driver\led\led.c.1.obj|[156]   |0x00000000|0|GLOB |NONE |HIDN |29    |__TI_DW.debug_info._types.h.59562a94a523b27bdcf6ba60164276f0
src\app\driver\led\led.c.1.obj|[165]   |0x00000000|0|GLOB |NONE |HIDN |38    |__TI_DW.debug_info._types.h.62a9317002fb36f2a0c7d45aa6f41cd3
src\app\driver\led\led.c.1.obj|[158]   |0x00000000|0|GLOB |NONE |HIDN |31    |__TI_DW.debug_info.fassert.h.0b7b2882a1c517594159c37868ac3e58
src\app\driver\led\led.c.1.obj|[155]   |0x00000000|0|GLOB |NONE |HIDN |28    |__TI_DW.debug_info.fstd_types.h.1d46766ec8ec487eaf2fab650eb7b69f
src\app\driver\led\led.c.1.obj|[172]   |0x00000000|0|GLOB |NONE |HIDN |45    |__TI_DW.debug_info.list.h.4d6d03950ec964682d1452032bc583c0
src\app\driver\led\led.c.1.obj|[153]   |0x00000000|0|GLOB |NONE |HIDN |26    |__TI_DW.debug_info.os.h.41398224f6b5d0f5c3f79f50da01e755
src\app\driver\led\led.c.1.obj|[160]   |0x00000000|0|GLOB |NONE |HIDN |33    |__TI_DW.debug_info.portable.h.c0bc1a9dbc14fbad9a0d50cf4c508b48
src\app\driver\led\led.c.1.obj|[161]   |0x00000000|0|GLOB |NONE |HIDN |34    |__TI_DW.debug_info.portmacro.h.27a49087feeaefca4aa91ed2620167d4
src\app\driver\led\led.c.1.obj|[164]   |0x00000000|0|GLOB |NONE |HIDN |37    |__TI_DW.debug_info.projdefs.h.5856c2ba92afc82b3ee8e01784625b26
src\app\driver\led\led.c.1.obj|[162]   |0x00000000|0|GLOB |NONE |HIDN |35    |__TI_DW.debug_info.queue.h.4395c51deb74aa560f9a5fb5d2d2ba23
src\app\driver\led\led.c.1.obj|[168]   |0x00000000|0|GLOB |NONE |HIDN |41    |__TI_DW.debug_info.stddef.h.3995acaf97b16aff113f2eef85fc0668
src\app\driver\led\led.c.1.obj|[166]   |0x00000000|0|GLOB |NONE |HIDN |39    |__TI_DW.debug_info.stdint.h.ad4b679dbce029afdbcc9a8c662c70ff
src\app\driver\led\led.c.1.obj|[154]   |0x00000000|0|GLOB |NONE |HIDN |27    |__TI_DW.debug_info.task.h.10d8fb1d269a36a83fc81a7c5881d7b4
src\app\driver\led\led.c.1.obj|[145]   |0x00000000|0|GLOB |NONE |HIDN |UNDEF |__aeabi_uidivmod
src\app\driver\led\led.c.1.obj|[147]   |0x00000000|0|GLOB |NONE |HIDN |UNDEF |__aeabi_uldivmod
src\app\driver\led\led.c.1.obj|[3]     |0x00000004|4|LOCL |OBJT |HIDN |22    |counter$1
src\app\driver\led\led.c.1.obj|[2]     |0x00000000|4|LOCL |OBJT |HIDN |22    |led_onOffTime_ms
src\app\driver\led\led.c.1.obj|[1]     |0x00000000|0|LOCL |FILE |HIDN |ABS   |{5613E602-4589-47AC-89BC-DB326DDD1E98}
