
file            [index]  value      size  bind  type  vis   shndx  symbol name 

src\hal\source\HL_can.c.1.obj|[0]     |0x00000000|0|LOCL |NONE |DFLT |UNDEF |
src\hal\source\HL_can.c.1.obj|[10]    |0x000001c8|0|LOCL |FUNC |HIDN |12    |$C$CON1
src\hal\source\HL_can.c.1.obj|[179]   |0x00000230|0|LOCL |FUNC |HIDN |14    |$C$CON10
src\hal\source\HL_can.c.1.obj|[176]   |0x00001a10|0|LOCL |FUNC |HIDN |12    |$C$CON11
src\hal\source\HL_can.c.1.obj|[177]   |0x00001a14|0|LOCL |FUNC |HIDN |12    |$C$CON12
src\hal\source\HL_can.c.1.obj|[180]   |0x00000234|0|LOCL |FUNC |HIDN |14    |$C$CON13
src\hal\source\HL_can.c.1.obj|[178]   |0x00001a18|0|LOCL |FUNC |HIDN |12    |$C$CON14
src\hal\source\HL_can.c.1.obj|[11]    |0x000001cc|0|LOCL |FUNC |HIDN |12    |$C$CON2
src\hal\source\HL_can.c.1.obj|[12]    |0x000001d0|0|LOCL |FUNC |HIDN |12    |$C$CON3
src\hal\source\HL_can.c.1.obj|[13]    |0x000001d4|0|LOCL |FUNC |HIDN |12    |$C$CON4
src\hal\source\HL_can.c.1.obj|[14]    |0x000001d8|0|LOCL |FUNC |HIDN |12    |$C$CON5
src\hal\source\HL_can.c.1.obj|[172]   |0x00001a00|0|LOCL |FUNC |HIDN |12    |$C$CON6
src\hal\source\HL_can.c.1.obj|[173]   |0x00001a04|0|LOCL |FUNC |HIDN |12    |$C$CON7
src\hal\source\HL_can.c.1.obj|[174]   |0x00001a08|0|LOCL |FUNC |HIDN |12    |$C$CON8
src\hal\source\HL_can.c.1.obj|[175]   |0x00001a0c|0|LOCL |FUNC |HIDN |12    |$C$CON9
src\hal\source\HL_can.c.1.obj|[3]     |0x00000000|0|LOCL |FUNC |HIDN |12    |$C$L1
src\hal\source\HL_can.c.1.obj|[17]    |0x00000274|0|LOCL |FUNC |HIDN |12    |$C$L10
src\hal\source\HL_can.c.1.obj|[107]   |0x000010ac|0|LOCL |FUNC |HIDN |12    |$C$L100
src\hal\source\HL_can.c.1.obj|[108]   |0x000010d4|0|LOCL |FUNC |HIDN |12    |$C$L101
src\hal\source\HL_can.c.1.obj|[109]   |0x000010fc|0|LOCL |FUNC |HIDN |12    |$C$L102
src\hal\source\HL_can.c.1.obj|[110]   |0x00001124|0|LOCL |FUNC |HIDN |12    |$C$L103
src\hal\source\HL_can.c.1.obj|[111]   |0x0000114c|0|LOCL |FUNC |HIDN |12    |$C$L104
src\hal\source\HL_can.c.1.obj|[112]   |0x00001174|0|LOCL |FUNC |HIDN |12    |$C$L105
src\hal\source\HL_can.c.1.obj|[113]   |0x0000119c|0|LOCL |FUNC |HIDN |12    |$C$L106
src\hal\source\HL_can.c.1.obj|[114]   |0x000011c4|0|LOCL |FUNC |HIDN |12    |$C$L107
src\hal\source\HL_can.c.1.obj|[115]   |0x000011ec|0|LOCL |FUNC |HIDN |12    |$C$L108
src\hal\source\HL_can.c.1.obj|[116]   |0x00001214|0|LOCL |FUNC |HIDN |12    |$C$L109
src\hal\source\HL_can.c.1.obj|[18]    |0x0000029c|0|LOCL |FUNC |HIDN |12    |$C$L11
src\hal\source\HL_can.c.1.obj|[117]   |0x0000123c|0|LOCL |FUNC |HIDN |12    |$C$L110
src\hal\source\HL_can.c.1.obj|[118]   |0x00001264|0|LOCL |FUNC |HIDN |12    |$C$L111
src\hal\source\HL_can.c.1.obj|[119]   |0x0000128c|0|LOCL |FUNC |HIDN |12    |$C$L112
src\hal\source\HL_can.c.1.obj|[120]   |0x000012b4|0|LOCL |FUNC |HIDN |12    |$C$L113
src\hal\source\HL_can.c.1.obj|[121]   |0x000012dc|0|LOCL |FUNC |HIDN |12    |$C$L114
src\hal\source\HL_can.c.1.obj|[122]   |0x00001304|0|LOCL |FUNC |HIDN |12    |$C$L115
src\hal\source\HL_can.c.1.obj|[123]   |0x0000132c|0|LOCL |FUNC |HIDN |12    |$C$L116
src\hal\source\HL_can.c.1.obj|[124]   |0x00001354|0|LOCL |FUNC |HIDN |12    |$C$L117
src\hal\source\HL_can.c.1.obj|[125]   |0x0000137c|0|LOCL |FUNC |HIDN |12    |$C$L118
src\hal\source\HL_can.c.1.obj|[126]   |0x000013a4|0|LOCL |FUNC |HIDN |12    |$C$L119
src\hal\source\HL_can.c.1.obj|[19]    |0x000002c4|0|LOCL |FUNC |HIDN |12    |$C$L12
src\hal\source\HL_can.c.1.obj|[127]   |0x000013cc|0|LOCL |FUNC |HIDN |12    |$C$L120
src\hal\source\HL_can.c.1.obj|[128]   |0x000013f4|0|LOCL |FUNC |HIDN |12    |$C$L121
src\hal\source\HL_can.c.1.obj|[129]   |0x00001420|0|LOCL |FUNC |HIDN |12    |$C$L122
src\hal\source\HL_can.c.1.obj|[130]   |0x00001448|0|LOCL |FUNC |HIDN |12    |$C$L123
src\hal\source\HL_can.c.1.obj|[131]   |0x00001470|0|LOCL |FUNC |HIDN |12    |$C$L124
src\hal\source\HL_can.c.1.obj|[132]   |0x00001498|0|LOCL |FUNC |HIDN |12    |$C$L125
src\hal\source\HL_can.c.1.obj|[133]   |0x000014c0|0|LOCL |FUNC |HIDN |12    |$C$L126
src\hal\source\HL_can.c.1.obj|[134]   |0x000014e8|0|LOCL |FUNC |HIDN |12    |$C$L127
src\hal\source\HL_can.c.1.obj|[135]   |0x00001510|0|LOCL |FUNC |HIDN |12    |$C$L128
src\hal\source\HL_can.c.1.obj|[136]   |0x00001538|0|LOCL |FUNC |HIDN |12    |$C$L129
src\hal\source\HL_can.c.1.obj|[20]    |0x000002ec|0|LOCL |FUNC |HIDN |12    |$C$L13
src\hal\source\HL_can.c.1.obj|[137]   |0x00001560|0|LOCL |FUNC |HIDN |12    |$C$L130
src\hal\source\HL_can.c.1.obj|[138]   |0x00001588|0|LOCL |FUNC |HIDN |12    |$C$L131
src\hal\source\HL_can.c.1.obj|[139]   |0x000015b0|0|LOCL |FUNC |HIDN |12    |$C$L132
src\hal\source\HL_can.c.1.obj|[140]   |0x000015d8|0|LOCL |FUNC |HIDN |12    |$C$L133
src\hal\source\HL_can.c.1.obj|[141]   |0x00001600|0|LOCL |FUNC |HIDN |12    |$C$L134
src\hal\source\HL_can.c.1.obj|[142]   |0x00001628|0|LOCL |FUNC |HIDN |12    |$C$L135
src\hal\source\HL_can.c.1.obj|[143]   |0x00001650|0|LOCL |FUNC |HIDN |12    |$C$L136
src\hal\source\HL_can.c.1.obj|[144]   |0x00001674|0|LOCL |FUNC |HIDN |12    |$C$L137
src\hal\source\HL_can.c.1.obj|[145]   |0x00001688|0|LOCL |FUNC |HIDN |12    |$C$L138
src\hal\source\HL_can.c.1.obj|[146]   |0x000016c8|0|LOCL |FUNC |HIDN |12    |$C$L139
src\hal\source\HL_can.c.1.obj|[21]    |0x00000314|0|LOCL |FUNC |HIDN |12    |$C$L14
src\hal\source\HL_can.c.1.obj|[147]   |0x000016e4|0|LOCL |FUNC |HIDN |12    |$C$L140
src\hal\source\HL_can.c.1.obj|[148]   |0x00001734|0|LOCL |FUNC |HIDN |12    |$C$L141
src\hal\source\HL_can.c.1.obj|[149]   |0x00001750|0|LOCL |FUNC |HIDN |12    |$C$L142
src\hal\source\HL_can.c.1.obj|[150]   |0x00001780|0|LOCL |FUNC |HIDN |12    |$C$L143
src\hal\source\HL_can.c.1.obj|[151]   |0x00001784|0|LOCL |FUNC |HIDN |12    |$C$L144
src\hal\source\HL_can.c.1.obj|[152]   |0x0000179c|0|LOCL |FUNC |HIDN |12    |$C$L145
src\hal\source\HL_can.c.1.obj|[153]   |0x000017d8|0|LOCL |FUNC |HIDN |12    |$C$L146
src\hal\source\HL_can.c.1.obj|[154]   |0x000017f8|0|LOCL |FUNC |HIDN |12    |$C$L147
src\hal\source\HL_can.c.1.obj|[155]   |0x0000181c|0|LOCL |FUNC |HIDN |12    |$C$L148
src\hal\source\HL_can.c.1.obj|[156]   |0x00000024|0|LOCL |FUNC |HIDN |14    |$C$L149
src\hal\source\HL_can.c.1.obj|[22]    |0x0000033c|0|LOCL |FUNC |HIDN |12    |$C$L15
src\hal\source\HL_can.c.1.obj|[157]   |0x00000040|0|LOCL |FUNC |HIDN |14    |$C$L150
src\hal\source\HL_can.c.1.obj|[158]   |0x000000bc|0|LOCL |FUNC |HIDN |14    |$C$L151
src\hal\source\HL_can.c.1.obj|[159]   |0x000000c4|0|LOCL |FUNC |HIDN |14    |$C$L152
src\hal\source\HL_can.c.1.obj|[160]   |0x000000e0|0|LOCL |FUNC |HIDN |14    |$C$L153
src\hal\source\HL_can.c.1.obj|[161]   |0x000000fc|0|LOCL |FUNC |HIDN |14    |$C$L154
src\hal\source\HL_can.c.1.obj|[162]   |0x000018f0|0|LOCL |FUNC |HIDN |12    |$C$L155
src\hal\source\HL_can.c.1.obj|[163]   |0x00001944|0|LOCL |FUNC |HIDN |12    |$C$L156
src\hal\source\HL_can.c.1.obj|[164]   |0x0000013c|0|LOCL |FUNC |HIDN |14    |$C$L157
src\hal\source\HL_can.c.1.obj|[165]   |0x00000158|0|LOCL |FUNC |HIDN |14    |$C$L158
src\hal\source\HL_can.c.1.obj|[166]   |0x000001d4|0|LOCL |FUNC |HIDN |14    |$C$L159
src\hal\source\HL_can.c.1.obj|[23]    |0x00000364|0|LOCL |FUNC |HIDN |12    |$C$L16
src\hal\source\HL_can.c.1.obj|[167]   |0x000001dc|0|LOCL |FUNC |HIDN |14    |$C$L160
src\hal\source\HL_can.c.1.obj|[168]   |0x000001f8|0|LOCL |FUNC |HIDN |14    |$C$L161
src\hal\source\HL_can.c.1.obj|[169]   |0x00000214|0|LOCL |FUNC |HIDN |14    |$C$L162
src\hal\source\HL_can.c.1.obj|[170]   |0x000019a4|0|LOCL |FUNC |HIDN |12    |$C$L163
src\hal\source\HL_can.c.1.obj|[171]   |0x000019f8|0|LOCL |FUNC |HIDN |12    |$C$L164
src\hal\source\HL_can.c.1.obj|[24]    |0x0000038c|0|LOCL |FUNC |HIDN |12    |$C$L17
src\hal\source\HL_can.c.1.obj|[25]    |0x000003b4|0|LOCL |FUNC |HIDN |12    |$C$L18
src\hal\source\HL_can.c.1.obj|[26]    |0x000003dc|0|LOCL |FUNC |HIDN |12    |$C$L19
src\hal\source\HL_can.c.1.obj|[4]     |0x00000038|0|LOCL |FUNC |HIDN |12    |$C$L2
src\hal\source\HL_can.c.1.obj|[27]    |0x00000404|0|LOCL |FUNC |HIDN |12    |$C$L20
src\hal\source\HL_can.c.1.obj|[28]    |0x0000042c|0|LOCL |FUNC |HIDN |12    |$C$L21
src\hal\source\HL_can.c.1.obj|[29]    |0x00000454|0|LOCL |FUNC |HIDN |12    |$C$L22
src\hal\source\HL_can.c.1.obj|[30]    |0x0000047c|0|LOCL |FUNC |HIDN |12    |$C$L23
src\hal\source\HL_can.c.1.obj|[31]    |0x000004a4|0|LOCL |FUNC |HIDN |12    |$C$L24
src\hal\source\HL_can.c.1.obj|[32]    |0x000004cc|0|LOCL |FUNC |HIDN |12    |$C$L25
src\hal\source\HL_can.c.1.obj|[33]    |0x000004f4|0|LOCL |FUNC |HIDN |12    |$C$L26
src\hal\source\HL_can.c.1.obj|[34]    |0x0000051c|0|LOCL |FUNC |HIDN |12    |$C$L27
src\hal\source\HL_can.c.1.obj|[35]    |0x00000544|0|LOCL |FUNC |HIDN |12    |$C$L28
src\hal\source\HL_can.c.1.obj|[36]    |0x0000056c|0|LOCL |FUNC |HIDN |12    |$C$L29
src\hal\source\HL_can.c.1.obj|[5]     |0x00000074|0|LOCL |FUNC |HIDN |12    |$C$L3
src\hal\source\HL_can.c.1.obj|[37]    |0x00000594|0|LOCL |FUNC |HIDN |12    |$C$L30
src\hal\source\HL_can.c.1.obj|[38]    |0x000005bc|0|LOCL |FUNC |HIDN |12    |$C$L31
src\hal\source\HL_can.c.1.obj|[39]    |0x000005e4|0|LOCL |FUNC |HIDN |12    |$C$L32
src\hal\source\HL_can.c.1.obj|[40]    |0x0000060c|0|LOCL |FUNC |HIDN |12    |$C$L33
src\hal\source\HL_can.c.1.obj|[41]    |0x00000634|0|LOCL |FUNC |HIDN |12    |$C$L34
src\hal\source\HL_can.c.1.obj|[42]    |0x0000065c|0|LOCL |FUNC |HIDN |12    |$C$L35
src\hal\source\HL_can.c.1.obj|[43]    |0x00000684|0|LOCL |FUNC |HIDN |12    |$C$L36
src\hal\source\HL_can.c.1.obj|[44]    |0x000006ac|0|LOCL |FUNC |HIDN |12    |$C$L37
src\hal\source\HL_can.c.1.obj|[45]    |0x000006d4|0|LOCL |FUNC |HIDN |12    |$C$L38
src\hal\source\HL_can.c.1.obj|[46]    |0x000006fc|0|LOCL |FUNC |HIDN |12    |$C$L39
src\hal\source\HL_can.c.1.obj|[6]     |0x00000094|0|LOCL |FUNC |HIDN |12    |$C$L4
src\hal\source\HL_can.c.1.obj|[47]    |0x00000724|0|LOCL |FUNC |HIDN |12    |$C$L40
src\hal\source\HL_can.c.1.obj|[48]    |0x00000754|0|LOCL |FUNC |HIDN |12    |$C$L41
src\hal\source\HL_can.c.1.obj|[49]    |0x0000077c|0|LOCL |FUNC |HIDN |12    |$C$L42
src\hal\source\HL_can.c.1.obj|[50]    |0x000007a4|0|LOCL |FUNC |HIDN |12    |$C$L43
src\hal\source\HL_can.c.1.obj|[51]    |0x000007cc|0|LOCL |FUNC |HIDN |12    |$C$L44
src\hal\source\HL_can.c.1.obj|[52]    |0x000007f4|0|LOCL |FUNC |HIDN |12    |$C$L45
src\hal\source\HL_can.c.1.obj|[53]    |0x0000081c|0|LOCL |FUNC |HIDN |12    |$C$L46
src\hal\source\HL_can.c.1.obj|[54]    |0x00000844|0|LOCL |FUNC |HIDN |12    |$C$L47
src\hal\source\HL_can.c.1.obj|[55]    |0x0000086c|0|LOCL |FUNC |HIDN |12    |$C$L48
src\hal\source\HL_can.c.1.obj|[56]    |0x00000894|0|LOCL |FUNC |HIDN |12    |$C$L49
src\hal\source\HL_can.c.1.obj|[7]     |0x000000b8|0|LOCL |FUNC |HIDN |12    |$C$L5
src\hal\source\HL_can.c.1.obj|[57]    |0x000008bc|0|LOCL |FUNC |HIDN |12    |$C$L50
src\hal\source\HL_can.c.1.obj|[58]    |0x000008e4|0|LOCL |FUNC |HIDN |12    |$C$L51
src\hal\source\HL_can.c.1.obj|[59]    |0x0000090c|0|LOCL |FUNC |HIDN |12    |$C$L52
src\hal\source\HL_can.c.1.obj|[60]    |0x00000934|0|LOCL |FUNC |HIDN |12    |$C$L53
src\hal\source\HL_can.c.1.obj|[61]    |0x0000095c|0|LOCL |FUNC |HIDN |12    |$C$L54
src\hal\source\HL_can.c.1.obj|[62]    |0x00000984|0|LOCL |FUNC |HIDN |12    |$C$L55
src\hal\source\HL_can.c.1.obj|[63]    |0x000009ac|0|LOCL |FUNC |HIDN |12    |$C$L56
src\hal\source\HL_can.c.1.obj|[64]    |0x000009d4|0|LOCL |FUNC |HIDN |12    |$C$L57
src\hal\source\HL_can.c.1.obj|[65]    |0x000009fc|0|LOCL |FUNC |HIDN |12    |$C$L58
src\hal\source\HL_can.c.1.obj|[66]    |0x00000a24|0|LOCL |FUNC |HIDN |12    |$C$L59
src\hal\source\HL_can.c.1.obj|[8]     |0x000000e0|0|LOCL |FUNC |HIDN |12    |$C$L6
src\hal\source\HL_can.c.1.obj|[67]    |0x00000a4c|0|LOCL |FUNC |HIDN |12    |$C$L60
src\hal\source\HL_can.c.1.obj|[68]    |0x00000a74|0|LOCL |FUNC |HIDN |12    |$C$L61
src\hal\source\HL_can.c.1.obj|[69]    |0x00000a9c|0|LOCL |FUNC |HIDN |12    |$C$L62
src\hal\source\HL_can.c.1.obj|[70]    |0x00000ac4|0|LOCL |FUNC |HIDN |12    |$C$L63
src\hal\source\HL_can.c.1.obj|[71]    |0x00000aec|0|LOCL |FUNC |HIDN |12    |$C$L64
src\hal\source\HL_can.c.1.obj|[72]    |0x00000b14|0|LOCL |FUNC |HIDN |12    |$C$L65
src\hal\source\HL_can.c.1.obj|[73]    |0x00000b3c|0|LOCL |FUNC |HIDN |12    |$C$L66
src\hal\source\HL_can.c.1.obj|[74]    |0x00000b64|0|LOCL |FUNC |HIDN |12    |$C$L67
src\hal\source\HL_can.c.1.obj|[75]    |0x00000b8c|0|LOCL |FUNC |HIDN |12    |$C$L68
src\hal\source\HL_can.c.1.obj|[76]    |0x00000bb4|0|LOCL |FUNC |HIDN |12    |$C$L69
src\hal\source\HL_can.c.1.obj|[9]     |0x00000104|0|LOCL |FUNC |HIDN |12    |$C$L7
src\hal\source\HL_can.c.1.obj|[77]    |0x00000bdc|0|LOCL |FUNC |HIDN |12    |$C$L70
src\hal\source\HL_can.c.1.obj|[78]    |0x00000c04|0|LOCL |FUNC |HIDN |12    |$C$L71
src\hal\source\HL_can.c.1.obj|[79]    |0x00000c1c|0|LOCL |FUNC |HIDN |12    |$C$L72
src\hal\source\HL_can.c.1.obj|[80]    |0x00000c7c|0|LOCL |FUNC |HIDN |12    |$C$L73
src\hal\source\HL_can.c.1.obj|[81]    |0x00000ca0|0|LOCL |FUNC |HIDN |12    |$C$L74
src\hal\source\HL_can.c.1.obj|[82]    |0x00000cc8|0|LOCL |FUNC |HIDN |12    |$C$L75
src\hal\source\HL_can.c.1.obj|[83]    |0x00000cf0|0|LOCL |FUNC |HIDN |12    |$C$L76
src\hal\source\HL_can.c.1.obj|[84]    |0x00000d18|0|LOCL |FUNC |HIDN |12    |$C$L77
src\hal\source\HL_can.c.1.obj|[85]    |0x00000d40|0|LOCL |FUNC |HIDN |12    |$C$L78
src\hal\source\HL_can.c.1.obj|[86]    |0x00000d68|0|LOCL |FUNC |HIDN |12    |$C$L79
src\hal\source\HL_can.c.1.obj|[15]    |0x00000214|0|LOCL |FUNC |HIDN |12    |$C$L8
src\hal\source\HL_can.c.1.obj|[87]    |0x00000d90|0|LOCL |FUNC |HIDN |12    |$C$L80
src\hal\source\HL_can.c.1.obj|[88]    |0x00000db8|0|LOCL |FUNC |HIDN |12    |$C$L81
src\hal\source\HL_can.c.1.obj|[89]    |0x00000de0|0|LOCL |FUNC |HIDN |12    |$C$L82
src\hal\source\HL_can.c.1.obj|[90]    |0x00000e08|0|LOCL |FUNC |HIDN |12    |$C$L83
src\hal\source\HL_can.c.1.obj|[91]    |0x00000e30|0|LOCL |FUNC |HIDN |12    |$C$L84
src\hal\source\HL_can.c.1.obj|[92]    |0x00000e58|0|LOCL |FUNC |HIDN |12    |$C$L85
src\hal\source\HL_can.c.1.obj|[93]    |0x00000e80|0|LOCL |FUNC |HIDN |12    |$C$L86
src\hal\source\HL_can.c.1.obj|[94]    |0x00000ea8|0|LOCL |FUNC |HIDN |12    |$C$L87
src\hal\source\HL_can.c.1.obj|[95]    |0x00000ed0|0|LOCL |FUNC |HIDN |12    |$C$L88
src\hal\source\HL_can.c.1.obj|[96]    |0x00000ef8|0|LOCL |FUNC |HIDN |12    |$C$L89
src\hal\source\HL_can.c.1.obj|[16]    |0x0000024c|0|LOCL |FUNC |HIDN |12    |$C$L9
src\hal\source\HL_can.c.1.obj|[97]    |0x00000f20|0|LOCL |FUNC |HIDN |12    |$C$L90
src\hal\source\HL_can.c.1.obj|[98]    |0x00000f48|0|LOCL |FUNC |HIDN |12    |$C$L91
src\hal\source\HL_can.c.1.obj|[99]    |0x00000f70|0|LOCL |FUNC |HIDN |12    |$C$L92
src\hal\source\HL_can.c.1.obj|[100]   |0x00000f98|0|LOCL |FUNC |HIDN |12    |$C$L93
src\hal\source\HL_can.c.1.obj|[101]   |0x00000fc0|0|LOCL |FUNC |HIDN |12    |$C$L94
src\hal\source\HL_can.c.1.obj|[102]   |0x00000fe8|0|LOCL |FUNC |HIDN |12    |$C$L95
src\hal\source\HL_can.c.1.obj|[103]   |0x0000100c|0|LOCL |FUNC |HIDN |12    |$C$L96
src\hal\source\HL_can.c.1.obj|[104]   |0x00001034|0|LOCL |FUNC |HIDN |12    |$C$L97
src\hal\source\HL_can.c.1.obj|[105]   |0x0000105c|0|LOCL |FUNC |HIDN |12    |$C$L98
src\hal\source\HL_can.c.1.obj|[106]   |0x00001084|0|LOCL |FUNC |HIDN |12    |$C$L99
src\hal\source\HL_can.c.1.obj|[213]   |0x0000194c|0|LOCL |NONE |HIDN |12    |$a
src\hal\source\HL_can.c.1.obj|[212]   |0x00000190|0|LOCL |NONE |HIDN |14    |$a
src\hal\source\HL_can.c.1.obj|[209]   |0x00000078|0|LOCL |NONE |HIDN |14    |$a
src\hal\source\HL_can.c.1.obj|[210]   |0x00001898|0|LOCL |NONE |HIDN |12    |$a
src\hal\source\HL_can.c.1.obj|[211]   |0x00000118|0|LOCL |NONE |HIDN |14    |$a
src\hal\source\HL_can.c.1.obj|[190]   |0x00000148|0|LOCL |NONE |HIDN |12    |$a
src\hal\source\HL_can.c.1.obj|[185]   |0x00000000|0|LOCL |NONE |HIDN |12    |$a
src\hal\source\HL_can.c.1.obj|[186]   |0x0000004c|0|LOCL |NONE |HIDN |12    |$a
src\hal\source\HL_can.c.1.obj|[187]   |0x000000bc|0|LOCL |NONE |HIDN |12    |$a
src\hal\source\HL_can.c.1.obj|[188]   |0x00000108|0|LOCL |NONE |HIDN |12    |$a
src\hal\source\HL_can.c.1.obj|[189]   |0x00000128|0|LOCL |NONE |HIDN |12    |$a
src\hal\source\HL_can.c.1.obj|[191]   |0x00000168|0|LOCL |NONE |HIDN |12    |$a
src\hal\source\HL_can.c.1.obj|[192]   |0x00000174|0|LOCL |NONE |HIDN |12    |$a
src\hal\source\HL_can.c.1.obj|[193]   |0x00000198|0|LOCL |NONE |HIDN |12    |$a
src\hal\source\HL_can.c.1.obj|[194]   |0x000001bc|0|LOCL |NONE |HIDN |12    |$a
src\hal\source\HL_can.c.1.obj|[196]   |0x000001dc|0|LOCL |NONE |HIDN |12    |$a
src\hal\source\HL_can.c.1.obj|[197]   |0x000016bc|0|LOCL |NONE |HIDN |12    |$a
src\hal\source\HL_can.c.1.obj|[198]   |0x000016c8|0|LOCL |NONE |HIDN |12    |$a
src\hal\source\HL_can.c.1.obj|[199]   |0x00001700|0|LOCL |NONE |HIDN |12    |$a
src\hal\source\HL_can.c.1.obj|[200]   |0x0000170c|0|LOCL |NONE |HIDN |12    |$a
src\hal\source\HL_can.c.1.obj|[201]   |0x000017b0|0|LOCL |NONE |HIDN |12    |$a
src\hal\source\HL_can.c.1.obj|[202]   |0x00001820|0|LOCL |NONE |HIDN |12    |$a
src\hal\source\HL_can.c.1.obj|[203]   |0x0000183c|0|LOCL |NONE |HIDN |12    |$a
src\hal\source\HL_can.c.1.obj|[204]   |0x0000184c|0|LOCL |NONE |HIDN |12    |$a
src\hal\source\HL_can.c.1.obj|[205]   |0x0000185c|0|LOCL |NONE |HIDN |12    |$a
src\hal\source\HL_can.c.1.obj|[206]   |0x00001878|0|LOCL |NONE |HIDN |12    |$a
src\hal\source\HL_can.c.1.obj|[207]   |0x00001888|0|LOCL |NONE |HIDN |12    |$a
src\hal\source\HL_can.c.1.obj|[208]   |0x00000000|0|LOCL |NONE |HIDN |14    |$a
src\hal\source\HL_can.c.1.obj|[214]   |0x00001a00|0|LOCL |NONE |HIDN |12    |$d
src\hal\source\HL_can.c.1.obj|[215]   |0x00000230|0|LOCL |NONE |HIDN |14    |$d
src\hal\source\HL_can.c.1.obj|[184]   |0x00000000|0|LOCL |NONE |HIDN |13    |$d
src\hal\source\HL_can.c.1.obj|[195]   |0x000001c8|0|LOCL |NONE |HIDN |12    |$d
src\hal\source\HL_can.c.1.obj|[182]   |0x00000000|0|LOCL |SECT |HIDN |13    |.const:s_canByteOrder
src\hal\source\HL_can.c.1.obj|[257]   |0x00000000|0|LOCL |SECT |HIDN |55    |.debug_abbrev
src\hal\source\HL_can.c.1.obj|[259]   |0x00000000|0|LOCL |SECT |HIDN |57    |.debug_abbrev
src\hal\source\HL_can.c.1.obj|[261]   |0x00000000|0|LOCL |SECT |HIDN |59    |.debug_abbrev
src\hal\source\HL_can.c.1.obj|[263]   |0x00000000|0|LOCL |SECT |HIDN |61    |.debug_abbrev
src\hal\source\HL_can.c.1.obj|[265]   |0x00000000|0|LOCL |SECT |HIDN |63    |.debug_abbrev
src\hal\source\HL_can.c.1.obj|[267]   |0x00000000|0|LOCL |SECT |HIDN |65    |.debug_abbrev
src\hal\source\HL_can.c.1.obj|[269]   |0x00000000|0|LOCL |SECT |HIDN |67    |.debug_abbrev
src\hal\source\HL_can.c.1.obj|[271]   |0x00000000|0|LOCL |SECT |HIDN |69    |.debug_abbrev
src\hal\source\HL_can.c.1.obj|[273]   |0x00000000|0|LOCL |SECT |HIDN |71    |.debug_abbrev
src\hal\source\HL_can.c.1.obj|[249]   |0x00000000|0|LOCL |SECT |HIDN |48    |.debug_abbrev
src\hal\source\HL_can.c.1.obj|[248]   |0x00000000|0|LOCL |SECT |HIDN |47    |.debug_abbrev
src\hal\source\HL_can.c.1.obj|[250]   |0x00000000|0|LOCL |SECT |HIDN |49    |.debug_abbrev
src\hal\source\HL_can.c.1.obj|[251]   |0x00000000|0|LOCL |SECT |HIDN |50    |.debug_abbrev
src\hal\source\HL_can.c.1.obj|[253]   |0x00000000|0|LOCL |SECT |HIDN |51    |.debug_abbrev
src\hal\source\HL_can.c.1.obj|[255]   |0x00000000|0|LOCL |SECT |HIDN |53    |.debug_abbrev
src\hal\source\HL_can.c.1.obj|[274]   |0x00000000|0|LOCL |SECT |HIDN |73    |.debug_aranges
src\hal\source\HL_can.c.1.obj|[275]   |0x00000000|0|LOCL |SECT |HIDN |74    |.debug_aranges
src\hal\source\HL_can.c.1.obj|[247]   |0x00000000|0|LOCL |SECT |HIDN |46    |.debug_frame
src\hal\source\HL_can.c.1.obj|[246]   |0x00000000|0|LOCL |SECT |HIDN |45    |.debug_frame
src\hal\source\HL_can.c.1.obj|[225]   |0x00000000|0|LOCL |SECT |HIDN |24    |.debug_info
src\hal\source\HL_can.c.1.obj|[222]   |0x00000000|0|LOCL |SECT |HIDN |21    |.debug_info
src\hal\source\HL_can.c.1.obj|[216]   |0x00000000|0|LOCL |SECT |HIDN |15    |.debug_info
src\hal\source\HL_can.c.1.obj|[217]   |0x00000000|0|LOCL |SECT |HIDN |16    |.debug_info
src\hal\source\HL_can.c.1.obj|[218]   |0x00000000|0|LOCL |SECT |HIDN |17    |.debug_info
src\hal\source\HL_can.c.1.obj|[219]   |0x00000000|0|LOCL |SECT |HIDN |18    |.debug_info
src\hal\source\HL_can.c.1.obj|[220]   |0x00000000|0|LOCL |SECT |HIDN |19    |.debug_info
src\hal\source\HL_can.c.1.obj|[221]   |0x00000000|0|LOCL |SECT |HIDN |20    |.debug_info
src\hal\source\HL_can.c.1.obj|[223]   |0x00000000|0|LOCL |SECT |HIDN |22    |.debug_info
src\hal\source\HL_can.c.1.obj|[224]   |0x00000000|0|LOCL |SECT |HIDN |23    |.debug_info
src\hal\source\HL_can.c.1.obj|[226]   |0x00000000|0|LOCL |SECT |HIDN |25    |.debug_info
src\hal\source\HL_can.c.1.obj|[227]   |0x00000000|0|LOCL |SECT |HIDN |26    |.debug_info
src\hal\source\HL_can.c.1.obj|[228]   |0x00000000|0|LOCL |SECT |HIDN |27    |.debug_info
src\hal\source\HL_can.c.1.obj|[229]   |0x00000000|0|LOCL |SECT |HIDN |28    |.debug_info
src\hal\source\HL_can.c.1.obj|[230]   |0x00000000|0|LOCL |SECT |HIDN |29    |.debug_info
src\hal\source\HL_can.c.1.obj|[231]   |0x00000000|0|LOCL |SECT |HIDN |30    |.debug_line
src\hal\source\HL_can.c.1.obj|[236]   |0x00000000|0|LOCL |SECT |HIDN |35    |.debug_line
src\hal\source\HL_can.c.1.obj|[237]   |0x00000000|0|LOCL |SECT |HIDN |36    |.debug_line
src\hal\source\HL_can.c.1.obj|[238]   |0x00000000|0|LOCL |SECT |HIDN |37    |.debug_line
src\hal\source\HL_can.c.1.obj|[239]   |0x00000000|0|LOCL |SECT |HIDN |38    |.debug_line
src\hal\source\HL_can.c.1.obj|[240]   |0x00000000|0|LOCL |SECT |HIDN |39    |.debug_line
src\hal\source\HL_can.c.1.obj|[241]   |0x00000000|0|LOCL |SECT |HIDN |40    |.debug_line
src\hal\source\HL_can.c.1.obj|[242]   |0x00000000|0|LOCL |SECT |HIDN |41    |.debug_line
src\hal\source\HL_can.c.1.obj|[233]   |0x00000000|0|LOCL |SECT |HIDN |32    |.debug_line
src\hal\source\HL_can.c.1.obj|[244]   |0x00000000|0|LOCL |SECT |HIDN |43    |.debug_line
src\hal\source\HL_can.c.1.obj|[243]   |0x00000000|0|LOCL |SECT |HIDN |42    |.debug_line
src\hal\source\HL_can.c.1.obj|[234]   |0x00000000|0|LOCL |SECT |HIDN |33    |.debug_line
src\hal\source\HL_can.c.1.obj|[232]   |0x00000000|0|LOCL |SECT |HIDN |31    |.debug_line
src\hal\source\HL_can.c.1.obj|[235]   |0x00000000|0|LOCL |SECT |HIDN |34    |.debug_line
src\hal\source\HL_can.c.1.obj|[245]   |0x00000000|0|LOCL |SECT |HIDN |44    |.debug_line
src\hal\source\HL_can.c.1.obj|[277]   |0x00000000|0|LOCL |SECT |HIDN |76    |.debug_pubnames
src\hal\source\HL_can.c.1.obj|[278]   |0x00000000|0|LOCL |SECT |HIDN |77    |.debug_pubnames
src\hal\source\HL_can.c.1.obj|[276]   |0x00000000|0|LOCL |SECT |HIDN |75    |.debug_pubnames
src\hal\source\HL_can.c.1.obj|[286]   |0x00000000|0|LOCL |SECT |HIDN |85    |.debug_pubtypes
src\hal\source\HL_can.c.1.obj|[287]   |0x00000000|0|LOCL |SECT |HIDN |86    |.debug_pubtypes
src\hal\source\HL_can.c.1.obj|[288]   |0x00000000|0|LOCL |SECT |HIDN |87    |.debug_pubtypes
src\hal\source\HL_can.c.1.obj|[289]   |0x00000000|0|LOCL |SECT |HIDN |88    |.debug_pubtypes
src\hal\source\HL_can.c.1.obj|[279]   |0x00000000|0|LOCL |SECT |HIDN |78    |.debug_pubtypes
src\hal\source\HL_can.c.1.obj|[280]   |0x00000000|0|LOCL |SECT |HIDN |79    |.debug_pubtypes
src\hal\source\HL_can.c.1.obj|[281]   |0x00000000|0|LOCL |SECT |HIDN |80    |.debug_pubtypes
src\hal\source\HL_can.c.1.obj|[282]   |0x00000000|0|LOCL |SECT |HIDN |81    |.debug_pubtypes
src\hal\source\HL_can.c.1.obj|[283]   |0x00000000|0|LOCL |SECT |HIDN |82    |.debug_pubtypes
src\hal\source\HL_can.c.1.obj|[284]   |0x00000000|0|LOCL |SECT |HIDN |83    |.debug_pubtypes
src\hal\source\HL_can.c.1.obj|[285]   |0x00000000|0|LOCL |SECT |HIDN |84    |.debug_pubtypes
src\hal\source\HL_can.c.1.obj|[258]   |0x00000000|0|LOCL |SECT |HIDN |58    |.debug_str
src\hal\source\HL_can.c.1.obj|[252]   |0x00000000|0|LOCL |SECT |HIDN |52    |.debug_str
src\hal\source\HL_can.c.1.obj|[254]   |0x00000000|0|LOCL |SECT |HIDN |54    |.debug_str
src\hal\source\HL_can.c.1.obj|[256]   |0x00000000|0|LOCL |SECT |HIDN |56    |.debug_str
src\hal\source\HL_can.c.1.obj|[272]   |0x00000000|0|LOCL |SECT |HIDN |72    |.debug_str
src\hal\source\HL_can.c.1.obj|[260]   |0x00000000|0|LOCL |SECT |HIDN |60    |.debug_str
src\hal\source\HL_can.c.1.obj|[262]   |0x00000000|0|LOCL |SECT |HIDN |62    |.debug_str
src\hal\source\HL_can.c.1.obj|[264]   |0x00000000|0|LOCL |SECT |HIDN |64    |.debug_str
src\hal\source\HL_can.c.1.obj|[266]   |0x00000000|0|LOCL |SECT |HIDN |66    |.debug_str
src\hal\source\HL_can.c.1.obj|[268]   |0x00000000|0|LOCL |SECT |HIDN |68    |.debug_str
src\hal\source\HL_can.c.1.obj|[270]   |0x00000000|0|LOCL |SECT |HIDN |70    |.debug_str
src\hal\source\HL_can.c.1.obj|[181]   |0x00000000|0|LOCL |SECT |HIDN |12    |.text
src\hal\source\HL_can.c.1.obj|[183]   |0x00000000|0|LOCL |SECT |HIDN |14    |.text:retain
src\hal\source\HL_can.c.1.obj|[290]   |0x00000000|0|WEAK |FUNC |HIDN |UNDEF |Lib$$Request$$armlib
src\hal\source\HL_can.c.1.obj|[291]   |0x00000000|0|WEAK |FUNC |HIDN |UNDEF |Lib$$Request$$cpplib
src\hal\source\HL_can.c.1.obj|[325]   |0x00000000|0|GLOB |NONE |HIDN |21    |__TI_DW.debug_info.$base_types.a3001db55c69772f4e2efd565078122a
src\hal\source\HL_can.c.1.obj|[332]   |0x00000000|0|GLOB |NONE |HIDN |28    |__TI_DW.debug_info.HL_can.h.1630562fb95cacb7a32f67f6d5e8c788
src\hal\source\HL_can.c.1.obj|[324]   |0x00000000|0|GLOB |NONE |HIDN |20    |__TI_DW.debug_info.HL_hal_stdtypes.h.f6fe50beccb00e10c974b1712ae0460c
src\hal\source\HL_can.c.1.obj|[331]   |0x00000000|0|GLOB |NONE |HIDN |27    |__TI_DW.debug_info.HL_reg_can.h.924d9b21fd38995cf9ce170f66f0f00d
src\hal\source\HL_can.c.1.obj|[333]   |0x00000000|0|GLOB |NONE |HIDN |29    |__TI_DW.debug_info.HL_reg_vim.h.d860fe5f18ea68a228b5309189148bc1
src\hal\source\HL_can.c.1.obj|[330]   |0x00000000|0|GLOB |NONE |HIDN |26    |__TI_DW.debug_info.HL_sys_common.h.e8daada136d191dca44e4b47f4729313
src\hal\source\HL_can.c.1.obj|[326]   |0x00000000|0|GLOB |NONE |HIDN |22    |__TI_DW.debug_info.HL_sys_vim.h.bc34994e235d47a6d5290aaf78ab20cf
src\hal\source\HL_can.c.1.obj|[329]   |0x00000000|0|GLOB |NONE |HIDN |25    |__TI_DW.debug_info._stdint.h.55dc0724062de24f6648c36a36931c9a
src\hal\source\HL_can.c.1.obj|[323]   |0x00000000|0|GLOB |NONE |HIDN |19    |__TI_DW.debug_info._types.h.59562a94a523b27bdcf6ba60164276f0
src\hal\source\HL_can.c.1.obj|[327]   |0x00000000|0|GLOB |NONE |HIDN |23    |__TI_DW.debug_info._types.h.62a9317002fb36f2a0c7d45aa6f41cd3
src\hal\source\HL_can.c.1.obj|[328]   |0x00000000|0|GLOB |NONE |HIDN |24    |__TI_DW.debug_info.stdint.h.ad4b679dbce029afdbcc9a8c662c70ff
src\hal\source\HL_can.c.1.obj|[306]   |0x0000194c|180|GLOB |FUNC |HIDN |12    |can1GetConfigValue
src\hal\source\HL_can.c.1.obj|[301]   |0x00000190|160|GLOB |FUNC |HIDN |14    |can1HighLevelInterrupt
src\hal\source\HL_can.c.1.obj|[318]   |0x00000118|120|GLOB |FUNC |HIDN |14    |can1LowLevelInterrupt
src\hal\source\HL_can.c.1.obj|[307]   |0x00001898|180|GLOB |FUNC |HIDN |12    |can2GetConfigValue
src\hal\source\HL_can.c.1.obj|[313]   |0x00000078|160|GLOB |FUNC |HIDN |14    |can2HighLevelInterrupt
src\hal\source\HL_can.c.1.obj|[311]   |0x00000000|120|GLOB |FUNC |HIDN |14    |can2LowLevelInterrupt
src\hal\source\HL_can.c.1.obj|[303]   |0x00001888|16|GLOB |FUNC |HIDN |12    |canDisableErrorNotification
src\hal\source\HL_can.c.1.obj|[309]   |0x00001878|16|GLOB |FUNC |HIDN |12    |canDisableStatusChangeNotification
src\hal\source\HL_can.c.1.obj|[295]   |0x0000185c|28|GLOB |FUNC |HIDN |12    |canDisableloopback
src\hal\source\HL_can.c.1.obj|[317]   |0x0000184c|16|GLOB |FUNC |HIDN |12    |canEnableErrorNotification
src\hal\source\HL_can.c.1.obj|[316]   |0x0000183c|16|GLOB |FUNC |HIDN |12    |canEnableStatusChangeNotification
src\hal\source\HL_can.c.1.obj|[308]   |0x00001820|28|GLOB |FUNC |HIDN |12    |canEnableloopback
src\hal\source\HL_can.c.1.obj|[297]   |0x00000000|0|GLOB |NONE |HIDN |UNDEF |canErrorNotification
src\hal\source\HL_can.c.1.obj|[305]   |0x000017b0|112|GLOB |FUNC |HIDN |12    |canFillMessageObjectData
src\hal\source\HL_can.c.1.obj|[304]   |0x0000170c|164|GLOB |FUNC |HIDN |12    |canGetData
src\hal\source\HL_can.c.1.obj|[312]   |0x00001700|12|GLOB |FUNC |HIDN |12    |canGetErrorLevel
src\hal\source\HL_can.c.1.obj|[302]   |0x000016c8|56|GLOB |FUNC |HIDN |12    |canGetID
src\hal\source\HL_can.c.1.obj|[315]   |0x000016bc|12|GLOB |FUNC |HIDN |12    |canGetLastError
src\hal\source\HL_can.c.1.obj|[294]   |0x000001dc|5344|GLOB |FUNC |HIDN |12    |canInit
src\hal\source\HL_can.c.1.obj|[320]   |0x000001bc|12|GLOB |FUNC |HIDN |12    |canIoRxGetBit
src\hal\source\HL_can.c.1.obj|[321]   |0x00000198|36|GLOB |FUNC |HIDN |12    |canIoSetDirection
src\hal\source\HL_can.c.1.obj|[310]   |0x00000174|36|GLOB |FUNC |HIDN |12    |canIoSetPort
src\hal\source\HL_can.c.1.obj|[300]   |0x00000168|12|GLOB |FUNC |HIDN |12    |canIoTxGetBit
src\hal\source\HL_can.c.1.obj|[293]   |0x00000148|32|GLOB |FUNC |HIDN |12    |canIsMessageBoxValid
src\hal\source\HL_can.c.1.obj|[292]   |0x00000128|32|GLOB |FUNC |HIDN |12    |canIsRxMessageArrived
src\hal\source\HL_can.c.1.obj|[322]   |0x00000108|32|GLOB |FUNC |HIDN |12    |canIsTxMessagePending
src\hal\source\HL_can.c.1.obj|[299]   |0x00000000|0|GLOB |NONE |HIDN |UNDEF |canMessageNotification
src\hal\source\HL_can.c.1.obj|[298]   |0x000000bc|76|GLOB |FUNC |HIDN |12    |canSendRemoteFrame
src\hal\source\HL_can.c.1.obj|[314]   |0x00000000|0|GLOB |NONE |HIDN |UNDEF |canStatusChangeNotification
src\hal\source\HL_can.c.1.obj|[319]   |0x0000004c|112|GLOB |FUNC |HIDN |12    |canTransmit
src\hal\source\HL_can.c.1.obj|[296]   |0x00000000|76|GLOB |FUNC |HIDN |12    |canUpdateID
src\hal\source\HL_can.c.1.obj|[2]     |0x00000000|32|LOCL |OBJT |HIDN |13    |s_canByteOrder
src\hal\source\HL_can.c.1.obj|[1]     |0x00000000|0|LOCL |FILE |HIDN |ABS   |{ADCDD2B2-A74E-4195-B2D9-BFA21657321A}
