
file            [index]  value      size  bind  type  vis   shndx  symbol name 

src\hal\source\HL_dcc.c.1.obj|[0]     |0x00000000|0|LOCL |NONE |DFLT |UNDEF |
src\hal\source\HL_dcc.c.1.obj|[6]     |0x000001f0|0|LOCL |FUNC |HIDN |12    |$C$CON1
src\hal\source\HL_dcc.c.1.obj|[7]     |0x000001f4|0|LOCL |FUNC |HIDN |12    |$C$CON2
src\hal\source\HL_dcc.c.1.obj|[8]     |0x000001f8|0|LOCL |FUNC |HIDN |12    |$C$CON3
src\hal\source\HL_dcc.c.1.obj|[9]     |0x000001fc|0|LOCL |FUNC |HIDN |12    |$C$CON4
src\hal\source\HL_dcc.c.1.obj|[2]     |0x0000014c|0|LOCL |FUNC |HIDN |12    |$C$L1
src\hal\source\HL_dcc.c.1.obj|[3]     |0x00000178|0|LOCL |FUNC |HIDN |12    |$C$L2
src\hal\source\HL_dcc.c.1.obj|[4]     |0x000001bc|0|LOCL |FUNC |HIDN |12    |$C$L3
src\hal\source\HL_dcc.c.1.obj|[5]     |0x000001e8|0|LOCL |FUNC |HIDN |12    |$C$L4
src\hal\source\HL_dcc.c.1.obj|[23]    |0x00000180|0|LOCL |NONE |HIDN |12    |$a
src\hal\source\HL_dcc.c.1.obj|[11]    |0x00000000|0|LOCL |NONE |HIDN |12    |$a
src\hal\source\HL_dcc.c.1.obj|[12]    |0x00000008|0|LOCL |NONE |HIDN |12    |$a
src\hal\source\HL_dcc.c.1.obj|[13]    |0x00000018|0|LOCL |NONE |HIDN |12    |$a
src\hal\source\HL_dcc.c.1.obj|[14]    |0x00000020|0|LOCL |NONE |HIDN |12    |$a
src\hal\source\HL_dcc.c.1.obj|[15]    |0x00000028|0|LOCL |NONE |HIDN |12    |$a
src\hal\source\HL_dcc.c.1.obj|[16]    |0x0000003c|0|LOCL |NONE |HIDN |12    |$a
src\hal\source\HL_dcc.c.1.obj|[17]    |0x000000a0|0|LOCL |NONE |HIDN |12    |$a
src\hal\source\HL_dcc.c.1.obj|[18]    |0x000000ac|0|LOCL |NONE |HIDN |12    |$a
src\hal\source\HL_dcc.c.1.obj|[19]    |0x000000c4|0|LOCL |NONE |HIDN |12    |$a
src\hal\source\HL_dcc.c.1.obj|[20]    |0x000000d8|0|LOCL |NONE |HIDN |12    |$a
src\hal\source\HL_dcc.c.1.obj|[21]    |0x000000fc|0|LOCL |NONE |HIDN |12    |$a
src\hal\source\HL_dcc.c.1.obj|[22]    |0x00000110|0|LOCL |NONE |HIDN |12    |$a
src\hal\source\HL_dcc.c.1.obj|[24]    |0x000001f0|0|LOCL |NONE |HIDN |12    |$d
src\hal\source\HL_dcc.c.1.obj|[65]    |0x00000000|0|LOCL |SECT |HIDN |52    |.debug_abbrev
src\hal\source\HL_dcc.c.1.obj|[67]    |0x00000000|0|LOCL |SECT |HIDN |54    |.debug_abbrev
src\hal\source\HL_dcc.c.1.obj|[69]    |0x00000000|0|LOCL |SECT |HIDN |56    |.debug_abbrev
src\hal\source\HL_dcc.c.1.obj|[52]    |0x00000000|0|LOCL |SECT |HIDN |40    |.debug_abbrev
src\hal\source\HL_dcc.c.1.obj|[53]    |0x00000000|0|LOCL |SECT |HIDN |41    |.debug_abbrev
src\hal\source\HL_dcc.c.1.obj|[73]    |0x00000000|0|LOCL |SECT |HIDN |60    |.debug_abbrev
src\hal\source\HL_dcc.c.1.obj|[55]    |0x00000000|0|LOCL |SECT |HIDN |42    |.debug_abbrev
src\hal\source\HL_dcc.c.1.obj|[57]    |0x00000000|0|LOCL |SECT |HIDN |44    |.debug_abbrev
src\hal\source\HL_dcc.c.1.obj|[75]    |0x00000000|0|LOCL |SECT |HIDN |62    |.debug_abbrev
src\hal\source\HL_dcc.c.1.obj|[71]    |0x00000000|0|LOCL |SECT |HIDN |58    |.debug_abbrev
src\hal\source\HL_dcc.c.1.obj|[59]    |0x00000000|0|LOCL |SECT |HIDN |46    |.debug_abbrev
src\hal\source\HL_dcc.c.1.obj|[61]    |0x00000000|0|LOCL |SECT |HIDN |48    |.debug_abbrev
src\hal\source\HL_dcc.c.1.obj|[63]    |0x00000000|0|LOCL |SECT |HIDN |50    |.debug_abbrev
src\hal\source\HL_dcc.c.1.obj|[76]    |0x00000000|0|LOCL |SECT |HIDN |64    |.debug_aranges
src\hal\source\HL_dcc.c.1.obj|[51]    |0x00000000|0|LOCL |SECT |HIDN |39    |.debug_frame
src\hal\source\HL_dcc.c.1.obj|[32]    |0x00000000|0|LOCL |SECT |HIDN |20    |.debug_info
src\hal\source\HL_dcc.c.1.obj|[25]    |0x00000000|0|LOCL |SECT |HIDN |13    |.debug_info
src\hal\source\HL_dcc.c.1.obj|[26]    |0x00000000|0|LOCL |SECT |HIDN |14    |.debug_info
src\hal\source\HL_dcc.c.1.obj|[27]    |0x00000000|0|LOCL |SECT |HIDN |15    |.debug_info
src\hal\source\HL_dcc.c.1.obj|[28]    |0x00000000|0|LOCL |SECT |HIDN |16    |.debug_info
src\hal\source\HL_dcc.c.1.obj|[29]    |0x00000000|0|LOCL |SECT |HIDN |17    |.debug_info
src\hal\source\HL_dcc.c.1.obj|[30]    |0x00000000|0|LOCL |SECT |HIDN |18    |.debug_info
src\hal\source\HL_dcc.c.1.obj|[31]    |0x00000000|0|LOCL |SECT |HIDN |19    |.debug_info
src\hal\source\HL_dcc.c.1.obj|[33]    |0x00000000|0|LOCL |SECT |HIDN |21    |.debug_info
src\hal\source\HL_dcc.c.1.obj|[34]    |0x00000000|0|LOCL |SECT |HIDN |22    |.debug_info
src\hal\source\HL_dcc.c.1.obj|[35]    |0x00000000|0|LOCL |SECT |HIDN |23    |.debug_info
src\hal\source\HL_dcc.c.1.obj|[36]    |0x00000000|0|LOCL |SECT |HIDN |24    |.debug_info
src\hal\source\HL_dcc.c.1.obj|[37]    |0x00000000|0|LOCL |SECT |HIDN |25    |.debug_info
src\hal\source\HL_dcc.c.1.obj|[41]    |0x00000000|0|LOCL |SECT |HIDN |29    |.debug_line
src\hal\source\HL_dcc.c.1.obj|[38]    |0x00000000|0|LOCL |SECT |HIDN |26    |.debug_line
src\hal\source\HL_dcc.c.1.obj|[39]    |0x00000000|0|LOCL |SECT |HIDN |27    |.debug_line
src\hal\source\HL_dcc.c.1.obj|[40]    |0x00000000|0|LOCL |SECT |HIDN |28    |.debug_line
src\hal\source\HL_dcc.c.1.obj|[42]    |0x00000000|0|LOCL |SECT |HIDN |30    |.debug_line
src\hal\source\HL_dcc.c.1.obj|[44]    |0x00000000|0|LOCL |SECT |HIDN |32    |.debug_line
src\hal\source\HL_dcc.c.1.obj|[45]    |0x00000000|0|LOCL |SECT |HIDN |33    |.debug_line
src\hal\source\HL_dcc.c.1.obj|[46]    |0x00000000|0|LOCL |SECT |HIDN |34    |.debug_line
src\hal\source\HL_dcc.c.1.obj|[47]    |0x00000000|0|LOCL |SECT |HIDN |35    |.debug_line
src\hal\source\HL_dcc.c.1.obj|[48]    |0x00000000|0|LOCL |SECT |HIDN |36    |.debug_line
src\hal\source\HL_dcc.c.1.obj|[49]    |0x00000000|0|LOCL |SECT |HIDN |37    |.debug_line
src\hal\source\HL_dcc.c.1.obj|[50]    |0x00000000|0|LOCL |SECT |HIDN |38    |.debug_line
src\hal\source\HL_dcc.c.1.obj|[43]    |0x00000000|0|LOCL |SECT |HIDN |31    |.debug_line
src\hal\source\HL_dcc.c.1.obj|[77]    |0x00000000|0|LOCL |SECT |HIDN |65    |.debug_pubnames
src\hal\source\HL_dcc.c.1.obj|[84]    |0x00000000|0|LOCL |SECT |HIDN |72    |.debug_pubtypes
src\hal\source\HL_dcc.c.1.obj|[78]    |0x00000000|0|LOCL |SECT |HIDN |66    |.debug_pubtypes
src\hal\source\HL_dcc.c.1.obj|[79]    |0x00000000|0|LOCL |SECT |HIDN |67    |.debug_pubtypes
src\hal\source\HL_dcc.c.1.obj|[80]    |0x00000000|0|LOCL |SECT |HIDN |68    |.debug_pubtypes
src\hal\source\HL_dcc.c.1.obj|[81]    |0x00000000|0|LOCL |SECT |HIDN |69    |.debug_pubtypes
src\hal\source\HL_dcc.c.1.obj|[82]    |0x00000000|0|LOCL |SECT |HIDN |70    |.debug_pubtypes
src\hal\source\HL_dcc.c.1.obj|[83]    |0x00000000|0|LOCL |SECT |HIDN |71    |.debug_pubtypes
src\hal\source\HL_dcc.c.1.obj|[85]    |0x00000000|0|LOCL |SECT |HIDN |73    |.debug_pubtypes
src\hal\source\HL_dcc.c.1.obj|[86]    |0x00000000|0|LOCL |SECT |HIDN |74    |.debug_pubtypes
src\hal\source\HL_dcc.c.1.obj|[87]    |0x00000000|0|LOCL |SECT |HIDN |75    |.debug_pubtypes
src\hal\source\HL_dcc.c.1.obj|[88]    |0x00000000|0|LOCL |SECT |HIDN |76    |.debug_pubtypes
src\hal\source\HL_dcc.c.1.obj|[54]    |0x00000000|0|LOCL |SECT |HIDN |43    |.debug_str
src\hal\source\HL_dcc.c.1.obj|[56]    |0x00000000|0|LOCL |SECT |HIDN |45    |.debug_str
src\hal\source\HL_dcc.c.1.obj|[62]    |0x00000000|0|LOCL |SECT |HIDN |51    |.debug_str
src\hal\source\HL_dcc.c.1.obj|[68]    |0x00000000|0|LOCL |SECT |HIDN |57    |.debug_str
src\hal\source\HL_dcc.c.1.obj|[60]    |0x00000000|0|LOCL |SECT |HIDN |49    |.debug_str
src\hal\source\HL_dcc.c.1.obj|[70]    |0x00000000|0|LOCL |SECT |HIDN |59    |.debug_str
src\hal\source\HL_dcc.c.1.obj|[58]    |0x00000000|0|LOCL |SECT |HIDN |47    |.debug_str
src\hal\source\HL_dcc.c.1.obj|[72]    |0x00000000|0|LOCL |SECT |HIDN |61    |.debug_str
src\hal\source\HL_dcc.c.1.obj|[64]    |0x00000000|0|LOCL |SECT |HIDN |53    |.debug_str
src\hal\source\HL_dcc.c.1.obj|[74]    |0x00000000|0|LOCL |SECT |HIDN |63    |.debug_str
src\hal\source\HL_dcc.c.1.obj|[66]    |0x00000000|0|LOCL |SECT |HIDN |55    |.debug_str
src\hal\source\HL_dcc.c.1.obj|[10]    |0x00000000|0|LOCL |SECT |HIDN |12    |.text
src\hal\source\HL_dcc.c.1.obj|[89]    |0x00000000|0|WEAK |FUNC |HIDN |UNDEF |Lib$$Request$$armlib
src\hal\source\HL_dcc.c.1.obj|[90]    |0x00000000|0|WEAK |FUNC |HIDN |UNDEF |Lib$$Request$$cpplib
src\hal\source\HL_dcc.c.1.obj|[106]   |0x00000000|0|GLOB |NONE |HIDN |17    |__TI_DW.debug_info.$base_types.a3001db55c69772f4e2efd565078122a
src\hal\source\HL_dcc.c.1.obj|[112]   |0x00000000|0|GLOB |NONE |HIDN |23    |__TI_DW.debug_info.HL_dcc.h.3becc583d3dc481b840c4c7a6c7622f4
src\hal\source\HL_dcc.c.1.obj|[105]   |0x00000000|0|GLOB |NONE |HIDN |16    |__TI_DW.debug_info.HL_hal_stdtypes.h.f6fe50beccb00e10c974b1712ae0460c
src\hal\source\HL_dcc.c.1.obj|[113]   |0x00000000|0|GLOB |NONE |HIDN |24    |__TI_DW.debug_info.HL_reg_dcc.h.902eda404c1c3ef31dcab1cb60dff9fa
src\hal\source\HL_dcc.c.1.obj|[114]   |0x00000000|0|GLOB |NONE |HIDN |25    |__TI_DW.debug_info.HL_reg_vim.h.d860fe5f18ea68a228b5309189148bc1
src\hal\source\HL_dcc.c.1.obj|[111]   |0x00000000|0|GLOB |NONE |HIDN |22    |__TI_DW.debug_info.HL_sys_common.h.e8daada136d191dca44e4b47f4729313
src\hal\source\HL_dcc.c.1.obj|[107]   |0x00000000|0|GLOB |NONE |HIDN |18    |__TI_DW.debug_info.HL_sys_vim.h.bc34994e235d47a6d5290aaf78ab20cf
src\hal\source\HL_dcc.c.1.obj|[110]   |0x00000000|0|GLOB |NONE |HIDN |21    |__TI_DW.debug_info._stdint.h.55dc0724062de24f6648c36a36931c9a
src\hal\source\HL_dcc.c.1.obj|[104]   |0x00000000|0|GLOB |NONE |HIDN |15    |__TI_DW.debug_info._types.h.59562a94a523b27bdcf6ba60164276f0
src\hal\source\HL_dcc.c.1.obj|[108]   |0x00000000|0|GLOB |NONE |HIDN |19    |__TI_DW.debug_info._types.h.62a9317002fb36f2a0c7d45aa6f41cd3
src\hal\source\HL_dcc.c.1.obj|[109]   |0x00000000|0|GLOB |NONE |HIDN |20    |__TI_DW.debug_info.stdint.h.ad4b679dbce029afdbcc9a8c662c70ff
src\hal\source\HL_dcc.c.1.obj|[94]    |0x00000180|112|GLOB |FUNC |HIDN |12    |dcc1GetConfigValue
src\hal\source\HL_dcc.c.1.obj|[95]    |0x00000110|112|GLOB |FUNC |HIDN |12    |dcc2GetConfigValue
src\hal\source\HL_dcc.c.1.obj|[96]    |0x000000fc|20|GLOB |FUNC |HIDN |12    |dccDisable
src\hal\source\HL_dcc.c.1.obj|[98]    |0x000000d8|36|GLOB |FUNC |HIDN |12    |dccDisableNotification
src\hal\source\HL_dcc.c.1.obj|[93]    |0x000000c4|20|GLOB |FUNC |HIDN |12    |dccEnable
src\hal\source\HL_dcc.c.1.obj|[102]   |0x000000ac|24|GLOB |FUNC |HIDN |12    |dccEnableNotification
src\hal\source\HL_dcc.c.1.obj|[100]   |0x000000a0|12|GLOB |FUNC |HIDN |12    |dccGetErrStatus
src\hal\source\HL_dcc.c.1.obj|[103]   |0x0000003c|100|GLOB |FUNC |HIDN |12    |dccInit
src\hal\source\HL_dcc.c.1.obj|[92]    |0x00000028|20|GLOB |FUNC |HIDN |12    |dccSelectClockSource
src\hal\source\HL_dcc.c.1.obj|[101]   |0x00000020|8|GLOB |FUNC |HIDN |12    |dccSetCounter0Seed
src\hal\source\HL_dcc.c.1.obj|[99]    |0x00000018|8|GLOB |FUNC |HIDN |12    |dccSetCounter1Seed
src\hal\source\HL_dcc.c.1.obj|[97]    |0x00000008|16|GLOB |FUNC |HIDN |12    |dccSetSeed
src\hal\source\HL_dcc.c.1.obj|[91]    |0x00000000|8|GLOB |FUNC |HIDN |12    |dccSetTolerance
src\hal\source\HL_dcc.c.1.obj|[1]     |0x00000000|0|LOCL |FILE |HIDN |ABS   |{CCD30597-DBFC-4E70-9CFE-458878B767C0}
