
file            [index]  value      size  bind  type  vis   shndx  symbol name 

src\hal\source\HL_etpwm.c.1.obj|[0]     |0x00000000|0|LOCL |NONE |DFLT |UNDEF |
src\hal\source\HL_etpwm.c.1.obj|[16]    |0x00000f08|0|LOCL |FUNC |HIDN |13    |$C$CON1
src\hal\source\HL_etpwm.c.1.obj|[25]    |0x00000f2c|0|LOCL |FUNC |HIDN |13    |$C$CON10
src\hal\source\HL_etpwm.c.1.obj|[17]    |0x00000f0c|0|LOCL |FUNC |HIDN |13    |$C$CON2
src\hal\source\HL_etpwm.c.1.obj|[18]    |0x00000f10|0|LOCL |FUNC |HIDN |13    |$C$CON3
src\hal\source\HL_etpwm.c.1.obj|[19]    |0x00000f14|0|LOCL |FUNC |HIDN |13    |$C$CON4
src\hal\source\HL_etpwm.c.1.obj|[20]    |0x00000f18|0|LOCL |FUNC |HIDN |13    |$C$CON5
src\hal\source\HL_etpwm.c.1.obj|[21]    |0x00000f1c|0|LOCL |FUNC |HIDN |13    |$C$CON6
src\hal\source\HL_etpwm.c.1.obj|[22]    |0x00000f20|0|LOCL |FUNC |HIDN |13    |$C$CON7
src\hal\source\HL_etpwm.c.1.obj|[23]    |0x00000f24|0|LOCL |FUNC |HIDN |13    |$C$CON8
src\hal\source\HL_etpwm.c.1.obj|[24]    |0x00000f28|0|LOCL |FUNC |HIDN |13    |$C$CON9
src\hal\source\HL_etpwm.c.1.obj|[2]     |0x00000614|0|LOCL |FUNC |HIDN |13    |$C$L1
src\hal\source\HL_etpwm.c.1.obj|[11]    |0x00000c4c|0|LOCL |FUNC |HIDN |13    |$C$L10
src\hal\source\HL_etpwm.c.1.obj|[12]    |0x00000ce0|0|LOCL |FUNC |HIDN |13    |$C$L11
src\hal\source\HL_etpwm.c.1.obj|[13]    |0x00000da8|0|LOCL |FUNC |HIDN |13    |$C$L12
src\hal\source\HL_etpwm.c.1.obj|[14]    |0x00000e38|0|LOCL |FUNC |HIDN |13    |$C$L13
src\hal\source\HL_etpwm.c.1.obj|[15]    |0x00000f00|0|LOCL |FUNC |HIDN |13    |$C$L14
src\hal\source\HL_etpwm.c.1.obj|[3]     |0x000006dc|0|LOCL |FUNC |HIDN |13    |$C$L2
src\hal\source\HL_etpwm.c.1.obj|[4]     |0x00000770|0|LOCL |FUNC |HIDN |13    |$C$L3
src\hal\source\HL_etpwm.c.1.obj|[5]     |0x00000838|0|LOCL |FUNC |HIDN |13    |$C$L4
src\hal\source\HL_etpwm.c.1.obj|[6]     |0x000008cc|0|LOCL |FUNC |HIDN |13    |$C$L5
src\hal\source\HL_etpwm.c.1.obj|[7]     |0x00000994|0|LOCL |FUNC |HIDN |13    |$C$L6
src\hal\source\HL_etpwm.c.1.obj|[8]     |0x00000a28|0|LOCL |FUNC |HIDN |13    |$C$L7
src\hal\source\HL_etpwm.c.1.obj|[9]     |0x00000af0|0|LOCL |FUNC |HIDN |13    |$C$L8
src\hal\source\HL_etpwm.c.1.obj|[10]    |0x00000b84|0|LOCL |FUNC |HIDN |13    |$C$L9
src\hal\source\HL_etpwm.c.1.obj|[77]    |0x00000c54|0|LOCL |NONE |HIDN |13    |$a
src\hal\source\HL_etpwm.c.1.obj|[52]    |0x0000038c|0|LOCL |NONE |HIDN |13    |$a
src\hal\source\HL_etpwm.c.1.obj|[27]    |0x00000000|0|LOCL |NONE |HIDN |13    |$a
src\hal\source\HL_etpwm.c.1.obj|[28]    |0x00000010|0|LOCL |NONE |HIDN |13    |$a
src\hal\source\HL_etpwm.c.1.obj|[29]    |0x00000018|0|LOCL |NONE |HIDN |13    |$a
src\hal\source\HL_etpwm.c.1.obj|[30]    |0x00000048|0|LOCL |NONE |HIDN |13    |$a
src\hal\source\HL_etpwm.c.1.obj|[31]    |0x0000007c|0|LOCL |NONE |HIDN |13    |$a
src\hal\source\HL_etpwm.c.1.obj|[32]    |0x000000c8|0|LOCL |NONE |HIDN |13    |$a
src\hal\source\HL_etpwm.c.1.obj|[33]    |0x000000d0|0|LOCL |NONE |HIDN |13    |$a
src\hal\source\HL_etpwm.c.1.obj|[34]    |0x000000f0|0|LOCL |NONE |HIDN |13    |$a
src\hal\source\HL_etpwm.c.1.obj|[35]    |0x0000010c|0|LOCL |NONE |HIDN |13    |$a
src\hal\source\HL_etpwm.c.1.obj|[36]    |0x00000118|0|LOCL |NONE |HIDN |13    |$a
src\hal\source\HL_etpwm.c.1.obj|[37]    |0x00000138|0|LOCL |NONE |HIDN |13    |$a
src\hal\source\HL_etpwm.c.1.obj|[38]    |0x00000140|0|LOCL |NONE |HIDN |13    |$a
src\hal\source\HL_etpwm.c.1.obj|[39]    |0x00000148|0|LOCL |NONE |HIDN |13    |$a
src\hal\source\HL_etpwm.c.1.obj|[40]    |0x00000150|0|LOCL |NONE |HIDN |13    |$a
src\hal\source\HL_etpwm.c.1.obj|[41]    |0x00000174|0|LOCL |NONE |HIDN |13    |$a
src\hal\source\HL_etpwm.c.1.obj|[42]    |0x000001c0|0|LOCL |NONE |HIDN |13    |$a
src\hal\source\HL_etpwm.c.1.obj|[43]    |0x0000020c|0|LOCL |NONE |HIDN |13    |$a
src\hal\source\HL_etpwm.c.1.obj|[44]    |0x00000298|0|LOCL |NONE |HIDN |13    |$a
src\hal\source\HL_etpwm.c.1.obj|[45]    |0x000002a0|0|LOCL |NONE |HIDN |13    |$a
src\hal\source\HL_etpwm.c.1.obj|[46]    |0x000002a8|0|LOCL |NONE |HIDN |13    |$a
src\hal\source\HL_etpwm.c.1.obj|[47]    |0x000002b8|0|LOCL |NONE |HIDN |13    |$a
src\hal\source\HL_etpwm.c.1.obj|[48]    |0x000002c8|0|LOCL |NONE |HIDN |13    |$a
src\hal\source\HL_etpwm.c.1.obj|[49]    |0x000002dc|0|LOCL |NONE |HIDN |13    |$a
src\hal\source\HL_etpwm.c.1.obj|[50]    |0x00000314|0|LOCL |NONE |HIDN |13    |$a
src\hal\source\HL_etpwm.c.1.obj|[51]    |0x00000350|0|LOCL |NONE |HIDN |13    |$a
src\hal\source\HL_etpwm.c.1.obj|[78]    |0x00000db0|0|LOCL |NONE |HIDN |13    |$a
src\hal\source\HL_etpwm.c.1.obj|[53]    |0x000003e0|0|LOCL |NONE |HIDN |13    |$a
src\hal\source\HL_etpwm.c.1.obj|[54]    |0x00000418|0|LOCL |NONE |HIDN |13    |$a
src\hal\source\HL_etpwm.c.1.obj|[55]    |0x00000440|0|LOCL |NONE |HIDN |13    |$a
src\hal\source\HL_etpwm.c.1.obj|[56]    |0x00000460|0|LOCL |NONE |HIDN |13    |$a
src\hal\source\HL_etpwm.c.1.obj|[57]    |0x00000480|0|LOCL |NONE |HIDN |13    |$a
src\hal\source\HL_etpwm.c.1.obj|[58]    |0x000004a8|0|LOCL |NONE |HIDN |13    |$a
src\hal\source\HL_etpwm.c.1.obj|[59]    |0x000004c0|0|LOCL |NONE |HIDN |13    |$a
src\hal\source\HL_etpwm.c.1.obj|[60]    |0x000004d8|0|LOCL |NONE |HIDN |13    |$a
src\hal\source\HL_etpwm.c.1.obj|[61]    |0x000004e8|0|LOCL |NONE |HIDN |13    |$a
src\hal\source\HL_etpwm.c.1.obj|[62]    |0x000004f8|0|LOCL |NONE |HIDN |13    |$a
src\hal\source\HL_etpwm.c.1.obj|[63]    |0x0000050c|0|LOCL |NONE |HIDN |13    |$a
src\hal\source\HL_etpwm.c.1.obj|[64]    |0x00000520|0|LOCL |NONE |HIDN |13    |$a
src\hal\source\HL_etpwm.c.1.obj|[65]    |0x0000052c|0|LOCL |NONE |HIDN |13    |$a
src\hal\source\HL_etpwm.c.1.obj|[66]    |0x00000540|0|LOCL |NONE |HIDN |13    |$a
src\hal\source\HL_etpwm.c.1.obj|[67]    |0x00000550|0|LOCL |NONE |HIDN |13    |$a
src\hal\source\HL_etpwm.c.1.obj|[68]    |0x00000560|0|LOCL |NONE |HIDN |13    |$a
src\hal\source\HL_etpwm.c.1.obj|[69]    |0x0000056c|0|LOCL |NONE |HIDN |13    |$a
src\hal\source\HL_etpwm.c.1.obj|[70]    |0x00000578|0|LOCL |NONE |HIDN |13    |$a
src\hal\source\HL_etpwm.c.1.obj|[71]    |0x00000580|0|LOCL |NONE |HIDN |13    |$a
src\hal\source\HL_etpwm.c.1.obj|[72]    |0x00000588|0|LOCL |NONE |HIDN |13    |$a
src\hal\source\HL_etpwm.c.1.obj|[73]    |0x000006e4|0|LOCL |NONE |HIDN |13    |$a
src\hal\source\HL_etpwm.c.1.obj|[74]    |0x00000840|0|LOCL |NONE |HIDN |13    |$a
src\hal\source\HL_etpwm.c.1.obj|[75]    |0x0000099c|0|LOCL |NONE |HIDN |13    |$a
src\hal\source\HL_etpwm.c.1.obj|[76]    |0x00000af8|0|LOCL |NONE |HIDN |13    |$a
src\hal\source\HL_etpwm.c.1.obj|[79]    |0x00000f08|0|LOCL |NONE |HIDN |13    |$d
src\hal\source\HL_etpwm.c.1.obj|[109]   |0x00000000|0|LOCL |SECT |HIDN |43    |.debug_abbrev
src\hal\source\HL_etpwm.c.1.obj|[110]   |0x00000000|0|LOCL |SECT |HIDN |44    |.debug_abbrev
src\hal\source\HL_etpwm.c.1.obj|[112]   |0x00000000|0|LOCL |SECT |HIDN |45    |.debug_abbrev
src\hal\source\HL_etpwm.c.1.obj|[114]   |0x00000000|0|LOCL |SECT |HIDN |47    |.debug_abbrev
src\hal\source\HL_etpwm.c.1.obj|[116]   |0x00000000|0|LOCL |SECT |HIDN |49    |.debug_abbrev
src\hal\source\HL_etpwm.c.1.obj|[118]   |0x00000000|0|LOCL |SECT |HIDN |51    |.debug_abbrev
src\hal\source\HL_etpwm.c.1.obj|[120]   |0x00000000|0|LOCL |SECT |HIDN |53    |.debug_abbrev
src\hal\source\HL_etpwm.c.1.obj|[122]   |0x00000000|0|LOCL |SECT |HIDN |55    |.debug_abbrev
src\hal\source\HL_etpwm.c.1.obj|[124]   |0x00000000|0|LOCL |SECT |HIDN |57    |.debug_abbrev
src\hal\source\HL_etpwm.c.1.obj|[126]   |0x00000000|0|LOCL |SECT |HIDN |59    |.debug_abbrev
src\hal\source\HL_etpwm.c.1.obj|[128]   |0x00000000|0|LOCL |SECT |HIDN |61    |.debug_abbrev
src\hal\source\HL_etpwm.c.1.obj|[130]   |0x00000000|0|LOCL |SECT |HIDN |63    |.debug_abbrev
src\hal\source\HL_etpwm.c.1.obj|[132]   |0x00000000|0|LOCL |SECT |HIDN |65    |.debug_abbrev
src\hal\source\HL_etpwm.c.1.obj|[134]   |0x00000000|0|LOCL |SECT |HIDN |67    |.debug_abbrev
src\hal\source\HL_etpwm.c.1.obj|[135]   |0x00000000|0|LOCL |SECT |HIDN |69    |.debug_aranges
src\hal\source\HL_etpwm.c.1.obj|[108]   |0x00000000|0|LOCL |SECT |HIDN |42    |.debug_frame
src\hal\source\HL_etpwm.c.1.obj|[80]    |0x00000000|0|LOCL |SECT |HIDN |14    |.debug_info
src\hal\source\HL_etpwm.c.1.obj|[82]    |0x00000000|0|LOCL |SECT |HIDN |16    |.debug_info
src\hal\source\HL_etpwm.c.1.obj|[83]    |0x00000000|0|LOCL |SECT |HIDN |17    |.debug_info
src\hal\source\HL_etpwm.c.1.obj|[84]    |0x00000000|0|LOCL |SECT |HIDN |18    |.debug_info
src\hal\source\HL_etpwm.c.1.obj|[85]    |0x00000000|0|LOCL |SECT |HIDN |19    |.debug_info
src\hal\source\HL_etpwm.c.1.obj|[86]    |0x00000000|0|LOCL |SECT |HIDN |20    |.debug_info
src\hal\source\HL_etpwm.c.1.obj|[87]    |0x00000000|0|LOCL |SECT |HIDN |21    |.debug_info
src\hal\source\HL_etpwm.c.1.obj|[88]    |0x00000000|0|LOCL |SECT |HIDN |22    |.debug_info
src\hal\source\HL_etpwm.c.1.obj|[89]    |0x00000000|0|LOCL |SECT |HIDN |23    |.debug_info
src\hal\source\HL_etpwm.c.1.obj|[90]    |0x00000000|0|LOCL |SECT |HIDN |24    |.debug_info
src\hal\source\HL_etpwm.c.1.obj|[91]    |0x00000000|0|LOCL |SECT |HIDN |25    |.debug_info
src\hal\source\HL_etpwm.c.1.obj|[92]    |0x00000000|0|LOCL |SECT |HIDN |26    |.debug_info
src\hal\source\HL_etpwm.c.1.obj|[93]    |0x00000000|0|LOCL |SECT |HIDN |27    |.debug_info
src\hal\source\HL_etpwm.c.1.obj|[81]    |0x00000000|0|LOCL |SECT |HIDN |15    |.debug_info
src\hal\source\HL_etpwm.c.1.obj|[94]    |0x00000000|0|LOCL |SECT |HIDN |28    |.debug_line
src\hal\source\HL_etpwm.c.1.obj|[95]    |0x00000000|0|LOCL |SECT |HIDN |29    |.debug_line
src\hal\source\HL_etpwm.c.1.obj|[96]    |0x00000000|0|LOCL |SECT |HIDN |30    |.debug_line
src\hal\source\HL_etpwm.c.1.obj|[97]    |0x00000000|0|LOCL |SECT |HIDN |31    |.debug_line
src\hal\source\HL_etpwm.c.1.obj|[98]    |0x00000000|0|LOCL |SECT |HIDN |32    |.debug_line
src\hal\source\HL_etpwm.c.1.obj|[99]    |0x00000000|0|LOCL |SECT |HIDN |33    |.debug_line
src\hal\source\HL_etpwm.c.1.obj|[100]   |0x00000000|0|LOCL |SECT |HIDN |34    |.debug_line
src\hal\source\HL_etpwm.c.1.obj|[101]   |0x00000000|0|LOCL |SECT |HIDN |35    |.debug_line
src\hal\source\HL_etpwm.c.1.obj|[102]   |0x00000000|0|LOCL |SECT |HIDN |36    |.debug_line
src\hal\source\HL_etpwm.c.1.obj|[103]   |0x00000000|0|LOCL |SECT |HIDN |37    |.debug_line
src\hal\source\HL_etpwm.c.1.obj|[104]   |0x00000000|0|LOCL |SECT |HIDN |38    |.debug_line
src\hal\source\HL_etpwm.c.1.obj|[105]   |0x00000000|0|LOCL |SECT |HIDN |39    |.debug_line
src\hal\source\HL_etpwm.c.1.obj|[106]   |0x00000000|0|LOCL |SECT |HIDN |40    |.debug_line
src\hal\source\HL_etpwm.c.1.obj|[107]   |0x00000000|0|LOCL |SECT |HIDN |41    |.debug_line
src\hal\source\HL_etpwm.c.1.obj|[136]   |0x00000000|0|LOCL |SECT |HIDN |70    |.debug_pubnames
src\hal\source\HL_etpwm.c.1.obj|[144]   |0x00000000|0|LOCL |SECT |HIDN |78    |.debug_pubtypes
src\hal\source\HL_etpwm.c.1.obj|[148]   |0x00000000|0|LOCL |SECT |HIDN |82    |.debug_pubtypes
src\hal\source\HL_etpwm.c.1.obj|[137]   |0x00000000|0|LOCL |SECT |HIDN |71    |.debug_pubtypes
src\hal\source\HL_etpwm.c.1.obj|[138]   |0x00000000|0|LOCL |SECT |HIDN |72    |.debug_pubtypes
src\hal\source\HL_etpwm.c.1.obj|[139]   |0x00000000|0|LOCL |SECT |HIDN |73    |.debug_pubtypes
src\hal\source\HL_etpwm.c.1.obj|[140]   |0x00000000|0|LOCL |SECT |HIDN |74    |.debug_pubtypes
src\hal\source\HL_etpwm.c.1.obj|[141]   |0x00000000|0|LOCL |SECT |HIDN |75    |.debug_pubtypes
src\hal\source\HL_etpwm.c.1.obj|[142]   |0x00000000|0|LOCL |SECT |HIDN |76    |.debug_pubtypes
src\hal\source\HL_etpwm.c.1.obj|[143]   |0x00000000|0|LOCL |SECT |HIDN |77    |.debug_pubtypes
src\hal\source\HL_etpwm.c.1.obj|[145]   |0x00000000|0|LOCL |SECT |HIDN |79    |.debug_pubtypes
src\hal\source\HL_etpwm.c.1.obj|[146]   |0x00000000|0|LOCL |SECT |HIDN |80    |.debug_pubtypes
src\hal\source\HL_etpwm.c.1.obj|[147]   |0x00000000|0|LOCL |SECT |HIDN |81    |.debug_pubtypes
src\hal\source\HL_etpwm.c.1.obj|[123]   |0x00000000|0|LOCL |SECT |HIDN |58    |.debug_str
src\hal\source\HL_etpwm.c.1.obj|[115]   |0x00000000|0|LOCL |SECT |HIDN |50    |.debug_str
src\hal\source\HL_etpwm.c.1.obj|[125]   |0x00000000|0|LOCL |SECT |HIDN |60    |.debug_str
src\hal\source\HL_etpwm.c.1.obj|[111]   |0x00000000|0|LOCL |SECT |HIDN |46    |.debug_str
src\hal\source\HL_etpwm.c.1.obj|[127]   |0x00000000|0|LOCL |SECT |HIDN |62    |.debug_str
src\hal\source\HL_etpwm.c.1.obj|[117]   |0x00000000|0|LOCL |SECT |HIDN |52    |.debug_str
src\hal\source\HL_etpwm.c.1.obj|[129]   |0x00000000|0|LOCL |SECT |HIDN |64    |.debug_str
src\hal\source\HL_etpwm.c.1.obj|[131]   |0x00000000|0|LOCL |SECT |HIDN |66    |.debug_str
src\hal\source\HL_etpwm.c.1.obj|[119]   |0x00000000|0|LOCL |SECT |HIDN |54    |.debug_str
src\hal\source\HL_etpwm.c.1.obj|[133]   |0x00000000|0|LOCL |SECT |HIDN |68    |.debug_str
src\hal\source\HL_etpwm.c.1.obj|[113]   |0x00000000|0|LOCL |SECT |HIDN |48    |.debug_str
src\hal\source\HL_etpwm.c.1.obj|[121]   |0x00000000|0|LOCL |SECT |HIDN |56    |.debug_str
src\hal\source\HL_etpwm.c.1.obj|[26]    |0x00000000|0|LOCL |SECT |HIDN |13    |.text
src\hal\source\HL_etpwm.c.1.obj|[149]   |0x00000000|0|WEAK |FUNC |HIDN |UNDEF |Lib$$Request$$armlib
src\hal\source\HL_etpwm.c.1.obj|[150]   |0x00000000|0|WEAK |FUNC |HIDN |UNDEF |Lib$$Request$$cpplib
src\hal\source\HL_etpwm.c.1.obj|[206]   |0x00000000|0|GLOB |NONE |HIDN |19    |__TI_DW.debug_info.$base_types.a3001db55c69772f4e2efd565078122a
src\hal\source\HL_etpwm.c.1.obj|[203]   |0x00000000|0|GLOB |NONE |HIDN |16    |__TI_DW.debug_info.HL_etpwm.h.98b86e91a3d5becc6308c9f63aca53d2
src\hal\source\HL_etpwm.c.1.obj|[205]   |0x00000000|0|GLOB |NONE |HIDN |18    |__TI_DW.debug_info.HL_hal_stdtypes.h.f6fe50beccb00e10c974b1712ae0460c
src\hal\source\HL_etpwm.c.1.obj|[212]   |0x00000000|0|GLOB |NONE |HIDN |25    |__TI_DW.debug_info.HL_reg_etpwm.h.8d0022b525fc34ee6c2476178a313b68
src\hal\source\HL_etpwm.c.1.obj|[213]   |0x00000000|0|GLOB |NONE |HIDN |26    |__TI_DW.debug_info.HL_reg_pinmux.h.0534d3fc2f8e7481a331e276bd680eb7
src\hal\source\HL_etpwm.c.1.obj|[214]   |0x00000000|0|GLOB |NONE |HIDN |27    |__TI_DW.debug_info.HL_reg_vim.h.d860fe5f18ea68a228b5309189148bc1
src\hal\source\HL_etpwm.c.1.obj|[211]   |0x00000000|0|GLOB |NONE |HIDN |24    |__TI_DW.debug_info.HL_sys_common.h.e8daada136d191dca44e4b47f4729313
src\hal\source\HL_etpwm.c.1.obj|[207]   |0x00000000|0|GLOB |NONE |HIDN |20    |__TI_DW.debug_info.HL_sys_vim.h.bc34994e235d47a6d5290aaf78ab20cf
src\hal\source\HL_etpwm.c.1.obj|[210]   |0x00000000|0|GLOB |NONE |HIDN |23    |__TI_DW.debug_info._stdint.h.55dc0724062de24f6648c36a36931c9a
src\hal\source\HL_etpwm.c.1.obj|[204]   |0x00000000|0|GLOB |NONE |HIDN |17    |__TI_DW.debug_info._types.h.59562a94a523b27bdcf6ba60164276f0
src\hal\source\HL_etpwm.c.1.obj|[208]   |0x00000000|0|GLOB |NONE |HIDN |21    |__TI_DW.debug_info._types.h.62a9317002fb36f2a0c7d45aa6f41cd3
src\hal\source\HL_etpwm.c.1.obj|[209]   |0x00000000|0|GLOB |NONE |HIDN |22    |__TI_DW.debug_info.stdint.h.ad4b679dbce029afdbcc9a8c662c70ff
src\hal\source\HL_etpwm.c.1.obj|[161]   |0x00000db0|344|GLOB |FUNC |HIDN |13    |etpwm1GetConfigValue
src\hal\source\HL_etpwm.c.1.obj|[160]   |0x00000c54|348|GLOB |FUNC |HIDN |13    |etpwm2GetConfigValue
src\hal\source\HL_etpwm.c.1.obj|[159]   |0x00000af8|348|GLOB |FUNC |HIDN |13    |etpwm3GetConfigValue
src\hal\source\HL_etpwm.c.1.obj|[165]   |0x0000099c|348|GLOB |FUNC |HIDN |13    |etpwm4GetConfigValue
src\hal\source\HL_etpwm.c.1.obj|[164]   |0x00000840|348|GLOB |FUNC |HIDN |13    |etpwm5GetConfigValue
src\hal\source\HL_etpwm.c.1.obj|[163]   |0x000006e4|348|GLOB |FUNC |HIDN |13    |etpwm6GetConfigValue
src\hal\source\HL_etpwm.c.1.obj|[162]   |0x00000588|348|GLOB |FUNC |HIDN |13    |etpwm7GetConfigValue
src\hal\source\HL_etpwm.c.1.obj|[166]   |0x00000580|8|GLOB |FUNC |HIDN |13    |etpwmClearEventFlag
src\hal\source\HL_etpwm.c.1.obj|[195]   |0x00000578|8|GLOB |FUNC |HIDN |13    |etpwmClearTripCondition
src\hal\source\HL_etpwm.c.1.obj|[187]   |0x0000056c|12|GLOB |FUNC |HIDN |13    |etpwmClearTripInterruptFlag
src\hal\source\HL_etpwm.c.1.obj|[153]   |0x00000560|12|GLOB |FUNC |HIDN |13    |etpwmDisableChopping
src\hal\source\HL_etpwm.c.1.obj|[201]   |0x00000550|16|GLOB |FUNC |HIDN |13    |etpwmDisableCmpAShadowMode
src\hal\source\HL_etpwm.c.1.obj|[196]   |0x00000540|16|GLOB |FUNC |HIDN |13    |etpwmDisableCmpBShadowMode
src\hal\source\HL_etpwm.c.1.obj|[178]   |0x0000052c|20|GLOB |FUNC |HIDN |13    |etpwmDisableCounterLoadOnSync
src\hal\source\HL_etpwm.c.1.obj|[192]   |0x00000520|12|GLOB |FUNC |HIDN |13    |etpwmDisableDeadband
src\hal\source\HL_etpwm.c.1.obj|[158]   |0x0000050c|20|GLOB |FUNC |HIDN |13    |etpwmDisableInterrupt
src\hal\source\HL_etpwm.c.1.obj|[181]   |0x000004f8|20|GLOB |FUNC |HIDN |13    |etpwmDisableSOCA
src\hal\source\HL_etpwm.c.1.obj|[180]   |0x000004e8|16|GLOB |FUNC |HIDN |13    |etpwmDisableSOCB
src\hal\source\HL_etpwm.c.1.obj|[175]   |0x000004d8|16|GLOB |FUNC |HIDN |13    |etpwmDisableTimebasePeriodShadowMode
src\hal\source\HL_etpwm.c.1.obj|[183]   |0x000004c0|24|GLOB |FUNC |HIDN |13    |etpwmDisableTripInterrupt
src\hal\source\HL_etpwm.c.1.obj|[157]   |0x000004a8|24|GLOB |FUNC |HIDN |13    |etpwmDisableTripZoneSources
src\hal\source\HL_etpwm.c.1.obj|[202]   |0x00000480|40|GLOB |FUNC |HIDN |13    |etpwmEnableChopping
src\hal\source\HL_etpwm.c.1.obj|[193]   |0x00000460|32|GLOB |FUNC |HIDN |13    |etpwmEnableCmpAShadowMode
src\hal\source\HL_etpwm.c.1.obj|[194]   |0x00000440|32|GLOB |FUNC |HIDN |13    |etpwmEnableCmpBShadowMode
src\hal\source\HL_etpwm.c.1.obj|[172]   |0x00000418|40|GLOB |FUNC |HIDN |13    |etpwmEnableCounterLoadOnSync
src\hal\source\HL_etpwm.c.1.obj|[190]   |0x000003e0|56|GLOB |FUNC |HIDN |13    |etpwmEnableDeadBand
src\hal\source\HL_etpwm.c.1.obj|[176]   |0x0000038c|84|GLOB |FUNC |HIDN |13    |etpwmEnableDigitalCompareEvents
src\hal\source\HL_etpwm.c.1.obj|[167]   |0x00000350|60|GLOB |FUNC |HIDN |13    |etpwmEnableInterrupt
src\hal\source\HL_etpwm.c.1.obj|[199]   |0x00000314|60|GLOB |FUNC |HIDN |13    |etpwmEnableSOCA
src\hal\source\HL_etpwm.c.1.obj|[200]   |0x000002dc|56|GLOB |FUNC |HIDN |13    |etpwmEnableSOCB
src\hal\source\HL_etpwm.c.1.obj|[170]   |0x000002c8|20|GLOB |FUNC |HIDN |13    |etpwmEnableTimebasePeriodShadowMode
src\hal\source\HL_etpwm.c.1.obj|[151]   |0x000002b8|16|GLOB |FUNC |HIDN |13    |etpwmEnableTripInterrupt
src\hal\source\HL_etpwm.c.1.obj|[171]   |0x000002a8|16|GLOB |FUNC |HIDN |13    |etpwmEnableTripZoneSources
src\hal\source\HL_etpwm.c.1.obj|[152]   |0x000002a0|8|GLOB |FUNC |HIDN |13    |etpwmForceTripEvent
src\hal\source\HL_etpwm.c.1.obj|[173]   |0x00000298|8|GLOB |FUNC |HIDN |13    |etpwmGetEventStatus
src\hal\source\HL_etpwm.c.1.obj|[182]   |0x0000020c|140|GLOB |FUNC |HIDN |13    |etpwmInit
src\hal\source\HL_etpwm.c.1.obj|[188]   |0x000001c0|76|GLOB |FUNC |HIDN |13    |etpwmSetActionQualPwmA
src\hal\source\HL_etpwm.c.1.obj|[189]   |0x00000174|76|GLOB |FUNC |HIDN |13    |etpwmSetActionQualPwmB
src\hal\source\HL_etpwm.c.1.obj|[169]   |0x00000150|36|GLOB |FUNC |HIDN |13    |etpwmSetClkDiv
src\hal\source\HL_etpwm.c.1.obj|[154]   |0x00000148|8|GLOB |FUNC |HIDN |13    |etpwmSetCmpA
src\hal\source\HL_etpwm.c.1.obj|[155]   |0x00000140|8|GLOB |FUNC |HIDN |13    |etpwmSetCmpB
src\hal\source\HL_etpwm.c.1.obj|[177]   |0x00000138|8|GLOB |FUNC |HIDN |13    |etpwmSetCount
src\hal\source\HL_etpwm.c.1.obj|[174]   |0x00000118|32|GLOB |FUNC |HIDN |13    |etpwmSetCounterMode
src\hal\source\HL_etpwm.c.1.obj|[179]   |0x0000010c|12|GLOB |FUNC |HIDN |13    |etpwmSetDeadBandDelay
src\hal\source\HL_etpwm.c.1.obj|[156]   |0x000000f0|28|GLOB |FUNC |HIDN |13    |etpwmSetRunMode
src\hal\source\HL_etpwm.c.1.obj|[185]   |0x000000d0|32|GLOB |FUNC |HIDN |13    |etpwmSetSyncOut
src\hal\source\HL_etpwm.c.1.obj|[186]   |0x000000c8|8|GLOB |FUNC |HIDN |13    |etpwmSetTimebasePeriod
src\hal\source\HL_etpwm.c.1.obj|[184]   |0x0000007c|76|GLOB |FUNC |HIDN |13    |etpwmSetTripAction
src\hal\source\HL_etpwm.c.1.obj|[168]   |0x00000048|52|GLOB |FUNC |HIDN |13    |etpwmStartTBCLK
src\hal\source\HL_etpwm.c.1.obj|[191]   |0x00000018|48|GLOB |FUNC |HIDN |13    |etpwmStopTBCLK
src\hal\source\HL_etpwm.c.1.obj|[197]   |0x00000010|8|GLOB |FUNC |HIDN |13    |etpwmTriggerEvent
src\hal\source\HL_etpwm.c.1.obj|[198]   |0x00000000|16|GLOB |FUNC |HIDN |13    |etpwmTriggerSWSync
src\hal\source\HL_etpwm.c.1.obj|[1]     |0x00000000|0|LOCL |FILE |HIDN |ABS   |{0DCE0A9C-F26B-4205-A1EB-200AC342FD51}
