
file            [index]  value      size  bind  type  vis   shndx  symbol name 

src\hal\source\HL_emac.c.1.obj|[0]     |0x00000000|0|LOCL |NONE |DFLT |UNDEF |
src\hal\source\HL_emac.c.1.obj|[37]    |0x00000b2c|0|LOCL |FUNC |HIDN |18    |$C$CON1
src\hal\source\HL_emac.c.1.obj|[46]    |0x00000b50|0|LOCL |FUNC |HIDN |18    |$C$CON10
src\hal\source\HL_emac.c.1.obj|[47]    |0x00000b54|0|LOCL |FUNC |HIDN |18    |$C$CON11
src\hal\source\HL_emac.c.1.obj|[48]    |0x00000b58|0|LOCL |FUNC |HIDN |18    |$C$CON12
src\hal\source\HL_emac.c.1.obj|[49]    |0x00000b5c|0|LOCL |FUNC |HIDN |18    |$C$CON13
src\hal\source\HL_emac.c.1.obj|[50]    |0x00000b60|0|LOCL |FUNC |HIDN |18    |$C$CON14
src\hal\source\HL_emac.c.1.obj|[38]    |0x00000b30|0|LOCL |FUNC |HIDN |18    |$C$CON2
src\hal\source\HL_emac.c.1.obj|[39]    |0x00000b34|0|LOCL |FUNC |HIDN |18    |$C$CON3
src\hal\source\HL_emac.c.1.obj|[40]    |0x00000b38|0|LOCL |FUNC |HIDN |18    |$C$CON4
src\hal\source\HL_emac.c.1.obj|[41]    |0x00000b3c|0|LOCL |FUNC |HIDN |18    |$C$CON5
src\hal\source\HL_emac.c.1.obj|[42]    |0x00000b40|0|LOCL |FUNC |HIDN |18    |$C$CON6
src\hal\source\HL_emac.c.1.obj|[43]    |0x00000b44|0|LOCL |FUNC |HIDN |18    |$C$CON7
src\hal\source\HL_emac.c.1.obj|[44]    |0x00000b48|0|LOCL |FUNC |HIDN |18    |$C$CON8
src\hal\source\HL_emac.c.1.obj|[45]    |0x00000b4c|0|LOCL |FUNC |HIDN |18    |$C$CON9
src\hal\source\HL_emac.c.1.obj|[3]     |0x00000034|0|LOCL |FUNC |HIDN |18    |$C$L1
src\hal\source\HL_emac.c.1.obj|[12]    |0x00000280|0|LOCL |FUNC |HIDN |18    |$C$L10
src\hal\source\HL_emac.c.1.obj|[13]    |0x00000288|0|LOCL |FUNC |HIDN |18    |$C$L11
src\hal\source\HL_emac.c.1.obj|[14]    |0x00000294|0|LOCL |FUNC |HIDN |18    |$C$L12
src\hal\source\HL_emac.c.1.obj|[15]    |0x000002a4|0|LOCL |FUNC |HIDN |18    |$C$L13
src\hal\source\HL_emac.c.1.obj|[16]    |0x000002b4|0|LOCL |FUNC |HIDN |18    |$C$L14
src\hal\source\HL_emac.c.1.obj|[17]    |0x0000049c|0|LOCL |FUNC |HIDN |18    |$C$L15
src\hal\source\HL_emac.c.1.obj|[18]    |0x000004ec|0|LOCL |FUNC |HIDN |18    |$C$L16
src\hal\source\HL_emac.c.1.obj|[19]    |0x00000518|0|LOCL |FUNC |HIDN |18    |$C$L17
src\hal\source\HL_emac.c.1.obj|[20]    |0x00000688|0|LOCL |FUNC |HIDN |18    |$C$L18
src\hal\source\HL_emac.c.1.obj|[21]    |0x00000690|0|LOCL |FUNC |HIDN |18    |$C$L19
src\hal\source\HL_emac.c.1.obj|[4]     |0x000000e8|0|LOCL |FUNC |HIDN |18    |$C$L2
src\hal\source\HL_emac.c.1.obj|[22]    |0x00000698|0|LOCL |FUNC |HIDN |18    |$C$L20
src\hal\source\HL_emac.c.1.obj|[23]    |0x000006fc|0|LOCL |FUNC |HIDN |18    |$C$L21
src\hal\source\HL_emac.c.1.obj|[24]    |0x0000070c|0|LOCL |FUNC |HIDN |18    |$C$L22
src\hal\source\HL_emac.c.1.obj|[25]    |0x00000734|0|LOCL |FUNC |HIDN |18    |$C$L23
src\hal\source\HL_emac.c.1.obj|[26]    |0x0000078c|0|LOCL |FUNC |HIDN |18    |$C$L24
src\hal\source\HL_emac.c.1.obj|[27]    |0x000007e4|0|LOCL |FUNC |HIDN |18    |$C$L25
src\hal\source\HL_emac.c.1.obj|[28]    |0x00000890|0|LOCL |FUNC |HIDN |18    |$C$L26
src\hal\source\HL_emac.c.1.obj|[29]    |0x000008c8|0|LOCL |FUNC |HIDN |18    |$C$L27
src\hal\source\HL_emac.c.1.obj|[30]    |0x000008d0|0|LOCL |FUNC |HIDN |18    |$C$L28
src\hal\source\HL_emac.c.1.obj|[31]    |0x000008f0|0|LOCL |FUNC |HIDN |18    |$C$L29
src\hal\source\HL_emac.c.1.obj|[5]     |0x00000128|0|LOCL |FUNC |HIDN |18    |$C$L3
src\hal\source\HL_emac.c.1.obj|[32]    |0x00000914|0|LOCL |FUNC |HIDN |18    |$C$L30
src\hal\source\HL_emac.c.1.obj|[33]    |0x00000928|0|LOCL |FUNC |HIDN |18    |$C$L31
src\hal\source\HL_emac.c.1.obj|[34]    |0x0000093c|0|LOCL |FUNC |HIDN |18    |$C$L32
src\hal\source\HL_emac.c.1.obj|[35]    |0x00000a70|0|LOCL |FUNC |HIDN |18    |$C$L33
src\hal\source\HL_emac.c.1.obj|[36]    |0x00000ac8|0|LOCL |FUNC |HIDN |18    |$C$L34
src\hal\source\HL_emac.c.1.obj|[6]     |0x00000140|0|LOCL |FUNC |HIDN |18    |$C$L4
src\hal\source\HL_emac.c.1.obj|[7]     |0x00000150|0|LOCL |FUNC |HIDN |18    |$C$L5
src\hal\source\HL_emac.c.1.obj|[8]     |0x000001e8|0|LOCL |FUNC |HIDN |18    |$C$L6
src\hal\source\HL_emac.c.1.obj|[9]     |0x00000240|0|LOCL |FUNC |HIDN |18    |$C$L7
src\hal\source\HL_emac.c.1.obj|[10]    |0x00000260|0|LOCL |FUNC |HIDN |18    |$C$L8
src\hal\source\HL_emac.c.1.obj|[11]    |0x00000268|0|LOCL |FUNC |HIDN |18    |$C$L9
src\hal\source\HL_emac.c.1.obj|[103]   |0x00000ad0|0|LOCL |NONE |HIDN |18    |$a
src\hal\source\HL_emac.c.1.obj|[104]   |0x00000adc|0|LOCL |NONE |HIDN |18    |$a
src\hal\source\HL_emac.c.1.obj|[105]   |0x00000b0c|0|LOCL |NONE |HIDN |18    |$a
src\hal\source\HL_emac.c.1.obj|[106]   |0x00000b1c|0|LOCL |NONE |HIDN |18    |$a
src\hal\source\HL_emac.c.1.obj|[53]    |0x00000000|0|LOCL |NONE |HIDN |18    |$a
src\hal\source\HL_emac.c.1.obj|[54]    |0x00000010|0|LOCL |NONE |HIDN |18    |$a
src\hal\source\HL_emac.c.1.obj|[55]    |0x0000003c|0|LOCL |NONE |HIDN |18    |$a
src\hal\source\HL_emac.c.1.obj|[56]    |0x00000060|0|LOCL |NONE |HIDN |18    |$a
src\hal\source\HL_emac.c.1.obj|[57]    |0x0000008c|0|LOCL |NONE |HIDN |18    |$a
src\hal\source\HL_emac.c.1.obj|[58]    |0x000000b8|0|LOCL |NONE |HIDN |18    |$a
src\hal\source\HL_emac.c.1.obj|[59]    |0x000000c0|0|LOCL |NONE |HIDN |18    |$a
src\hal\source\HL_emac.c.1.obj|[60]    |0x000000cc|0|LOCL |NONE |HIDN |18    |$a
src\hal\source\HL_emac.c.1.obj|[61]    |0x0000016c|0|LOCL |NONE |HIDN |18    |$a
src\hal\source\HL_emac.c.1.obj|[62]    |0x00000178|0|LOCL |NONE |HIDN |18    |$a
src\hal\source\HL_emac.c.1.obj|[63]    |0x00000188|0|LOCL |NONE |HIDN |18    |$a
src\hal\source\HL_emac.c.1.obj|[64]    |0x00000198|0|LOCL |NONE |HIDN |18    |$a
src\hal\source\HL_emac.c.1.obj|[65]    |0x000001a4|0|LOCL |NONE |HIDN |18    |$a
src\hal\source\HL_emac.c.1.obj|[66]    |0x000001b0|0|LOCL |NONE |HIDN |18    |$a
src\hal\source\HL_emac.c.1.obj|[67]    |0x0000029c|0|LOCL |NONE |HIDN |18    |$a
src\hal\source\HL_emac.c.1.obj|[68]    |0x000002c4|0|LOCL |NONE |HIDN |18    |$a
src\hal\source\HL_emac.c.1.obj|[69]    |0x000002d8|0|LOCL |NONE |HIDN |18    |$a
src\hal\source\HL_emac.c.1.obj|[70]    |0x000002ec|0|LOCL |NONE |HIDN |18    |$a
src\hal\source\HL_emac.c.1.obj|[71]    |0x000002fc|0|LOCL |NONE |HIDN |18    |$a
src\hal\source\HL_emac.c.1.obj|[72]    |0x00000318|0|LOCL |NONE |HIDN |18    |$a
src\hal\source\HL_emac.c.1.obj|[73]    |0x00000338|0|LOCL |NONE |HIDN |18    |$a
src\hal\source\HL_emac.c.1.obj|[74]    |0x00000354|0|LOCL |NONE |HIDN |18    |$a
src\hal\source\HL_emac.c.1.obj|[75]    |0x0000039c|0|LOCL |NONE |HIDN |18    |$a
src\hal\source\HL_emac.c.1.obj|[76]    |0x000003c8|0|LOCL |NONE |HIDN |18    |$a
src\hal\source\HL_emac.c.1.obj|[77]    |0x000003f4|0|LOCL |NONE |HIDN |18    |$a
src\hal\source\HL_emac.c.1.obj|[78]    |0x00000400|0|LOCL |NONE |HIDN |18    |$a
src\hal\source\HL_emac.c.1.obj|[79]    |0x00000410|0|LOCL |NONE |HIDN |18    |$a
src\hal\source\HL_emac.c.1.obj|[80]    |0x00000420|0|LOCL |NONE |HIDN |18    |$a
src\hal\source\HL_emac.c.1.obj|[81]    |0x0000042c|0|LOCL |NONE |HIDN |18    |$a
src\hal\source\HL_emac.c.1.obj|[82]    |0x00000438|0|LOCL |NONE |HIDN |18    |$a
src\hal\source\HL_emac.c.1.obj|[83]    |0x00000444|0|LOCL |NONE |HIDN |18    |$a
src\hal\source\HL_emac.c.1.obj|[84]    |0x00000464|0|LOCL |NONE |HIDN |18    |$a
src\hal\source\HL_emac.c.1.obj|[85]    |0x00000480|0|LOCL |NONE |HIDN |18    |$a
src\hal\source\HL_emac.c.1.obj|[86]    |0x0000053c|0|LOCL |NONE |HIDN |18    |$a
src\hal\source\HL_emac.c.1.obj|[87]    |0x00000548|0|LOCL |NONE |HIDN |18    |$a
src\hal\source\HL_emac.c.1.obj|[88]    |0x00000564|0|LOCL |NONE |HIDN |18    |$a
src\hal\source\HL_emac.c.1.obj|[89]    |0x00000570|0|LOCL |NONE |HIDN |18    |$a
src\hal\source\HL_emac.c.1.obj|[90]    |0x00000580|0|LOCL |NONE |HIDN |18    |$a
src\hal\source\HL_emac.c.1.obj|[91]    |0x00000590|0|LOCL |NONE |HIDN |18    |$a
src\hal\source\HL_emac.c.1.obj|[92]    |0x000005c8|0|LOCL |NONE |HIDN |18    |$a
src\hal\source\HL_emac.c.1.obj|[93]    |0x0000060c|0|LOCL |NONE |HIDN |18    |$a
src\hal\source\HL_emac.c.1.obj|[94]    |0x00000628|0|LOCL |NONE |HIDN |18    |$a
src\hal\source\HL_emac.c.1.obj|[95]    |0x000006ac|0|LOCL |NONE |HIDN |18    |$a
src\hal\source\HL_emac.c.1.obj|[96]    |0x000006b4|0|LOCL |NONE |HIDN |18    |$a
src\hal\source\HL_emac.c.1.obj|[97]    |0x000006f4|0|LOCL |NONE |HIDN |18    |$a
src\hal\source\HL_emac.c.1.obj|[98]    |0x0000076c|0|LOCL |NONE |HIDN |18    |$a
src\hal\source\HL_emac.c.1.obj|[99]    |0x00000824|0|LOCL |NONE |HIDN |18    |$a
src\hal\source\HL_emac.c.1.obj|[100]   |0x0000082c|0|LOCL |NONE |HIDN |18    |$a
src\hal\source\HL_emac.c.1.obj|[101]   |0x0000085c|0|LOCL |NONE |HIDN |18    |$a
src\hal\source\HL_emac.c.1.obj|[102]   |0x00000a2c|0|LOCL |NONE |HIDN |18    |$a
src\hal\source\HL_emac.c.1.obj|[107]   |0x00000b2c|0|LOCL |NONE |HIDN |18    |$d
src\hal\source\HL_emac.c.1.obj|[52]    |0x00000000|0|LOCL |SECT |HIDN |19    |.bss:pbuf_array
src\hal\source\HL_emac.c.1.obj|[150]   |0x00000000|0|LOCL |SECT |HIDN |62    |.debug_abbrev
src\hal\source\HL_emac.c.1.obj|[149]   |0x00000000|0|LOCL |SECT |HIDN |61    |.debug_abbrev
src\hal\source\HL_emac.c.1.obj|[177]   |0x00000000|0|LOCL |SECT |HIDN |88    |.debug_abbrev
src\hal\source\HL_emac.c.1.obj|[155]   |0x00000000|0|LOCL |SECT |HIDN |66    |.debug_abbrev
src\hal\source\HL_emac.c.1.obj|[151]   |0x00000000|0|LOCL |SECT |HIDN |63    |.debug_abbrev
src\hal\source\HL_emac.c.1.obj|[153]   |0x00000000|0|LOCL |SECT |HIDN |64    |.debug_abbrev
src\hal\source\HL_emac.c.1.obj|[157]   |0x00000000|0|LOCL |SECT |HIDN |68    |.debug_abbrev
src\hal\source\HL_emac.c.1.obj|[159]   |0x00000000|0|LOCL |SECT |HIDN |70    |.debug_abbrev
src\hal\source\HL_emac.c.1.obj|[161]   |0x00000000|0|LOCL |SECT |HIDN |72    |.debug_abbrev
src\hal\source\HL_emac.c.1.obj|[163]   |0x00000000|0|LOCL |SECT |HIDN |74    |.debug_abbrev
src\hal\source\HL_emac.c.1.obj|[165]   |0x00000000|0|LOCL |SECT |HIDN |76    |.debug_abbrev
src\hal\source\HL_emac.c.1.obj|[167]   |0x00000000|0|LOCL |SECT |HIDN |78    |.debug_abbrev
src\hal\source\HL_emac.c.1.obj|[169]   |0x00000000|0|LOCL |SECT |HIDN |80    |.debug_abbrev
src\hal\source\HL_emac.c.1.obj|[171]   |0x00000000|0|LOCL |SECT |HIDN |82    |.debug_abbrev
src\hal\source\HL_emac.c.1.obj|[173]   |0x00000000|0|LOCL |SECT |HIDN |84    |.debug_abbrev
src\hal\source\HL_emac.c.1.obj|[175]   |0x00000000|0|LOCL |SECT |HIDN |86    |.debug_abbrev
src\hal\source\HL_emac.c.1.obj|[179]   |0x00000000|0|LOCL |SECT |HIDN |90    |.debug_abbrev
src\hal\source\HL_emac.c.1.obj|[181]   |0x00000000|0|LOCL |SECT |HIDN |92    |.debug_abbrev
src\hal\source\HL_emac.c.1.obj|[183]   |0x00000000|0|LOCL |SECT |HIDN |94    |.debug_abbrev
src\hal\source\HL_emac.c.1.obj|[185]   |0x00000000|0|LOCL |SECT |HIDN |96    |.debug_abbrev
src\hal\source\HL_emac.c.1.obj|[186]   |0x00000000|0|LOCL |SECT |HIDN |98    |.debug_aranges
src\hal\source\HL_emac.c.1.obj|[148]   |0x00000000|0|LOCL |SECT |HIDN |60    |.debug_frame
src\hal\source\HL_emac.c.1.obj|[127]   |0x00000000|0|LOCL |SECT |HIDN |39    |.debug_info
src\hal\source\HL_emac.c.1.obj|[109]   |0x00000000|0|LOCL |SECT |HIDN |21    |.debug_info
src\hal\source\HL_emac.c.1.obj|[111]   |0x00000000|0|LOCL |SECT |HIDN |23    |.debug_info
src\hal\source\HL_emac.c.1.obj|[125]   |0x00000000|0|LOCL |SECT |HIDN |37    |.debug_info
src\hal\source\HL_emac.c.1.obj|[112]   |0x00000000|0|LOCL |SECT |HIDN |24    |.debug_info
src\hal\source\HL_emac.c.1.obj|[113]   |0x00000000|0|LOCL |SECT |HIDN |25    |.debug_info
src\hal\source\HL_emac.c.1.obj|[114]   |0x00000000|0|LOCL |SECT |HIDN |26    |.debug_info
src\hal\source\HL_emac.c.1.obj|[115]   |0x00000000|0|LOCL |SECT |HIDN |27    |.debug_info
src\hal\source\HL_emac.c.1.obj|[116]   |0x00000000|0|LOCL |SECT |HIDN |28    |.debug_info
src\hal\source\HL_emac.c.1.obj|[117]   |0x00000000|0|LOCL |SECT |HIDN |29    |.debug_info
src\hal\source\HL_emac.c.1.obj|[118]   |0x00000000|0|LOCL |SECT |HIDN |30    |.debug_info
src\hal\source\HL_emac.c.1.obj|[119]   |0x00000000|0|LOCL |SECT |HIDN |31    |.debug_info
src\hal\source\HL_emac.c.1.obj|[121]   |0x00000000|0|LOCL |SECT |HIDN |33    |.debug_info
src\hal\source\HL_emac.c.1.obj|[122]   |0x00000000|0|LOCL |SECT |HIDN |34    |.debug_info
src\hal\source\HL_emac.c.1.obj|[120]   |0x00000000|0|LOCL |SECT |HIDN |32    |.debug_info
src\hal\source\HL_emac.c.1.obj|[123]   |0x00000000|0|LOCL |SECT |HIDN |35    |.debug_info
src\hal\source\HL_emac.c.1.obj|[124]   |0x00000000|0|LOCL |SECT |HIDN |36    |.debug_info
src\hal\source\HL_emac.c.1.obj|[108]   |0x00000000|0|LOCL |SECT |HIDN |20    |.debug_info
src\hal\source\HL_emac.c.1.obj|[126]   |0x00000000|0|LOCL |SECT |HIDN |38    |.debug_info
src\hal\source\HL_emac.c.1.obj|[110]   |0x00000000|0|LOCL |SECT |HIDN |22    |.debug_info
src\hal\source\HL_emac.c.1.obj|[147]   |0x00000000|0|LOCL |SECT |HIDN |59    |.debug_line
src\hal\source\HL_emac.c.1.obj|[128]   |0x00000000|0|LOCL |SECT |HIDN |40    |.debug_line
src\hal\source\HL_emac.c.1.obj|[129]   |0x00000000|0|LOCL |SECT |HIDN |41    |.debug_line
src\hal\source\HL_emac.c.1.obj|[130]   |0x00000000|0|LOCL |SECT |HIDN |42    |.debug_line
src\hal\source\HL_emac.c.1.obj|[131]   |0x00000000|0|LOCL |SECT |HIDN |43    |.debug_line
src\hal\source\HL_emac.c.1.obj|[132]   |0x00000000|0|LOCL |SECT |HIDN |44    |.debug_line
src\hal\source\HL_emac.c.1.obj|[133]   |0x00000000|0|LOCL |SECT |HIDN |45    |.debug_line
src\hal\source\HL_emac.c.1.obj|[134]   |0x00000000|0|LOCL |SECT |HIDN |46    |.debug_line
src\hal\source\HL_emac.c.1.obj|[135]   |0x00000000|0|LOCL |SECT |HIDN |47    |.debug_line
src\hal\source\HL_emac.c.1.obj|[136]   |0x00000000|0|LOCL |SECT |HIDN |48    |.debug_line
src\hal\source\HL_emac.c.1.obj|[137]   |0x00000000|0|LOCL |SECT |HIDN |49    |.debug_line
src\hal\source\HL_emac.c.1.obj|[138]   |0x00000000|0|LOCL |SECT |HIDN |50    |.debug_line
src\hal\source\HL_emac.c.1.obj|[139]   |0x00000000|0|LOCL |SECT |HIDN |51    |.debug_line
src\hal\source\HL_emac.c.1.obj|[140]   |0x00000000|0|LOCL |SECT |HIDN |52    |.debug_line
src\hal\source\HL_emac.c.1.obj|[141]   |0x00000000|0|LOCL |SECT |HIDN |53    |.debug_line
src\hal\source\HL_emac.c.1.obj|[142]   |0x00000000|0|LOCL |SECT |HIDN |54    |.debug_line
src\hal\source\HL_emac.c.1.obj|[143]   |0x00000000|0|LOCL |SECT |HIDN |55    |.debug_line
src\hal\source\HL_emac.c.1.obj|[144]   |0x00000000|0|LOCL |SECT |HIDN |56    |.debug_line
src\hal\source\HL_emac.c.1.obj|[145]   |0x00000000|0|LOCL |SECT |HIDN |57    |.debug_line
src\hal\source\HL_emac.c.1.obj|[146]   |0x00000000|0|LOCL |SECT |HIDN |58    |.debug_line
src\hal\source\HL_emac.c.1.obj|[187]   |0x00000000|0|LOCL |SECT |HIDN |99    |.debug_pubnames
src\hal\source\HL_emac.c.1.obj|[188]   |0x00000000|0|LOCL |SECT |HIDN |100   |.debug_pubnames
src\hal\source\HL_emac.c.1.obj|[189]   |0x00000000|0|LOCL |SECT |HIDN |101   |.debug_pubnames
src\hal\source\HL_emac.c.1.obj|[197]   |0x00000000|0|LOCL |SECT |HIDN |109   |.debug_pubtypes
src\hal\source\HL_emac.c.1.obj|[204]   |0x00000000|0|LOCL |SECT |HIDN |116   |.debug_pubtypes
src\hal\source\HL_emac.c.1.obj|[205]   |0x00000000|0|LOCL |SECT |HIDN |117   |.debug_pubtypes
src\hal\source\HL_emac.c.1.obj|[206]   |0x00000000|0|LOCL |SECT |HIDN |118   |.debug_pubtypes
src\hal\source\HL_emac.c.1.obj|[190]   |0x00000000|0|LOCL |SECT |HIDN |102   |.debug_pubtypes
src\hal\source\HL_emac.c.1.obj|[194]   |0x00000000|0|LOCL |SECT |HIDN |106   |.debug_pubtypes
src\hal\source\HL_emac.c.1.obj|[191]   |0x00000000|0|LOCL |SECT |HIDN |103   |.debug_pubtypes
src\hal\source\HL_emac.c.1.obj|[192]   |0x00000000|0|LOCL |SECT |HIDN |104   |.debug_pubtypes
src\hal\source\HL_emac.c.1.obj|[193]   |0x00000000|0|LOCL |SECT |HIDN |105   |.debug_pubtypes
src\hal\source\HL_emac.c.1.obj|[195]   |0x00000000|0|LOCL |SECT |HIDN |107   |.debug_pubtypes
src\hal\source\HL_emac.c.1.obj|[196]   |0x00000000|0|LOCL |SECT |HIDN |108   |.debug_pubtypes
src\hal\source\HL_emac.c.1.obj|[198]   |0x00000000|0|LOCL |SECT |HIDN |110   |.debug_pubtypes
src\hal\source\HL_emac.c.1.obj|[199]   |0x00000000|0|LOCL |SECT |HIDN |111   |.debug_pubtypes
src\hal\source\HL_emac.c.1.obj|[200]   |0x00000000|0|LOCL |SECT |HIDN |112   |.debug_pubtypes
src\hal\source\HL_emac.c.1.obj|[201]   |0x00000000|0|LOCL |SECT |HIDN |113   |.debug_pubtypes
src\hal\source\HL_emac.c.1.obj|[202]   |0x00000000|0|LOCL |SECT |HIDN |114   |.debug_pubtypes
src\hal\source\HL_emac.c.1.obj|[203]   |0x00000000|0|LOCL |SECT |HIDN |115   |.debug_pubtypes
src\hal\source\HL_emac.c.1.obj|[168]   |0x00000000|0|LOCL |SECT |HIDN |81    |.debug_str
src\hal\source\HL_emac.c.1.obj|[170]   |0x00000000|0|LOCL |SECT |HIDN |83    |.debug_str
src\hal\source\HL_emac.c.1.obj|[158]   |0x00000000|0|LOCL |SECT |HIDN |71    |.debug_str
src\hal\source\HL_emac.c.1.obj|[152]   |0x00000000|0|LOCL |SECT |HIDN |65    |.debug_str
src\hal\source\HL_emac.c.1.obj|[174]   |0x00000000|0|LOCL |SECT |HIDN |87    |.debug_str
src\hal\source\HL_emac.c.1.obj|[160]   |0x00000000|0|LOCL |SECT |HIDN |73    |.debug_str
src\hal\source\HL_emac.c.1.obj|[176]   |0x00000000|0|LOCL |SECT |HIDN |89    |.debug_str
src\hal\source\HL_emac.c.1.obj|[178]   |0x00000000|0|LOCL |SECT |HIDN |91    |.debug_str
src\hal\source\HL_emac.c.1.obj|[162]   |0x00000000|0|LOCL |SECT |HIDN |75    |.debug_str
src\hal\source\HL_emac.c.1.obj|[180]   |0x00000000|0|LOCL |SECT |HIDN |93    |.debug_str
src\hal\source\HL_emac.c.1.obj|[154]   |0x00000000|0|LOCL |SECT |HIDN |67    |.debug_str
src\hal\source\HL_emac.c.1.obj|[156]   |0x00000000|0|LOCL |SECT |HIDN |69    |.debug_str
src\hal\source\HL_emac.c.1.obj|[164]   |0x00000000|0|LOCL |SECT |HIDN |77    |.debug_str
src\hal\source\HL_emac.c.1.obj|[166]   |0x00000000|0|LOCL |SECT |HIDN |79    |.debug_str
src\hal\source\HL_emac.c.1.obj|[184]   |0x00000000|0|LOCL |SECT |HIDN |97    |.debug_str
src\hal\source\HL_emac.c.1.obj|[182]   |0x00000000|0|LOCL |SECT |HIDN |95    |.debug_str
src\hal\source\HL_emac.c.1.obj|[172]   |0x00000000|0|LOCL |SECT |HIDN |85    |.debug_str
src\hal\source\HL_emac.c.1.obj|[51]    |0x00000000|0|LOCL |SECT |HIDN |18    |.text
src\hal\source\HL_emac.c.1.obj|[242]   |0x00000000|0|GLOB |NONE |HIDN |UNDEF |Dp83640AutoNegotiate
src\hal\source\HL_emac.c.1.obj|[236]   |0x00000000|0|GLOB |NONE |HIDN |UNDEF |Dp83640IDGet
src\hal\source\HL_emac.c.1.obj|[211]   |0x00000000|0|GLOB |NONE |HIDN |UNDEF |Dp83640LinkStatusGet
src\hal\source\HL_emac.c.1.obj|[259]   |0x00000000|0|GLOB |NONE |HIDN |UNDEF |Dp83640PartnerAbilityGet
src\hal\source\HL_emac.c.1.obj|[257]   |0x00000824|8|GLOB |FUNC |HIDN |18    |EMACCoreIntAck
src\hal\source\HL_emac.c.1.obj|[219]   |0x0000076c|184|GLOB |FUNC |HIDN |18    |EMACDMAInit
src\hal\source\HL_emac.c.1.obj|[229]   |0x00000b1c|16|GLOB |FUNC |HIDN |18    |EMACDisableIdleState
src\hal\source\HL_emac.c.1.obj|[212]   |0x0000082c|48|GLOB |FUNC |HIDN |18    |EMACDisableLoopback
src\hal\source\HL_emac.c.1.obj|[251]   |0x0000060c|28|GLOB |FUNC |HIDN |18    |EMACDuplexSet
src\hal\source\HL_emac.c.1.obj|[258]   |0x00000b0c|16|GLOB |FUNC |HIDN |18    |EMACEnableIdleState
src\hal\source\HL_emac.c.1.obj|[241]   |0x00000adc|48|GLOB |FUNC |HIDN |18    |EMACEnableLoopback
src\hal\source\HL_emac.c.1.obj|[221]   |0x00000ad0|12|GLOB |FUNC |HIDN |18    |EMACFrameSelect
src\hal\source\HL_emac.c.1.obj|[268]   |0x00000a2c|164|GLOB |FUNC |HIDN |18    |EMACGetConfigValue
src\hal\source\HL_emac.c.1.obj|[267]   |0x0000085c|464|GLOB |FUNC |HIDN |18    |EMACHWInit
src\hal\source\HL_emac.c.1.obj|[244]   |0x000006f4|120|GLOB |FUNC |HIDN |18    |EMACInit
src\hal\source\HL_emac.c.1.obj|[269]   |0x000006b4|64|GLOB |FUNC |HIDN |18    |EMACInstConfig
src\hal\source\HL_emac.c.1.obj|[266]   |0x000006ac|8|GLOB |FUNC |HIDN |18    |EMACIntVectorGet
src\hal\source\HL_emac.c.1.obj|[220]   |0x00000628|132|GLOB |FUNC |HIDN |18    |EMACLinkSetup
src\hal\source\HL_emac.c.1.obj|[264]   |0x000005c8|68|GLOB |FUNC |HIDN |18    |EMACMACAddrSet
src\hal\source\HL_emac.c.1.obj|[222]   |0x00000590|56|GLOB |FUNC |HIDN |18    |EMACMACSrcAddrSet
src\hal\source\HL_emac.c.1.obj|[254]   |0x00000580|16|GLOB |FUNC |HIDN |18    |EMACMIIDisable
src\hal\source\HL_emac.c.1.obj|[255]   |0x00000570|16|GLOB |FUNC |HIDN |18    |EMACMIIEnable
src\hal\source\HL_emac.c.1.obj|[232]   |0x00000564|12|GLOB |FUNC |HIDN |18    |EMACNumFreeBufSet
src\hal\source\HL_emac.c.1.obj|[240]   |0x00000548|28|GLOB |FUNC |HIDN |18    |EMACRMIISpeedSet
src\hal\source\HL_emac.c.1.obj|[235]   |0x0000053c|12|GLOB |FUNC |HIDN |18    |EMACReadNetStatRegisters
src\hal\source\HL_emac.c.1.obj|[238]   |0x00000480|188|GLOB |FUNC |HIDN |18    |EMACReceive
src\hal\source\HL_emac.c.1.obj|[214]   |0x00000464|28|GLOB |FUNC |HIDN |18    |EMACRxBroadCastDisable
src\hal\source\HL_emac.c.1.obj|[247]   |0x00000444|32|GLOB |FUNC |HIDN |18    |EMACRxBroadCastEnable
src\hal\source\HL_emac.c.1.obj|[260]   |0x00000438|12|GLOB |FUNC |HIDN |18    |EMACRxCPWrite
src\hal\source\HL_emac.c.1.obj|[217]   |0x0000042c|12|GLOB |FUNC |HIDN |18    |EMACRxDisable
src\hal\source\HL_emac.c.1.obj|[234]   |0x00000420|12|GLOB |FUNC |HIDN |18    |EMACRxEnable
src\hal\source\HL_emac.c.1.obj|[215]   |0x00000410|16|GLOB |FUNC |HIDN |18    |EMACRxFlowControlDisable
src\hal\source\HL_emac.c.1.obj|[253]   |0x00000400|16|GLOB |FUNC |HIDN |18    |EMACRxFlowControlEnable
src\hal\source\HL_emac.c.1.obj|[248]   |0x000003f4|12|GLOB |FUNC |HIDN |18    |EMACRxHdrDescPtrWrite
src\hal\source\HL_emac.c.1.obj|[218]   |0x000003c8|44|GLOB |FUNC |HIDN |18    |EMACRxIntPulseDisable
src\hal\source\HL_emac.c.1.obj|[223]   |0x0000039c|44|GLOB |FUNC |HIDN |18    |EMACRxIntPulseEnable
src\hal\source\HL_emac.c.1.obj|[228]   |0x00000354|72|GLOB |FUNC |HIDN |18    |EMACRxIntStat
src\hal\source\HL_emac.c.1.obj|[245]   |0x00000338|28|GLOB |FUNC |HIDN |18    |EMACRxMultiCastDisable
src\hal\source\HL_emac.c.1.obj|[237]   |0x00000318|32|GLOB |FUNC |HIDN |18    |EMACRxMultiCastEnable
src\hal\source\HL_emac.c.1.obj|[239]   |0x000002fc|28|GLOB |FUNC |HIDN |18    |EMACRxSetFlowThreshold
src\hal\source\HL_emac.c.1.obj|[249]   |0x000002ec|16|GLOB |FUNC |HIDN |18    |EMACRxTeardown
src\hal\source\HL_emac.c.1.obj|[230]   |0x000002d8|20|GLOB |FUNC |HIDN |18    |EMACRxUnicastClear
src\hal\source\HL_emac.c.1.obj|[233]   |0x000002c4|20|GLOB |FUNC |HIDN |18    |EMACRxUnicastSet
src\hal\source\HL_emac.c.1.obj|[227]   |0x0000029c|40|GLOB |FUNC |HIDN |18    |EMACSoftReset
src\hal\source\HL_emac.c.1.obj|[256]   |0x000000b8|8|GLOB |FUNC |HIDN |18    |EMACSwizzleData
src\hal\source\HL_emac.c.1.obj|[246]   |0x000001b0|236|GLOB |FUNC |HIDN |18    |EMACTransmit
src\hal\source\HL_emac.c.1.obj|[226]   |0x000000c0|12|GLOB |FUNC |HIDN |18    |EMACTxCPWrite
src\hal\source\HL_emac.c.1.obj|[225]   |0x000001a4|12|GLOB |FUNC |HIDN |18    |EMACTxDisable
src\hal\source\HL_emac.c.1.obj|[216]   |0x00000198|12|GLOB |FUNC |HIDN |18    |EMACTxEnable
src\hal\source\HL_emac.c.1.obj|[213]   |0x00000188|16|GLOB |FUNC |HIDN |18    |EMACTxFlowControlDisable
src\hal\source\HL_emac.c.1.obj|[262]   |0x00000178|16|GLOB |FUNC |HIDN |18    |EMACTxFlowControlEnable
src\hal\source\HL_emac.c.1.obj|[261]   |0x0000016c|12|GLOB |FUNC |HIDN |18    |EMACTxHdrDescPtrWrite
src\hal\source\HL_emac.c.1.obj|[265]   |0x000000cc|160|GLOB |FUNC |HIDN |18    |EMACTxIntHandler
src\hal\source\HL_emac.c.1.obj|[252]   |0x0000008c|44|GLOB |FUNC |HIDN |18    |EMACTxIntPulseDisable
src\hal\source\HL_emac.c.1.obj|[231]   |0x00000060|44|GLOB |FUNC |HIDN |18    |EMACTxIntPulseEnable
src\hal\source\HL_emac.c.1.obj|[224]   |0x0000003c|36|GLOB |FUNC |HIDN |18    |EMACTxIntStat
src\hal\source\HL_emac.c.1.obj|[210]   |0x00000010|44|GLOB |FUNC |HIDN |18    |EMACTxPrioritySelect
src\hal\source\HL_emac.c.1.obj|[250]   |0x00000000|16|GLOB |FUNC |HIDN |18    |EMACTxTeardown
src\hal\source\HL_emac.c.1.obj|[207]   |0x00000000|0|WEAK |FUNC |HIDN |UNDEF |Lib$$Request$$armlib
src\hal\source\HL_emac.c.1.obj|[208]   |0x00000000|0|WEAK |FUNC |HIDN |UNDEF |Lib$$Request$$cpplib
src\hal\source\HL_emac.c.1.obj|[243]   |0x00000000|0|GLOB |NONE |HIDN |UNDEF |MDIOInit
src\hal\source\HL_emac.c.1.obj|[263]   |0x00000000|0|GLOB |NONE |HIDN |UNDEF |MDIOPhyAliveStatusGet
src\hal\source\HL_emac.c.1.obj|[273]   |0x00000000|0|GLOB |NONE |HIDN |26    |__TI_DW.debug_info.$base_types.a3001db55c69772f4e2efd565078122a
src\hal\source\HL_emac.c.1.obj|[280]   |0x00000000|0|GLOB |NONE |HIDN |33    |__TI_DW.debug_info.HL_emac.h.5323e4e7389b8a46097e1f8077397a01
src\hal\source\HL_emac.c.1.obj|[272]   |0x00000000|0|GLOB |NONE |HIDN |25    |__TI_DW.debug_info.HL_hal_stdtypes.h.f6fe50beccb00e10c974b1712ae0460c
src\hal\source\HL_emac.c.1.obj|[284]   |0x00000000|0|GLOB |NONE |HIDN |37    |__TI_DW.debug_info.HL_phy_dp83640.h.e24f3fe366b2be738c7252b4d7816e41
src\hal\source\HL_emac.c.1.obj|[279]   |0x00000000|0|GLOB |NONE |HIDN |32    |__TI_DW.debug_info.HL_reg_ccmr5.h.60616c1ea5f894c67161713e700a6949
src\hal\source\HL_emac.c.1.obj|[281]   |0x00000000|0|GLOB |NONE |HIDN |34    |__TI_DW.debug_info.HL_reg_flash.h.8ef69a7bfede7a4afcb622ed681f698b
src\hal\source\HL_emac.c.1.obj|[282]   |0x00000000|0|GLOB |NONE |HIDN |35    |__TI_DW.debug_info.HL_reg_gio.h.14fbe21c444fd77e90046c712f40e220
src\hal\source\HL_emac.c.1.obj|[283]   |0x00000000|0|GLOB |NONE |HIDN |36    |__TI_DW.debug_info.HL_reg_l2ramw.h.6488b9fde894db393617a3cedf1b0e93
src\hal\source\HL_emac.c.1.obj|[285]   |0x00000000|0|GLOB |NONE |HIDN |38    |__TI_DW.debug_info.HL_reg_system.h.eafea5ad13773ff532774030a8e080ff
src\hal\source\HL_emac.c.1.obj|[286]   |0x00000000|0|GLOB |NONE |HIDN |39    |__TI_DW.debug_info.HL_reg_vim.h.d860fe5f18ea68a228b5309189148bc1
src\hal\source\HL_emac.c.1.obj|[278]   |0x00000000|0|GLOB |NONE |HIDN |31    |__TI_DW.debug_info.HL_sys_common.h.e8daada136d191dca44e4b47f4729313
src\hal\source\HL_emac.c.1.obj|[274]   |0x00000000|0|GLOB |NONE |HIDN |27    |__TI_DW.debug_info.HL_sys_vim.h.bc34994e235d47a6d5290aaf78ab20cf
src\hal\source\HL_emac.c.1.obj|[270]   |0x00000000|0|GLOB |NONE |HIDN |23    |__TI_DW.debug_info.HL_system.h.f897c4241e2d74a187e91d9cc9d34c43
src\hal\source\HL_emac.c.1.obj|[277]   |0x00000000|0|GLOB |NONE |HIDN |30    |__TI_DW.debug_info._stdint.h.55dc0724062de24f6648c36a36931c9a
src\hal\source\HL_emac.c.1.obj|[271]   |0x00000000|0|GLOB |NONE |HIDN |24    |__TI_DW.debug_info._types.h.59562a94a523b27bdcf6ba60164276f0
src\hal\source\HL_emac.c.1.obj|[275]   |0x00000000|0|GLOB |NONE |HIDN |28    |__TI_DW.debug_info._types.h.62a9317002fb36f2a0c7d45aa6f41cd3
src\hal\source\HL_emac.c.1.obj|[276]   |0x00000000|0|GLOB |NONE |HIDN |29    |__TI_DW.debug_info.stdint.h.ad4b679dbce029afdbcc9a8c662c70ff
src\hal\source\HL_emac.c.1.obj|[209]   |0x00000004|60|GLOB |COMN |HIDN |COMN  |hdkif_data
src\hal\source\HL_emac.c.1.obj|[2]     |0x00000000|15140|LOCL |OBJT |HIDN |19    |pbuf_array
src\hal\source\HL_emac.c.1.obj|[1]     |0x00000000|0|LOCL |FILE |HIDN |ABS   |{7705684F-6FAC-464F-BD14-54BE21D6E8F7}
