
file            [index]  value      size  bind  type  vis   shndx  symbol name 

src\hal\source\HL_notification.c.1.obj|[0]     |0x00000000|0|LOCL |NONE |DFLT |UNDEF |
src\hal\source\HL_notification.c.1.obj|[2]     |0x00000028|0|LOCL |FUNC |HIDN |48    |$C$L1
src\hal\source\HL_notification.c.1.obj|[29]    |0x00000064|0|LOCL |NONE |HIDN |48    |$a
src\hal\source\HL_notification.c.1.obj|[30]    |0x00000068|0|LOCL |NONE |HIDN |48    |$a
src\hal\source\HL_notification.c.1.obj|[4]     |0x00000000|0|LOCL |NONE |HIDN |48    |$a
src\hal\source\HL_notification.c.1.obj|[5]     |0x00000004|0|LOCL |NONE |HIDN |48    |$a
src\hal\source\HL_notification.c.1.obj|[6]     |0x00000008|0|LOCL |NONE |HIDN |48    |$a
src\hal\source\HL_notification.c.1.obj|[7]     |0x0000000c|0|LOCL |NONE |HIDN |48    |$a
src\hal\source\HL_notification.c.1.obj|[8]     |0x00000010|0|LOCL |NONE |HIDN |48    |$a
src\hal\source\HL_notification.c.1.obj|[9]     |0x00000014|0|LOCL |NONE |HIDN |48    |$a
src\hal\source\HL_notification.c.1.obj|[10]    |0x00000018|0|LOCL |NONE |HIDN |48    |$a
src\hal\source\HL_notification.c.1.obj|[11]    |0x0000001c|0|LOCL |NONE |HIDN |48    |$a
src\hal\source\HL_notification.c.1.obj|[12]    |0x00000020|0|LOCL |NONE |HIDN |48    |$a
src\hal\source\HL_notification.c.1.obj|[13]    |0x00000024|0|LOCL |NONE |HIDN |48    |$a
src\hal\source\HL_notification.c.1.obj|[14]    |0x00000028|0|LOCL |NONE |HIDN |48    |$a
src\hal\source\HL_notification.c.1.obj|[15]    |0x0000002c|0|LOCL |NONE |HIDN |48    |$a
src\hal\source\HL_notification.c.1.obj|[16]    |0x00000030|0|LOCL |NONE |HIDN |48    |$a
src\hal\source\HL_notification.c.1.obj|[17]    |0x00000034|0|LOCL |NONE |HIDN |48    |$a
src\hal\source\HL_notification.c.1.obj|[18]    |0x00000038|0|LOCL |NONE |HIDN |48    |$a
src\hal\source\HL_notification.c.1.obj|[19]    |0x0000003c|0|LOCL |NONE |HIDN |48    |$a
src\hal\source\HL_notification.c.1.obj|[20]    |0x00000040|0|LOCL |NONE |HIDN |48    |$a
src\hal\source\HL_notification.c.1.obj|[21]    |0x00000044|0|LOCL |NONE |HIDN |48    |$a
src\hal\source\HL_notification.c.1.obj|[22]    |0x00000048|0|LOCL |NONE |HIDN |48    |$a
src\hal\source\HL_notification.c.1.obj|[23]    |0x0000004c|0|LOCL |NONE |HIDN |48    |$a
src\hal\source\HL_notification.c.1.obj|[24]    |0x00000050|0|LOCL |NONE |HIDN |48    |$a
src\hal\source\HL_notification.c.1.obj|[25]    |0x00000054|0|LOCL |NONE |HIDN |48    |$a
src\hal\source\HL_notification.c.1.obj|[26]    |0x00000058|0|LOCL |NONE |HIDN |48    |$a
src\hal\source\HL_notification.c.1.obj|[27]    |0x0000005c|0|LOCL |NONE |HIDN |48    |$a
src\hal\source\HL_notification.c.1.obj|[28]    |0x00000060|0|LOCL |NONE |HIDN |48    |$a
src\hal\source\HL_notification.c.1.obj|[179]   |0x00000000|0|LOCL |SECT |HIDN |196   |.debug_abbrev
src\hal\source\HL_notification.c.1.obj|[177]   |0x00000000|0|LOCL |SECT |HIDN |194   |.debug_abbrev
src\hal\source\HL_notification.c.1.obj|[159]   |0x00000000|0|LOCL |SECT |HIDN |176   |.debug_abbrev
src\hal\source\HL_notification.c.1.obj|[145]   |0x00000000|0|LOCL |SECT |HIDN |162   |.debug_abbrev
src\hal\source\HL_notification.c.1.obj|[167]   |0x00000000|0|LOCL |SECT |HIDN |184   |.debug_abbrev
src\hal\source\HL_notification.c.1.obj|[147]   |0x00000000|0|LOCL |SECT |HIDN |164   |.debug_abbrev
src\hal\source\HL_notification.c.1.obj|[161]   |0x00000000|0|LOCL |SECT |HIDN |178   |.debug_abbrev
src\hal\source\HL_notification.c.1.obj|[149]   |0x00000000|0|LOCL |SECT |HIDN |166   |.debug_abbrev
src\hal\source\HL_notification.c.1.obj|[171]   |0x00000000|0|LOCL |SECT |HIDN |188   |.debug_abbrev
src\hal\source\HL_notification.c.1.obj|[151]   |0x00000000|0|LOCL |SECT |HIDN |168   |.debug_abbrev
src\hal\source\HL_notification.c.1.obj|[163]   |0x00000000|0|LOCL |SECT |HIDN |180   |.debug_abbrev
src\hal\source\HL_notification.c.1.obj|[153]   |0x00000000|0|LOCL |SECT |HIDN |170   |.debug_abbrev
src\hal\source\HL_notification.c.1.obj|[181]   |0x00000000|0|LOCL |SECT |HIDN |198   |.debug_abbrev
src\hal\source\HL_notification.c.1.obj|[183]   |0x00000000|0|LOCL |SECT |HIDN |200   |.debug_abbrev
src\hal\source\HL_notification.c.1.obj|[185]   |0x00000000|0|LOCL |SECT |HIDN |202   |.debug_abbrev
src\hal\source\HL_notification.c.1.obj|[187]   |0x00000000|0|LOCL |SECT |HIDN |204   |.debug_abbrev
src\hal\source\HL_notification.c.1.obj|[189]   |0x00000000|0|LOCL |SECT |HIDN |206   |.debug_abbrev
src\hal\source\HL_notification.c.1.obj|[191]   |0x00000000|0|LOCL |SECT |HIDN |208   |.debug_abbrev
src\hal\source\HL_notification.c.1.obj|[193]   |0x00000000|0|LOCL |SECT |HIDN |210   |.debug_abbrev
src\hal\source\HL_notification.c.1.obj|[141]   |0x00000000|0|LOCL |SECT |HIDN |158   |.debug_abbrev
src\hal\source\HL_notification.c.1.obj|[197]   |0x00000000|0|LOCL |SECT |HIDN |214   |.debug_abbrev
src\hal\source\HL_notification.c.1.obj|[199]   |0x00000000|0|LOCL |SECT |HIDN |216   |.debug_abbrev
src\hal\source\HL_notification.c.1.obj|[201]   |0x00000000|0|LOCL |SECT |HIDN |218   |.debug_abbrev
src\hal\source\HL_notification.c.1.obj|[203]   |0x00000000|0|LOCL |SECT |HIDN |220   |.debug_abbrev
src\hal\source\HL_notification.c.1.obj|[205]   |0x00000000|0|LOCL |SECT |HIDN |222   |.debug_abbrev
src\hal\source\HL_notification.c.1.obj|[207]   |0x00000000|0|LOCL |SECT |HIDN |224   |.debug_abbrev
src\hal\source\HL_notification.c.1.obj|[209]   |0x00000000|0|LOCL |SECT |HIDN |226   |.debug_abbrev
src\hal\source\HL_notification.c.1.obj|[211]   |0x00000000|0|LOCL |SECT |HIDN |228   |.debug_abbrev
src\hal\source\HL_notification.c.1.obj|[213]   |0x00000000|0|LOCL |SECT |HIDN |230   |.debug_abbrev
src\hal\source\HL_notification.c.1.obj|[215]   |0x00000000|0|LOCL |SECT |HIDN |232   |.debug_abbrev
src\hal\source\HL_notification.c.1.obj|[217]   |0x00000000|0|LOCL |SECT |HIDN |234   |.debug_abbrev
src\hal\source\HL_notification.c.1.obj|[219]   |0x00000000|0|LOCL |SECT |HIDN |236   |.debug_abbrev
src\hal\source\HL_notification.c.1.obj|[221]   |0x00000000|0|LOCL |SECT |HIDN |238   |.debug_abbrev
src\hal\source\HL_notification.c.1.obj|[223]   |0x00000000|0|LOCL |SECT |HIDN |240   |.debug_abbrev
src\hal\source\HL_notification.c.1.obj|[225]   |0x00000000|0|LOCL |SECT |HIDN |242   |.debug_abbrev
src\hal\source\HL_notification.c.1.obj|[195]   |0x00000000|0|LOCL |SECT |HIDN |212   |.debug_abbrev
src\hal\source\HL_notification.c.1.obj|[130]   |0x00000000|0|LOCL |SECT |HIDN |148   |.debug_abbrev
src\hal\source\HL_notification.c.1.obj|[131]   |0x00000000|0|LOCL |SECT |HIDN |149   |.debug_abbrev
src\hal\source\HL_notification.c.1.obj|[175]   |0x00000000|0|LOCL |SECT |HIDN |192   |.debug_abbrev
src\hal\source\HL_notification.c.1.obj|[133]   |0x00000000|0|LOCL |SECT |HIDN |150   |.debug_abbrev
src\hal\source\HL_notification.c.1.obj|[169]   |0x00000000|0|LOCL |SECT |HIDN |186   |.debug_abbrev
src\hal\source\HL_notification.c.1.obj|[135]   |0x00000000|0|LOCL |SECT |HIDN |152   |.debug_abbrev
src\hal\source\HL_notification.c.1.obj|[155]   |0x00000000|0|LOCL |SECT |HIDN |172   |.debug_abbrev
src\hal\source\HL_notification.c.1.obj|[137]   |0x00000000|0|LOCL |SECT |HIDN |154   |.debug_abbrev
src\hal\source\HL_notification.c.1.obj|[165]   |0x00000000|0|LOCL |SECT |HIDN |182   |.debug_abbrev
src\hal\source\HL_notification.c.1.obj|[139]   |0x00000000|0|LOCL |SECT |HIDN |156   |.debug_abbrev
src\hal\source\HL_notification.c.1.obj|[157]   |0x00000000|0|LOCL |SECT |HIDN |174   |.debug_abbrev
src\hal\source\HL_notification.c.1.obj|[173]   |0x00000000|0|LOCL |SECT |HIDN |190   |.debug_abbrev
src\hal\source\HL_notification.c.1.obj|[143]   |0x00000000|0|LOCL |SECT |HIDN |160   |.debug_abbrev
src\hal\source\HL_notification.c.1.obj|[226]   |0x00000000|0|LOCL |SECT |HIDN |244   |.debug_aranges
src\hal\source\HL_notification.c.1.obj|[129]   |0x00000000|0|LOCL |SECT |HIDN |147   |.debug_frame
src\hal\source\HL_notification.c.1.obj|[32]    |0x00000000|0|LOCL |SECT |HIDN |50    |.debug_info
src\hal\source\HL_notification.c.1.obj|[33]    |0x00000000|0|LOCL |SECT |HIDN |51    |.debug_info
src\hal\source\HL_notification.c.1.obj|[34]    |0x00000000|0|LOCL |SECT |HIDN |52    |.debug_info
src\hal\source\HL_notification.c.1.obj|[35]    |0x00000000|0|LOCL |SECT |HIDN |53    |.debug_info
src\hal\source\HL_notification.c.1.obj|[36]    |0x00000000|0|LOCL |SECT |HIDN |54    |.debug_info
src\hal\source\HL_notification.c.1.obj|[38]    |0x00000000|0|LOCL |SECT |HIDN |56    |.debug_info
src\hal\source\HL_notification.c.1.obj|[39]    |0x00000000|0|LOCL |SECT |HIDN |57    |.debug_info
src\hal\source\HL_notification.c.1.obj|[40]    |0x00000000|0|LOCL |SECT |HIDN |58    |.debug_info
src\hal\source\HL_notification.c.1.obj|[41]    |0x00000000|0|LOCL |SECT |HIDN |59    |.debug_info
src\hal\source\HL_notification.c.1.obj|[42]    |0x00000000|0|LOCL |SECT |HIDN |60    |.debug_info
src\hal\source\HL_notification.c.1.obj|[43]    |0x00000000|0|LOCL |SECT |HIDN |61    |.debug_info
src\hal\source\HL_notification.c.1.obj|[44]    |0x00000000|0|LOCL |SECT |HIDN |62    |.debug_info
src\hal\source\HL_notification.c.1.obj|[45]    |0x00000000|0|LOCL |SECT |HIDN |63    |.debug_info
src\hal\source\HL_notification.c.1.obj|[46]    |0x00000000|0|LOCL |SECT |HIDN |64    |.debug_info
src\hal\source\HL_notification.c.1.obj|[47]    |0x00000000|0|LOCL |SECT |HIDN |65    |.debug_info
src\hal\source\HL_notification.c.1.obj|[49]    |0x00000000|0|LOCL |SECT |HIDN |67    |.debug_info
src\hal\source\HL_notification.c.1.obj|[50]    |0x00000000|0|LOCL |SECT |HIDN |68    |.debug_info
src\hal\source\HL_notification.c.1.obj|[51]    |0x00000000|0|LOCL |SECT |HIDN |69    |.debug_info
src\hal\source\HL_notification.c.1.obj|[52]    |0x00000000|0|LOCL |SECT |HIDN |70    |.debug_info
src\hal\source\HL_notification.c.1.obj|[53]    |0x00000000|0|LOCL |SECT |HIDN |71    |.debug_info
src\hal\source\HL_notification.c.1.obj|[54]    |0x00000000|0|LOCL |SECT |HIDN |72    |.debug_info
src\hal\source\HL_notification.c.1.obj|[55]    |0x00000000|0|LOCL |SECT |HIDN |73    |.debug_info
src\hal\source\HL_notification.c.1.obj|[56]    |0x00000000|0|LOCL |SECT |HIDN |74    |.debug_info
src\hal\source\HL_notification.c.1.obj|[37]    |0x00000000|0|LOCL |SECT |HIDN |55    |.debug_info
src\hal\source\HL_notification.c.1.obj|[58]    |0x00000000|0|LOCL |SECT |HIDN |76    |.debug_info
src\hal\source\HL_notification.c.1.obj|[59]    |0x00000000|0|LOCL |SECT |HIDN |77    |.debug_info
src\hal\source\HL_notification.c.1.obj|[60]    |0x00000000|0|LOCL |SECT |HIDN |78    |.debug_info
src\hal\source\HL_notification.c.1.obj|[61]    |0x00000000|0|LOCL |SECT |HIDN |79    |.debug_info
src\hal\source\HL_notification.c.1.obj|[62]    |0x00000000|0|LOCL |SECT |HIDN |80    |.debug_info
src\hal\source\HL_notification.c.1.obj|[63]    |0x00000000|0|LOCL |SECT |HIDN |81    |.debug_info
src\hal\source\HL_notification.c.1.obj|[76]    |0x00000000|0|LOCL |SECT |HIDN |94    |.debug_info
src\hal\source\HL_notification.c.1.obj|[77]    |0x00000000|0|LOCL |SECT |HIDN |95    |.debug_info
src\hal\source\HL_notification.c.1.obj|[48]    |0x00000000|0|LOCL |SECT |HIDN |66    |.debug_info
src\hal\source\HL_notification.c.1.obj|[78]    |0x00000000|0|LOCL |SECT |HIDN |96    |.debug_info
src\hal\source\HL_notification.c.1.obj|[79]    |0x00000000|0|LOCL |SECT |HIDN |97    |.debug_info
src\hal\source\HL_notification.c.1.obj|[64]    |0x00000000|0|LOCL |SECT |HIDN |82    |.debug_info
src\hal\source\HL_notification.c.1.obj|[31]    |0x00000000|0|LOCL |SECT |HIDN |49    |.debug_info
src\hal\source\HL_notification.c.1.obj|[65]    |0x00000000|0|LOCL |SECT |HIDN |83    |.debug_info
src\hal\source\HL_notification.c.1.obj|[66]    |0x00000000|0|LOCL |SECT |HIDN |84    |.debug_info
src\hal\source\HL_notification.c.1.obj|[67]    |0x00000000|0|LOCL |SECT |HIDN |85    |.debug_info
src\hal\source\HL_notification.c.1.obj|[68]    |0x00000000|0|LOCL |SECT |HIDN |86    |.debug_info
src\hal\source\HL_notification.c.1.obj|[69]    |0x00000000|0|LOCL |SECT |HIDN |87    |.debug_info
src\hal\source\HL_notification.c.1.obj|[57]    |0x00000000|0|LOCL |SECT |HIDN |75    |.debug_info
src\hal\source\HL_notification.c.1.obj|[71]    |0x00000000|0|LOCL |SECT |HIDN |89    |.debug_info
src\hal\source\HL_notification.c.1.obj|[72]    |0x00000000|0|LOCL |SECT |HIDN |90    |.debug_info
src\hal\source\HL_notification.c.1.obj|[73]    |0x00000000|0|LOCL |SECT |HIDN |91    |.debug_info
src\hal\source\HL_notification.c.1.obj|[74]    |0x00000000|0|LOCL |SECT |HIDN |92    |.debug_info
src\hal\source\HL_notification.c.1.obj|[75]    |0x00000000|0|LOCL |SECT |HIDN |93    |.debug_info
src\hal\source\HL_notification.c.1.obj|[70]    |0x00000000|0|LOCL |SECT |HIDN |88    |.debug_info
src\hal\source\HL_notification.c.1.obj|[80]    |0x00000000|0|LOCL |SECT |HIDN |98    |.debug_line
src\hal\source\HL_notification.c.1.obj|[81]    |0x00000000|0|LOCL |SECT |HIDN |99    |.debug_line
src\hal\source\HL_notification.c.1.obj|[82]    |0x00000000|0|LOCL |SECT |HIDN |100   |.debug_line
src\hal\source\HL_notification.c.1.obj|[83]    |0x00000000|0|LOCL |SECT |HIDN |101   |.debug_line
src\hal\source\HL_notification.c.1.obj|[84]    |0x00000000|0|LOCL |SECT |HIDN |102   |.debug_line
src\hal\source\HL_notification.c.1.obj|[86]    |0x00000000|0|LOCL |SECT |HIDN |104   |.debug_line
src\hal\source\HL_notification.c.1.obj|[87]    |0x00000000|0|LOCL |SECT |HIDN |105   |.debug_line
src\hal\source\HL_notification.c.1.obj|[88]    |0x00000000|0|LOCL |SECT |HIDN |106   |.debug_line
src\hal\source\HL_notification.c.1.obj|[89]    |0x00000000|0|LOCL |SECT |HIDN |107   |.debug_line
src\hal\source\HL_notification.c.1.obj|[90]    |0x00000000|0|LOCL |SECT |HIDN |108   |.debug_line
src\hal\source\HL_notification.c.1.obj|[91]    |0x00000000|0|LOCL |SECT |HIDN |109   |.debug_line
src\hal\source\HL_notification.c.1.obj|[92]    |0x00000000|0|LOCL |SECT |HIDN |110   |.debug_line
src\hal\source\HL_notification.c.1.obj|[113]   |0x00000000|0|LOCL |SECT |HIDN |131   |.debug_line
src\hal\source\HL_notification.c.1.obj|[93]    |0x00000000|0|LOCL |SECT |HIDN |111   |.debug_line
src\hal\source\HL_notification.c.1.obj|[94]    |0x00000000|0|LOCL |SECT |HIDN |112   |.debug_line
src\hal\source\HL_notification.c.1.obj|[95]    |0x00000000|0|LOCL |SECT |HIDN |113   |.debug_line
src\hal\source\HL_notification.c.1.obj|[96]    |0x00000000|0|LOCL |SECT |HIDN |114   |.debug_line
src\hal\source\HL_notification.c.1.obj|[97]    |0x00000000|0|LOCL |SECT |HIDN |115   |.debug_line
src\hal\source\HL_notification.c.1.obj|[98]    |0x00000000|0|LOCL |SECT |HIDN |116   |.debug_line
src\hal\source\HL_notification.c.1.obj|[99]    |0x00000000|0|LOCL |SECT |HIDN |117   |.debug_line
src\hal\source\HL_notification.c.1.obj|[100]   |0x00000000|0|LOCL |SECT |HIDN |118   |.debug_line
src\hal\source\HL_notification.c.1.obj|[101]   |0x00000000|0|LOCL |SECT |HIDN |119   |.debug_line
src\hal\source\HL_notification.c.1.obj|[102]   |0x00000000|0|LOCL |SECT |HIDN |120   |.debug_line
src\hal\source\HL_notification.c.1.obj|[103]   |0x00000000|0|LOCL |SECT |HIDN |121   |.debug_line
src\hal\source\HL_notification.c.1.obj|[104]   |0x00000000|0|LOCL |SECT |HIDN |122   |.debug_line
src\hal\source\HL_notification.c.1.obj|[105]   |0x00000000|0|LOCL |SECT |HIDN |123   |.debug_line
src\hal\source\HL_notification.c.1.obj|[106]   |0x00000000|0|LOCL |SECT |HIDN |124   |.debug_line
src\hal\source\HL_notification.c.1.obj|[107]   |0x00000000|0|LOCL |SECT |HIDN |125   |.debug_line
src\hal\source\HL_notification.c.1.obj|[108]   |0x00000000|0|LOCL |SECT |HIDN |126   |.debug_line
src\hal\source\HL_notification.c.1.obj|[109]   |0x00000000|0|LOCL |SECT |HIDN |127   |.debug_line
src\hal\source\HL_notification.c.1.obj|[110]   |0x00000000|0|LOCL |SECT |HIDN |128   |.debug_line
src\hal\source\HL_notification.c.1.obj|[111]   |0x00000000|0|LOCL |SECT |HIDN |129   |.debug_line
src\hal\source\HL_notification.c.1.obj|[112]   |0x00000000|0|LOCL |SECT |HIDN |130   |.debug_line
src\hal\source\HL_notification.c.1.obj|[85]    |0x00000000|0|LOCL |SECT |HIDN |103   |.debug_line
src\hal\source\HL_notification.c.1.obj|[114]   |0x00000000|0|LOCL |SECT |HIDN |132   |.debug_line
src\hal\source\HL_notification.c.1.obj|[115]   |0x00000000|0|LOCL |SECT |HIDN |133   |.debug_line
src\hal\source\HL_notification.c.1.obj|[116]   |0x00000000|0|LOCL |SECT |HIDN |134   |.debug_line
src\hal\source\HL_notification.c.1.obj|[117]   |0x00000000|0|LOCL |SECT |HIDN |135   |.debug_line
src\hal\source\HL_notification.c.1.obj|[118]   |0x00000000|0|LOCL |SECT |HIDN |136   |.debug_line
src\hal\source\HL_notification.c.1.obj|[119]   |0x00000000|0|LOCL |SECT |HIDN |137   |.debug_line
src\hal\source\HL_notification.c.1.obj|[120]   |0x00000000|0|LOCL |SECT |HIDN |138   |.debug_line
src\hal\source\HL_notification.c.1.obj|[121]   |0x00000000|0|LOCL |SECT |HIDN |139   |.debug_line
src\hal\source\HL_notification.c.1.obj|[122]   |0x00000000|0|LOCL |SECT |HIDN |140   |.debug_line
src\hal\source\HL_notification.c.1.obj|[123]   |0x00000000|0|LOCL |SECT |HIDN |141   |.debug_line
src\hal\source\HL_notification.c.1.obj|[124]   |0x00000000|0|LOCL |SECT |HIDN |142   |.debug_line
src\hal\source\HL_notification.c.1.obj|[125]   |0x00000000|0|LOCL |SECT |HIDN |143   |.debug_line
src\hal\source\HL_notification.c.1.obj|[126]   |0x00000000|0|LOCL |SECT |HIDN |144   |.debug_line
src\hal\source\HL_notification.c.1.obj|[127]   |0x00000000|0|LOCL |SECT |HIDN |145   |.debug_line
src\hal\source\HL_notification.c.1.obj|[128]   |0x00000000|0|LOCL |SECT |HIDN |146   |.debug_line
src\hal\source\HL_notification.c.1.obj|[227]   |0x00000000|0|LOCL |SECT |HIDN |245   |.debug_pubnames
src\hal\source\HL_notification.c.1.obj|[228]   |0x00000000|0|LOCL |SECT |HIDN |246   |.debug_pubtypes
src\hal\source\HL_notification.c.1.obj|[229]   |0x00000000|0|LOCL |SECT |HIDN |247   |.debug_pubtypes
src\hal\source\HL_notification.c.1.obj|[230]   |0x00000000|0|LOCL |SECT |HIDN |248   |.debug_pubtypes
src\hal\source\HL_notification.c.1.obj|[231]   |0x00000000|0|LOCL |SECT |HIDN |249   |.debug_pubtypes
src\hal\source\HL_notification.c.1.obj|[232]   |0x00000000|0|LOCL |SECT |HIDN |250   |.debug_pubtypes
src\hal\source\HL_notification.c.1.obj|[233]   |0x00000000|0|LOCL |SECT |HIDN |251   |.debug_pubtypes
src\hal\source\HL_notification.c.1.obj|[234]   |0x00000000|0|LOCL |SECT |HIDN |252   |.debug_pubtypes
src\hal\source\HL_notification.c.1.obj|[235]   |0x00000000|0|LOCL |SECT |HIDN |253   |.debug_pubtypes
src\hal\source\HL_notification.c.1.obj|[236]   |0x00000000|0|LOCL |SECT |HIDN |254   |.debug_pubtypes
src\hal\source\HL_notification.c.1.obj|[237]   |0x00000000|0|LOCL |SECT |HIDN |255   |.debug_pubtypes
src\hal\source\HL_notification.c.1.obj|[238]   |0x00000000|0|LOCL |SECT |HIDN |256   |.debug_pubtypes
src\hal\source\HL_notification.c.1.obj|[239]   |0x00000000|0|LOCL |SECT |HIDN |257   |.debug_pubtypes
src\hal\source\HL_notification.c.1.obj|[240]   |0x00000000|0|LOCL |SECT |HIDN |258   |.debug_pubtypes
src\hal\source\HL_notification.c.1.obj|[241]   |0x00000000|0|LOCL |SECT |HIDN |259   |.debug_pubtypes
src\hal\source\HL_notification.c.1.obj|[242]   |0x00000000|0|LOCL |SECT |HIDN |260   |.debug_pubtypes
src\hal\source\HL_notification.c.1.obj|[243]   |0x00000000|0|LOCL |SECT |HIDN |261   |.debug_pubtypes
src\hal\source\HL_notification.c.1.obj|[244]   |0x00000000|0|LOCL |SECT |HIDN |262   |.debug_pubtypes
src\hal\source\HL_notification.c.1.obj|[245]   |0x00000000|0|LOCL |SECT |HIDN |263   |.debug_pubtypes
src\hal\source\HL_notification.c.1.obj|[246]   |0x00000000|0|LOCL |SECT |HIDN |264   |.debug_pubtypes
src\hal\source\HL_notification.c.1.obj|[247]   |0x00000000|0|LOCL |SECT |HIDN |265   |.debug_pubtypes
src\hal\source\HL_notification.c.1.obj|[248]   |0x00000000|0|LOCL |SECT |HIDN |266   |.debug_pubtypes
src\hal\source\HL_notification.c.1.obj|[249]   |0x00000000|0|LOCL |SECT |HIDN |267   |.debug_pubtypes
src\hal\source\HL_notification.c.1.obj|[250]   |0x00000000|0|LOCL |SECT |HIDN |268   |.debug_pubtypes
src\hal\source\HL_notification.c.1.obj|[251]   |0x00000000|0|LOCL |SECT |HIDN |269   |.debug_pubtypes
src\hal\source\HL_notification.c.1.obj|[252]   |0x00000000|0|LOCL |SECT |HIDN |270   |.debug_pubtypes
src\hal\source\HL_notification.c.1.obj|[253]   |0x00000000|0|LOCL |SECT |HIDN |271   |.debug_pubtypes
src\hal\source\HL_notification.c.1.obj|[254]   |0x00000000|0|LOCL |SECT |HIDN |272   |.debug_pubtypes
src\hal\source\HL_notification.c.1.obj|[255]   |0x00000000|0|LOCL |SECT |HIDN |273   |.debug_pubtypes
src\hal\source\HL_notification.c.1.obj|[256]   |0x00000000|0|LOCL |SECT |HIDN |274   |.debug_pubtypes
src\hal\source\HL_notification.c.1.obj|[257]   |0x00000000|0|LOCL |SECT |HIDN |275   |.debug_pubtypes
src\hal\source\HL_notification.c.1.obj|[258]   |0x00000000|0|LOCL |SECT |HIDN |276   |.debug_pubtypes
src\hal\source\HL_notification.c.1.obj|[259]   |0x00000000|0|LOCL |SECT |HIDN |277   |.debug_pubtypes
src\hal\source\HL_notification.c.1.obj|[260]   |0x00000000|0|LOCL |SECT |HIDN |278   |.debug_pubtypes
src\hal\source\HL_notification.c.1.obj|[261]   |0x00000000|0|LOCL |SECT |HIDN |279   |.debug_pubtypes
src\hal\source\HL_notification.c.1.obj|[262]   |0x00000000|0|LOCL |SECT |HIDN |280   |.debug_pubtypes
src\hal\source\HL_notification.c.1.obj|[263]   |0x00000000|0|LOCL |SECT |HIDN |281   |.debug_pubtypes
src\hal\source\HL_notification.c.1.obj|[264]   |0x00000000|0|LOCL |SECT |HIDN |282   |.debug_pubtypes
src\hal\source\HL_notification.c.1.obj|[265]   |0x00000000|0|LOCL |SECT |HIDN |283   |.debug_pubtypes
src\hal\source\HL_notification.c.1.obj|[266]   |0x00000000|0|LOCL |SECT |HIDN |284   |.debug_pubtypes
src\hal\source\HL_notification.c.1.obj|[267]   |0x00000000|0|LOCL |SECT |HIDN |285   |.debug_pubtypes
src\hal\source\HL_notification.c.1.obj|[268]   |0x00000000|0|LOCL |SECT |HIDN |286   |.debug_pubtypes
src\hal\source\HL_notification.c.1.obj|[269]   |0x00000000|0|LOCL |SECT |HIDN |287   |.debug_pubtypes
src\hal\source\HL_notification.c.1.obj|[270]   |0x00000000|0|LOCL |SECT |HIDN |288   |.debug_pubtypes
src\hal\source\HL_notification.c.1.obj|[271]   |0x00000000|0|LOCL |SECT |HIDN |289   |.debug_pubtypes
src\hal\source\HL_notification.c.1.obj|[272]   |0x00000000|0|LOCL |SECT |HIDN |290   |.debug_pubtypes
src\hal\source\HL_notification.c.1.obj|[273]   |0x00000000|0|LOCL |SECT |HIDN |291   |.debug_pubtypes
src\hal\source\HL_notification.c.1.obj|[274]   |0x00000000|0|LOCL |SECT |HIDN |292   |.debug_pubtypes
src\hal\source\HL_notification.c.1.obj|[134]   |0x00000000|0|LOCL |SECT |HIDN |153   |.debug_str
src\hal\source\HL_notification.c.1.obj|[182]   |0x00000000|0|LOCL |SECT |HIDN |201   |.debug_str
src\hal\source\HL_notification.c.1.obj|[136]   |0x00000000|0|LOCL |SECT |HIDN |155   |.debug_str
src\hal\source\HL_notification.c.1.obj|[184]   |0x00000000|0|LOCL |SECT |HIDN |203   |.debug_str
src\hal\source\HL_notification.c.1.obj|[138]   |0x00000000|0|LOCL |SECT |HIDN |157   |.debug_str
src\hal\source\HL_notification.c.1.obj|[186]   |0x00000000|0|LOCL |SECT |HIDN |205   |.debug_str
src\hal\source\HL_notification.c.1.obj|[140]   |0x00000000|0|LOCL |SECT |HIDN |159   |.debug_str
src\hal\source\HL_notification.c.1.obj|[188]   |0x00000000|0|LOCL |SECT |HIDN |207   |.debug_str
src\hal\source\HL_notification.c.1.obj|[142]   |0x00000000|0|LOCL |SECT |HIDN |161   |.debug_str
src\hal\source\HL_notification.c.1.obj|[190]   |0x00000000|0|LOCL |SECT |HIDN |209   |.debug_str
src\hal\source\HL_notification.c.1.obj|[144]   |0x00000000|0|LOCL |SECT |HIDN |163   |.debug_str
src\hal\source\HL_notification.c.1.obj|[192]   |0x00000000|0|LOCL |SECT |HIDN |211   |.debug_str
src\hal\source\HL_notification.c.1.obj|[146]   |0x00000000|0|LOCL |SECT |HIDN |165   |.debug_str
src\hal\source\HL_notification.c.1.obj|[194]   |0x00000000|0|LOCL |SECT |HIDN |213   |.debug_str
src\hal\source\HL_notification.c.1.obj|[148]   |0x00000000|0|LOCL |SECT |HIDN |167   |.debug_str
src\hal\source\HL_notification.c.1.obj|[196]   |0x00000000|0|LOCL |SECT |HIDN |215   |.debug_str
src\hal\source\HL_notification.c.1.obj|[150]   |0x00000000|0|LOCL |SECT |HIDN |169   |.debug_str
src\hal\source\HL_notification.c.1.obj|[198]   |0x00000000|0|LOCL |SECT |HIDN |217   |.debug_str
src\hal\source\HL_notification.c.1.obj|[152]   |0x00000000|0|LOCL |SECT |HIDN |171   |.debug_str
src\hal\source\HL_notification.c.1.obj|[200]   |0x00000000|0|LOCL |SECT |HIDN |219   |.debug_str
src\hal\source\HL_notification.c.1.obj|[154]   |0x00000000|0|LOCL |SECT |HIDN |173   |.debug_str
src\hal\source\HL_notification.c.1.obj|[202]   |0x00000000|0|LOCL |SECT |HIDN |221   |.debug_str
src\hal\source\HL_notification.c.1.obj|[156]   |0x00000000|0|LOCL |SECT |HIDN |175   |.debug_str
src\hal\source\HL_notification.c.1.obj|[204]   |0x00000000|0|LOCL |SECT |HIDN |223   |.debug_str
src\hal\source\HL_notification.c.1.obj|[158]   |0x00000000|0|LOCL |SECT |HIDN |177   |.debug_str
src\hal\source\HL_notification.c.1.obj|[206]   |0x00000000|0|LOCL |SECT |HIDN |225   |.debug_str
src\hal\source\HL_notification.c.1.obj|[160]   |0x00000000|0|LOCL |SECT |HIDN |179   |.debug_str
src\hal\source\HL_notification.c.1.obj|[208]   |0x00000000|0|LOCL |SECT |HIDN |227   |.debug_str
src\hal\source\HL_notification.c.1.obj|[162]   |0x00000000|0|LOCL |SECT |HIDN |181   |.debug_str
src\hal\source\HL_notification.c.1.obj|[210]   |0x00000000|0|LOCL |SECT |HIDN |229   |.debug_str
src\hal\source\HL_notification.c.1.obj|[164]   |0x00000000|0|LOCL |SECT |HIDN |183   |.debug_str
src\hal\source\HL_notification.c.1.obj|[212]   |0x00000000|0|LOCL |SECT |HIDN |231   |.debug_str
src\hal\source\HL_notification.c.1.obj|[166]   |0x00000000|0|LOCL |SECT |HIDN |185   |.debug_str
src\hal\source\HL_notification.c.1.obj|[214]   |0x00000000|0|LOCL |SECT |HIDN |233   |.debug_str
src\hal\source\HL_notification.c.1.obj|[168]   |0x00000000|0|LOCL |SECT |HIDN |187   |.debug_str
src\hal\source\HL_notification.c.1.obj|[216]   |0x00000000|0|LOCL |SECT |HIDN |235   |.debug_str
src\hal\source\HL_notification.c.1.obj|[170]   |0x00000000|0|LOCL |SECT |HIDN |189   |.debug_str
src\hal\source\HL_notification.c.1.obj|[218]   |0x00000000|0|LOCL |SECT |HIDN |237   |.debug_str
src\hal\source\HL_notification.c.1.obj|[172]   |0x00000000|0|LOCL |SECT |HIDN |191   |.debug_str
src\hal\source\HL_notification.c.1.obj|[220]   |0x00000000|0|LOCL |SECT |HIDN |239   |.debug_str
src\hal\source\HL_notification.c.1.obj|[174]   |0x00000000|0|LOCL |SECT |HIDN |193   |.debug_str
src\hal\source\HL_notification.c.1.obj|[222]   |0x00000000|0|LOCL |SECT |HIDN |241   |.debug_str
src\hal\source\HL_notification.c.1.obj|[132]   |0x00000000|0|LOCL |SECT |HIDN |151   |.debug_str
src\hal\source\HL_notification.c.1.obj|[224]   |0x00000000|0|LOCL |SECT |HIDN |243   |.debug_str
src\hal\source\HL_notification.c.1.obj|[176]   |0x00000000|0|LOCL |SECT |HIDN |195   |.debug_str
src\hal\source\HL_notification.c.1.obj|[178]   |0x00000000|0|LOCL |SECT |HIDN |197   |.debug_str
src\hal\source\HL_notification.c.1.obj|[180]   |0x00000000|0|LOCL |SECT |HIDN |199   |.debug_str
src\hal\source\HL_notification.c.1.obj|[3]     |0x00000000|0|LOCL |SECT |HIDN |48    |.text
src\hal\source\HL_notification.c.1.obj|[275]   |0x00000000|0|WEAK |FUNC |HIDN |UNDEF |Lib$$Request$$armlib
src\hal\source\HL_notification.c.1.obj|[276]   |0x00000000|0|WEAK |FUNC |HIDN |UNDEF |Lib$$Request$$cpplib
src\hal\source\HL_notification.c.1.obj|[314]   |0x00000000|0|GLOB |NONE |HIDN |61    |__TI_DW.debug_info.$base_types.a3001db55c69772f4e2efd565078122a
src\hal\source\HL_notification.c.1.obj|[320]   |0x00000000|0|GLOB |NONE |HIDN |67    |__TI_DW.debug_info.HL_adc.h.7d2b08791c3294a337a567aa3ea70a8d
src\hal\source\HL_notification.c.1.obj|[322]   |0x00000000|0|GLOB |NONE |HIDN |69    |__TI_DW.debug_info.HL_can.h.1630562fb95cacb7a32f67f6d5e8c788
src\hal\source\HL_notification.c.1.obj|[325]   |0x00000000|0|GLOB |NONE |HIDN |72    |__TI_DW.debug_info.HL_crc.h.842431a04080ac09ae9be6c25edcd9cf
src\hal\source\HL_notification.c.1.obj|[326]   |0x00000000|0|GLOB |NONE |HIDN |73    |__TI_DW.debug_info.HL_dcc.h.3becc583d3dc481b840c4c7a6c7622f4
src\hal\source\HL_notification.c.1.obj|[306]   |0x00000000|0|GLOB |NONE |HIDN |53    |__TI_DW.debug_info.HL_ecap.h.60286f44d947a79ba330b10fd3a8507e
src\hal\source\HL_notification.c.1.obj|[330]   |0x00000000|0|GLOB |NONE |HIDN |77    |__TI_DW.debug_info.HL_emac.h.5323e4e7389b8a46097e1f8077397a01
src\hal\source\HL_notification.c.1.obj|[312]   |0x00000000|0|GLOB |NONE |HIDN |59    |__TI_DW.debug_info.HL_epc.h.d4bf48bdd8cf709db484dc0c1a249e7d
src\hal\source\HL_notification.c.1.obj|[305]   |0x00000000|0|GLOB |NONE |HIDN |52    |__TI_DW.debug_info.HL_eqep.h.e3bd6191173c08bdc8905cb254e63159
src\hal\source\HL_notification.c.1.obj|[334]   |0x00000000|0|GLOB |NONE |HIDN |81    |__TI_DW.debug_info.HL_esm.h.d11d986e71f2288ae6c68fd4945d2ced
src\hal\source\HL_notification.c.1.obj|[304]   |0x00000000|0|GLOB |NONE |HIDN |51    |__TI_DW.debug_info.HL_etpwm.h.98b86e91a3d5becc6308c9f63aca53d2
src\hal\source\HL_notification.c.1.obj|[338]   |0x00000000|0|GLOB |NONE |HIDN |85    |__TI_DW.debug_info.HL_gio.h.e7f1bf807c7fe364ad7fd961558bd401
src\hal\source\HL_notification.c.1.obj|[310]   |0x00000000|0|GLOB |NONE |HIDN |57    |__TI_DW.debug_info.HL_hal_stdtypes.h.f6fe50beccb00e10c974b1712ae0460c
src\hal\source\HL_notification.c.1.obj|[340]   |0x00000000|0|GLOB |NONE |HIDN |87    |__TI_DW.debug_info.HL_het.h.a6c14b898f23627c37babe8511b7928b
src\hal\source\HL_notification.c.1.obj|[342]   |0x00000000|0|GLOB |NONE |HIDN |89    |__TI_DW.debug_info.HL_i2c.h.2ca32065687164efa911462f6cc8eaf7
src\hal\source\HL_notification.c.1.obj|[345]   |0x00000000|0|GLOB |NONE |HIDN |92    |__TI_DW.debug_info.HL_lin.h.310eb984bfa7df16f991154db8eb14ec
src\hal\source\HL_notification.c.1.obj|[346]   |0x00000000|0|GLOB |NONE |HIDN |93    |__TI_DW.debug_info.HL_phy_dp83640.h.e24f3fe366b2be738c7252b4d7816e41
src\hal\source\HL_notification.c.1.obj|[308]   |0x00000000|0|GLOB |NONE |HIDN |55    |__TI_DW.debug_info.HL_reg_adc.h.e775cee8e19edddd8c08599efcf5a535
src\hal\source\HL_notification.c.1.obj|[321]   |0x00000000|0|GLOB |NONE |HIDN |68    |__TI_DW.debug_info.HL_reg_can.h.924d9b21fd38995cf9ce170f66f0f00d
src\hal\source\HL_notification.c.1.obj|[323]   |0x00000000|0|GLOB |NONE |HIDN |70    |__TI_DW.debug_info.HL_reg_ccmr5.h.60616c1ea5f894c67161713e700a6949
src\hal\source\HL_notification.c.1.obj|[324]   |0x00000000|0|GLOB |NONE |HIDN |71    |__TI_DW.debug_info.HL_reg_crc.h.9e8215c19344e85c7bfd24de8a82df7f
src\hal\source\HL_notification.c.1.obj|[327]   |0x00000000|0|GLOB |NONE |HIDN |74    |__TI_DW.debug_info.HL_reg_dcc.h.902eda404c1c3ef31dcab1cb60dff9fa
src\hal\source\HL_notification.c.1.obj|[311]   |0x00000000|0|GLOB |NONE |HIDN |58    |__TI_DW.debug_info.HL_reg_dma.h.36a8a360bb79652018cb40654cc570ce
src\hal\source\HL_notification.c.1.obj|[329]   |0x00000000|0|GLOB |NONE |HIDN |76    |__TI_DW.debug_info.HL_reg_ecap.h.39fe713111c0d4e5b38355b572e4b292
src\hal\source\HL_notification.c.1.obj|[331]   |0x00000000|0|GLOB |NONE |HIDN |78    |__TI_DW.debug_info.HL_reg_epc.h.ddca885e548b7329f6062a67da623594
src\hal\source\HL_notification.c.1.obj|[332]   |0x00000000|0|GLOB |NONE |HIDN |79    |__TI_DW.debug_info.HL_reg_eqep.h.5f221f67e03a88e5d6389093db61ba6a
src\hal\source\HL_notification.c.1.obj|[333]   |0x00000000|0|GLOB |NONE |HIDN |80    |__TI_DW.debug_info.HL_reg_esm.h.ef7641b92226071044c24456fb074daa
src\hal\source\HL_notification.c.1.obj|[335]   |0x00000000|0|GLOB |NONE |HIDN |82    |__TI_DW.debug_info.HL_reg_etpwm.h.8d0022b525fc34ee6c2476178a313b68
src\hal\source\HL_notification.c.1.obj|[336]   |0x00000000|0|GLOB |NONE |HIDN |83    |__TI_DW.debug_info.HL_reg_flash.h.8ef69a7bfede7a4afcb622ed681f698b
src\hal\source\HL_notification.c.1.obj|[337]   |0x00000000|0|GLOB |NONE |HIDN |84    |__TI_DW.debug_info.HL_reg_gio.h.14fbe21c444fd77e90046c712f40e220
src\hal\source\HL_notification.c.1.obj|[339]   |0x00000000|0|GLOB |NONE |HIDN |86    |__TI_DW.debug_info.HL_reg_het.h.340fb317176ec08ff32b554cbe8612b4
src\hal\source\HL_notification.c.1.obj|[341]   |0x00000000|0|GLOB |NONE |HIDN |88    |__TI_DW.debug_info.HL_reg_i2c.h.699c2071062f8e984efd59fdbb3c43a4
src\hal\source\HL_notification.c.1.obj|[343]   |0x00000000|0|GLOB |NONE |HIDN |90    |__TI_DW.debug_info.HL_reg_l2ramw.h.6488b9fde894db393617a3cedf1b0e93
src\hal\source\HL_notification.c.1.obj|[344]   |0x00000000|0|GLOB |NONE |HIDN |91    |__TI_DW.debug_info.HL_reg_lin.h.d6d09d6548428dadfeaa4985eec96c82
src\hal\source\HL_notification.c.1.obj|[347]   |0x00000000|0|GLOB |NONE |HIDN |94    |__TI_DW.debug_info.HL_reg_sci.h.e2bacb81e78301870c35c8ce6db8287f
src\hal\source\HL_notification.c.1.obj|[349]   |0x00000000|0|GLOB |NONE |HIDN |96    |__TI_DW.debug_info.HL_reg_spi.h.532250e86fb075be63feada5b6532c7e
src\hal\source\HL_notification.c.1.obj|[350]   |0x00000000|0|GLOB |NONE |HIDN |97    |__TI_DW.debug_info.HL_reg_system.h.eafea5ad13773ff532774030a8e080ff
src\hal\source\HL_notification.c.1.obj|[348]   |0x00000000|0|GLOB |NONE |HIDN |95    |__TI_DW.debug_info.HL_sci.h.957e641379e764e0eab279212742850b
src\hal\source\HL_notification.c.1.obj|[313]   |0x00000000|0|GLOB |NONE |HIDN |60    |__TI_DW.debug_info.HL_spi.h.636367dc2acf11632c5efa6a1c78c493
src\hal\source\HL_notification.c.1.obj|[319]   |0x00000000|0|GLOB |NONE |HIDN |66    |__TI_DW.debug_info.HL_sys_common.h.e8daada136d191dca44e4b47f4729313
src\hal\source\HL_notification.c.1.obj|[328]   |0x00000000|0|GLOB |NONE |HIDN |75    |__TI_DW.debug_info.HL_sys_dma.h.3552c18df6e9c1e93c3b786f5e22b84c
src\hal\source\HL_notification.c.1.obj|[307]   |0x00000000|0|GLOB |NONE |HIDN |54    |__TI_DW.debug_info.HL_system.h.f897c4241e2d74a187e91d9cc9d34c43
src\hal\source\HL_notification.c.1.obj|[317]   |0x00000000|0|GLOB |NONE |HIDN |64    |__TI_DW.debug_info._stdint.h.55dc0724062de24f6648c36a36931c9a
src\hal\source\HL_notification.c.1.obj|[309]   |0x00000000|0|GLOB |NONE |HIDN |56    |__TI_DW.debug_info._types.h.59562a94a523b27bdcf6ba60164276f0
src\hal\source\HL_notification.c.1.obj|[315]   |0x00000000|0|GLOB |NONE |HIDN |62    |__TI_DW.debug_info._types.h.62a9317002fb36f2a0c7d45aa6f41cd3
src\hal\source\HL_notification.c.1.obj|[316]   |0x00000000|0|GLOB |NONE |HIDN |63    |__TI_DW.debug_info.stdint.h.ad4b679dbce029afdbcc9a8c662c70ff
src\hal\source\HL_notification.c.1.obj|[318]   |0x00000000|0|GLOB |NONE |HIDN |65    |__TI_DW.debug_info.string.h.393cd1e38f0e26af7e281f8f5e32796e
src\hal\source\HL_notification.c.1.obj|[303]   |0x00000068|4|WEAK |FUNC |HIDN |48    |adcNotification
src\hal\source\HL_notification.c.1.obj|[279]   |0x00000064|4|WEAK |FUNC |HIDN |48    |canErrorNotification
src\hal\source\HL_notification.c.1.obj|[283]   |0x00000060|4|WEAK |FUNC |HIDN |48    |canMessageNotification
src\hal\source\HL_notification.c.1.obj|[296]   |0x0000005c|4|WEAK |FUNC |HIDN |48    |canStatusChangeNotification
src\hal\source\HL_notification.c.1.obj|[299]   |0x00000058|4|WEAK |FUNC |HIDN |48    |crcNotification
src\hal\source\HL_notification.c.1.obj|[292]   |0x00000054|4|WEAK |FUNC |HIDN |48    |dccNotification
src\hal\source\HL_notification.c.1.obj|[301]   |0x00000050|4|WEAK |FUNC |HIDN |48    |dmaGroupANotification
src\hal\source\HL_notification.c.1.obj|[285]   |0x0000004c|4|WEAK |FUNC |HIDN |48    |ecapNotification
src\hal\source\HL_notification.c.1.obj|[293]   |0x00000048|4|WEAK |FUNC |HIDN |48    |edgeNotification
src\hal\source\HL_notification.c.1.obj|[288]   |0x00000044|4|WEAK |FUNC |HIDN |48    |emacRxNotification
src\hal\source\HL_notification.c.1.obj|[290]   |0x00000040|4|WEAK |FUNC |HIDN |48    |emacTxNotification
src\hal\source\HL_notification.c.1.obj|[291]   |0x0000003c|4|WEAK |FUNC |HIDN |48    |epcCAMFullNotification
src\hal\source\HL_notification.c.1.obj|[282]   |0x00000038|4|WEAK |FUNC |HIDN |48    |epcFIFOFullNotification
src\hal\source\HL_notification.c.1.obj|[281]   |0x00000034|4|WEAK |FUNC |HIDN |48    |eqepNotification
src\hal\source\HL_notification.c.1.obj|[294]   |0x00000030|4|WEAK |FUNC |HIDN |48    |esmGroup1Notification
src\hal\source\HL_notification.c.1.obj|[287]   |0x0000002c|4|WEAK |FUNC |HIDN |48    |esmGroup2Notification
src\hal\source\HL_notification.c.1.obj|[297]   |0x00000028|4|WEAK |FUNC |HIDN |48    |esmGroup3Notification
src\hal\source\HL_notification.c.1.obj|[295]   |0x00000024|4|WEAK |FUNC |HIDN |48    |etpwmNotification
src\hal\source\HL_notification.c.1.obj|[280]   |0x00000020|4|WEAK |FUNC |HIDN |48    |etpwmTripNotification
src\hal\source\HL_notification.c.1.obj|[302]   |0x0000001c|4|WEAK |FUNC |HIDN |48    |gioNotification
src\hal\source\HL_notification.c.1.obj|[300]   |0x00000018|4|WEAK |FUNC |HIDN |48    |hetNotification
src\hal\source\HL_notification.c.1.obj|[298]   |0x00000014|4|WEAK |FUNC |HIDN |48    |i2cNotification
src\hal\source\HL_notification.c.1.obj|[284]   |0x00000010|4|WEAK |FUNC |HIDN |48    |linNotification
src\hal\source\HL_notification.c.1.obj|[277]   |0x0000000c|4|WEAK |FUNC |HIDN |48    |pwmNotification
src\hal\source\HL_notification.c.1.obj|[278]   |0x00000008|4|WEAK |FUNC |HIDN |48    |sciNotification
src\hal\source\HL_notification.c.1.obj|[289]   |0x00000004|4|WEAK |FUNC |HIDN |48    |spiEndNotification
src\hal\source\HL_notification.c.1.obj|[286]   |0x00000000|4|WEAK |FUNC |HIDN |48    |spiNotification
src\hal\source\HL_notification.c.1.obj|[1]     |0x00000000|0|LOCL |FILE |HIDN |ABS   |{4EA4B60A-20D7-41B4-9507-9BD86D21C7B5}
