
file            [index]  value      size  bind  type  vis   shndx  symbol name 

src\hal\source\HL_sys_vim.c.1.obj|[0]     |0x00000000|0|LOCL |NONE |DFLT |UNDEF |
src\hal\source\HL_sys_vim.c.1.obj|[29]    |0x00000470|0|LOCL |FUNC |HIDN |19    |$C$CON1
src\hal\source\HL_sys_vim.c.1.obj|[38]    |0x00000494|0|LOCL |FUNC |HIDN |19    |$C$CON10
src\hal\source\HL_sys_vim.c.1.obj|[39]    |0x00000498|0|LOCL |FUNC |HIDN |19    |$C$CON11
src\hal\source\HL_sys_vim.c.1.obj|[40]    |0x0000049c|0|LOCL |FUNC |HIDN |19    |$C$CON12
src\hal\source\HL_sys_vim.c.1.obj|[41]    |0x000004a0|0|LOCL |FUNC |HIDN |19    |$C$CON13
src\hal\source\HL_sys_vim.c.1.obj|[42]    |0x000004a4|0|LOCL |FUNC |HIDN |19    |$C$CON14
src\hal\source\HL_sys_vim.c.1.obj|[43]    |0x000004a8|0|LOCL |FUNC |HIDN |19    |$C$CON15
src\hal\source\HL_sys_vim.c.1.obj|[44]    |0x000004ac|0|LOCL |FUNC |HIDN |19    |$C$CON16
src\hal\source\HL_sys_vim.c.1.obj|[45]    |0x000004b0|0|LOCL |FUNC |HIDN |19    |$C$CON17
src\hal\source\HL_sys_vim.c.1.obj|[46]    |0x000004b4|0|LOCL |FUNC |HIDN |19    |$C$CON18
src\hal\source\HL_sys_vim.c.1.obj|[47]    |0x000004b8|0|LOCL |FUNC |HIDN |19    |$C$CON19
src\hal\source\HL_sys_vim.c.1.obj|[30]    |0x00000474|0|LOCL |FUNC |HIDN |19    |$C$CON2
src\hal\source\HL_sys_vim.c.1.obj|[48]    |0x000004bc|0|LOCL |FUNC |HIDN |19    |$C$CON20
src\hal\source\HL_sys_vim.c.1.obj|[49]    |0x000004c0|0|LOCL |FUNC |HIDN |19    |$C$CON21
src\hal\source\HL_sys_vim.c.1.obj|[50]    |0x000004c4|0|LOCL |FUNC |HIDN |19    |$C$CON22
src\hal\source\HL_sys_vim.c.1.obj|[51]    |0x000004c8|0|LOCL |FUNC |HIDN |19    |$C$CON23
src\hal\source\HL_sys_vim.c.1.obj|[52]    |0x000004cc|0|LOCL |FUNC |HIDN |19    |$C$CON24
src\hal\source\HL_sys_vim.c.1.obj|[53]    |0x000004d0|0|LOCL |FUNC |HIDN |19    |$C$CON25
src\hal\source\HL_sys_vim.c.1.obj|[54]    |0x000004d4|0|LOCL |FUNC |HIDN |19    |$C$CON26
src\hal\source\HL_sys_vim.c.1.obj|[55]    |0x000004d8|0|LOCL |FUNC |HIDN |19    |$C$CON27
src\hal\source\HL_sys_vim.c.1.obj|[56]    |0x000004dc|0|LOCL |FUNC |HIDN |19    |$C$CON28
src\hal\source\HL_sys_vim.c.1.obj|[57]    |0x000004e0|0|LOCL |FUNC |HIDN |19    |$C$CON29
src\hal\source\HL_sys_vim.c.1.obj|[31]    |0x00000478|0|LOCL |FUNC |HIDN |19    |$C$CON3
src\hal\source\HL_sys_vim.c.1.obj|[58]    |0x000004e4|0|LOCL |FUNC |HIDN |19    |$C$CON30
src\hal\source\HL_sys_vim.c.1.obj|[63]    |0x00000168|0|LOCL |FUNC |HIDN |21    |$C$CON31
src\hal\source\HL_sys_vim.c.1.obj|[64]    |0x0000016c|0|LOCL |FUNC |HIDN |21    |$C$CON32
src\hal\source\HL_sys_vim.c.1.obj|[65]    |0x00000170|0|LOCL |FUNC |HIDN |21    |$C$CON33
src\hal\source\HL_sys_vim.c.1.obj|[66]    |0x00000174|0|LOCL |FUNC |HIDN |21    |$C$CON34
src\hal\source\HL_sys_vim.c.1.obj|[59]    |0x000004e8|0|LOCL |FUNC |HIDN |19    |$C$CON35
src\hal\source\HL_sys_vim.c.1.obj|[60]    |0x000004ec|0|LOCL |FUNC |HIDN |19    |$C$CON36
src\hal\source\HL_sys_vim.c.1.obj|[61]    |0x000004f0|0|LOCL |FUNC |HIDN |19    |$C$CON37
src\hal\source\HL_sys_vim.c.1.obj|[62]    |0x000004f4|0|LOCL |FUNC |HIDN |19    |$C$CON38
src\hal\source\HL_sys_vim.c.1.obj|[32]    |0x0000047c|0|LOCL |FUNC |HIDN |19    |$C$CON4
src\hal\source\HL_sys_vim.c.1.obj|[33]    |0x00000480|0|LOCL |FUNC |HIDN |19    |$C$CON5
src\hal\source\HL_sys_vim.c.1.obj|[34]    |0x00000484|0|LOCL |FUNC |HIDN |19    |$C$CON6
src\hal\source\HL_sys_vim.c.1.obj|[35]    |0x00000488|0|LOCL |FUNC |HIDN |19    |$C$CON7
src\hal\source\HL_sys_vim.c.1.obj|[36]    |0x0000048c|0|LOCL |FUNC |HIDN |19    |$C$CON8
src\hal\source\HL_sys_vim.c.1.obj|[37]    |0x00000490|0|LOCL |FUNC |HIDN |19    |$C$CON9
src\hal\source\HL_sys_vim.c.1.obj|[3]     |0x00000018|0|LOCL |FUNC |HIDN |19    |$C$L1
src\hal\source\HL_sys_vim.c.1.obj|[12]    |0x0000038c|0|LOCL |FUNC |HIDN |19    |$C$L10
src\hal\source\HL_sys_vim.c.1.obj|[13]    |0x000003ac|0|LOCL |FUNC |HIDN |19    |$C$L11
src\hal\source\HL_sys_vim.c.1.obj|[14]    |0x000003c0|0|LOCL |FUNC |HIDN |19    |$C$L12
src\hal\source\HL_sys_vim.c.1.obj|[15]    |0x000000a4|0|LOCL |FUNC |HIDN |21    |$C$L13
src\hal\source\HL_sys_vim.c.1.obj|[16]    |0x000000ac|0|LOCL |FUNC |HIDN |21    |$C$L14
src\hal\source\HL_sys_vim.c.1.obj|[17]    |0x000000c8|0|LOCL |FUNC |HIDN |21    |$C$L15
src\hal\source\HL_sys_vim.c.1.obj|[18]    |0x000000d4|0|LOCL |FUNC |HIDN |21    |$C$L16
src\hal\source\HL_sys_vim.c.1.obj|[19]    |0x000000dc|0|LOCL |FUNC |HIDN |21    |$C$L17
src\hal\source\HL_sys_vim.c.1.obj|[20]    |0x000000e8|0|LOCL |FUNC |HIDN |21    |$C$L18
src\hal\source\HL_sys_vim.c.1.obj|[21]    |0x000000f4|0|LOCL |FUNC |HIDN |21    |$C$L19
src\hal\source\HL_sys_vim.c.1.obj|[4]     |0x00000188|0|LOCL |FUNC |HIDN |19    |$C$L2
src\hal\source\HL_sys_vim.c.1.obj|[22]    |0x00000134|0|LOCL |FUNC |HIDN |21    |$C$L20
src\hal\source\HL_sys_vim.c.1.obj|[23]    |0x00000144|0|LOCL |FUNC |HIDN |21    |$C$L21
src\hal\source\HL_sys_vim.c.1.obj|[24]    |0x0000014c|0|LOCL |FUNC |HIDN |21    |$C$L22
src\hal\source\HL_sys_vim.c.1.obj|[25]    |0x000003f4|0|LOCL |FUNC |HIDN |19    |$C$L23
src\hal\source\HL_sys_vim.c.1.obj|[26]    |0x00000400|0|LOCL |FUNC |HIDN |19    |$C$L24
src\hal\source\HL_sys_vim.c.1.obj|[27]    |0x0000040c|0|LOCL |FUNC |HIDN |19    |$C$L25
src\hal\source\HL_sys_vim.c.1.obj|[28]    |0x00000414|0|LOCL |FUNC |HIDN |19    |$C$L26
src\hal\source\HL_sys_vim.c.1.obj|[5]     |0x000002b0|0|LOCL |FUNC |HIDN |19    |$C$L3
src\hal\source\HL_sys_vim.c.1.obj|[6]     |0x0000030c|0|LOCL |FUNC |HIDN |19    |$C$L4
src\hal\source\HL_sys_vim.c.1.obj|[7]     |0x00000330|0|LOCL |FUNC |HIDN |19    |$C$L5
src\hal\source\HL_sys_vim.c.1.obj|[8]     |0x00000340|0|LOCL |FUNC |HIDN |19    |$C$L6
src\hal\source\HL_sys_vim.c.1.obj|[9]     |0x0000034c|0|LOCL |FUNC |HIDN |19    |$C$L7
src\hal\source\HL_sys_vim.c.1.obj|[10]    |0x00000370|0|LOCL |FUNC |HIDN |19    |$C$L8
src\hal\source\HL_sys_vim.c.1.obj|[11]    |0x00000380|0|LOCL |FUNC |HIDN |19    |$C$L9
src\hal\source\HL_sys_vim.c.1.obj|[71]    |0x00000000|0|LOCL |NONE |HIDN |19    |$a
src\hal\source\HL_sys_vim.c.1.obj|[72]    |0x00000070|0|LOCL |NONE |HIDN |19    |$a
src\hal\source\HL_sys_vim.c.1.obj|[73]    |0x000002b8|0|LOCL |NONE |HIDN |19    |$a
src\hal\source\HL_sys_vim.c.1.obj|[74]    |0x00000000|0|LOCL |NONE |HIDN |21    |$a
src\hal\source\HL_sys_vim.c.1.obj|[75]    |0x000003cc|0|LOCL |NONE |HIDN |19    |$a
src\hal\source\HL_sys_vim.c.1.obj|[76]    |0x00000424|0|LOCL |NONE |HIDN |19    |$a
src\hal\source\HL_sys_vim.c.1.obj|[70]    |0x00000000|0|LOCL |NONE |HIDN |20    |$d
src\hal\source\HL_sys_vim.c.1.obj|[77]    |0x00000470|0|LOCL |NONE |HIDN |19    |$d
src\hal\source\HL_sys_vim.c.1.obj|[78]    |0x00000168|0|LOCL |NONE |HIDN |21    |$d
src\hal\source\HL_sys_vim.c.1.obj|[68]    |0x00000000|0|LOCL |SECT |HIDN |20    |.const:s_vim_init
src\hal\source\HL_sys_vim.c.1.obj|[150]   |0x00000000|0|LOCL |SECT |HIDN |92    |.debug_abbrev
src\hal\source\HL_sys_vim.c.1.obj|[152]   |0x00000000|0|LOCL |SECT |HIDN |94    |.debug_abbrev
src\hal\source\HL_sys_vim.c.1.obj|[148]   |0x00000000|0|LOCL |SECT |HIDN |90    |.debug_abbrev
src\hal\source\HL_sys_vim.c.1.obj|[146]   |0x00000000|0|LOCL |SECT |HIDN |88    |.debug_abbrev
src\hal\source\HL_sys_vim.c.1.obj|[132]   |0x00000000|0|LOCL |SECT |HIDN |74    |.debug_abbrev
src\hal\source\HL_sys_vim.c.1.obj|[130]   |0x00000000|0|LOCL |SECT |HIDN |72    |.debug_abbrev
src\hal\source\HL_sys_vim.c.1.obj|[128]   |0x00000000|0|LOCL |SECT |HIDN |71    |.debug_abbrev
src\hal\source\HL_sys_vim.c.1.obj|[127]   |0x00000000|0|LOCL |SECT |HIDN |70    |.debug_abbrev
src\hal\source\HL_sys_vim.c.1.obj|[126]   |0x00000000|0|LOCL |SECT |HIDN |69    |.debug_abbrev
src\hal\source\HL_sys_vim.c.1.obj|[125]   |0x00000000|0|LOCL |SECT |HIDN |68    |.debug_abbrev
src\hal\source\HL_sys_vim.c.1.obj|[142]   |0x00000000|0|LOCL |SECT |HIDN |84    |.debug_abbrev
src\hal\source\HL_sys_vim.c.1.obj|[144]   |0x00000000|0|LOCL |SECT |HIDN |86    |.debug_abbrev
src\hal\source\HL_sys_vim.c.1.obj|[140]   |0x00000000|0|LOCL |SECT |HIDN |82    |.debug_abbrev
src\hal\source\HL_sys_vim.c.1.obj|[138]   |0x00000000|0|LOCL |SECT |HIDN |80    |.debug_abbrev
src\hal\source\HL_sys_vim.c.1.obj|[136]   |0x00000000|0|LOCL |SECT |HIDN |78    |.debug_abbrev
src\hal\source\HL_sys_vim.c.1.obj|[134]   |0x00000000|0|LOCL |SECT |HIDN |76    |.debug_abbrev
src\hal\source\HL_sys_vim.c.1.obj|[154]   |0x00000000|0|LOCL |SECT |HIDN |96    |.debug_abbrev
src\hal\source\HL_sys_vim.c.1.obj|[156]   |0x00000000|0|LOCL |SECT |HIDN |98    |.debug_abbrev
src\hal\source\HL_sys_vim.c.1.obj|[158]   |0x00000000|0|LOCL |SECT |HIDN |100   |.debug_abbrev
src\hal\source\HL_sys_vim.c.1.obj|[160]   |0x00000000|0|LOCL |SECT |HIDN |102   |.debug_abbrev
src\hal\source\HL_sys_vim.c.1.obj|[162]   |0x00000000|0|LOCL |SECT |HIDN |104   |.debug_abbrev
src\hal\source\HL_sys_vim.c.1.obj|[164]   |0x00000000|0|LOCL |SECT |HIDN |106   |.debug_abbrev
src\hal\source\HL_sys_vim.c.1.obj|[165]   |0x00000000|0|LOCL |SECT |HIDN |108   |.debug_aranges
src\hal\source\HL_sys_vim.c.1.obj|[166]   |0x00000000|0|LOCL |SECT |HIDN |109   |.debug_aranges
src\hal\source\HL_sys_vim.c.1.obj|[124]   |0x00000000|0|LOCL |SECT |HIDN |67    |.debug_frame
src\hal\source\HL_sys_vim.c.1.obj|[123]   |0x00000000|0|LOCL |SECT |HIDN |66    |.debug_frame
src\hal\source\HL_sys_vim.c.1.obj|[88]    |0x00000000|0|LOCL |SECT |HIDN |31    |.debug_info
src\hal\source\HL_sys_vim.c.1.obj|[89]    |0x00000000|0|LOCL |SECT |HIDN |32    |.debug_info
src\hal\source\HL_sys_vim.c.1.obj|[90]    |0x00000000|0|LOCL |SECT |HIDN |33    |.debug_info
src\hal\source\HL_sys_vim.c.1.obj|[91]    |0x00000000|0|LOCL |SECT |HIDN |34    |.debug_info
src\hal\source\HL_sys_vim.c.1.obj|[92]    |0x00000000|0|LOCL |SECT |HIDN |35    |.debug_info
src\hal\source\HL_sys_vim.c.1.obj|[93]    |0x00000000|0|LOCL |SECT |HIDN |36    |.debug_info
src\hal\source\HL_sys_vim.c.1.obj|[94]    |0x00000000|0|LOCL |SECT |HIDN |37    |.debug_info
src\hal\source\HL_sys_vim.c.1.obj|[95]    |0x00000000|0|LOCL |SECT |HIDN |38    |.debug_info
src\hal\source\HL_sys_vim.c.1.obj|[96]    |0x00000000|0|LOCL |SECT |HIDN |39    |.debug_info
src\hal\source\HL_sys_vim.c.1.obj|[97]    |0x00000000|0|LOCL |SECT |HIDN |40    |.debug_info
src\hal\source\HL_sys_vim.c.1.obj|[98]    |0x00000000|0|LOCL |SECT |HIDN |41    |.debug_info
src\hal\source\HL_sys_vim.c.1.obj|[99]    |0x00000000|0|LOCL |SECT |HIDN |42    |.debug_info
src\hal\source\HL_sys_vim.c.1.obj|[100]   |0x00000000|0|LOCL |SECT |HIDN |43    |.debug_info
src\hal\source\HL_sys_vim.c.1.obj|[86]    |0x00000000|0|LOCL |SECT |HIDN |29    |.debug_info
src\hal\source\HL_sys_vim.c.1.obj|[79]    |0x00000000|0|LOCL |SECT |HIDN |22    |.debug_info
src\hal\source\HL_sys_vim.c.1.obj|[80]    |0x00000000|0|LOCL |SECT |HIDN |23    |.debug_info
src\hal\source\HL_sys_vim.c.1.obj|[81]    |0x00000000|0|LOCL |SECT |HIDN |24    |.debug_info
src\hal\source\HL_sys_vim.c.1.obj|[82]    |0x00000000|0|LOCL |SECT |HIDN |25    |.debug_info
src\hal\source\HL_sys_vim.c.1.obj|[83]    |0x00000000|0|LOCL |SECT |HIDN |26    |.debug_info
src\hal\source\HL_sys_vim.c.1.obj|[84]    |0x00000000|0|LOCL |SECT |HIDN |27    |.debug_info
src\hal\source\HL_sys_vim.c.1.obj|[85]    |0x00000000|0|LOCL |SECT |HIDN |28    |.debug_info
src\hal\source\HL_sys_vim.c.1.obj|[87]    |0x00000000|0|LOCL |SECT |HIDN |30    |.debug_info
src\hal\source\HL_sys_vim.c.1.obj|[113]   |0x00000000|0|LOCL |SECT |HIDN |56    |.debug_line
src\hal\source\HL_sys_vim.c.1.obj|[112]   |0x00000000|0|LOCL |SECT |HIDN |55    |.debug_line
src\hal\source\HL_sys_vim.c.1.obj|[111]   |0x00000000|0|LOCL |SECT |HIDN |54    |.debug_line
src\hal\source\HL_sys_vim.c.1.obj|[110]   |0x00000000|0|LOCL |SECT |HIDN |53    |.debug_line
src\hal\source\HL_sys_vim.c.1.obj|[109]   |0x00000000|0|LOCL |SECT |HIDN |52    |.debug_line
src\hal\source\HL_sys_vim.c.1.obj|[108]   |0x00000000|0|LOCL |SECT |HIDN |51    |.debug_line
src\hal\source\HL_sys_vim.c.1.obj|[107]   |0x00000000|0|LOCL |SECT |HIDN |50    |.debug_line
src\hal\source\HL_sys_vim.c.1.obj|[118]   |0x00000000|0|LOCL |SECT |HIDN |61    |.debug_line
src\hal\source\HL_sys_vim.c.1.obj|[106]   |0x00000000|0|LOCL |SECT |HIDN |49    |.debug_line
src\hal\source\HL_sys_vim.c.1.obj|[105]   |0x00000000|0|LOCL |SECT |HIDN |48    |.debug_line
src\hal\source\HL_sys_vim.c.1.obj|[119]   |0x00000000|0|LOCL |SECT |HIDN |62    |.debug_line
src\hal\source\HL_sys_vim.c.1.obj|[104]   |0x00000000|0|LOCL |SECT |HIDN |47    |.debug_line
src\hal\source\HL_sys_vim.c.1.obj|[103]   |0x00000000|0|LOCL |SECT |HIDN |46    |.debug_line
src\hal\source\HL_sys_vim.c.1.obj|[120]   |0x00000000|0|LOCL |SECT |HIDN |63    |.debug_line
src\hal\source\HL_sys_vim.c.1.obj|[102]   |0x00000000|0|LOCL |SECT |HIDN |45    |.debug_line
src\hal\source\HL_sys_vim.c.1.obj|[115]   |0x00000000|0|LOCL |SECT |HIDN |58    |.debug_line
src\hal\source\HL_sys_vim.c.1.obj|[114]   |0x00000000|0|LOCL |SECT |HIDN |57    |.debug_line
src\hal\source\HL_sys_vim.c.1.obj|[121]   |0x00000000|0|LOCL |SECT |HIDN |64    |.debug_line
src\hal\source\HL_sys_vim.c.1.obj|[101]   |0x00000000|0|LOCL |SECT |HIDN |44    |.debug_line
src\hal\source\HL_sys_vim.c.1.obj|[116]   |0x00000000|0|LOCL |SECT |HIDN |59    |.debug_line
src\hal\source\HL_sys_vim.c.1.obj|[122]   |0x00000000|0|LOCL |SECT |HIDN |65    |.debug_line
src\hal\source\HL_sys_vim.c.1.obj|[117]   |0x00000000|0|LOCL |SECT |HIDN |60    |.debug_line
src\hal\source\HL_sys_vim.c.1.obj|[167]   |0x00000000|0|LOCL |SECT |HIDN |110   |.debug_pubnames
src\hal\source\HL_sys_vim.c.1.obj|[168]   |0x00000000|0|LOCL |SECT |HIDN |111   |.debug_pubnames
src\hal\source\HL_sys_vim.c.1.obj|[169]   |0x00000000|0|LOCL |SECT |HIDN |112   |.debug_pubnames
src\hal\source\HL_sys_vim.c.1.obj|[184]   |0x00000000|0|LOCL |SECT |HIDN |127   |.debug_pubtypes
src\hal\source\HL_sys_vim.c.1.obj|[185]   |0x00000000|0|LOCL |SECT |HIDN |128   |.debug_pubtypes
src\hal\source\HL_sys_vim.c.1.obj|[186]   |0x00000000|0|LOCL |SECT |HIDN |129   |.debug_pubtypes
src\hal\source\HL_sys_vim.c.1.obj|[187]   |0x00000000|0|LOCL |SECT |HIDN |130   |.debug_pubtypes
src\hal\source\HL_sys_vim.c.1.obj|[170]   |0x00000000|0|LOCL |SECT |HIDN |113   |.debug_pubtypes
src\hal\source\HL_sys_vim.c.1.obj|[171]   |0x00000000|0|LOCL |SECT |HIDN |114   |.debug_pubtypes
src\hal\source\HL_sys_vim.c.1.obj|[172]   |0x00000000|0|LOCL |SECT |HIDN |115   |.debug_pubtypes
src\hal\source\HL_sys_vim.c.1.obj|[173]   |0x00000000|0|LOCL |SECT |HIDN |116   |.debug_pubtypes
src\hal\source\HL_sys_vim.c.1.obj|[174]   |0x00000000|0|LOCL |SECT |HIDN |117   |.debug_pubtypes
src\hal\source\HL_sys_vim.c.1.obj|[175]   |0x00000000|0|LOCL |SECT |HIDN |118   |.debug_pubtypes
src\hal\source\HL_sys_vim.c.1.obj|[176]   |0x00000000|0|LOCL |SECT |HIDN |119   |.debug_pubtypes
src\hal\source\HL_sys_vim.c.1.obj|[177]   |0x00000000|0|LOCL |SECT |HIDN |120   |.debug_pubtypes
src\hal\source\HL_sys_vim.c.1.obj|[178]   |0x00000000|0|LOCL |SECT |HIDN |121   |.debug_pubtypes
src\hal\source\HL_sys_vim.c.1.obj|[179]   |0x00000000|0|LOCL |SECT |HIDN |122   |.debug_pubtypes
src\hal\source\HL_sys_vim.c.1.obj|[180]   |0x00000000|0|LOCL |SECT |HIDN |123   |.debug_pubtypes
src\hal\source\HL_sys_vim.c.1.obj|[181]   |0x00000000|0|LOCL |SECT |HIDN |124   |.debug_pubtypes
src\hal\source\HL_sys_vim.c.1.obj|[182]   |0x00000000|0|LOCL |SECT |HIDN |125   |.debug_pubtypes
src\hal\source\HL_sys_vim.c.1.obj|[183]   |0x00000000|0|LOCL |SECT |HIDN |126   |.debug_pubtypes
src\hal\source\HL_sys_vim.c.1.obj|[129]   |0x00000000|0|LOCL |SECT |HIDN |73    |.debug_str
src\hal\source\HL_sys_vim.c.1.obj|[131]   |0x00000000|0|LOCL |SECT |HIDN |75    |.debug_str
src\hal\source\HL_sys_vim.c.1.obj|[133]   |0x00000000|0|LOCL |SECT |HIDN |77    |.debug_str
src\hal\source\HL_sys_vim.c.1.obj|[135]   |0x00000000|0|LOCL |SECT |HIDN |79    |.debug_str
src\hal\source\HL_sys_vim.c.1.obj|[137]   |0x00000000|0|LOCL |SECT |HIDN |81    |.debug_str
src\hal\source\HL_sys_vim.c.1.obj|[139]   |0x00000000|0|LOCL |SECT |HIDN |83    |.debug_str
src\hal\source\HL_sys_vim.c.1.obj|[141]   |0x00000000|0|LOCL |SECT |HIDN |85    |.debug_str
src\hal\source\HL_sys_vim.c.1.obj|[143]   |0x00000000|0|LOCL |SECT |HIDN |87    |.debug_str
src\hal\source\HL_sys_vim.c.1.obj|[145]   |0x00000000|0|LOCL |SECT |HIDN |89    |.debug_str
src\hal\source\HL_sys_vim.c.1.obj|[147]   |0x00000000|0|LOCL |SECT |HIDN |91    |.debug_str
src\hal\source\HL_sys_vim.c.1.obj|[149]   |0x00000000|0|LOCL |SECT |HIDN |93    |.debug_str
src\hal\source\HL_sys_vim.c.1.obj|[151]   |0x00000000|0|LOCL |SECT |HIDN |95    |.debug_str
src\hal\source\HL_sys_vim.c.1.obj|[153]   |0x00000000|0|LOCL |SECT |HIDN |97    |.debug_str
src\hal\source\HL_sys_vim.c.1.obj|[155]   |0x00000000|0|LOCL |SECT |HIDN |99    |.debug_str
src\hal\source\HL_sys_vim.c.1.obj|[157]   |0x00000000|0|LOCL |SECT |HIDN |101   |.debug_str
src\hal\source\HL_sys_vim.c.1.obj|[159]   |0x00000000|0|LOCL |SECT |HIDN |103   |.debug_str
src\hal\source\HL_sys_vim.c.1.obj|[161]   |0x00000000|0|LOCL |SECT |HIDN |105   |.debug_str
src\hal\source\HL_sys_vim.c.1.obj|[163]   |0x00000000|0|LOCL |SECT |HIDN |107   |.debug_str
src\hal\source\HL_sys_vim.c.1.obj|[67]    |0x00000000|0|LOCL |SECT |HIDN |19    |.text
src\hal\source\HL_sys_vim.c.1.obj|[69]    |0x00000000|0|LOCL |SECT |HIDN |21    |.text:retain
src\hal\source\HL_sys_vim.c.1.obj|[188]   |0x00000000|0|WEAK |FUNC |HIDN |UNDEF |Lib$$Request$$armlib
src\hal\source\HL_sys_vim.c.1.obj|[189]   |0x00000000|0|WEAK |FUNC |HIDN |UNDEF |Lib$$Request$$cpplib
src\hal\source\HL_sys_vim.c.1.obj|[213]   |0x00000000|0|GLOB |NONE |HIDN |29    |__TI_DW.debug_info.$base_types.a3001db55c69772f4e2efd565078122a
src\hal\source\HL_sys_vim.c.1.obj|[221]   |0x00000000|0|GLOB |NONE |HIDN |37    |__TI_DW.debug_info.HL_esm.h.d11d986e71f2288ae6c68fd4945d2ced
src\hal\source\HL_sys_vim.c.1.obj|[212]   |0x00000000|0|GLOB |NONE |HIDN |28    |__TI_DW.debug_info.HL_hal_stdtypes.h.f6fe50beccb00e10c974b1712ae0460c
src\hal\source\HL_sys_vim.c.1.obj|[219]   |0x00000000|0|GLOB |NONE |HIDN |35    |__TI_DW.debug_info.HL_reg_ccmr5.h.60616c1ea5f894c67161713e700a6949
src\hal\source\HL_sys_vim.c.1.obj|[220]   |0x00000000|0|GLOB |NONE |HIDN |36    |__TI_DW.debug_info.HL_reg_esm.h.ef7641b92226071044c24456fb074daa
src\hal\source\HL_sys_vim.c.1.obj|[222]   |0x00000000|0|GLOB |NONE |HIDN |38    |__TI_DW.debug_info.HL_reg_flash.h.8ef69a7bfede7a4afcb622ed681f698b
src\hal\source\HL_sys_vim.c.1.obj|[223]   |0x00000000|0|GLOB |NONE |HIDN |39    |__TI_DW.debug_info.HL_reg_gio.h.14fbe21c444fd77e90046c712f40e220
src\hal\source\HL_sys_vim.c.1.obj|[224]   |0x00000000|0|GLOB |NONE |HIDN |40    |__TI_DW.debug_info.HL_reg_l2ramw.h.6488b9fde894db393617a3cedf1b0e93
src\hal\source\HL_sys_vim.c.1.obj|[225]   |0x00000000|0|GLOB |NONE |HIDN |41    |__TI_DW.debug_info.HL_reg_system.h.eafea5ad13773ff532774030a8e080ff
src\hal\source\HL_sys_vim.c.1.obj|[226]   |0x00000000|0|GLOB |NONE |HIDN |42    |__TI_DW.debug_info.HL_reg_vim.h.d860fe5f18ea68a228b5309189148bc1
src\hal\source\HL_sys_vim.c.1.obj|[218]   |0x00000000|0|GLOB |NONE |HIDN |34    |__TI_DW.debug_info.HL_sys_common.h.e8daada136d191dca44e4b47f4729313
src\hal\source\HL_sys_vim.c.1.obj|[227]   |0x00000000|0|GLOB |NONE |HIDN |43    |__TI_DW.debug_info.HL_sys_vim.c.a3dc54874baca83236f3226b21e3a4bd
src\hal\source\HL_sys_vim.c.1.obj|[214]   |0x00000000|0|GLOB |NONE |HIDN |30    |__TI_DW.debug_info.HL_sys_vim.h.bc34994e235d47a6d5290aaf78ab20cf
src\hal\source\HL_sys_vim.c.1.obj|[210]   |0x00000000|0|GLOB |NONE |HIDN |26    |__TI_DW.debug_info.HL_system.h.f897c4241e2d74a187e91d9cc9d34c43
src\hal\source\HL_sys_vim.c.1.obj|[217]   |0x00000000|0|GLOB |NONE |HIDN |33    |__TI_DW.debug_info._stdint.h.55dc0724062de24f6648c36a36931c9a
src\hal\source\HL_sys_vim.c.1.obj|[211]   |0x00000000|0|GLOB |NONE |HIDN |27    |__TI_DW.debug_info._types.h.59562a94a523b27bdcf6ba60164276f0
src\hal\source\HL_sys_vim.c.1.obj|[215]   |0x00000000|0|GLOB |NONE |HIDN |31    |__TI_DW.debug_info._types.h.62a9317002fb36f2a0c7d45aa6f41cd3
src\hal\source\HL_sys_vim.c.1.obj|[216]   |0x00000000|0|GLOB |NONE |HIDN |32    |__TI_DW.debug_info.stdint.h.ad4b679dbce029afdbcc9a8c662c70ff
src\hal\source\HL_sys_vim.c.1.obj|[195]   |0x00000000|0|GLOB |NONE |HIDN |UNDEF |can1HighLevelInterrupt
src\hal\source\HL_sys_vim.c.1.obj|[209]   |0x00000000|0|GLOB |NONE |HIDN |UNDEF |can1LowLevelInterrupt
src\hal\source\HL_sys_vim.c.1.obj|[205]   |0x00000000|0|GLOB |NONE |HIDN |UNDEF |can2HighLevelInterrupt
src\hal\source\HL_sys_vim.c.1.obj|[201]   |0x00000000|0|GLOB |NONE |HIDN |UNDEF |can2LowLevelInterrupt
src\hal\source\HL_sys_vim.c.1.obj|[204]   |0x00000000|0|GLOB |NONE |HIDN |UNDEF |dmaBTCAInterrupt
src\hal\source\HL_sys_vim.c.1.obj|[199]   |0x00000000|0|GLOB |NONE |HIDN |UNDEF |dmaLFSAInterrupt
src\hal\source\HL_sys_vim.c.1.obj|[193]   |0x00000000|0|GLOB |NONE |HIDN |UNDEF |ecap1Interrupt
src\hal\source\HL_sys_vim.c.1.obj|[202]   |0x00000000|0|GLOB |NONE |HIDN |UNDEF |esmGroup1Notification
src\hal\source\HL_sys_vim.c.1.obj|[196]   |0x00000000|0|GLOB |NONE |HIDN |UNDEF |esmGroup2Notification
src\hal\source\HL_sys_vim.c.1.obj|[203]   |0x00000000|0|GLOB |NONE |HIDN |UNDEF |esmHighInterrupt
src\hal\source\HL_sys_vim.c.1.obj|[206]   |0x00000000|0|GLOB |NONE |HIDN |UNDEF |i2cInterrupt
src\hal\source\HL_sys_vim.c.1.obj|[192]   |0x00000000|0|GLOB |NONE |HIDN |UNDEF |phantomInterrupt
src\hal\source\HL_sys_vim.c.1.obj|[2]     |0x00000000|512|LOCL |OBJT |HIDN |20    |s_vim_init
src\hal\source\HL_sys_vim.c.1.obj|[190]   |0x00000000|0|GLOB |NONE |HIDN |UNDEF |vPortPreemptiveTick
src\hal\source\HL_sys_vim.c.1.obj|[200]   |0x00000000|0|GLOB |NONE |HIDN |UNDEF |vPortYieldWithinAPI
src\hal\source\HL_sys_vim.c.1.obj|[191]   |0x00000424|76|GLOB |FUNC |HIDN |19    |vimChannelMap
src\hal\source\HL_sys_vim.c.1.obj|[198]   |0x000003cc|88|GLOB |FUNC |HIDN |19    |vimDisableInterrupt
src\hal\source\HL_sys_vim.c.1.obj|[208]   |0x00000000|360|WEAK |FUNC |HIDN |21    |vimECCErrorHandler
src\hal\source\HL_sys_vim.c.1.obj|[197]   |0x000002b8|276|GLOB |FUNC |HIDN |19    |vimEnableInterrupt
src\hal\source\HL_sys_vim.c.1.obj|[207]   |0x00000070|584|GLOB |FUNC |HIDN |19    |vimGetConfigValue
src\hal\source\HL_sys_vim.c.1.obj|[194]   |0x00000000|112|GLOB |FUNC |HIDN |19    |vimInit
src\hal\source\HL_sys_vim.c.1.obj|[1]     |0x00000000|0|LOCL |FILE |HIDN |ABS   |{06D55667-96EF-48EA-83B2-BEAD488AA7D7}
