
file            [index]  value      size  bind  type  vis   shndx  symbol name 

src\hal\source\HL_sys_dma.c.1.obj|[0]     |0x00000000|0|LOCL |NONE |DFLT |UNDEF |
src\hal\source\HL_sys_dma.c.1.obj|[21]    |0x00000488|0|LOCL |FUNC |HIDN |12    |$C$CON1
src\hal\source\HL_sys_dma.c.1.obj|[29]    |0x000004a8|0|LOCL |FUNC |HIDN |12    |$C$CON10
src\hal\source\HL_sys_dma.c.1.obj|[30]    |0x000004ac|0|LOCL |FUNC |HIDN |12    |$C$CON11
src\hal\source\HL_sys_dma.c.1.obj|[31]    |0x000004b0|0|LOCL |FUNC |HIDN |12    |$C$CON12
src\hal\source\HL_sys_dma.c.1.obj|[32]    |0x000004b4|0|LOCL |FUNC |HIDN |12    |$C$CON13
src\hal\source\HL_sys_dma.c.1.obj|[33]    |0x000004b8|0|LOCL |FUNC |HIDN |12    |$C$CON14
src\hal\source\HL_sys_dma.c.1.obj|[34]    |0x000004bc|0|LOCL |FUNC |HIDN |12    |$C$CON15
src\hal\source\HL_sys_dma.c.1.obj|[35]    |0x000004c0|0|LOCL |FUNC |HIDN |12    |$C$CON16
src\hal\source\HL_sys_dma.c.1.obj|[36]    |0x000004c4|0|LOCL |FUNC |HIDN |12    |$C$CON17
src\hal\source\HL_sys_dma.c.1.obj|[37]    |0x000004c8|0|LOCL |FUNC |HIDN |12    |$C$CON18
src\hal\source\HL_sys_dma.c.1.obj|[38]    |0x000004cc|0|LOCL |FUNC |HIDN |12    |$C$CON19
src\hal\source\HL_sys_dma.c.1.obj|[22]    |0x0000048c|0|LOCL |FUNC |HIDN |12    |$C$CON2
src\hal\source\HL_sys_dma.c.1.obj|[40]    |0x000000a4|0|LOCL |FUNC |HIDN |13    |$C$CON20
src\hal\source\HL_sys_dma.c.1.obj|[23]    |0x00000490|0|LOCL |FUNC |HIDN |12    |$C$CON3
src\hal\source\HL_sys_dma.c.1.obj|[24]    |0x00000494|0|LOCL |FUNC |HIDN |12    |$C$CON4
src\hal\source\HL_sys_dma.c.1.obj|[25]    |0x00000498|0|LOCL |FUNC |HIDN |12    |$C$CON5
src\hal\source\HL_sys_dma.c.1.obj|[26]    |0x0000049c|0|LOCL |FUNC |HIDN |12    |$C$CON6
src\hal\source\HL_sys_dma.c.1.obj|[39]    |0x000000a0|0|LOCL |FUNC |HIDN |13    |$C$CON7
src\hal\source\HL_sys_dma.c.1.obj|[27]    |0x000004a0|0|LOCL |FUNC |HIDN |12    |$C$CON8
src\hal\source\HL_sys_dma.c.1.obj|[28]    |0x000004a4|0|LOCL |FUNC |HIDN |12    |$C$CON9
src\hal\source\HL_sys_dma.c.1.obj|[2]     |0x00000034|0|LOCL |FUNC |HIDN |13    |$C$L1
src\hal\source\HL_sys_dma.c.1.obj|[11]    |0x000002a8|0|LOCL |FUNC |HIDN |12    |$C$L10
src\hal\source\HL_sys_dma.c.1.obj|[12]    |0x00000338|0|LOCL |FUNC |HIDN |12    |$C$L11
src\hal\source\HL_sys_dma.c.1.obj|[13]    |0x0000034c|0|LOCL |FUNC |HIDN |12    |$C$L12
src\hal\source\HL_sys_dma.c.1.obj|[14]    |0x00000360|0|LOCL |FUNC |HIDN |12    |$C$L13
src\hal\source\HL_sys_dma.c.1.obj|[15]    |0x000003d0|0|LOCL |FUNC |HIDN |12    |$C$L14
src\hal\source\HL_sys_dma.c.1.obj|[16]    |0x00000418|0|LOCL |FUNC |HIDN |12    |$C$L15
src\hal\source\HL_sys_dma.c.1.obj|[17]    |0x00000420|0|LOCL |FUNC |HIDN |12    |$C$L16
src\hal\source\HL_sys_dma.c.1.obj|[18]    |0x00000428|0|LOCL |FUNC |HIDN |12    |$C$L17
src\hal\source\HL_sys_dma.c.1.obj|[19]    |0x0000044c|0|LOCL |FUNC |HIDN |12    |$C$L18
src\hal\source\HL_sys_dma.c.1.obj|[20]    |0x00000084|0|LOCL |FUNC |HIDN |13    |$C$L19
src\hal\source\HL_sys_dma.c.1.obj|[3]     |0x00000200|0|LOCL |FUNC |HIDN |12    |$C$L2
src\hal\source\HL_sys_dma.c.1.obj|[4]     |0x00000210|0|LOCL |FUNC |HIDN |12    |$C$L3
src\hal\source\HL_sys_dma.c.1.obj|[5]     |0x00000214|0|LOCL |FUNC |HIDN |12    |$C$L4
src\hal\source\HL_sys_dma.c.1.obj|[6]     |0x0000021c|0|LOCL |FUNC |HIDN |12    |$C$L5
src\hal\source\HL_sys_dma.c.1.obj|[7]     |0x0000022c|0|LOCL |FUNC |HIDN |12    |$C$L6
src\hal\source\HL_sys_dma.c.1.obj|[8]     |0x00000230|0|LOCL |FUNC |HIDN |12    |$C$L7
src\hal\source\HL_sys_dma.c.1.obj|[9]     |0x00000238|0|LOCL |FUNC |HIDN |12    |$C$L8
src\hal\source\HL_sys_dma.c.1.obj|[10]    |0x0000024c|0|LOCL |FUNC |HIDN |12    |$C$L9
src\hal\source\HL_sys_dma.c.1.obj|[59]    |0x00000448|0|LOCL |NONE |HIDN |12    |$a
src\hal\source\HL_sys_dma.c.1.obj|[60]    |0x00000464|0|LOCL |NONE |HIDN |12    |$a
src\hal\source\HL_sys_dma.c.1.obj|[61]    |0x00000050|0|LOCL |NONE |HIDN |13    |$a
src\hal\source\HL_sys_dma.c.1.obj|[43]    |0x00000000|0|LOCL |NONE |HIDN |12    |$a
src\hal\source\HL_sys_dma.c.1.obj|[44]    |0x0000001c|0|LOCL |NONE |HIDN |12    |$a
src\hal\source\HL_sys_dma.c.1.obj|[45]    |0x000000fc|0|LOCL |NONE |HIDN |12    |$a
src\hal\source\HL_sys_dma.c.1.obj|[46]    |0x00000118|0|LOCL |NONE |HIDN |12    |$a
src\hal\source\HL_sys_dma.c.1.obj|[47]    |0x00000000|0|LOCL |NONE |HIDN |13    |$a
src\hal\source\HL_sys_dma.c.1.obj|[48]    |0x00000154|0|LOCL |NONE |HIDN |12    |$a
src\hal\source\HL_sys_dma.c.1.obj|[49]    |0x00000170|0|LOCL |NONE |HIDN |12    |$a
src\hal\source\HL_sys_dma.c.1.obj|[50]    |0x00000188|0|LOCL |NONE |HIDN |12    |$a
src\hal\source\HL_sys_dma.c.1.obj|[51]    |0x000001b0|0|LOCL |NONE |HIDN |12    |$a
src\hal\source\HL_sys_dma.c.1.obj|[52]    |0x00000254|0|LOCL |NONE |HIDN |12    |$a
src\hal\source\HL_sys_dma.c.1.obj|[53]    |0x000002e8|0|LOCL |NONE |HIDN |12    |$a
src\hal\source\HL_sys_dma.c.1.obj|[54]    |0x00000378|0|LOCL |NONE |HIDN |12    |$a
src\hal\source\HL_sys_dma.c.1.obj|[55]    |0x00000388|0|LOCL |NONE |HIDN |12    |$a
src\hal\source\HL_sys_dma.c.1.obj|[56]    |0x000003a4|0|LOCL |NONE |HIDN |12    |$a
src\hal\source\HL_sys_dma.c.1.obj|[57]    |0x000003ec|0|LOCL |NONE |HIDN |12    |$a
src\hal\source\HL_sys_dma.c.1.obj|[58]    |0x00000438|0|LOCL |NONE |HIDN |12    |$a
src\hal\source\HL_sys_dma.c.1.obj|[62]    |0x00000488|0|LOCL |NONE |HIDN |12    |$d
src\hal\source\HL_sys_dma.c.1.obj|[63]    |0x000000a0|0|LOCL |NONE |HIDN |13    |$d
src\hal\source\HL_sys_dma.c.1.obj|[94]    |0x00000000|0|LOCL |SECT |HIDN |44    |.debug_abbrev
src\hal\source\HL_sys_dma.c.1.obj|[100]   |0x00000000|0|LOCL |SECT |HIDN |49    |.debug_abbrev
src\hal\source\HL_sys_dma.c.1.obj|[95]    |0x00000000|0|LOCL |SECT |HIDN |45    |.debug_abbrev
src\hal\source\HL_sys_dma.c.1.obj|[96]    |0x00000000|0|LOCL |SECT |HIDN |46    |.debug_abbrev
src\hal\source\HL_sys_dma.c.1.obj|[98]    |0x00000000|0|LOCL |SECT |HIDN |47    |.debug_abbrev
src\hal\source\HL_sys_dma.c.1.obj|[102]   |0x00000000|0|LOCL |SECT |HIDN |51    |.debug_abbrev
src\hal\source\HL_sys_dma.c.1.obj|[104]   |0x00000000|0|LOCL |SECT |HIDN |53    |.debug_abbrev
src\hal\source\HL_sys_dma.c.1.obj|[106]   |0x00000000|0|LOCL |SECT |HIDN |55    |.debug_abbrev
src\hal\source\HL_sys_dma.c.1.obj|[108]   |0x00000000|0|LOCL |SECT |HIDN |57    |.debug_abbrev
src\hal\source\HL_sys_dma.c.1.obj|[110]   |0x00000000|0|LOCL |SECT |HIDN |59    |.debug_abbrev
src\hal\source\HL_sys_dma.c.1.obj|[112]   |0x00000000|0|LOCL |SECT |HIDN |61    |.debug_abbrev
src\hal\source\HL_sys_dma.c.1.obj|[114]   |0x00000000|0|LOCL |SECT |HIDN |63    |.debug_abbrev
src\hal\source\HL_sys_dma.c.1.obj|[116]   |0x00000000|0|LOCL |SECT |HIDN |65    |.debug_abbrev
src\hal\source\HL_sys_dma.c.1.obj|[118]   |0x00000000|0|LOCL |SECT |HIDN |67    |.debug_abbrev
src\hal\source\HL_sys_dma.c.1.obj|[120]   |0x00000000|0|LOCL |SECT |HIDN |70    |.debug_aranges
src\hal\source\HL_sys_dma.c.1.obj|[119]   |0x00000000|0|LOCL |SECT |HIDN |69    |.debug_aranges
src\hal\source\HL_sys_dma.c.1.obj|[93]    |0x00000000|0|LOCL |SECT |HIDN |43    |.debug_frame
src\hal\source\HL_sys_dma.c.1.obj|[92]    |0x00000000|0|LOCL |SECT |HIDN |42    |.debug_frame
src\hal\source\HL_sys_dma.c.1.obj|[65]    |0x00000000|0|LOCL |SECT |HIDN |15    |.debug_info
src\hal\source\HL_sys_dma.c.1.obj|[66]    |0x00000000|0|LOCL |SECT |HIDN |16    |.debug_info
src\hal\source\HL_sys_dma.c.1.obj|[67]    |0x00000000|0|LOCL |SECT |HIDN |17    |.debug_info
src\hal\source\HL_sys_dma.c.1.obj|[68]    |0x00000000|0|LOCL |SECT |HIDN |18    |.debug_info
src\hal\source\HL_sys_dma.c.1.obj|[69]    |0x00000000|0|LOCL |SECT |HIDN |19    |.debug_info
src\hal\source\HL_sys_dma.c.1.obj|[71]    |0x00000000|0|LOCL |SECT |HIDN |21    |.debug_info
src\hal\source\HL_sys_dma.c.1.obj|[72]    |0x00000000|0|LOCL |SECT |HIDN |22    |.debug_info
src\hal\source\HL_sys_dma.c.1.obj|[73]    |0x00000000|0|LOCL |SECT |HIDN |23    |.debug_info
src\hal\source\HL_sys_dma.c.1.obj|[74]    |0x00000000|0|LOCL |SECT |HIDN |24    |.debug_info
src\hal\source\HL_sys_dma.c.1.obj|[75]    |0x00000000|0|LOCL |SECT |HIDN |25    |.debug_info
src\hal\source\HL_sys_dma.c.1.obj|[76]    |0x00000000|0|LOCL |SECT |HIDN |26    |.debug_info
src\hal\source\HL_sys_dma.c.1.obj|[77]    |0x00000000|0|LOCL |SECT |HIDN |27    |.debug_info
src\hal\source\HL_sys_dma.c.1.obj|[64]    |0x00000000|0|LOCL |SECT |HIDN |14    |.debug_info
src\hal\source\HL_sys_dma.c.1.obj|[70]    |0x00000000|0|LOCL |SECT |HIDN |20    |.debug_info
src\hal\source\HL_sys_dma.c.1.obj|[79]    |0x00000000|0|LOCL |SECT |HIDN |29    |.debug_line
src\hal\source\HL_sys_dma.c.1.obj|[80]    |0x00000000|0|LOCL |SECT |HIDN |30    |.debug_line
src\hal\source\HL_sys_dma.c.1.obj|[81]    |0x00000000|0|LOCL |SECT |HIDN |31    |.debug_line
src\hal\source\HL_sys_dma.c.1.obj|[82]    |0x00000000|0|LOCL |SECT |HIDN |32    |.debug_line
src\hal\source\HL_sys_dma.c.1.obj|[83]    |0x00000000|0|LOCL |SECT |HIDN |33    |.debug_line
src\hal\source\HL_sys_dma.c.1.obj|[84]    |0x00000000|0|LOCL |SECT |HIDN |34    |.debug_line
src\hal\source\HL_sys_dma.c.1.obj|[85]    |0x00000000|0|LOCL |SECT |HIDN |35    |.debug_line
src\hal\source\HL_sys_dma.c.1.obj|[86]    |0x00000000|0|LOCL |SECT |HIDN |36    |.debug_line
src\hal\source\HL_sys_dma.c.1.obj|[87]    |0x00000000|0|LOCL |SECT |HIDN |37    |.debug_line
src\hal\source\HL_sys_dma.c.1.obj|[88]    |0x00000000|0|LOCL |SECT |HIDN |38    |.debug_line
src\hal\source\HL_sys_dma.c.1.obj|[89]    |0x00000000|0|LOCL |SECT |HIDN |39    |.debug_line
src\hal\source\HL_sys_dma.c.1.obj|[90]    |0x00000000|0|LOCL |SECT |HIDN |40    |.debug_line
src\hal\source\HL_sys_dma.c.1.obj|[91]    |0x00000000|0|LOCL |SECT |HIDN |41    |.debug_line
src\hal\source\HL_sys_dma.c.1.obj|[78]    |0x00000000|0|LOCL |SECT |HIDN |28    |.debug_line
src\hal\source\HL_sys_dma.c.1.obj|[121]   |0x00000000|0|LOCL |SECT |HIDN |71    |.debug_pubnames
src\hal\source\HL_sys_dma.c.1.obj|[122]   |0x00000000|0|LOCL |SECT |HIDN |72    |.debug_pubnames
src\hal\source\HL_sys_dma.c.1.obj|[131]   |0x00000000|0|LOCL |SECT |HIDN |81    |.debug_pubtypes
src\hal\source\HL_sys_dma.c.1.obj|[132]   |0x00000000|0|LOCL |SECT |HIDN |82    |.debug_pubtypes
src\hal\source\HL_sys_dma.c.1.obj|[133]   |0x00000000|0|LOCL |SECT |HIDN |83    |.debug_pubtypes
src\hal\source\HL_sys_dma.c.1.obj|[123]   |0x00000000|0|LOCL |SECT |HIDN |73    |.debug_pubtypes
src\hal\source\HL_sys_dma.c.1.obj|[124]   |0x00000000|0|LOCL |SECT |HIDN |74    |.debug_pubtypes
src\hal\source\HL_sys_dma.c.1.obj|[125]   |0x00000000|0|LOCL |SECT |HIDN |75    |.debug_pubtypes
src\hal\source\HL_sys_dma.c.1.obj|[126]   |0x00000000|0|LOCL |SECT |HIDN |76    |.debug_pubtypes
src\hal\source\HL_sys_dma.c.1.obj|[127]   |0x00000000|0|LOCL |SECT |HIDN |77    |.debug_pubtypes
src\hal\source\HL_sys_dma.c.1.obj|[128]   |0x00000000|0|LOCL |SECT |HIDN |78    |.debug_pubtypes
src\hal\source\HL_sys_dma.c.1.obj|[129]   |0x00000000|0|LOCL |SECT |HIDN |79    |.debug_pubtypes
src\hal\source\HL_sys_dma.c.1.obj|[130]   |0x00000000|0|LOCL |SECT |HIDN |80    |.debug_pubtypes
src\hal\source\HL_sys_dma.c.1.obj|[99]    |0x00000000|0|LOCL |SECT |HIDN |50    |.debug_str
src\hal\source\HL_sys_dma.c.1.obj|[109]   |0x00000000|0|LOCL |SECT |HIDN |60    |.debug_str
src\hal\source\HL_sys_dma.c.1.obj|[111]   |0x00000000|0|LOCL |SECT |HIDN |62    |.debug_str
src\hal\source\HL_sys_dma.c.1.obj|[101]   |0x00000000|0|LOCL |SECT |HIDN |52    |.debug_str
src\hal\source\HL_sys_dma.c.1.obj|[113]   |0x00000000|0|LOCL |SECT |HIDN |64    |.debug_str
src\hal\source\HL_sys_dma.c.1.obj|[107]   |0x00000000|0|LOCL |SECT |HIDN |58    |.debug_str
src\hal\source\HL_sys_dma.c.1.obj|[115]   |0x00000000|0|LOCL |SECT |HIDN |66    |.debug_str
src\hal\source\HL_sys_dma.c.1.obj|[103]   |0x00000000|0|LOCL |SECT |HIDN |54    |.debug_str
src\hal\source\HL_sys_dma.c.1.obj|[117]   |0x00000000|0|LOCL |SECT |HIDN |68    |.debug_str
src\hal\source\HL_sys_dma.c.1.obj|[97]    |0x00000000|0|LOCL |SECT |HIDN |48    |.debug_str
src\hal\source\HL_sys_dma.c.1.obj|[105]   |0x00000000|0|LOCL |SECT |HIDN |56    |.debug_str
src\hal\source\HL_sys_dma.c.1.obj|[41]    |0x00000000|0|LOCL |SECT |HIDN |12    |.text
src\hal\source\HL_sys_dma.c.1.obj|[42]    |0x00000000|0|LOCL |SECT |HIDN |13    |.text:retain
src\hal\source\HL_sys_dma.c.1.obj|[134]   |0x00000000|0|WEAK |FUNC |HIDN |UNDEF |Lib$$Request$$armlib
src\hal\source\HL_sys_dma.c.1.obj|[135]   |0x00000000|0|WEAK |FUNC |HIDN |UNDEF |Lib$$Request$$cpplib
src\hal\source\HL_sys_dma.c.1.obj|[159]   |0x00000000|0|GLOB |NONE |HIDN |20    |__TI_DW.debug_info.$base_types.a3001db55c69772f4e2efd565078122a
src\hal\source\HL_sys_dma.c.1.obj|[158]   |0x00000000|0|GLOB |NONE |HIDN |19    |__TI_DW.debug_info.HL_hal_stdtypes.h.f6fe50beccb00e10c974b1712ae0460c
src\hal\source\HL_sys_dma.c.1.obj|[156]   |0x00000000|0|GLOB |NONE |HIDN |17    |__TI_DW.debug_info.HL_reg_dma.h.36a8a360bb79652018cb40654cc570ce
src\hal\source\HL_sys_dma.c.1.obj|[166]   |0x00000000|0|GLOB |NONE |HIDN |27    |__TI_DW.debug_info.HL_reg_vim.h.d860fe5f18ea68a228b5309189148bc1
src\hal\source\HL_sys_dma.c.1.obj|[164]   |0x00000000|0|GLOB |NONE |HIDN |25    |__TI_DW.debug_info.HL_sys_common.h.e8daada136d191dca44e4b47f4729313
src\hal\source\HL_sys_dma.c.1.obj|[165]   |0x00000000|0|GLOB |NONE |HIDN |26    |__TI_DW.debug_info.HL_sys_dma.h.3552c18df6e9c1e93c3b786f5e22b84c
src\hal\source\HL_sys_dma.c.1.obj|[160]   |0x00000000|0|GLOB |NONE |HIDN |21    |__TI_DW.debug_info.HL_sys_vim.h.bc34994e235d47a6d5290aaf78ab20cf
src\hal\source\HL_sys_dma.c.1.obj|[163]   |0x00000000|0|GLOB |NONE |HIDN |24    |__TI_DW.debug_info._stdint.h.55dc0724062de24f6648c36a36931c9a
src\hal\source\HL_sys_dma.c.1.obj|[157]   |0x00000000|0|GLOB |NONE |HIDN |18    |__TI_DW.debug_info._types.h.59562a94a523b27bdcf6ba60164276f0
src\hal\source\HL_sys_dma.c.1.obj|[161]   |0x00000000|0|GLOB |NONE |HIDN |22    |__TI_DW.debug_info._types.h.62a9317002fb36f2a0c7d45aa6f41cd3
src\hal\source\HL_sys_dma.c.1.obj|[162]   |0x00000000|0|GLOB |NONE |HIDN |23    |__TI_DW.debug_info.stdint.h.ad4b679dbce029afdbcc9a8c662c70ff
src\hal\source\HL_sys_dma.c.1.obj|[152]   |0x00000050|80|GLOB |FUNC |HIDN |13    |dmaBTCAInterrupt
src\hal\source\HL_sys_dma.c.1.obj|[146]   |0x00000464|36|GLOB |FUNC |HIDN |12    |dmaDefineRegion
src\hal\source\HL_sys_dma.c.1.obj|[136]   |0x00000448|28|GLOB |FUNC |HIDN |12    |dmaDisable
src\hal\source\HL_sys_dma.c.1.obj|[144]   |0x00000438|16|GLOB |FUNC |HIDN |12    |dmaDisableECC
src\hal\source\HL_sys_dma.c.1.obj|[147]   |0x000003ec|76|GLOB |FUNC |HIDN |12    |dmaDisableInterrupt
src\hal\source\HL_sys_dma.c.1.obj|[148]   |0x000003a4|72|GLOB |FUNC |HIDN |12    |dmaDisableRegion
src\hal\source\HL_sys_dma.c.1.obj|[150]   |0x00000388|28|GLOB |FUNC |HIDN |12    |dmaEnable
src\hal\source\HL_sys_dma.c.1.obj|[143]   |0x00000378|16|GLOB |FUNC |HIDN |12    |dmaEnableECC
src\hal\source\HL_sys_dma.c.1.obj|[142]   |0x000002e8|144|GLOB |FUNC |HIDN |12    |dmaEnableInterrupt
src\hal\source\HL_sys_dma.c.1.obj|[138]   |0x00000254|148|GLOB |FUNC |HIDN |12    |dmaEnableRegion
src\hal\source\HL_sys_dma.c.1.obj|[139]   |0x000001b0|164|GLOB |FUNC |HIDN |12    |dmaGetInterruptStatus
src\hal\source\HL_sys_dma.c.1.obj|[153]   |0x00000188|40|GLOB |FUNC |HIDN |12    |dmaGetReq
src\hal\source\HL_sys_dma.c.1.obj|[155]   |0x00000000|0|GLOB |NONE |HIDN |UNDEF |dmaGroupANotification
src\hal\source\HL_sys_dma.c.1.obj|[140]   |0x00000170|24|GLOB |FUNC |HIDN |12    |dmaIsBusy
src\hal\source\HL_sys_dma.c.1.obj|[154]   |0x00000154|28|GLOB |FUNC |HIDN |12    |dmaIsChannelActive
src\hal\source\HL_sys_dma.c.1.obj|[145]   |0x00000000|80|GLOB |FUNC |HIDN |13    |dmaLFSAInterrupt
src\hal\source\HL_sys_dma.c.1.obj|[141]   |0x00000118|60|GLOB |FUNC |HIDN |12    |dmaReqAssign
src\hal\source\HL_sys_dma.c.1.obj|[137]   |0x000000fc|28|GLOB |FUNC |HIDN |12    |dmaSetChEnable
src\hal\source\HL_sys_dma.c.1.obj|[151]   |0x0000001c|224|GLOB |FUNC |HIDN |12    |dmaSetCtrlPacket
src\hal\source\HL_sys_dma.c.1.obj|[149]   |0x00000000|28|GLOB |FUNC |HIDN |12    |dmaSetPriority
src\hal\source\HL_sys_dma.c.1.obj|[1]     |0x00000000|0|LOCL |FILE |HIDN |ABS   |{8A6C0436-C2F5-439A-8279-D753EC6AC06E}
