
file            [index]  value      size  bind  type  vis   shndx  symbol name 

src\app\engine\hwinfo\masterinfo.c.1.obj|[0]     |0x00000000|0|LOCL |NONE |DFLT |UNDEF |
src\app\engine\hwinfo\masterinfo.c.1.obj|[3]     |0x00000030|0|LOCL |FUNC |HIDN |16    |$C$CON1
src\app\engine\hwinfo\masterinfo.c.1.obj|[4]     |0x00000034|0|LOCL |FUNC |HIDN |16    |$C$CON2
src\app\engine\hwinfo\masterinfo.c.1.obj|[10]    |0x00000018|0|LOCL |NONE |HIDN |16    |$a
src\app\engine\hwinfo\masterinfo.c.1.obj|[11]    |0x00000024|0|LOCL |NONE |HIDN |16    |$a
src\app\engine\hwinfo\masterinfo.c.1.obj|[8]     |0x00000000|0|LOCL |NONE |HIDN |16    |$a
src\app\engine\hwinfo\masterinfo.c.1.obj|[9]     |0x0000000c|0|LOCL |NONE |HIDN |16    |$a
src\app\engine\hwinfo\masterinfo.c.1.obj|[12]    |0x00000030|0|LOCL |NONE |HIDN |16    |$d
src\app\engine\hwinfo\masterinfo.c.1.obj|[7]     |0x00000000|0|LOCL |NONE |HIDN |17    |$d
src\app\engine\hwinfo\masterinfo.c.1.obj|[6]     |0x00000000|0|LOCL |SECT |HIDN |17    |.data:minfo_state
src\app\engine\hwinfo\masterinfo.c.1.obj|[74]    |0x00000000|0|LOCL |SECT |HIDN |78    |.debug_abbrev
src\app\engine\hwinfo\masterinfo.c.1.obj|[72]    |0x00000000|0|LOCL |SECT |HIDN |76    |.debug_abbrev
src\app\engine\hwinfo\masterinfo.c.1.obj|[70]    |0x00000000|0|LOCL |SECT |HIDN |74    |.debug_abbrev
src\app\engine\hwinfo\masterinfo.c.1.obj|[62]    |0x00000000|0|LOCL |SECT |HIDN |66    |.debug_abbrev
src\app\engine\hwinfo\masterinfo.c.1.obj|[60]    |0x00000000|0|LOCL |SECT |HIDN |64    |.debug_abbrev
src\app\engine\hwinfo\masterinfo.c.1.obj|[50]    |0x00000000|0|LOCL |SECT |HIDN |55    |.debug_abbrev
src\app\engine\hwinfo\masterinfo.c.1.obj|[51]    |0x00000000|0|LOCL |SECT |HIDN |56    |.debug_abbrev
src\app\engine\hwinfo\masterinfo.c.1.obj|[52]    |0x00000000|0|LOCL |SECT |HIDN |57    |.debug_abbrev
src\app\engine\hwinfo\masterinfo.c.1.obj|[68]    |0x00000000|0|LOCL |SECT |HIDN |72    |.debug_abbrev
src\app\engine\hwinfo\masterinfo.c.1.obj|[66]    |0x00000000|0|LOCL |SECT |HIDN |70    |.debug_abbrev
src\app\engine\hwinfo\masterinfo.c.1.obj|[56]    |0x00000000|0|LOCL |SECT |HIDN |60    |.debug_abbrev
src\app\engine\hwinfo\masterinfo.c.1.obj|[78]    |0x00000000|0|LOCL |SECT |HIDN |82    |.debug_abbrev
src\app\engine\hwinfo\masterinfo.c.1.obj|[80]    |0x00000000|0|LOCL |SECT |HIDN |84    |.debug_abbrev
src\app\engine\hwinfo\masterinfo.c.1.obj|[82]    |0x00000000|0|LOCL |SECT |HIDN |86    |.debug_abbrev
src\app\engine\hwinfo\masterinfo.c.1.obj|[54]    |0x00000000|0|LOCL |SECT |HIDN |58    |.debug_abbrev
src\app\engine\hwinfo\masterinfo.c.1.obj|[64]    |0x00000000|0|LOCL |SECT |HIDN |68    |.debug_abbrev
src\app\engine\hwinfo\masterinfo.c.1.obj|[58]    |0x00000000|0|LOCL |SECT |HIDN |62    |.debug_abbrev
src\app\engine\hwinfo\masterinfo.c.1.obj|[76]    |0x00000000|0|LOCL |SECT |HIDN |80    |.debug_abbrev
src\app\engine\hwinfo\masterinfo.c.1.obj|[83]    |0x00000000|0|LOCL |SECT |HIDN |88    |.debug_aranges
src\app\engine\hwinfo\masterinfo.c.1.obj|[49]    |0x00000000|0|LOCL |SECT |HIDN |54    |.debug_frame
src\app\engine\hwinfo\masterinfo.c.1.obj|[13]    |0x00000000|0|LOCL |SECT |HIDN |18    |.debug_info
src\app\engine\hwinfo\masterinfo.c.1.obj|[14]    |0x00000000|0|LOCL |SECT |HIDN |19    |.debug_info
src\app\engine\hwinfo\masterinfo.c.1.obj|[15]    |0x00000000|0|LOCL |SECT |HIDN |20    |.debug_info
src\app\engine\hwinfo\masterinfo.c.1.obj|[16]    |0x00000000|0|LOCL |SECT |HIDN |21    |.debug_info
src\app\engine\hwinfo\masterinfo.c.1.obj|[17]    |0x00000000|0|LOCL |SECT |HIDN |22    |.debug_info
src\app\engine\hwinfo\masterinfo.c.1.obj|[18]    |0x00000000|0|LOCL |SECT |HIDN |23    |.debug_info
src\app\engine\hwinfo\masterinfo.c.1.obj|[19]    |0x00000000|0|LOCL |SECT |HIDN |24    |.debug_info
src\app\engine\hwinfo\masterinfo.c.1.obj|[20]    |0x00000000|0|LOCL |SECT |HIDN |25    |.debug_info
src\app\engine\hwinfo\masterinfo.c.1.obj|[21]    |0x00000000|0|LOCL |SECT |HIDN |26    |.debug_info
src\app\engine\hwinfo\masterinfo.c.1.obj|[22]    |0x00000000|0|LOCL |SECT |HIDN |27    |.debug_info
src\app\engine\hwinfo\masterinfo.c.1.obj|[23]    |0x00000000|0|LOCL |SECT |HIDN |28    |.debug_info
src\app\engine\hwinfo\masterinfo.c.1.obj|[26]    |0x00000000|0|LOCL |SECT |HIDN |31    |.debug_info
src\app\engine\hwinfo\masterinfo.c.1.obj|[27]    |0x00000000|0|LOCL |SECT |HIDN |32    |.debug_info
src\app\engine\hwinfo\masterinfo.c.1.obj|[24]    |0x00000000|0|LOCL |SECT |HIDN |29    |.debug_info
src\app\engine\hwinfo\masterinfo.c.1.obj|[28]    |0x00000000|0|LOCL |SECT |HIDN |33    |.debug_info
src\app\engine\hwinfo\masterinfo.c.1.obj|[29]    |0x00000000|0|LOCL |SECT |HIDN |34    |.debug_info
src\app\engine\hwinfo\masterinfo.c.1.obj|[30]    |0x00000000|0|LOCL |SECT |HIDN |35    |.debug_info
src\app\engine\hwinfo\masterinfo.c.1.obj|[25]    |0x00000000|0|LOCL |SECT |HIDN |30    |.debug_info
src\app\engine\hwinfo\masterinfo.c.1.obj|[35]    |0x00000000|0|LOCL |SECT |HIDN |40    |.debug_line
src\app\engine\hwinfo\masterinfo.c.1.obj|[36]    |0x00000000|0|LOCL |SECT |HIDN |41    |.debug_line
src\app\engine\hwinfo\masterinfo.c.1.obj|[37]    |0x00000000|0|LOCL |SECT |HIDN |42    |.debug_line
src\app\engine\hwinfo\masterinfo.c.1.obj|[38]    |0x00000000|0|LOCL |SECT |HIDN |43    |.debug_line
src\app\engine\hwinfo\masterinfo.c.1.obj|[39]    |0x00000000|0|LOCL |SECT |HIDN |44    |.debug_line
src\app\engine\hwinfo\masterinfo.c.1.obj|[40]    |0x00000000|0|LOCL |SECT |HIDN |45    |.debug_line
src\app\engine\hwinfo\masterinfo.c.1.obj|[41]    |0x00000000|0|LOCL |SECT |HIDN |46    |.debug_line
src\app\engine\hwinfo\masterinfo.c.1.obj|[42]    |0x00000000|0|LOCL |SECT |HIDN |47    |.debug_line
src\app\engine\hwinfo\masterinfo.c.1.obj|[43]    |0x00000000|0|LOCL |SECT |HIDN |48    |.debug_line
src\app\engine\hwinfo\masterinfo.c.1.obj|[44]    |0x00000000|0|LOCL |SECT |HIDN |49    |.debug_line
src\app\engine\hwinfo\masterinfo.c.1.obj|[45]    |0x00000000|0|LOCL |SECT |HIDN |50    |.debug_line
src\app\engine\hwinfo\masterinfo.c.1.obj|[47]    |0x00000000|0|LOCL |SECT |HIDN |52    |.debug_line
src\app\engine\hwinfo\masterinfo.c.1.obj|[48]    |0x00000000|0|LOCL |SECT |HIDN |53    |.debug_line
src\app\engine\hwinfo\masterinfo.c.1.obj|[46]    |0x00000000|0|LOCL |SECT |HIDN |51    |.debug_line
src\app\engine\hwinfo\masterinfo.c.1.obj|[31]    |0x00000000|0|LOCL |SECT |HIDN |36    |.debug_line
src\app\engine\hwinfo\masterinfo.c.1.obj|[32]    |0x00000000|0|LOCL |SECT |HIDN |37    |.debug_line
src\app\engine\hwinfo\masterinfo.c.1.obj|[33]    |0x00000000|0|LOCL |SECT |HIDN |38    |.debug_line
src\app\engine\hwinfo\masterinfo.c.1.obj|[34]    |0x00000000|0|LOCL |SECT |HIDN |39    |.debug_line
src\app\engine\hwinfo\masterinfo.c.1.obj|[84]    |0x00000000|0|LOCL |SECT |HIDN |89    |.debug_pubnames
src\app\engine\hwinfo\masterinfo.c.1.obj|[85]    |0x00000000|0|LOCL |SECT |HIDN |90    |.debug_pubnames
src\app\engine\hwinfo\masterinfo.c.1.obj|[90]    |0x00000000|0|LOCL |SECT |HIDN |95    |.debug_pubtypes
src\app\engine\hwinfo\masterinfo.c.1.obj|[91]    |0x00000000|0|LOCL |SECT |HIDN |96    |.debug_pubtypes
src\app\engine\hwinfo\masterinfo.c.1.obj|[92]    |0x00000000|0|LOCL |SECT |HIDN |97    |.debug_pubtypes
src\app\engine\hwinfo\masterinfo.c.1.obj|[93]    |0x00000000|0|LOCL |SECT |HIDN |98    |.debug_pubtypes
src\app\engine\hwinfo\masterinfo.c.1.obj|[97]    |0x00000000|0|LOCL |SECT |HIDN |102   |.debug_pubtypes
src\app\engine\hwinfo\masterinfo.c.1.obj|[96]    |0x00000000|0|LOCL |SECT |HIDN |101   |.debug_pubtypes
src\app\engine\hwinfo\masterinfo.c.1.obj|[94]    |0x00000000|0|LOCL |SECT |HIDN |99    |.debug_pubtypes
src\app\engine\hwinfo\masterinfo.c.1.obj|[95]    |0x00000000|0|LOCL |SECT |HIDN |100   |.debug_pubtypes
src\app\engine\hwinfo\masterinfo.c.1.obj|[86]    |0x00000000|0|LOCL |SECT |HIDN |91    |.debug_pubtypes
src\app\engine\hwinfo\masterinfo.c.1.obj|[87]    |0x00000000|0|LOCL |SECT |HIDN |92    |.debug_pubtypes
src\app\engine\hwinfo\masterinfo.c.1.obj|[88]    |0x00000000|0|LOCL |SECT |HIDN |93    |.debug_pubtypes
src\app\engine\hwinfo\masterinfo.c.1.obj|[89]    |0x00000000|0|LOCL |SECT |HIDN |94    |.debug_pubtypes
src\app\engine\hwinfo\masterinfo.c.1.obj|[98]    |0x00000000|0|LOCL |SECT |HIDN |103   |.debug_pubtypes
src\app\engine\hwinfo\masterinfo.c.1.obj|[99]    |0x00000000|0|LOCL |SECT |HIDN |104   |.debug_pubtypes
src\app\engine\hwinfo\masterinfo.c.1.obj|[100]   |0x00000000|0|LOCL |SECT |HIDN |105   |.debug_pubtypes
src\app\engine\hwinfo\masterinfo.c.1.obj|[69]    |0x00000000|0|LOCL |SECT |HIDN |75    |.debug_str
src\app\engine\hwinfo\masterinfo.c.1.obj|[71]    |0x00000000|0|LOCL |SECT |HIDN |77    |.debug_str
src\app\engine\hwinfo\masterinfo.c.1.obj|[75]    |0x00000000|0|LOCL |SECT |HIDN |81    |.debug_str
src\app\engine\hwinfo\masterinfo.c.1.obj|[61]    |0x00000000|0|LOCL |SECT |HIDN |67    |.debug_str
src\app\engine\hwinfo\masterinfo.c.1.obj|[77]    |0x00000000|0|LOCL |SECT |HIDN |83    |.debug_str
src\app\engine\hwinfo\masterinfo.c.1.obj|[59]    |0x00000000|0|LOCL |SECT |HIDN |65    |.debug_str
src\app\engine\hwinfo\masterinfo.c.1.obj|[79]    |0x00000000|0|LOCL |SECT |HIDN |85    |.debug_str
src\app\engine\hwinfo\masterinfo.c.1.obj|[63]    |0x00000000|0|LOCL |SECT |HIDN |69    |.debug_str
src\app\engine\hwinfo\masterinfo.c.1.obj|[81]    |0x00000000|0|LOCL |SECT |HIDN |87    |.debug_str
src\app\engine\hwinfo\masterinfo.c.1.obj|[57]    |0x00000000|0|LOCL |SECT |HIDN |63    |.debug_str
src\app\engine\hwinfo\masterinfo.c.1.obj|[65]    |0x00000000|0|LOCL |SECT |HIDN |71    |.debug_str
src\app\engine\hwinfo\masterinfo.c.1.obj|[73]    |0x00000000|0|LOCL |SECT |HIDN |79    |.debug_str
src\app\engine\hwinfo\masterinfo.c.1.obj|[55]    |0x00000000|0|LOCL |SECT |HIDN |61    |.debug_str
src\app\engine\hwinfo\masterinfo.c.1.obj|[67]    |0x00000000|0|LOCL |SECT |HIDN |73    |.debug_str
src\app\engine\hwinfo\masterinfo.c.1.obj|[53]    |0x00000000|0|LOCL |SECT |HIDN |59    |.debug_str
src\app\engine\hwinfo\masterinfo.c.1.obj|[5]     |0x00000000|0|LOCL |SECT |HIDN |16    |.text
src\app\engine\hwinfo\masterinfo.c.1.obj|[101]   |0x00000000|0|WEAK |FUNC |HIDN |UNDEF |Lib$$Request$$armlib
src\app\engine\hwinfo\masterinfo.c.1.obj|[102]   |0x00000000|0|WEAK |FUNC |HIDN |UNDEF |Lib$$Request$$cpplib
src\app\engine\hwinfo\masterinfo.c.1.obj|[105]   |0x00000024|12|GLOB |FUNC |HIDN |16    |MINFO_GetDebugProbeConnectionState
src\app\engine\hwinfo\masterinfo.c.1.obj|[103]   |0x00000018|12|GLOB |FUNC |HIDN |16    |MINFO_GetResetSource
src\app\engine\hwinfo\masterinfo.c.1.obj|[106]   |0x0000000c|12|GLOB |FUNC |HIDN |16    |MINFO_SetDebugProbeConnectionState
src\app\engine\hwinfo\masterinfo.c.1.obj|[104]   |0x00000000|12|GLOB |FUNC |HIDN |16    |MINFO_SetResetSource
src\app\engine\hwinfo\masterinfo.c.1.obj|[112]   |0x00000000|0|GLOB |NONE |HIDN |26    |__TI_DW.debug_info.$base_types.a3001db55c69772f4e2efd565078122a
src\app\engine\hwinfo\masterinfo.c.1.obj|[110]   |0x00000000|0|GLOB |NONE |HIDN |24    |__TI_DW.debug_info.HL_hal_stdtypes.h.f6fe50beccb00e10c974b1712ae0460c
src\app\engine\hwinfo\masterinfo.c.1.obj|[117]   |0x00000000|0|GLOB |NONE |HIDN |31    |__TI_DW.debug_info.HL_reg_ccmr5.h.60616c1ea5f894c67161713e700a6949
src\app\engine\hwinfo\masterinfo.c.1.obj|[118]   |0x00000000|0|GLOB |NONE |HIDN |32    |__TI_DW.debug_info.HL_reg_flash.h.8ef69a7bfede7a4afcb622ed681f698b
src\app\engine\hwinfo\masterinfo.c.1.obj|[119]   |0x00000000|0|GLOB |NONE |HIDN |33    |__TI_DW.debug_info.HL_reg_gio.h.14fbe21c444fd77e90046c712f40e220
src\app\engine\hwinfo\masterinfo.c.1.obj|[120]   |0x00000000|0|GLOB |NONE |HIDN |34    |__TI_DW.debug_info.HL_reg_l2ramw.h.6488b9fde894db393617a3cedf1b0e93
src\app\engine\hwinfo\masterinfo.c.1.obj|[121]   |0x00000000|0|GLOB |NONE |HIDN |35    |__TI_DW.debug_info.HL_reg_system.h.eafea5ad13773ff532774030a8e080ff
src\app\engine\hwinfo\masterinfo.c.1.obj|[116]   |0x00000000|0|GLOB |NONE |HIDN |30    |__TI_DW.debug_info.HL_sys_common.h.e8daada136d191dca44e4b47f4729313
src\app\engine\hwinfo\masterinfo.c.1.obj|[107]   |0x00000000|0|GLOB |NONE |HIDN |21    |__TI_DW.debug_info.HL_system.h.f897c4241e2d74a187e91d9cc9d34c43
src\app\engine\hwinfo\masterinfo.c.1.obj|[115]   |0x00000000|0|GLOB |NONE |HIDN |29    |__TI_DW.debug_info._stdint.h.55dc0724062de24f6648c36a36931c9a
src\app\engine\hwinfo\masterinfo.c.1.obj|[109]   |0x00000000|0|GLOB |NONE |HIDN |23    |__TI_DW.debug_info._types.h.59562a94a523b27bdcf6ba60164276f0
src\app\engine\hwinfo\masterinfo.c.1.obj|[113]   |0x00000000|0|GLOB |NONE |HIDN |27    |__TI_DW.debug_info._types.h.62a9317002fb36f2a0c7d45aa6f41cd3
src\app\engine\hwinfo\masterinfo.c.1.obj|[111]   |0x00000000|0|GLOB |NONE |HIDN |25    |__TI_DW.debug_info.fassert.h.0b7b2882a1c517594159c37868ac3e58
src\app\engine\hwinfo\masterinfo.c.1.obj|[108]   |0x00000000|0|GLOB |NONE |HIDN |22    |__TI_DW.debug_info.masterinfo.h.c5cf980003ecc02377923eb1214aa532
src\app\engine\hwinfo\masterinfo.c.1.obj|[114]   |0x00000000|0|GLOB |NONE |HIDN |28    |__TI_DW.debug_info.stdint.h.ad4b679dbce029afdbcc9a8c662c70ff
src\app\engine\hwinfo\masterinfo.c.1.obj|[2]     |0x00000000|4|LOCL |OBJT |HIDN |17    |minfo_state
src\app\engine\hwinfo\masterinfo.c.1.obj|[1]     |0x00000000|0|LOCL |FILE |HIDN |ABS   |{940AB2DE-35CA-406D-B405-9A6974D02EB0}
