
file            [index]  value      size  bind  type  vis   shndx  symbol name 

src\app\engine\diag\cbs\diag_cbs_sys-mon.c.1.obj|[0]     |0x00000000|0|LOCL |NONE |DFLT |UNDEF |
src\app\engine\diag\cbs\diag_cbs_sys-mon.c.1.obj|[2]     |0x00000028|0|LOCL |FUNC |HIDN |32    |$C$L1
src\app\engine\diag\cbs\diag_cbs_sys-mon.c.1.obj|[11]    |0x00000058|0|LOCL |FUNC |HIDN |38    |$C$L10
src\app\engine\diag\cbs\diag_cbs_sys-mon.c.1.obj|[12]    |0x00000060|0|LOCL |FUNC |HIDN |38    |$C$L11
src\app\engine\diag\cbs\diag_cbs_sys-mon.c.1.obj|[13]    |0x00000028|0|LOCL |FUNC |HIDN |39    |$C$L12
src\app\engine\diag\cbs\diag_cbs_sys-mon.c.1.obj|[14]    |0x00000058|0|LOCL |FUNC |HIDN |40    |$C$L13
src\app\engine\diag\cbs\diag_cbs_sys-mon.c.1.obj|[15]    |0x00000060|0|LOCL |FUNC |HIDN |40    |$C$L14
src\app\engine\diag\cbs\diag_cbs_sys-mon.c.1.obj|[16]    |0x00000058|0|LOCL |FUNC |HIDN |41    |$C$L15
src\app\engine\diag\cbs\diag_cbs_sys-mon.c.1.obj|[17]    |0x00000060|0|LOCL |FUNC |HIDN |41    |$C$L16
src\app\engine\diag\cbs\diag_cbs_sys-mon.c.1.obj|[18]    |0x00000028|0|LOCL |FUNC |HIDN |42    |$C$L17
src\app\engine\diag\cbs\diag_cbs_sys-mon.c.1.obj|[19]    |0x00000058|0|LOCL |FUNC |HIDN |43    |$C$L18
src\app\engine\diag\cbs\diag_cbs_sys-mon.c.1.obj|[20]    |0x00000060|0|LOCL |FUNC |HIDN |43    |$C$L19
src\app\engine\diag\cbs\diag_cbs_sys-mon.c.1.obj|[3]     |0x00000030|0|LOCL |FUNC |HIDN |32    |$C$L2
src\app\engine\diag\cbs\diag_cbs_sys-mon.c.1.obj|[21]    |0x00000020|0|LOCL |FUNC |HIDN |44    |$C$L20
src\app\engine\diag\cbs\diag_cbs_sys-mon.c.1.obj|[22]    |0x0000001c|0|LOCL |FUNC |HIDN |45    |$C$L21
src\app\engine\diag\cbs\diag_cbs_sys-mon.c.1.obj|[23]    |0x00000020|0|LOCL |FUNC |HIDN |46    |$C$L22
src\app\engine\diag\cbs\diag_cbs_sys-mon.c.1.obj|[24]    |0x00000050|0|LOCL |FUNC |HIDN |47    |$C$L23
src\app\engine\diag\cbs\diag_cbs_sys-mon.c.1.obj|[25]    |0x0000005c|0|LOCL |FUNC |HIDN |47    |$C$L24
src\app\engine\diag\cbs\diag_cbs_sys-mon.c.1.obj|[26]    |0x00000064|0|LOCL |FUNC |HIDN |47    |$C$L25
src\app\engine\diag\cbs\diag_cbs_sys-mon.c.1.obj|[27]    |0x00000094|0|LOCL |FUNC |HIDN |47    |$C$L26
src\app\engine\diag\cbs\diag_cbs_sys-mon.c.1.obj|[28]    |0x000000a0|0|LOCL |FUNC |HIDN |47    |$C$L27
src\app\engine\diag\cbs\diag_cbs_sys-mon.c.1.obj|[29]    |0x000000d0|0|LOCL |FUNC |HIDN |47    |$C$L28
src\app\engine\diag\cbs\diag_cbs_sys-mon.c.1.obj|[30]    |0x000000dc|0|LOCL |FUNC |HIDN |47    |$C$L29
src\app\engine\diag\cbs\diag_cbs_sys-mon.c.1.obj|[4]     |0x00000028|0|LOCL |FUNC |HIDN |34    |$C$L3
src\app\engine\diag\cbs\diag_cbs_sys-mon.c.1.obj|[31]    |0x000000e0|0|LOCL |FUNC |HIDN |47    |$C$L30
src\app\engine\diag\cbs\diag_cbs_sys-mon.c.1.obj|[32]    |0x00000028|0|LOCL |FUNC |HIDN |48    |$C$L31
src\app\engine\diag\cbs\diag_cbs_sys-mon.c.1.obj|[33]    |0x00000030|0|LOCL |FUNC |HIDN |48    |$C$L32
src\app\engine\diag\cbs\diag_cbs_sys-mon.c.1.obj|[34]    |0x00000048|0|LOCL |FUNC |HIDN |48    |$C$L33
src\app\engine\diag\cbs\diag_cbs_sys-mon.c.1.obj|[35]    |0x0000005c|0|LOCL |FUNC |HIDN |48    |$C$L34
src\app\engine\diag\cbs\diag_cbs_sys-mon.c.1.obj|[36]    |0x00000060|0|LOCL |FUNC |HIDN |48    |$C$L35
src\app\engine\diag\cbs\diag_cbs_sys-mon.c.1.obj|[37]    |0x00000050|0|LOCL |FUNC |HIDN |49    |$C$L36
src\app\engine\diag\cbs\diag_cbs_sys-mon.c.1.obj|[38]    |0x0000005c|0|LOCL |FUNC |HIDN |49    |$C$L37
src\app\engine\diag\cbs\diag_cbs_sys-mon.c.1.obj|[39]    |0x00000064|0|LOCL |FUNC |HIDN |49    |$C$L38
src\app\engine\diag\cbs\diag_cbs_sys-mon.c.1.obj|[40]    |0x00000094|0|LOCL |FUNC |HIDN |49    |$C$L39
src\app\engine\diag\cbs\diag_cbs_sys-mon.c.1.obj|[5]     |0x00000030|0|LOCL |FUNC |HIDN |34    |$C$L4
src\app\engine\diag\cbs\diag_cbs_sys-mon.c.1.obj|[41]    |0x000000a0|0|LOCL |FUNC |HIDN |49    |$C$L40
src\app\engine\diag\cbs\diag_cbs_sys-mon.c.1.obj|[42]    |0x000000d0|0|LOCL |FUNC |HIDN |49    |$C$L41
src\app\engine\diag\cbs\diag_cbs_sys-mon.c.1.obj|[43]    |0x000000dc|0|LOCL |FUNC |HIDN |49    |$C$L42
src\app\engine\diag\cbs\diag_cbs_sys-mon.c.1.obj|[44]    |0x000000e0|0|LOCL |FUNC |HIDN |49    |$C$L43
src\app\engine\diag\cbs\diag_cbs_sys-mon.c.1.obj|[46]    |0x00000018|0|LOCL |FUNC |HIDN |31    |$C$L44
src\app\engine\diag\cbs\diag_cbs_sys-mon.c.1.obj|[47]    |0x0000002c|0|LOCL |FUNC |HIDN |31    |$C$L45
src\app\engine\diag\cbs\diag_cbs_sys-mon.c.1.obj|[48]    |0x00000040|0|LOCL |FUNC |HIDN |31    |$C$L46
src\app\engine\diag\cbs\diag_cbs_sys-mon.c.1.obj|[49]    |0x00000044|0|LOCL |FUNC |HIDN |31    |$C$L47
src\app\engine\diag\cbs\diag_cbs_sys-mon.c.1.obj|[50]    |0x00000070|0|LOCL |FUNC |HIDN |31    |$C$L48
src\app\engine\diag\cbs\diag_cbs_sys-mon.c.1.obj|[51]    |0x000000bc|0|LOCL |FUNC |HIDN |31    |$C$L49
src\app\engine\diag\cbs\diag_cbs_sys-mon.c.1.obj|[6]     |0x00000034|0|LOCL |FUNC |HIDN |35    |$C$L5
src\app\engine\diag\cbs\diag_cbs_sys-mon.c.1.obj|[52]    |0x000000c0|0|LOCL |FUNC |HIDN |31    |$C$L50
src\app\engine\diag\cbs\diag_cbs_sys-mon.c.1.obj|[53]    |0x000000d0|0|LOCL |FUNC |HIDN |31    |$C$L51
src\app\engine\diag\cbs\diag_cbs_sys-mon.c.1.obj|[54]    |0x000000e0|0|LOCL |FUNC |HIDN |31    |$C$L52
src\app\engine\diag\cbs\diag_cbs_sys-mon.c.1.obj|[55]    |0x000000f0|0|LOCL |FUNC |HIDN |31    |$C$L53
src\app\engine\diag\cbs\diag_cbs_sys-mon.c.1.obj|[56]    |0x00000100|0|LOCL |FUNC |HIDN |31    |$C$L54
src\app\engine\diag\cbs\diag_cbs_sys-mon.c.1.obj|[57]    |0x00000110|0|LOCL |FUNC |HIDN |31    |$C$L55
src\app\engine\diag\cbs\diag_cbs_sys-mon.c.1.obj|[58]    |0x00000124|0|LOCL |FUNC |HIDN |31    |$C$L56
src\app\engine\diag\cbs\diag_cbs_sys-mon.c.1.obj|[59]    |0x00000128|0|LOCL |FUNC |HIDN |31    |$C$L57
src\app\engine\diag\cbs\diag_cbs_sys-mon.c.1.obj|[60]    |0x0000013c|0|LOCL |FUNC |HIDN |31    |$C$L58
src\app\engine\diag\cbs\diag_cbs_sys-mon.c.1.obj|[61]    |0x00000140|0|LOCL |FUNC |HIDN |31    |$C$L59
src\app\engine\diag\cbs\diag_cbs_sys-mon.c.1.obj|[7]     |0x00000050|0|LOCL |FUNC |HIDN |35    |$C$L6
src\app\engine\diag\cbs\diag_cbs_sys-mon.c.1.obj|[62]    |0x00000154|0|LOCL |FUNC |HIDN |31    |$C$L60
src\app\engine\diag\cbs\diag_cbs_sys-mon.c.1.obj|[63]    |0x00000158|0|LOCL |FUNC |HIDN |31    |$C$L61
src\app\engine\diag\cbs\diag_cbs_sys-mon.c.1.obj|[64]    |0x0000016c|0|LOCL |FUNC |HIDN |31    |$C$L62
src\app\engine\diag\cbs\diag_cbs_sys-mon.c.1.obj|[65]    |0x00000170|0|LOCL |FUNC |HIDN |31    |$C$L63
src\app\engine\diag\cbs\diag_cbs_sys-mon.c.1.obj|[8]     |0x0000002c|0|LOCL |FUNC |HIDN |36    |$C$L7
src\app\engine\diag\cbs\diag_cbs_sys-mon.c.1.obj|[9]     |0x00000034|0|LOCL |FUNC |HIDN |37    |$C$L8
src\app\engine\diag\cbs\diag_cbs_sys-mon.c.1.obj|[10]    |0x00000050|0|LOCL |FUNC |HIDN |37    |$C$L9
src\app\engine\diag\cbs\diag_cbs_sys-mon.c.1.obj|[66]    |0x00000054|0|LOCL |FUNC |HIDN |35    |$C$LL1
src\app\engine\diag\cbs\diag_cbs_sys-mon.c.1.obj|[75]    |0x000000ec|0|LOCL |FUNC |HIDN |49    |$C$LL10
src\app\engine\diag\cbs\diag_cbs_sys-mon.c.1.obj|[67]    |0x00000054|0|LOCL |FUNC |HIDN |37    |$C$LL2
src\app\engine\diag\cbs\diag_cbs_sys-mon.c.1.obj|[68]    |0x00000064|0|LOCL |FUNC |HIDN |38    |$C$LL3
src\app\engine\diag\cbs\diag_cbs_sys-mon.c.1.obj|[69]    |0x00000064|0|LOCL |FUNC |HIDN |40    |$C$LL4
src\app\engine\diag\cbs\diag_cbs_sys-mon.c.1.obj|[70]    |0x00000064|0|LOCL |FUNC |HIDN |41    |$C$LL5
src\app\engine\diag\cbs\diag_cbs_sys-mon.c.1.obj|[71]    |0x00000064|0|LOCL |FUNC |HIDN |43    |$C$LL6
src\app\engine\diag\cbs\diag_cbs_sys-mon.c.1.obj|[72]    |0x000000e4|0|LOCL |FUNC |HIDN |47    |$C$LL7
src\app\engine\diag\cbs\diag_cbs_sys-mon.c.1.obj|[73]    |0x000000ec|0|LOCL |FUNC |HIDN |47    |$C$LL8
src\app\engine\diag\cbs\diag_cbs_sys-mon.c.1.obj|[74]    |0x000000e4|0|LOCL |FUNC |HIDN |49    |$C$LL9
src\app\engine\diag\cbs\diag_cbs_sys-mon.c.1.obj|[113]   |0x00000000|0|LOCL |NONE |HIDN |32    |$a
src\app\engine\diag\cbs\diag_cbs_sys-mon.c.1.obj|[114]   |0x00000000|0|LOCL |NONE |HIDN |33    |$a
src\app\engine\diag\cbs\diag_cbs_sys-mon.c.1.obj|[115]   |0x00000000|0|LOCL |NONE |HIDN |34    |$a
src\app\engine\diag\cbs\diag_cbs_sys-mon.c.1.obj|[116]   |0x00000000|0|LOCL |NONE |HIDN |35    |$a
src\app\engine\diag\cbs\diag_cbs_sys-mon.c.1.obj|[117]   |0x00000000|0|LOCL |NONE |HIDN |36    |$a
src\app\engine\diag\cbs\diag_cbs_sys-mon.c.1.obj|[118]   |0x00000000|0|LOCL |NONE |HIDN |37    |$a
src\app\engine\diag\cbs\diag_cbs_sys-mon.c.1.obj|[119]   |0x00000000|0|LOCL |NONE |HIDN |38    |$a
src\app\engine\diag\cbs\diag_cbs_sys-mon.c.1.obj|[120]   |0x00000000|0|LOCL |NONE |HIDN |39    |$a
src\app\engine\diag\cbs\diag_cbs_sys-mon.c.1.obj|[121]   |0x00000000|0|LOCL |NONE |HIDN |40    |$a
src\app\engine\diag\cbs\diag_cbs_sys-mon.c.1.obj|[122]   |0x00000000|0|LOCL |NONE |HIDN |41    |$a
src\app\engine\diag\cbs\diag_cbs_sys-mon.c.1.obj|[123]   |0x00000000|0|LOCL |NONE |HIDN |42    |$a
src\app\engine\diag\cbs\diag_cbs_sys-mon.c.1.obj|[124]   |0x00000000|0|LOCL |NONE |HIDN |43    |$a
src\app\engine\diag\cbs\diag_cbs_sys-mon.c.1.obj|[125]   |0x00000000|0|LOCL |NONE |HIDN |44    |$a
src\app\engine\diag\cbs\diag_cbs_sys-mon.c.1.obj|[126]   |0x00000000|0|LOCL |NONE |HIDN |45    |$a
src\app\engine\diag\cbs\diag_cbs_sys-mon.c.1.obj|[127]   |0x00000000|0|LOCL |NONE |HIDN |46    |$a
src\app\engine\diag\cbs\diag_cbs_sys-mon.c.1.obj|[128]   |0x00000000|0|LOCL |NONE |HIDN |47    |$a
src\app\engine\diag\cbs\diag_cbs_sys-mon.c.1.obj|[129]   |0x00000000|0|LOCL |NONE |HIDN |48    |$a
src\app\engine\diag\cbs\diag_cbs_sys-mon.c.1.obj|[130]   |0x00000000|0|LOCL |NONE |HIDN |49    |$a
src\app\engine\diag\cbs\diag_cbs_sys-mon.c.1.obj|[131]   |0x00000000|0|LOCL |NONE |HIDN |31    |$a
src\app\engine\diag\cbs\diag_cbs_sys-mon.c.1.obj|[132]   |0x00000048|0|LOCL |NONE |HIDN |31    |$a
src\app\engine\diag\cbs\diag_cbs_sys-mon.c.1.obj|[133]   |0x00000054|0|LOCL |NONE |HIDN |35    |$d
src\app\engine\diag\cbs\diag_cbs_sys-mon.c.1.obj|[134]   |0x00000054|0|LOCL |NONE |HIDN |37    |$d
src\app\engine\diag\cbs\diag_cbs_sys-mon.c.1.obj|[135]   |0x00000064|0|LOCL |NONE |HIDN |38    |$d
src\app\engine\diag\cbs\diag_cbs_sys-mon.c.1.obj|[136]   |0x00000064|0|LOCL |NONE |HIDN |40    |$d
src\app\engine\diag\cbs\diag_cbs_sys-mon.c.1.obj|[137]   |0x00000064|0|LOCL |NONE |HIDN |41    |$d
src\app\engine\diag\cbs\diag_cbs_sys-mon.c.1.obj|[138]   |0x00000064|0|LOCL |NONE |HIDN |43    |$d
src\app\engine\diag\cbs\diag_cbs_sys-mon.c.1.obj|[139]   |0x000000e4|0|LOCL |NONE |HIDN |47    |$d
src\app\engine\diag\cbs\diag_cbs_sys-mon.c.1.obj|[140]   |0x000000e4|0|LOCL |NONE |HIDN |49    |$d
src\app\engine\diag\cbs\diag_cbs_sys-mon.c.1.obj|[249]   |0x00000000|0|LOCL |SECT |HIDN |157   |.debug_abbrev
src\app\engine\diag\cbs\diag_cbs_sys-mon.c.1.obj|[225]   |0x00000000|0|LOCL |SECT |HIDN |134   |.debug_abbrev
src\app\engine\diag\cbs\diag_cbs_sys-mon.c.1.obj|[224]   |0x00000000|0|LOCL |SECT |HIDN |133   |.debug_abbrev
src\app\engine\diag\cbs\diag_cbs_sys-mon.c.1.obj|[263]   |0x00000000|0|LOCL |SECT |HIDN |171   |.debug_abbrev
src\app\engine\diag\cbs\diag_cbs_sys-mon.c.1.obj|[267]   |0x00000000|0|LOCL |SECT |HIDN |175   |.debug_abbrev
src\app\engine\diag\cbs\diag_cbs_sys-mon.c.1.obj|[265]   |0x00000000|0|LOCL |SECT |HIDN |173   |.debug_abbrev
src\app\engine\diag\cbs\diag_cbs_sys-mon.c.1.obj|[231]   |0x00000000|0|LOCL |SECT |HIDN |140   |.debug_abbrev
src\app\engine\diag\cbs\diag_cbs_sys-mon.c.1.obj|[261]   |0x00000000|0|LOCL |SECT |HIDN |169   |.debug_abbrev
src\app\engine\diag\cbs\diag_cbs_sys-mon.c.1.obj|[259]   |0x00000000|0|LOCL |SECT |HIDN |167   |.debug_abbrev
src\app\engine\diag\cbs\diag_cbs_sys-mon.c.1.obj|[257]   |0x00000000|0|LOCL |SECT |HIDN |165   |.debug_abbrev
src\app\engine\diag\cbs\diag_cbs_sys-mon.c.1.obj|[255]   |0x00000000|0|LOCL |SECT |HIDN |163   |.debug_abbrev
src\app\engine\diag\cbs\diag_cbs_sys-mon.c.1.obj|[247]   |0x00000000|0|LOCL |SECT |HIDN |155   |.debug_abbrev
src\app\engine\diag\cbs\diag_cbs_sys-mon.c.1.obj|[253]   |0x00000000|0|LOCL |SECT |HIDN |161   |.debug_abbrev
src\app\engine\diag\cbs\diag_cbs_sys-mon.c.1.obj|[243]   |0x00000000|0|LOCL |SECT |HIDN |152   |.debug_abbrev
src\app\engine\diag\cbs\diag_cbs_sys-mon.c.1.obj|[242]   |0x00000000|0|LOCL |SECT |HIDN |151   |.debug_abbrev
src\app\engine\diag\cbs\diag_cbs_sys-mon.c.1.obj|[241]   |0x00000000|0|LOCL |SECT |HIDN |150   |.debug_abbrev
src\app\engine\diag\cbs\diag_cbs_sys-mon.c.1.obj|[240]   |0x00000000|0|LOCL |SECT |HIDN |149   |.debug_abbrev
src\app\engine\diag\cbs\diag_cbs_sys-mon.c.1.obj|[239]   |0x00000000|0|LOCL |SECT |HIDN |148   |.debug_abbrev
src\app\engine\diag\cbs\diag_cbs_sys-mon.c.1.obj|[238]   |0x00000000|0|LOCL |SECT |HIDN |147   |.debug_abbrev
src\app\engine\diag\cbs\diag_cbs_sys-mon.c.1.obj|[237]   |0x00000000|0|LOCL |SECT |HIDN |146   |.debug_abbrev
src\app\engine\diag\cbs\diag_cbs_sys-mon.c.1.obj|[236]   |0x00000000|0|LOCL |SECT |HIDN |145   |.debug_abbrev
src\app\engine\diag\cbs\diag_cbs_sys-mon.c.1.obj|[235]   |0x00000000|0|LOCL |SECT |HIDN |144   |.debug_abbrev
src\app\engine\diag\cbs\diag_cbs_sys-mon.c.1.obj|[234]   |0x00000000|0|LOCL |SECT |HIDN |143   |.debug_abbrev
src\app\engine\diag\cbs\diag_cbs_sys-mon.c.1.obj|[233]   |0x00000000|0|LOCL |SECT |HIDN |142   |.debug_abbrev
src\app\engine\diag\cbs\diag_cbs_sys-mon.c.1.obj|[232]   |0x00000000|0|LOCL |SECT |HIDN |141   |.debug_abbrev
src\app\engine\diag\cbs\diag_cbs_sys-mon.c.1.obj|[251]   |0x00000000|0|LOCL |SECT |HIDN |159   |.debug_abbrev
src\app\engine\diag\cbs\diag_cbs_sys-mon.c.1.obj|[230]   |0x00000000|0|LOCL |SECT |HIDN |139   |.debug_abbrev
src\app\engine\diag\cbs\diag_cbs_sys-mon.c.1.obj|[229]   |0x00000000|0|LOCL |SECT |HIDN |138   |.debug_abbrev
src\app\engine\diag\cbs\diag_cbs_sys-mon.c.1.obj|[228]   |0x00000000|0|LOCL |SECT |HIDN |137   |.debug_abbrev
src\app\engine\diag\cbs\diag_cbs_sys-mon.c.1.obj|[227]   |0x00000000|0|LOCL |SECT |HIDN |136   |.debug_abbrev
src\app\engine\diag\cbs\diag_cbs_sys-mon.c.1.obj|[226]   |0x00000000|0|LOCL |SECT |HIDN |135   |.debug_abbrev
src\app\engine\diag\cbs\diag_cbs_sys-mon.c.1.obj|[245]   |0x00000000|0|LOCL |SECT |HIDN |153   |.debug_abbrev
src\app\engine\diag\cbs\diag_cbs_sys-mon.c.1.obj|[280]   |0x00000000|0|LOCL |SECT |HIDN |189   |.debug_aranges
src\app\engine\diag\cbs\diag_cbs_sys-mon.c.1.obj|[279]   |0x00000000|0|LOCL |SECT |HIDN |188   |.debug_aranges
src\app\engine\diag\cbs\diag_cbs_sys-mon.c.1.obj|[278]   |0x00000000|0|LOCL |SECT |HIDN |187   |.debug_aranges
src\app\engine\diag\cbs\diag_cbs_sys-mon.c.1.obj|[277]   |0x00000000|0|LOCL |SECT |HIDN |186   |.debug_aranges
src\app\engine\diag\cbs\diag_cbs_sys-mon.c.1.obj|[276]   |0x00000000|0|LOCL |SECT |HIDN |185   |.debug_aranges
src\app\engine\diag\cbs\diag_cbs_sys-mon.c.1.obj|[274]   |0x00000000|0|LOCL |SECT |HIDN |183   |.debug_aranges
src\app\engine\diag\cbs\diag_cbs_sys-mon.c.1.obj|[273]   |0x00000000|0|LOCL |SECT |HIDN |182   |.debug_aranges
src\app\engine\diag\cbs\diag_cbs_sys-mon.c.1.obj|[272]   |0x00000000|0|LOCL |SECT |HIDN |181   |.debug_aranges
src\app\engine\diag\cbs\diag_cbs_sys-mon.c.1.obj|[271]   |0x00000000|0|LOCL |SECT |HIDN |180   |.debug_aranges
src\app\engine\diag\cbs\diag_cbs_sys-mon.c.1.obj|[275]   |0x00000000|0|LOCL |SECT |HIDN |184   |.debug_aranges
src\app\engine\diag\cbs\diag_cbs_sys-mon.c.1.obj|[285]   |0x00000000|0|LOCL |SECT |HIDN |194   |.debug_aranges
src\app\engine\diag\cbs\diag_cbs_sys-mon.c.1.obj|[284]   |0x00000000|0|LOCL |SECT |HIDN |193   |.debug_aranges
src\app\engine\diag\cbs\diag_cbs_sys-mon.c.1.obj|[281]   |0x00000000|0|LOCL |SECT |HIDN |190   |.debug_aranges
src\app\engine\diag\cbs\diag_cbs_sys-mon.c.1.obj|[283]   |0x00000000|0|LOCL |SECT |HIDN |192   |.debug_aranges
src\app\engine\diag\cbs\diag_cbs_sys-mon.c.1.obj|[286]   |0x00000000|0|LOCL |SECT |HIDN |195   |.debug_aranges
src\app\engine\diag\cbs\diag_cbs_sys-mon.c.1.obj|[270]   |0x00000000|0|LOCL |SECT |HIDN |179   |.debug_aranges
src\app\engine\diag\cbs\diag_cbs_sys-mon.c.1.obj|[269]   |0x00000000|0|LOCL |SECT |HIDN |178   |.debug_aranges
src\app\engine\diag\cbs\diag_cbs_sys-mon.c.1.obj|[268]   |0x00000000|0|LOCL |SECT |HIDN |177   |.debug_aranges
src\app\engine\diag\cbs\diag_cbs_sys-mon.c.1.obj|[282]   |0x00000000|0|LOCL |SECT |HIDN |191   |.debug_aranges
src\app\engine\diag\cbs\diag_cbs_sys-mon.c.1.obj|[219]   |0x00000000|0|LOCL |SECT |HIDN |128   |.debug_frame
src\app\engine\diag\cbs\diag_cbs_sys-mon.c.1.obj|[221]   |0x00000000|0|LOCL |SECT |HIDN |130   |.debug_frame
src\app\engine\diag\cbs\diag_cbs_sys-mon.c.1.obj|[222]   |0x00000000|0|LOCL |SECT |HIDN |131   |.debug_frame
src\app\engine\diag\cbs\diag_cbs_sys-mon.c.1.obj|[223]   |0x00000000|0|LOCL |SECT |HIDN |132   |.debug_frame
src\app\engine\diag\cbs\diag_cbs_sys-mon.c.1.obj|[220]   |0x00000000|0|LOCL |SECT |HIDN |129   |.debug_frame
src\app\engine\diag\cbs\diag_cbs_sys-mon.c.1.obj|[205]   |0x00000000|0|LOCL |SECT |HIDN |114   |.debug_frame
src\app\engine\diag\cbs\diag_cbs_sys-mon.c.1.obj|[206]   |0x00000000|0|LOCL |SECT |HIDN |115   |.debug_frame
src\app\engine\diag\cbs\diag_cbs_sys-mon.c.1.obj|[207]   |0x00000000|0|LOCL |SECT |HIDN |116   |.debug_frame
src\app\engine\diag\cbs\diag_cbs_sys-mon.c.1.obj|[208]   |0x00000000|0|LOCL |SECT |HIDN |117   |.debug_frame
src\app\engine\diag\cbs\diag_cbs_sys-mon.c.1.obj|[209]   |0x00000000|0|LOCL |SECT |HIDN |118   |.debug_frame
src\app\engine\diag\cbs\diag_cbs_sys-mon.c.1.obj|[210]   |0x00000000|0|LOCL |SECT |HIDN |119   |.debug_frame
src\app\engine\diag\cbs\diag_cbs_sys-mon.c.1.obj|[211]   |0x00000000|0|LOCL |SECT |HIDN |120   |.debug_frame
src\app\engine\diag\cbs\diag_cbs_sys-mon.c.1.obj|[212]   |0x00000000|0|LOCL |SECT |HIDN |121   |.debug_frame
src\app\engine\diag\cbs\diag_cbs_sys-mon.c.1.obj|[213]   |0x00000000|0|LOCL |SECT |HIDN |122   |.debug_frame
src\app\engine\diag\cbs\diag_cbs_sys-mon.c.1.obj|[214]   |0x00000000|0|LOCL |SECT |HIDN |123   |.debug_frame
src\app\engine\diag\cbs\diag_cbs_sys-mon.c.1.obj|[215]   |0x00000000|0|LOCL |SECT |HIDN |124   |.debug_frame
src\app\engine\diag\cbs\diag_cbs_sys-mon.c.1.obj|[216]   |0x00000000|0|LOCL |SECT |HIDN |125   |.debug_frame
src\app\engine\diag\cbs\diag_cbs_sys-mon.c.1.obj|[217]   |0x00000000|0|LOCL |SECT |HIDN |126   |.debug_frame
src\app\engine\diag\cbs\diag_cbs_sys-mon.c.1.obj|[218]   |0x00000000|0|LOCL |SECT |HIDN |127   |.debug_frame
src\app\engine\diag\cbs\diag_cbs_sys-mon.c.1.obj|[161]   |0x00000000|0|LOCL |SECT |HIDN |70    |.debug_info
src\app\engine\diag\cbs\diag_cbs_sys-mon.c.1.obj|[160]   |0x00000000|0|LOCL |SECT |HIDN |69    |.debug_info
src\app\engine\diag\cbs\diag_cbs_sys-mon.c.1.obj|[156]   |0x00000000|0|LOCL |SECT |HIDN |65    |.debug_info
src\app\engine\diag\cbs\diag_cbs_sys-mon.c.1.obj|[159]   |0x00000000|0|LOCL |SECT |HIDN |68    |.debug_info
src\app\engine\diag\cbs\diag_cbs_sys-mon.c.1.obj|[157]   |0x00000000|0|LOCL |SECT |HIDN |66    |.debug_info
src\app\engine\diag\cbs\diag_cbs_sys-mon.c.1.obj|[158]   |0x00000000|0|LOCL |SECT |HIDN |67    |.debug_info
src\app\engine\diag\cbs\diag_cbs_sys-mon.c.1.obj|[172]   |0x00000000|0|LOCL |SECT |HIDN |81    |.debug_info
src\app\engine\diag\cbs\diag_cbs_sys-mon.c.1.obj|[171]   |0x00000000|0|LOCL |SECT |HIDN |80    |.debug_info
src\app\engine\diag\cbs\diag_cbs_sys-mon.c.1.obj|[170]   |0x00000000|0|LOCL |SECT |HIDN |79    |.debug_info
src\app\engine\diag\cbs\diag_cbs_sys-mon.c.1.obj|[141]   |0x00000000|0|LOCL |SECT |HIDN |50    |.debug_info
src\app\engine\diag\cbs\diag_cbs_sys-mon.c.1.obj|[142]   |0x00000000|0|LOCL |SECT |HIDN |51    |.debug_info
src\app\engine\diag\cbs\diag_cbs_sys-mon.c.1.obj|[143]   |0x00000000|0|LOCL |SECT |HIDN |52    |.debug_info
src\app\engine\diag\cbs\diag_cbs_sys-mon.c.1.obj|[144]   |0x00000000|0|LOCL |SECT |HIDN |53    |.debug_info
src\app\engine\diag\cbs\diag_cbs_sys-mon.c.1.obj|[145]   |0x00000000|0|LOCL |SECT |HIDN |54    |.debug_info
src\app\engine\diag\cbs\diag_cbs_sys-mon.c.1.obj|[147]   |0x00000000|0|LOCL |SECT |HIDN |56    |.debug_info
src\app\engine\diag\cbs\diag_cbs_sys-mon.c.1.obj|[149]   |0x00000000|0|LOCL |SECT |HIDN |58    |.debug_info
src\app\engine\diag\cbs\diag_cbs_sys-mon.c.1.obj|[150]   |0x00000000|0|LOCL |SECT |HIDN |59    |.debug_info
src\app\engine\diag\cbs\diag_cbs_sys-mon.c.1.obj|[148]   |0x00000000|0|LOCL |SECT |HIDN |57    |.debug_info
src\app\engine\diag\cbs\diag_cbs_sys-mon.c.1.obj|[151]   |0x00000000|0|LOCL |SECT |HIDN |60    |.debug_info
src\app\engine\diag\cbs\diag_cbs_sys-mon.c.1.obj|[152]   |0x00000000|0|LOCL |SECT |HIDN |61    |.debug_info
src\app\engine\diag\cbs\diag_cbs_sys-mon.c.1.obj|[153]   |0x00000000|0|LOCL |SECT |HIDN |62    |.debug_info
src\app\engine\diag\cbs\diag_cbs_sys-mon.c.1.obj|[154]   |0x00000000|0|LOCL |SECT |HIDN |63    |.debug_info
src\app\engine\diag\cbs\diag_cbs_sys-mon.c.1.obj|[155]   |0x00000000|0|LOCL |SECT |HIDN |64    |.debug_info
src\app\engine\diag\cbs\diag_cbs_sys-mon.c.1.obj|[169]   |0x00000000|0|LOCL |SECT |HIDN |78    |.debug_info
src\app\engine\diag\cbs\diag_cbs_sys-mon.c.1.obj|[168]   |0x00000000|0|LOCL |SECT |HIDN |77    |.debug_info
src\app\engine\diag\cbs\diag_cbs_sys-mon.c.1.obj|[167]   |0x00000000|0|LOCL |SECT |HIDN |76    |.debug_info
src\app\engine\diag\cbs\diag_cbs_sys-mon.c.1.obj|[146]   |0x00000000|0|LOCL |SECT |HIDN |55    |.debug_info
src\app\engine\diag\cbs\diag_cbs_sys-mon.c.1.obj|[166]   |0x00000000|0|LOCL |SECT |HIDN |75    |.debug_info
src\app\engine\diag\cbs\diag_cbs_sys-mon.c.1.obj|[165]   |0x00000000|0|LOCL |SECT |HIDN |74    |.debug_info
src\app\engine\diag\cbs\diag_cbs_sys-mon.c.1.obj|[164]   |0x00000000|0|LOCL |SECT |HIDN |73    |.debug_info
src\app\engine\diag\cbs\diag_cbs_sys-mon.c.1.obj|[163]   |0x00000000|0|LOCL |SECT |HIDN |72    |.debug_info
src\app\engine\diag\cbs\diag_cbs_sys-mon.c.1.obj|[162]   |0x00000000|0|LOCL |SECT |HIDN |71    |.debug_info
src\app\engine\diag\cbs\diag_cbs_sys-mon.c.1.obj|[188]   |0x00000000|0|LOCL |SECT |HIDN |97    |.debug_line
src\app\engine\diag\cbs\diag_cbs_sys-mon.c.1.obj|[176]   |0x00000000|0|LOCL |SECT |HIDN |85    |.debug_line
src\app\engine\diag\cbs\diag_cbs_sys-mon.c.1.obj|[192]   |0x00000000|0|LOCL |SECT |HIDN |101   |.debug_line
src\app\engine\diag\cbs\diag_cbs_sys-mon.c.1.obj|[193]   |0x00000000|0|LOCL |SECT |HIDN |102   |.debug_line
src\app\engine\diag\cbs\diag_cbs_sys-mon.c.1.obj|[194]   |0x00000000|0|LOCL |SECT |HIDN |103   |.debug_line
src\app\engine\diag\cbs\diag_cbs_sys-mon.c.1.obj|[175]   |0x00000000|0|LOCL |SECT |HIDN |84    |.debug_line
src\app\engine\diag\cbs\diag_cbs_sys-mon.c.1.obj|[173]   |0x00000000|0|LOCL |SECT |HIDN |82    |.debug_line
src\app\engine\diag\cbs\diag_cbs_sys-mon.c.1.obj|[178]   |0x00000000|0|LOCL |SECT |HIDN |87    |.debug_line
src\app\engine\diag\cbs\diag_cbs_sys-mon.c.1.obj|[174]   |0x00000000|0|LOCL |SECT |HIDN |83    |.debug_line
src\app\engine\diag\cbs\diag_cbs_sys-mon.c.1.obj|[195]   |0x00000000|0|LOCL |SECT |HIDN |104   |.debug_line
src\app\engine\diag\cbs\diag_cbs_sys-mon.c.1.obj|[196]   |0x00000000|0|LOCL |SECT |HIDN |105   |.debug_line
src\app\engine\diag\cbs\diag_cbs_sys-mon.c.1.obj|[197]   |0x00000000|0|LOCL |SECT |HIDN |106   |.debug_line
src\app\engine\diag\cbs\diag_cbs_sys-mon.c.1.obj|[198]   |0x00000000|0|LOCL |SECT |HIDN |107   |.debug_line
src\app\engine\diag\cbs\diag_cbs_sys-mon.c.1.obj|[199]   |0x00000000|0|LOCL |SECT |HIDN |108   |.debug_line
src\app\engine\diag\cbs\diag_cbs_sys-mon.c.1.obj|[200]   |0x00000000|0|LOCL |SECT |HIDN |109   |.debug_line
src\app\engine\diag\cbs\diag_cbs_sys-mon.c.1.obj|[201]   |0x00000000|0|LOCL |SECT |HIDN |110   |.debug_line
src\app\engine\diag\cbs\diag_cbs_sys-mon.c.1.obj|[202]   |0x00000000|0|LOCL |SECT |HIDN |111   |.debug_line
src\app\engine\diag\cbs\diag_cbs_sys-mon.c.1.obj|[203]   |0x00000000|0|LOCL |SECT |HIDN |112   |.debug_line
src\app\engine\diag\cbs\diag_cbs_sys-mon.c.1.obj|[204]   |0x00000000|0|LOCL |SECT |HIDN |113   |.debug_line
src\app\engine\diag\cbs\diag_cbs_sys-mon.c.1.obj|[177]   |0x00000000|0|LOCL |SECT |HIDN |86    |.debug_line
src\app\engine\diag\cbs\diag_cbs_sys-mon.c.1.obj|[179]   |0x00000000|0|LOCL |SECT |HIDN |88    |.debug_line
src\app\engine\diag\cbs\diag_cbs_sys-mon.c.1.obj|[180]   |0x00000000|0|LOCL |SECT |HIDN |89    |.debug_line
src\app\engine\diag\cbs\diag_cbs_sys-mon.c.1.obj|[181]   |0x00000000|0|LOCL |SECT |HIDN |90    |.debug_line
src\app\engine\diag\cbs\diag_cbs_sys-mon.c.1.obj|[182]   |0x00000000|0|LOCL |SECT |HIDN |91    |.debug_line
src\app\engine\diag\cbs\diag_cbs_sys-mon.c.1.obj|[183]   |0x00000000|0|LOCL |SECT |HIDN |92    |.debug_line
src\app\engine\diag\cbs\diag_cbs_sys-mon.c.1.obj|[184]   |0x00000000|0|LOCL |SECT |HIDN |93    |.debug_line
src\app\engine\diag\cbs\diag_cbs_sys-mon.c.1.obj|[185]   |0x00000000|0|LOCL |SECT |HIDN |94    |.debug_line
src\app\engine\diag\cbs\diag_cbs_sys-mon.c.1.obj|[186]   |0x00000000|0|LOCL |SECT |HIDN |95    |.debug_line
src\app\engine\diag\cbs\diag_cbs_sys-mon.c.1.obj|[187]   |0x00000000|0|LOCL |SECT |HIDN |96    |.debug_line
src\app\engine\diag\cbs\diag_cbs_sys-mon.c.1.obj|[189]   |0x00000000|0|LOCL |SECT |HIDN |98    |.debug_line
src\app\engine\diag\cbs\diag_cbs_sys-mon.c.1.obj|[190]   |0x00000000|0|LOCL |SECT |HIDN |99    |.debug_line
src\app\engine\diag\cbs\diag_cbs_sys-mon.c.1.obj|[191]   |0x00000000|0|LOCL |SECT |HIDN |100   |.debug_line
src\app\engine\diag\cbs\diag_cbs_sys-mon.c.1.obj|[292]   |0x00000000|0|LOCL |SECT |HIDN |201   |.debug_pubnames
src\app\engine\diag\cbs\diag_cbs_sys-mon.c.1.obj|[296]   |0x00000000|0|LOCL |SECT |HIDN |205   |.debug_pubnames
src\app\engine\diag\cbs\diag_cbs_sys-mon.c.1.obj|[302]   |0x00000000|0|LOCL |SECT |HIDN |211   |.debug_pubnames
src\app\engine\diag\cbs\diag_cbs_sys-mon.c.1.obj|[293]   |0x00000000|0|LOCL |SECT |HIDN |202   |.debug_pubnames
src\app\engine\diag\cbs\diag_cbs_sys-mon.c.1.obj|[295]   |0x00000000|0|LOCL |SECT |HIDN |204   |.debug_pubnames
src\app\engine\diag\cbs\diag_cbs_sys-mon.c.1.obj|[294]   |0x00000000|0|LOCL |SECT |HIDN |203   |.debug_pubnames
src\app\engine\diag\cbs\diag_cbs_sys-mon.c.1.obj|[287]   |0x00000000|0|LOCL |SECT |HIDN |196   |.debug_pubnames
src\app\engine\diag\cbs\diag_cbs_sys-mon.c.1.obj|[305]   |0x00000000|0|LOCL |SECT |HIDN |214   |.debug_pubnames
src\app\engine\diag\cbs\diag_cbs_sys-mon.c.1.obj|[288]   |0x00000000|0|LOCL |SECT |HIDN |197   |.debug_pubnames
src\app\engine\diag\cbs\diag_cbs_sys-mon.c.1.obj|[304]   |0x00000000|0|LOCL |SECT |HIDN |213   |.debug_pubnames
src\app\engine\diag\cbs\diag_cbs_sys-mon.c.1.obj|[303]   |0x00000000|0|LOCL |SECT |HIDN |212   |.debug_pubnames
src\app\engine\diag\cbs\diag_cbs_sys-mon.c.1.obj|[301]   |0x00000000|0|LOCL |SECT |HIDN |210   |.debug_pubnames
src\app\engine\diag\cbs\diag_cbs_sys-mon.c.1.obj|[289]   |0x00000000|0|LOCL |SECT |HIDN |198   |.debug_pubnames
src\app\engine\diag\cbs\diag_cbs_sys-mon.c.1.obj|[300]   |0x00000000|0|LOCL |SECT |HIDN |209   |.debug_pubnames
src\app\engine\diag\cbs\diag_cbs_sys-mon.c.1.obj|[290]   |0x00000000|0|LOCL |SECT |HIDN |199   |.debug_pubnames
src\app\engine\diag\cbs\diag_cbs_sys-mon.c.1.obj|[299]   |0x00000000|0|LOCL |SECT |HIDN |208   |.debug_pubnames
src\app\engine\diag\cbs\diag_cbs_sys-mon.c.1.obj|[291]   |0x00000000|0|LOCL |SECT |HIDN |200   |.debug_pubnames
src\app\engine\diag\cbs\diag_cbs_sys-mon.c.1.obj|[298]   |0x00000000|0|LOCL |SECT |HIDN |207   |.debug_pubnames
src\app\engine\diag\cbs\diag_cbs_sys-mon.c.1.obj|[297]   |0x00000000|0|LOCL |SECT |HIDN |206   |.debug_pubnames
src\app\engine\diag\cbs\diag_cbs_sys-mon.c.1.obj|[313]   |0x00000000|0|LOCL |SECT |HIDN |222   |.debug_pubtypes
src\app\engine\diag\cbs\diag_cbs_sys-mon.c.1.obj|[312]   |0x00000000|0|LOCL |SECT |HIDN |221   |.debug_pubtypes
src\app\engine\diag\cbs\diag_cbs_sys-mon.c.1.obj|[311]   |0x00000000|0|LOCL |SECT |HIDN |220   |.debug_pubtypes
src\app\engine\diag\cbs\diag_cbs_sys-mon.c.1.obj|[310]   |0x00000000|0|LOCL |SECT |HIDN |219   |.debug_pubtypes
src\app\engine\diag\cbs\diag_cbs_sys-mon.c.1.obj|[309]   |0x00000000|0|LOCL |SECT |HIDN |218   |.debug_pubtypes
src\app\engine\diag\cbs\diag_cbs_sys-mon.c.1.obj|[308]   |0x00000000|0|LOCL |SECT |HIDN |217   |.debug_pubtypes
src\app\engine\diag\cbs\diag_cbs_sys-mon.c.1.obj|[307]   |0x00000000|0|LOCL |SECT |HIDN |216   |.debug_pubtypes
src\app\engine\diag\cbs\diag_cbs_sys-mon.c.1.obj|[306]   |0x00000000|0|LOCL |SECT |HIDN |215   |.debug_pubtypes
src\app\engine\diag\cbs\diag_cbs_sys-mon.c.1.obj|[314]   |0x00000000|0|LOCL |SECT |HIDN |223   |.debug_pubtypes
src\app\engine\diag\cbs\diag_cbs_sys-mon.c.1.obj|[315]   |0x00000000|0|LOCL |SECT |HIDN |224   |.debug_pubtypes
src\app\engine\diag\cbs\diag_cbs_sys-mon.c.1.obj|[316]   |0x00000000|0|LOCL |SECT |HIDN |225   |.debug_pubtypes
src\app\engine\diag\cbs\diag_cbs_sys-mon.c.1.obj|[317]   |0x00000000|0|LOCL |SECT |HIDN |226   |.debug_pubtypes
src\app\engine\diag\cbs\diag_cbs_sys-mon.c.1.obj|[248]   |0x00000000|0|LOCL |SECT |HIDN |158   |.debug_str
src\app\engine\diag\cbs\diag_cbs_sys-mon.c.1.obj|[250]   |0x00000000|0|LOCL |SECT |HIDN |160   |.debug_str
src\app\engine\diag\cbs\diag_cbs_sys-mon.c.1.obj|[252]   |0x00000000|0|LOCL |SECT |HIDN |162   |.debug_str
src\app\engine\diag\cbs\diag_cbs_sys-mon.c.1.obj|[256]   |0x00000000|0|LOCL |SECT |HIDN |166   |.debug_str
src\app\engine\diag\cbs\diag_cbs_sys-mon.c.1.obj|[258]   |0x00000000|0|LOCL |SECT |HIDN |168   |.debug_str
src\app\engine\diag\cbs\diag_cbs_sys-mon.c.1.obj|[260]   |0x00000000|0|LOCL |SECT |HIDN |170   |.debug_str
src\app\engine\diag\cbs\diag_cbs_sys-mon.c.1.obj|[266]   |0x00000000|0|LOCL |SECT |HIDN |176   |.debug_str
src\app\engine\diag\cbs\diag_cbs_sys-mon.c.1.obj|[254]   |0x00000000|0|LOCL |SECT |HIDN |164   |.debug_str
src\app\engine\diag\cbs\diag_cbs_sys-mon.c.1.obj|[262]   |0x00000000|0|LOCL |SECT |HIDN |172   |.debug_str
src\app\engine\diag\cbs\diag_cbs_sys-mon.c.1.obj|[244]   |0x00000000|0|LOCL |SECT |HIDN |154   |.debug_str
src\app\engine\diag\cbs\diag_cbs_sys-mon.c.1.obj|[246]   |0x00000000|0|LOCL |SECT |HIDN |156   |.debug_str
src\app\engine\diag\cbs\diag_cbs_sys-mon.c.1.obj|[264]   |0x00000000|0|LOCL |SECT |HIDN |174   |.debug_str
src\app\engine\diag\cbs\diag_cbs_sys-mon.c.1.obj|[76]    |0x00000000|0|LOCL |SECT |HIDN |31    |.text
src\app\engine\diag\cbs\diag_cbs_sys-mon.c.1.obj|[94]    |0x00000000|0|LOCL |SECT |HIDN |49    |.text:__fpclassify
src\app\engine\diag\cbs\diag_cbs_sys-mon.c.1.obj|[93]    |0x00000000|0|LOCL |SECT |HIDN |48    |.text:__fpclassifyf
src\app\engine\diag\cbs\diag_cbs_sys-mon.c.1.obj|[92]    |0x00000000|0|LOCL |SECT |HIDN |47    |.text:__fpclassifyl
src\app\engine\diag\cbs\diag_cbs_sys-mon.c.1.obj|[91]    |0x00000000|0|LOCL |SECT |HIDN |46    |.text:__isfinite
src\app\engine\diag\cbs\diag_cbs_sys-mon.c.1.obj|[90]    |0x00000000|0|LOCL |SECT |HIDN |45    |.text:__isfinitef
src\app\engine\diag\cbs\diag_cbs_sys-mon.c.1.obj|[89]    |0x00000000|0|LOCL |SECT |HIDN |44    |.text:__isfinitel
src\app\engine\diag\cbs\diag_cbs_sys-mon.c.1.obj|[88]    |0x00000000|0|LOCL |SECT |HIDN |43    |.text:__isinf
src\app\engine\diag\cbs\diag_cbs_sys-mon.c.1.obj|[87]    |0x00000000|0|LOCL |SECT |HIDN |42    |.text:__isinff
src\app\engine\diag\cbs\diag_cbs_sys-mon.c.1.obj|[86]    |0x00000000|0|LOCL |SECT |HIDN |41    |.text:__isinfl
src\app\engine\diag\cbs\diag_cbs_sys-mon.c.1.obj|[85]    |0x00000000|0|LOCL |SECT |HIDN |40    |.text:__isnan
src\app\engine\diag\cbs\diag_cbs_sys-mon.c.1.obj|[84]    |0x00000000|0|LOCL |SECT |HIDN |39    |.text:__isnanf
src\app\engine\diag\cbs\diag_cbs_sys-mon.c.1.obj|[83]    |0x00000000|0|LOCL |SECT |HIDN |38    |.text:__isnanl
src\app\engine\diag\cbs\diag_cbs_sys-mon.c.1.obj|[82]    |0x00000000|0|LOCL |SECT |HIDN |37    |.text:__isnormal
src\app\engine\diag\cbs\diag_cbs_sys-mon.c.1.obj|[81]    |0x00000000|0|LOCL |SECT |HIDN |36    |.text:__isnormalf
src\app\engine\diag\cbs\diag_cbs_sys-mon.c.1.obj|[80]    |0x00000000|0|LOCL |SECT |HIDN |35    |.text:__isnormall
src\app\engine\diag\cbs\diag_cbs_sys-mon.c.1.obj|[79]    |0x00000000|0|LOCL |SECT |HIDN |34    |.text:__signbit
src\app\engine\diag\cbs\diag_cbs_sys-mon.c.1.obj|[78]    |0x00000000|0|LOCL |SECT |HIDN |33    |.text:__signbitf
src\app\engine\diag\cbs\diag_cbs_sys-mon.c.1.obj|[77]    |0x00000000|0|LOCL |SECT |HIDN |32    |.text:__signbitl
src\app\engine\diag\cbs\diag_cbs_sys-mon.c.1.obj|[327]   |0x00000048|300|GLOB |FUNC |HIDN |31    |DIAG_ErrorSystemMonitoring
src\app\engine\diag\cbs\diag_cbs_sys-mon.c.1.obj|[45]    |0x00000000|0|LOCL |FUNC |HIDN |31    |DIAG_EventToBool
src\app\engine\diag\cbs\diag_cbs_sys-mon.c.1.obj|[339]   |0x00000000|0|GLOB |NONE |HIDN |UNDEF |FAS_StoreAssertLocation
src\app\engine\diag\cbs\diag_cbs_sys-mon.c.1.obj|[318]   |0x00000000|0|WEAK |FUNC |HIDN |UNDEF |Lib$$Request$$armlib
src\app\engine\diag\cbs\diag_cbs_sys-mon.c.1.obj|[319]   |0x00000000|0|WEAK |FUNC |HIDN |UNDEF |Lib$$Request$$cpplib
src\app\engine\diag\cbs\diag_cbs_sys-mon.c.1.obj|[347]   |0x00000000|0|GLOB |NONE |HIDN |77    |__TI_DW.debug_info.$base_types.a3001db55c69772f4e2efd565078122a
src\app\engine\diag\cbs\diag_cbs_sys-mon.c.1.obj|[350]   |0x00000000|0|GLOB |NONE |HIDN |80    |__TI_DW.debug_info._stdint.h.55dc0724062de24f6648c36a36931c9a
src\app\engine\diag\cbs\diag_cbs_sys-mon.c.1.obj|[345]   |0x00000000|0|GLOB |NONE |HIDN |75    |__TI_DW.debug_info._types.h.59562a94a523b27bdcf6ba60164276f0
src\app\engine\diag\cbs\diag_cbs_sys-mon.c.1.obj|[348]   |0x00000000|0|GLOB |NONE |HIDN |78    |__TI_DW.debug_info._types.h.62a9317002fb36f2a0c7d45aa6f41cd3
src\app\engine\diag\cbs\diag_cbs_sys-mon.c.1.obj|[344]   |0x00000000|0|GLOB |NONE |HIDN |74    |__TI_DW.debug_info.battery_system_cfg.h.0d4bf392593ad8c7424a2b56147ab1c8
src\app\engine\diag\cbs\diag_cbs_sys-mon.c.1.obj|[340]   |0x00000000|0|GLOB |NONE |HIDN |70    |__TI_DW.debug_info.database_cfg.h.f906c4dd07ebafd1cbb04cd9a5d8f73a
src\app\engine\diag\cbs\diag_cbs_sys-mon.c.1.obj|[341]   |0x00000000|0|GLOB |NONE |HIDN |71    |__TI_DW.debug_info.diag_cfg.h.e7a813b80aca141ada97b819c1b25b3c
src\app\engine\diag\cbs\diag_cbs_sys-mon.c.1.obj|[346]   |0x00000000|0|GLOB |NONE |HIDN |76    |__TI_DW.debug_info.fassert.h.0b7b2882a1c517594159c37868ac3e58
src\app\engine\diag\cbs\diag_cbs_sys-mon.c.1.obj|[343]   |0x00000000|0|GLOB |NONE |HIDN |73    |__TI_DW.debug_info.fstd_types.h.1d46766ec8ec487eaf2fab650eb7b69f
src\app\engine\diag\cbs\diag_cbs_sys-mon.c.1.obj|[351]   |0x00000000|0|GLOB |NONE |HIDN |81    |__TI_DW.debug_info.math.h.13c7f3b9a83b668b2d889e035795d0ae
src\app\engine\diag\cbs\diag_cbs_sys-mon.c.1.obj|[349]   |0x00000000|0|GLOB |NONE |HIDN |79    |__TI_DW.debug_info.stdint.h.ad4b679dbce029afdbcc9a8c662c70ff
src\app\engine\diag\cbs\diag_cbs_sys-mon.c.1.obj|[342]   |0x00000000|0|GLOB |NONE |HIDN |72    |__TI_DW.debug_info.sys_mon_cfg.h.bde81a67f41397060051838fb91c33e6
src\app\engine\diag\cbs\diag_cbs_sys-mon.c.1.obj|[337]   |0x00000000|228|GLOB |FUNC |HIDN |49    |__fpclassify
src\app\engine\diag\cbs\diag_cbs_sys-mon.c.1.obj|[95]    |0x00000000|0|LOCL |SECT |HIDN |1     |__fpclassify
src\app\engine\diag\cbs\diag_cbs_sys-mon.c.1.obj|[96]    |0x00000000|0|LOCL |SECT |HIDN |2     |__fpclassifyf
src\app\engine\diag\cbs\diag_cbs_sys-mon.c.1.obj|[331]   |0x00000000|100|GLOB |FUNC |HIDN |48    |__fpclassifyf
src\app\engine\diag\cbs\diag_cbs_sys-mon.c.1.obj|[330]   |0x00000000|228|GLOB |FUNC |HIDN |47    |__fpclassifyl
src\app\engine\diag\cbs\diag_cbs_sys-mon.c.1.obj|[97]    |0x00000000|0|LOCL |SECT |HIDN |3     |__fpclassifyl
src\app\engine\diag\cbs\diag_cbs_sys-mon.c.1.obj|[336]   |0x00000000|36|GLOB |FUNC |HIDN |46    |__isfinite
src\app\engine\diag\cbs\diag_cbs_sys-mon.c.1.obj|[98]    |0x00000000|0|LOCL |SECT |HIDN |4     |__isfinite
src\app\engine\diag\cbs\diag_cbs_sys-mon.c.1.obj|[324]   |0x00000000|32|GLOB |FUNC |HIDN |45    |__isfinitef
src\app\engine\diag\cbs\diag_cbs_sys-mon.c.1.obj|[99]    |0x00000000|0|LOCL |SECT |HIDN |5     |__isfinitef
src\app\engine\diag\cbs\diag_cbs_sys-mon.c.1.obj|[100]   |0x00000000|0|LOCL |SECT |HIDN |6     |__isfinitel
src\app\engine\diag\cbs\diag_cbs_sys-mon.c.1.obj|[323]   |0x00000000|36|GLOB |FUNC |HIDN |44    |__isfinitel
src\app\engine\diag\cbs\diag_cbs_sys-mon.c.1.obj|[101]   |0x00000000|0|LOCL |SECT |HIDN |7     |__isinf
src\app\engine\diag\cbs\diag_cbs_sys-mon.c.1.obj|[334]   |0x00000000|100|GLOB |FUNC |HIDN |43    |__isinf
src\app\engine\diag\cbs\diag_cbs_sys-mon.c.1.obj|[332]   |0x00000000|44|GLOB |FUNC |HIDN |42    |__isinff
src\app\engine\diag\cbs\diag_cbs_sys-mon.c.1.obj|[102]   |0x00000000|0|LOCL |SECT |HIDN |8     |__isinff
src\app\engine\diag\cbs\diag_cbs_sys-mon.c.1.obj|[103]   |0x00000000|0|LOCL |SECT |HIDN |9     |__isinfl
src\app\engine\diag\cbs\diag_cbs_sys-mon.c.1.obj|[333]   |0x00000000|100|GLOB |FUNC |HIDN |41    |__isinfl
src\app\engine\diag\cbs\diag_cbs_sys-mon.c.1.obj|[104]   |0x00000000|0|LOCL |SECT |HIDN |10    |__isnan
src\app\engine\diag\cbs\diag_cbs_sys-mon.c.1.obj|[335]   |0x00000000|100|GLOB |FUNC |HIDN |40    |__isnan
src\app\engine\diag\cbs\diag_cbs_sys-mon.c.1.obj|[105]   |0x00000000|0|LOCL |SECT |HIDN |11    |__isnanf
src\app\engine\diag\cbs\diag_cbs_sys-mon.c.1.obj|[328]   |0x00000000|44|GLOB |FUNC |HIDN |39    |__isnanf
src\app\engine\diag\cbs\diag_cbs_sys-mon.c.1.obj|[106]   |0x00000000|0|LOCL |SECT |HIDN |12    |__isnanl
src\app\engine\diag\cbs\diag_cbs_sys-mon.c.1.obj|[329]   |0x00000000|100|GLOB |FUNC |HIDN |38    |__isnanl
src\app\engine\diag\cbs\diag_cbs_sys-mon.c.1.obj|[107]   |0x00000000|0|LOCL |SECT |HIDN |13    |__isnormal
src\app\engine\diag\cbs\diag_cbs_sys-mon.c.1.obj|[338]   |0x00000000|84|GLOB |FUNC |HIDN |37    |__isnormal
src\app\engine\diag\cbs\diag_cbs_sys-mon.c.1.obj|[322]   |0x00000000|48|GLOB |FUNC |HIDN |36    |__isnormalf
src\app\engine\diag\cbs\diag_cbs_sys-mon.c.1.obj|[108]   |0x00000000|0|LOCL |SECT |HIDN |14    |__isnormalf
src\app\engine\diag\cbs\diag_cbs_sys-mon.c.1.obj|[321]   |0x00000000|84|GLOB |FUNC |HIDN |35    |__isnormall
src\app\engine\diag\cbs\diag_cbs_sys-mon.c.1.obj|[109]   |0x00000000|0|LOCL |SECT |HIDN |15    |__isnormall
src\app\engine\diag\cbs\diag_cbs_sys-mon.c.1.obj|[110]   |0x00000000|0|LOCL |SECT |HIDN |16    |__signbit
src\app\engine\diag\cbs\diag_cbs_sys-mon.c.1.obj|[320]   |0x00000000|52|GLOB |FUNC |HIDN |34    |__signbit
src\app\engine\diag\cbs\diag_cbs_sys-mon.c.1.obj|[326]   |0x00000000|12|GLOB |FUNC |HIDN |33    |__signbitf
src\app\engine\diag\cbs\diag_cbs_sys-mon.c.1.obj|[111]   |0x00000000|0|LOCL |SECT |HIDN |17    |__signbitf
src\app\engine\diag\cbs\diag_cbs_sys-mon.c.1.obj|[325]   |0x00000000|52|GLOB |FUNC |HIDN |32    |__signbitl
src\app\engine\diag\cbs\diag_cbs_sys-mon.c.1.obj|[112]   |0x00000000|0|LOCL |SECT |HIDN |18    |__signbitl
src\app\engine\diag\cbs\diag_cbs_sys-mon.c.1.obj|[1]     |0x00000000|0|LOCL |FILE |HIDN |ABS   |{B75970DE-98E8-44A9-8193-77B8952B7C08}
