
file            [index]  value      size  bind  type  vis   shndx  symbol name 

src\app\driver\sbc\nxpfs85xx.c.1.obj|[0]     |0x00000000|0|LOCL |NONE |DFLT |UNDEF |
src\app\driver\sbc\nxpfs85xx.c.1.obj|[247]   |0x000011e0|0|LOCL |FUNC |HIDN |52    |$C$CON1
src\app\driver\sbc\nxpfs85xx.c.1.obj|[248]   |0x000011e4|0|LOCL |FUNC |HIDN |52    |$C$CON2
src\app\driver\sbc\nxpfs85xx.c.1.obj|[249]   |0x000011e8|0|LOCL |FUNC |HIDN |52    |$C$CON3
src\app\driver\sbc\nxpfs85xx.c.1.obj|[5]     |0x00000028|0|LOCL |FUNC |HIDN |57    |$C$L1
src\app\driver\sbc\nxpfs85xx.c.1.obj|[14]    |0x00000058|0|LOCL |FUNC |HIDN |63    |$C$L10
src\app\driver\sbc\nxpfs85xx.c.1.obj|[110]   |0x000003ac|0|LOCL |FUNC |HIDN |52    |$C$L100
src\app\driver\sbc\nxpfs85xx.c.1.obj|[111]   |0x000003b4|0|LOCL |FUNC |HIDN |52    |$C$L101
src\app\driver\sbc\nxpfs85xx.c.1.obj|[112]   |0x000003c8|0|LOCL |FUNC |HIDN |52    |$C$L102
src\app\driver\sbc\nxpfs85xx.c.1.obj|[113]   |0x000003cc|0|LOCL |FUNC |HIDN |52    |$C$L103
src\app\driver\sbc\nxpfs85xx.c.1.obj|[114]   |0x000003e0|0|LOCL |FUNC |HIDN |52    |$C$L104
src\app\driver\sbc\nxpfs85xx.c.1.obj|[115]   |0x000003e4|0|LOCL |FUNC |HIDN |52    |$C$L105
src\app\driver\sbc\nxpfs85xx.c.1.obj|[116]   |0x000003f8|0|LOCL |FUNC |HIDN |52    |$C$L106
src\app\driver\sbc\nxpfs85xx.c.1.obj|[117]   |0x000003fc|0|LOCL |FUNC |HIDN |52    |$C$L107
src\app\driver\sbc\nxpfs85xx.c.1.obj|[119]   |0x00000410|0|LOCL |FUNC |HIDN |52    |$C$L108
src\app\driver\sbc\nxpfs85xx.c.1.obj|[120]   |0x0000047c|0|LOCL |FUNC |HIDN |52    |$C$L109
src\app\driver\sbc\nxpfs85xx.c.1.obj|[15]    |0x00000060|0|LOCL |FUNC |HIDN |63    |$C$L11
src\app\driver\sbc\nxpfs85xx.c.1.obj|[121]   |0x0000048c|0|LOCL |FUNC |HIDN |52    |$C$L110
src\app\driver\sbc\nxpfs85xx.c.1.obj|[122]   |0x00000494|0|LOCL |FUNC |HIDN |52    |$C$L111
src\app\driver\sbc\nxpfs85xx.c.1.obj|[123]   |0x000004a8|0|LOCL |FUNC |HIDN |52    |$C$L112
src\app\driver\sbc\nxpfs85xx.c.1.obj|[124]   |0x000004ac|0|LOCL |FUNC |HIDN |52    |$C$L113
src\app\driver\sbc\nxpfs85xx.c.1.obj|[125]   |0x000004e8|0|LOCL |FUNC |HIDN |52    |$C$L114
src\app\driver\sbc\nxpfs85xx.c.1.obj|[126]   |0x00000510|0|LOCL |FUNC |HIDN |52    |$C$L115
src\app\driver\sbc\nxpfs85xx.c.1.obj|[127]   |0x00000534|0|LOCL |FUNC |HIDN |52    |$C$L116
src\app\driver\sbc\nxpfs85xx.c.1.obj|[128]   |0x00000554|0|LOCL |FUNC |HIDN |52    |$C$L117
src\app\driver\sbc\nxpfs85xx.c.1.obj|[129]   |0x00000558|0|LOCL |FUNC |HIDN |52    |$C$L118
src\app\driver\sbc\nxpfs85xx.c.1.obj|[130]   |0x00000560|0|LOCL |FUNC |HIDN |52    |$C$L119
src\app\driver\sbc\nxpfs85xx.c.1.obj|[16]    |0x00000028|0|LOCL |FUNC |HIDN |64    |$C$L12
src\app\driver\sbc\nxpfs85xx.c.1.obj|[131]   |0x00000574|0|LOCL |FUNC |HIDN |52    |$C$L120
src\app\driver\sbc\nxpfs85xx.c.1.obj|[132]   |0x00000578|0|LOCL |FUNC |HIDN |52    |$C$L121
src\app\driver\sbc\nxpfs85xx.c.1.obj|[133]   |0x0000058c|0|LOCL |FUNC |HIDN |52    |$C$L122
src\app\driver\sbc\nxpfs85xx.c.1.obj|[134]   |0x00000590|0|LOCL |FUNC |HIDN |52    |$C$L123
src\app\driver\sbc\nxpfs85xx.c.1.obj|[135]   |0x000005a4|0|LOCL |FUNC |HIDN |52    |$C$L124
src\app\driver\sbc\nxpfs85xx.c.1.obj|[136]   |0x000005a8|0|LOCL |FUNC |HIDN |52    |$C$L125
src\app\driver\sbc\nxpfs85xx.c.1.obj|[138]   |0x00000634|0|LOCL |FUNC |HIDN |52    |$C$L126
src\app\driver\sbc\nxpfs85xx.c.1.obj|[139]   |0x0000064c|0|LOCL |FUNC |HIDN |52    |$C$L127
src\app\driver\sbc\nxpfs85xx.c.1.obj|[140]   |0x00000654|0|LOCL |FUNC |HIDN |52    |$C$L128
src\app\driver\sbc\nxpfs85xx.c.1.obj|[141]   |0x00000658|0|LOCL |FUNC |HIDN |52    |$C$L129
src\app\driver\sbc\nxpfs85xx.c.1.obj|[17]    |0x00000058|0|LOCL |FUNC |HIDN |65    |$C$L13
src\app\driver\sbc\nxpfs85xx.c.1.obj|[142]   |0x00000660|0|LOCL |FUNC |HIDN |52    |$C$L130
src\app\driver\sbc\nxpfs85xx.c.1.obj|[143]   |0x00000674|0|LOCL |FUNC |HIDN |52    |$C$L131
src\app\driver\sbc\nxpfs85xx.c.1.obj|[144]   |0x00000678|0|LOCL |FUNC |HIDN |52    |$C$L132
src\app\driver\sbc\nxpfs85xx.c.1.obj|[145]   |0x0000068c|0|LOCL |FUNC |HIDN |52    |$C$L133
src\app\driver\sbc\nxpfs85xx.c.1.obj|[146]   |0x00000690|0|LOCL |FUNC |HIDN |52    |$C$L134
src\app\driver\sbc\nxpfs85xx.c.1.obj|[148]   |0x000006cc|0|LOCL |FUNC |HIDN |52    |$C$L135
src\app\driver\sbc\nxpfs85xx.c.1.obj|[149]   |0x000006d4|0|LOCL |FUNC |HIDN |52    |$C$L136
src\app\driver\sbc\nxpfs85xx.c.1.obj|[150]   |0x000006e8|0|LOCL |FUNC |HIDN |52    |$C$L137
src\app\driver\sbc\nxpfs85xx.c.1.obj|[151]   |0x000006ec|0|LOCL |FUNC |HIDN |52    |$C$L138
src\app\driver\sbc\nxpfs85xx.c.1.obj|[152]   |0x00000700|0|LOCL |FUNC |HIDN |52    |$C$L139
src\app\driver\sbc\nxpfs85xx.c.1.obj|[18]    |0x00000060|0|LOCL |FUNC |HIDN |65    |$C$L14
src\app\driver\sbc\nxpfs85xx.c.1.obj|[153]   |0x00000704|0|LOCL |FUNC |HIDN |52    |$C$L140
src\app\driver\sbc\nxpfs85xx.c.1.obj|[155]   |0x0000076c|0|LOCL |FUNC |HIDN |52    |$C$L141
src\app\driver\sbc\nxpfs85xx.c.1.obj|[156]   |0x00000784|0|LOCL |FUNC |HIDN |52    |$C$L142
src\app\driver\sbc\nxpfs85xx.c.1.obj|[157]   |0x000007f8|0|LOCL |FUNC |HIDN |52    |$C$L143
src\app\driver\sbc\nxpfs85xx.c.1.obj|[158]   |0x00000820|0|LOCL |FUNC |HIDN |52    |$C$L144
src\app\driver\sbc\nxpfs85xx.c.1.obj|[159]   |0x0000083c|0|LOCL |FUNC |HIDN |52    |$C$L145
src\app\driver\sbc\nxpfs85xx.c.1.obj|[160]   |0x00000844|0|LOCL |FUNC |HIDN |52    |$C$L146
src\app\driver\sbc\nxpfs85xx.c.1.obj|[161]   |0x00000854|0|LOCL |FUNC |HIDN |52    |$C$L147
src\app\driver\sbc\nxpfs85xx.c.1.obj|[162]   |0x00000884|0|LOCL |FUNC |HIDN |52    |$C$L148
src\app\driver\sbc\nxpfs85xx.c.1.obj|[163]   |0x0000089c|0|LOCL |FUNC |HIDN |52    |$C$L149
src\app\driver\sbc\nxpfs85xx.c.1.obj|[19]    |0x00000058|0|LOCL |FUNC |HIDN |66    |$C$L15
src\app\driver\sbc\nxpfs85xx.c.1.obj|[164]   |0x000008b0|0|LOCL |FUNC |HIDN |52    |$C$L150
src\app\driver\sbc\nxpfs85xx.c.1.obj|[165]   |0x00000910|0|LOCL |FUNC |HIDN |52    |$C$L151
src\app\driver\sbc\nxpfs85xx.c.1.obj|[166]   |0x00000920|0|LOCL |FUNC |HIDN |52    |$C$L152
src\app\driver\sbc\nxpfs85xx.c.1.obj|[167]   |0x00000954|0|LOCL |FUNC |HIDN |52    |$C$L153
src\app\driver\sbc\nxpfs85xx.c.1.obj|[168]   |0x00000958|0|LOCL |FUNC |HIDN |52    |$C$L154
src\app\driver\sbc\nxpfs85xx.c.1.obj|[169]   |0x0000096c|0|LOCL |FUNC |HIDN |52    |$C$L155
src\app\driver\sbc\nxpfs85xx.c.1.obj|[170]   |0x00000970|0|LOCL |FUNC |HIDN |52    |$C$L156
src\app\driver\sbc\nxpfs85xx.c.1.obj|[172]   |0x00000988|0|LOCL |FUNC |HIDN |52    |$C$L157
src\app\driver\sbc\nxpfs85xx.c.1.obj|[173]   |0x0000099c|0|LOCL |FUNC |HIDN |52    |$C$L158
src\app\driver\sbc\nxpfs85xx.c.1.obj|[174]   |0x000009a0|0|LOCL |FUNC |HIDN |52    |$C$L159
src\app\driver\sbc\nxpfs85xx.c.1.obj|[20]    |0x00000060|0|LOCL |FUNC |HIDN |66    |$C$L16
src\app\driver\sbc\nxpfs85xx.c.1.obj|[175]   |0x000009c8|0|LOCL |FUNC |HIDN |52    |$C$L160
src\app\driver\sbc\nxpfs85xx.c.1.obj|[176]   |0x000009ec|0|LOCL |FUNC |HIDN |52    |$C$L161
src\app\driver\sbc\nxpfs85xx.c.1.obj|[177]   |0x00000a00|0|LOCL |FUNC |HIDN |52    |$C$L162
src\app\driver\sbc\nxpfs85xx.c.1.obj|[178]   |0x00000a1c|0|LOCL |FUNC |HIDN |52    |$C$L163
src\app\driver\sbc\nxpfs85xx.c.1.obj|[179]   |0x00000a24|0|LOCL |FUNC |HIDN |52    |$C$L164
src\app\driver\sbc\nxpfs85xx.c.1.obj|[180]   |0x00000a38|0|LOCL |FUNC |HIDN |52    |$C$L165
src\app\driver\sbc\nxpfs85xx.c.1.obj|[181]   |0x00000a3c|0|LOCL |FUNC |HIDN |52    |$C$L166
src\app\driver\sbc\nxpfs85xx.c.1.obj|[182]   |0x00000a78|0|LOCL |FUNC |HIDN |52    |$C$L167
src\app\driver\sbc\nxpfs85xx.c.1.obj|[183]   |0x00000a98|0|LOCL |FUNC |HIDN |52    |$C$L168
src\app\driver\sbc\nxpfs85xx.c.1.obj|[184]   |0x00000a9c|0|LOCL |FUNC |HIDN |52    |$C$L169
src\app\driver\sbc\nxpfs85xx.c.1.obj|[21]    |0x00000028|0|LOCL |FUNC |HIDN |67    |$C$L17
src\app\driver\sbc\nxpfs85xx.c.1.obj|[185]   |0x00000ac0|0|LOCL |FUNC |HIDN |52    |$C$L170
src\app\driver\sbc\nxpfs85xx.c.1.obj|[186]   |0x00000ad8|0|LOCL |FUNC |HIDN |52    |$C$L171
src\app\driver\sbc\nxpfs85xx.c.1.obj|[187]   |0x00000aec|0|LOCL |FUNC |HIDN |52    |$C$L172
src\app\driver\sbc\nxpfs85xx.c.1.obj|[188]   |0x00000af0|0|LOCL |FUNC |HIDN |52    |$C$L173
src\app\driver\sbc\nxpfs85xx.c.1.obj|[189]   |0x00000b04|0|LOCL |FUNC |HIDN |52    |$C$L174
src\app\driver\sbc\nxpfs85xx.c.1.obj|[190]   |0x00000b08|0|LOCL |FUNC |HIDN |52    |$C$L175
src\app\driver\sbc\nxpfs85xx.c.1.obj|[192]   |0x00000ba4|0|LOCL |FUNC |HIDN |52    |$C$L176
src\app\driver\sbc\nxpfs85xx.c.1.obj|[193]   |0x00000bac|0|LOCL |FUNC |HIDN |52    |$C$L177
src\app\driver\sbc\nxpfs85xx.c.1.obj|[194]   |0x00000bb4|0|LOCL |FUNC |HIDN |52    |$C$L178
src\app\driver\sbc\nxpfs85xx.c.1.obj|[195]   |0x00000bb8|0|LOCL |FUNC |HIDN |52    |$C$L179
src\app\driver\sbc\nxpfs85xx.c.1.obj|[22]    |0x00000058|0|LOCL |FUNC |HIDN |68    |$C$L18
src\app\driver\sbc\nxpfs85xx.c.1.obj|[196]   |0x00000bc0|0|LOCL |FUNC |HIDN |52    |$C$L180
src\app\driver\sbc\nxpfs85xx.c.1.obj|[197]   |0x00000bd4|0|LOCL |FUNC |HIDN |52    |$C$L181
src\app\driver\sbc\nxpfs85xx.c.1.obj|[198]   |0x00000bd8|0|LOCL |FUNC |HIDN |52    |$C$L182
src\app\driver\sbc\nxpfs85xx.c.1.obj|[199]   |0x00000bec|0|LOCL |FUNC |HIDN |52    |$C$L183
src\app\driver\sbc\nxpfs85xx.c.1.obj|[200]   |0x00000bf0|0|LOCL |FUNC |HIDN |52    |$C$L184
src\app\driver\sbc\nxpfs85xx.c.1.obj|[202]   |0x00000df8|0|LOCL |FUNC |HIDN |52    |$C$L185
src\app\driver\sbc\nxpfs85xx.c.1.obj|[203]   |0x00000e0c|0|LOCL |FUNC |HIDN |52    |$C$L186
src\app\driver\sbc\nxpfs85xx.c.1.obj|[204]   |0x00000e10|0|LOCL |FUNC |HIDN |52    |$C$L187
src\app\driver\sbc\nxpfs85xx.c.1.obj|[205]   |0x00000e50|0|LOCL |FUNC |HIDN |52    |$C$L188
src\app\driver\sbc\nxpfs85xx.c.1.obj|[206]   |0x00000e6c|0|LOCL |FUNC |HIDN |52    |$C$L189
src\app\driver\sbc\nxpfs85xx.c.1.obj|[23]    |0x00000060|0|LOCL |FUNC |HIDN |68    |$C$L19
src\app\driver\sbc\nxpfs85xx.c.1.obj|[207]   |0x00000e88|0|LOCL |FUNC |HIDN |52    |$C$L190
src\app\driver\sbc\nxpfs85xx.c.1.obj|[208]   |0x00000eb8|0|LOCL |FUNC |HIDN |52    |$C$L191
src\app\driver\sbc\nxpfs85xx.c.1.obj|[209]   |0x00000ec8|0|LOCL |FUNC |HIDN |52    |$C$L192
src\app\driver\sbc\nxpfs85xx.c.1.obj|[210]   |0x00000ee8|0|LOCL |FUNC |HIDN |52    |$C$L193
src\app\driver\sbc\nxpfs85xx.c.1.obj|[211]   |0x00000f58|0|LOCL |FUNC |HIDN |52    |$C$L194
src\app\driver\sbc\nxpfs85xx.c.1.obj|[212]   |0x00000f60|0|LOCL |FUNC |HIDN |52    |$C$L195
src\app\driver\sbc\nxpfs85xx.c.1.obj|[213]   |0x00000f64|0|LOCL |FUNC |HIDN |52    |$C$L196
src\app\driver\sbc\nxpfs85xx.c.1.obj|[214]   |0x00000f94|0|LOCL |FUNC |HIDN |52    |$C$L197
src\app\driver\sbc\nxpfs85xx.c.1.obj|[215]   |0x00000fb0|0|LOCL |FUNC |HIDN |52    |$C$L198
src\app\driver\sbc\nxpfs85xx.c.1.obj|[216]   |0x00000fd8|0|LOCL |FUNC |HIDN |52    |$C$L199
src\app\driver\sbc\nxpfs85xx.c.1.obj|[6]     |0x00000030|0|LOCL |FUNC |HIDN |57    |$C$L2
src\app\driver\sbc\nxpfs85xx.c.1.obj|[24]    |0x00000020|0|LOCL |FUNC |HIDN |69    |$C$L20
src\app\driver\sbc\nxpfs85xx.c.1.obj|[217]   |0x00001000|0|LOCL |FUNC |HIDN |52    |$C$L200
src\app\driver\sbc\nxpfs85xx.c.1.obj|[218]   |0x00001020|0|LOCL |FUNC |HIDN |52    |$C$L201
src\app\driver\sbc\nxpfs85xx.c.1.obj|[219]   |0x00001034|0|LOCL |FUNC |HIDN |52    |$C$L202
src\app\driver\sbc\nxpfs85xx.c.1.obj|[220]   |0x00001058|0|LOCL |FUNC |HIDN |52    |$C$L203
src\app\driver\sbc\nxpfs85xx.c.1.obj|[221]   |0x00001074|0|LOCL |FUNC |HIDN |52    |$C$L204
src\app\driver\sbc\nxpfs85xx.c.1.obj|[222]   |0x000010a8|0|LOCL |FUNC |HIDN |52    |$C$L205
src\app\driver\sbc\nxpfs85xx.c.1.obj|[223]   |0x000010d8|0|LOCL |FUNC |HIDN |52    |$C$L206
src\app\driver\sbc\nxpfs85xx.c.1.obj|[224]   |0x000010fc|0|LOCL |FUNC |HIDN |52    |$C$L207
src\app\driver\sbc\nxpfs85xx.c.1.obj|[225]   |0x00001120|0|LOCL |FUNC |HIDN |52    |$C$L208
src\app\driver\sbc\nxpfs85xx.c.1.obj|[226]   |0x00001134|0|LOCL |FUNC |HIDN |52    |$C$L209
src\app\driver\sbc\nxpfs85xx.c.1.obj|[25]    |0x0000001c|0|LOCL |FUNC |HIDN |70    |$C$L21
src\app\driver\sbc\nxpfs85xx.c.1.obj|[227]   |0x0000113c|0|LOCL |FUNC |HIDN |52    |$C$L210
src\app\driver\sbc\nxpfs85xx.c.1.obj|[228]   |0x00001150|0|LOCL |FUNC |HIDN |52    |$C$L211
src\app\driver\sbc\nxpfs85xx.c.1.obj|[229]   |0x00001154|0|LOCL |FUNC |HIDN |52    |$C$L212
src\app\driver\sbc\nxpfs85xx.c.1.obj|[230]   |0x00001168|0|LOCL |FUNC |HIDN |52    |$C$L213
src\app\driver\sbc\nxpfs85xx.c.1.obj|[231]   |0x0000116c|0|LOCL |FUNC |HIDN |52    |$C$L214
src\app\driver\sbc\nxpfs85xx.c.1.obj|[232]   |0x00001180|0|LOCL |FUNC |HIDN |52    |$C$L215
src\app\driver\sbc\nxpfs85xx.c.1.obj|[233]   |0x00001184|0|LOCL |FUNC |HIDN |52    |$C$L216
src\app\driver\sbc\nxpfs85xx.c.1.obj|[234]   |0x000011c4|0|LOCL |FUNC |HIDN |52    |$C$L217
src\app\driver\sbc\nxpfs85xx.c.1.obj|[235]   |0x000011d8|0|LOCL |FUNC |HIDN |52    |$C$L218
src\app\driver\sbc\nxpfs85xx.c.1.obj|[236]   |0x000011dc|0|LOCL |FUNC |HIDN |52    |$C$L219
src\app\driver\sbc\nxpfs85xx.c.1.obj|[26]    |0x00000020|0|LOCL |FUNC |HIDN |71    |$C$L22
src\app\driver\sbc\nxpfs85xx.c.1.obj|[27]    |0x00000050|0|LOCL |FUNC |HIDN |72    |$C$L23
src\app\driver\sbc\nxpfs85xx.c.1.obj|[28]    |0x0000005c|0|LOCL |FUNC |HIDN |72    |$C$L24
src\app\driver\sbc\nxpfs85xx.c.1.obj|[29]    |0x00000064|0|LOCL |FUNC |HIDN |72    |$C$L25
src\app\driver\sbc\nxpfs85xx.c.1.obj|[30]    |0x00000094|0|LOCL |FUNC |HIDN |72    |$C$L26
src\app\driver\sbc\nxpfs85xx.c.1.obj|[31]    |0x000000a0|0|LOCL |FUNC |HIDN |72    |$C$L27
src\app\driver\sbc\nxpfs85xx.c.1.obj|[32]    |0x000000d0|0|LOCL |FUNC |HIDN |72    |$C$L28
src\app\driver\sbc\nxpfs85xx.c.1.obj|[33]    |0x000000dc|0|LOCL |FUNC |HIDN |72    |$C$L29
src\app\driver\sbc\nxpfs85xx.c.1.obj|[7]     |0x00000028|0|LOCL |FUNC |HIDN |59    |$C$L3
src\app\driver\sbc\nxpfs85xx.c.1.obj|[34]    |0x000000e0|0|LOCL |FUNC |HIDN |72    |$C$L30
src\app\driver\sbc\nxpfs85xx.c.1.obj|[35]    |0x00000028|0|LOCL |FUNC |HIDN |73    |$C$L31
src\app\driver\sbc\nxpfs85xx.c.1.obj|[36]    |0x00000030|0|LOCL |FUNC |HIDN |73    |$C$L32
src\app\driver\sbc\nxpfs85xx.c.1.obj|[37]    |0x00000048|0|LOCL |FUNC |HIDN |73    |$C$L33
src\app\driver\sbc\nxpfs85xx.c.1.obj|[38]    |0x0000005c|0|LOCL |FUNC |HIDN |73    |$C$L34
src\app\driver\sbc\nxpfs85xx.c.1.obj|[39]    |0x00000060|0|LOCL |FUNC |HIDN |73    |$C$L35
src\app\driver\sbc\nxpfs85xx.c.1.obj|[40]    |0x00000050|0|LOCL |FUNC |HIDN |74    |$C$L36
src\app\driver\sbc\nxpfs85xx.c.1.obj|[41]    |0x0000005c|0|LOCL |FUNC |HIDN |74    |$C$L37
src\app\driver\sbc\nxpfs85xx.c.1.obj|[42]    |0x00000064|0|LOCL |FUNC |HIDN |74    |$C$L38
src\app\driver\sbc\nxpfs85xx.c.1.obj|[43]    |0x00000094|0|LOCL |FUNC |HIDN |74    |$C$L39
src\app\driver\sbc\nxpfs85xx.c.1.obj|[8]     |0x00000030|0|LOCL |FUNC |HIDN |59    |$C$L4
src\app\driver\sbc\nxpfs85xx.c.1.obj|[44]    |0x000000a0|0|LOCL |FUNC |HIDN |74    |$C$L40
src\app\driver\sbc\nxpfs85xx.c.1.obj|[45]    |0x000000d0|0|LOCL |FUNC |HIDN |74    |$C$L41
src\app\driver\sbc\nxpfs85xx.c.1.obj|[46]    |0x000000dc|0|LOCL |FUNC |HIDN |74    |$C$L42
src\app\driver\sbc\nxpfs85xx.c.1.obj|[47]    |0x000000e0|0|LOCL |FUNC |HIDN |74    |$C$L43
src\app\driver\sbc\nxpfs85xx.c.1.obj|[49]    |0x00000038|0|LOCL |FUNC |HIDN |52    |$C$L44
src\app\driver\sbc\nxpfs85xx.c.1.obj|[51]    |0x00000070|0|LOCL |FUNC |HIDN |52    |$C$L45
src\app\driver\sbc\nxpfs85xx.c.1.obj|[52]    |0x00000084|0|LOCL |FUNC |HIDN |52    |$C$L46
src\app\driver\sbc\nxpfs85xx.c.1.obj|[53]    |0x00000088|0|LOCL |FUNC |HIDN |52    |$C$L47
src\app\driver\sbc\nxpfs85xx.c.1.obj|[54]    |0x00000090|0|LOCL |FUNC |HIDN |52    |$C$L48
src\app\driver\sbc\nxpfs85xx.c.1.obj|[55]    |0x00000098|0|LOCL |FUNC |HIDN |52    |$C$L49
src\app\driver\sbc\nxpfs85xx.c.1.obj|[9]     |0x00000034|0|LOCL |FUNC |HIDN |60    |$C$L5
src\app\driver\sbc\nxpfs85xx.c.1.obj|[56]    |0x000000a0|0|LOCL |FUNC |HIDN |52    |$C$L50
src\app\driver\sbc\nxpfs85xx.c.1.obj|[57]    |0x000000a8|0|LOCL |FUNC |HIDN |52    |$C$L51
src\app\driver\sbc\nxpfs85xx.c.1.obj|[58]    |0x000000b0|0|LOCL |FUNC |HIDN |52    |$C$L52
src\app\driver\sbc\nxpfs85xx.c.1.obj|[59]    |0x000000b8|0|LOCL |FUNC |HIDN |52    |$C$L53
src\app\driver\sbc\nxpfs85xx.c.1.obj|[60]    |0x000000c0|0|LOCL |FUNC |HIDN |52    |$C$L54
src\app\driver\sbc\nxpfs85xx.c.1.obj|[61]    |0x000000c8|0|LOCL |FUNC |HIDN |52    |$C$L55
src\app\driver\sbc\nxpfs85xx.c.1.obj|[62]    |0x000000d0|0|LOCL |FUNC |HIDN |52    |$C$L56
src\app\driver\sbc\nxpfs85xx.c.1.obj|[63]    |0x000000d8|0|LOCL |FUNC |HIDN |52    |$C$L57
src\app\driver\sbc\nxpfs85xx.c.1.obj|[64]    |0x000000e0|0|LOCL |FUNC |HIDN |52    |$C$L58
src\app\driver\sbc\nxpfs85xx.c.1.obj|[65]    |0x000000e8|0|LOCL |FUNC |HIDN |52    |$C$L59
src\app\driver\sbc\nxpfs85xx.c.1.obj|[10]    |0x00000050|0|LOCL |FUNC |HIDN |60    |$C$L6
src\app\driver\sbc\nxpfs85xx.c.1.obj|[66]    |0x000000f0|0|LOCL |FUNC |HIDN |52    |$C$L60
src\app\driver\sbc\nxpfs85xx.c.1.obj|[67]    |0x000000f8|0|LOCL |FUNC |HIDN |52    |$C$L61
src\app\driver\sbc\nxpfs85xx.c.1.obj|[68]    |0x00000100|0|LOCL |FUNC |HIDN |52    |$C$L62
src\app\driver\sbc\nxpfs85xx.c.1.obj|[69]    |0x00000114|0|LOCL |FUNC |HIDN |52    |$C$L63
src\app\driver\sbc\nxpfs85xx.c.1.obj|[70]    |0x00000118|0|LOCL |FUNC |HIDN |52    |$C$L64
src\app\driver\sbc\nxpfs85xx.c.1.obj|[71]    |0x0000012c|0|LOCL |FUNC |HIDN |52    |$C$L65
src\app\driver\sbc\nxpfs85xx.c.1.obj|[72]    |0x00000130|0|LOCL |FUNC |HIDN |52    |$C$L66
src\app\driver\sbc\nxpfs85xx.c.1.obj|[75]    |0x000001bc|0|LOCL |FUNC |HIDN |52    |$C$L67
src\app\driver\sbc\nxpfs85xx.c.1.obj|[76]    |0x000001d0|0|LOCL |FUNC |HIDN |52    |$C$L68
src\app\driver\sbc\nxpfs85xx.c.1.obj|[77]    |0x000001d4|0|LOCL |FUNC |HIDN |52    |$C$L69
src\app\driver\sbc\nxpfs85xx.c.1.obj|[11]    |0x0000002c|0|LOCL |FUNC |HIDN |61    |$C$L7
src\app\driver\sbc\nxpfs85xx.c.1.obj|[78]    |0x000001dc|0|LOCL |FUNC |HIDN |52    |$C$L70
src\app\driver\sbc\nxpfs85xx.c.1.obj|[79]    |0x000001e4|0|LOCL |FUNC |HIDN |52    |$C$L71
src\app\driver\sbc\nxpfs85xx.c.1.obj|[80]    |0x000001ec|0|LOCL |FUNC |HIDN |52    |$C$L72
src\app\driver\sbc\nxpfs85xx.c.1.obj|[81]    |0x000001f4|0|LOCL |FUNC |HIDN |52    |$C$L73
src\app\driver\sbc\nxpfs85xx.c.1.obj|[82]    |0x000001fc|0|LOCL |FUNC |HIDN |52    |$C$L74
src\app\driver\sbc\nxpfs85xx.c.1.obj|[83]    |0x00000204|0|LOCL |FUNC |HIDN |52    |$C$L75
src\app\driver\sbc\nxpfs85xx.c.1.obj|[84]    |0x0000020c|0|LOCL |FUNC |HIDN |52    |$C$L76
src\app\driver\sbc\nxpfs85xx.c.1.obj|[85]    |0x00000214|0|LOCL |FUNC |HIDN |52    |$C$L77
src\app\driver\sbc\nxpfs85xx.c.1.obj|[86]    |0x0000021c|0|LOCL |FUNC |HIDN |52    |$C$L78
src\app\driver\sbc\nxpfs85xx.c.1.obj|[87]    |0x00000224|0|LOCL |FUNC |HIDN |52    |$C$L79
src\app\driver\sbc\nxpfs85xx.c.1.obj|[12]    |0x00000034|0|LOCL |FUNC |HIDN |62    |$C$L8
src\app\driver\sbc\nxpfs85xx.c.1.obj|[88]    |0x0000022c|0|LOCL |FUNC |HIDN |52    |$C$L80
src\app\driver\sbc\nxpfs85xx.c.1.obj|[89]    |0x00000234|0|LOCL |FUNC |HIDN |52    |$C$L81
src\app\driver\sbc\nxpfs85xx.c.1.obj|[90]    |0x0000023c|0|LOCL |FUNC |HIDN |52    |$C$L82
src\app\driver\sbc\nxpfs85xx.c.1.obj|[91]    |0x00000244|0|LOCL |FUNC |HIDN |52    |$C$L83
src\app\driver\sbc\nxpfs85xx.c.1.obj|[92]    |0x0000024c|0|LOCL |FUNC |HIDN |52    |$C$L84
src\app\driver\sbc\nxpfs85xx.c.1.obj|[93]    |0x00000254|0|LOCL |FUNC |HIDN |52    |$C$L85
src\app\driver\sbc\nxpfs85xx.c.1.obj|[94]    |0x00000268|0|LOCL |FUNC |HIDN |52    |$C$L86
src\app\driver\sbc\nxpfs85xx.c.1.obj|[95]    |0x0000026c|0|LOCL |FUNC |HIDN |52    |$C$L87
src\app\driver\sbc\nxpfs85xx.c.1.obj|[96]    |0x00000280|0|LOCL |FUNC |HIDN |52    |$C$L88
src\app\driver\sbc\nxpfs85xx.c.1.obj|[97]    |0x00000284|0|LOCL |FUNC |HIDN |52    |$C$L89
src\app\driver\sbc\nxpfs85xx.c.1.obj|[13]    |0x00000050|0|LOCL |FUNC |HIDN |62    |$C$L9
src\app\driver\sbc\nxpfs85xx.c.1.obj|[99]    |0x000002b4|0|LOCL |FUNC |HIDN |52    |$C$L90
src\app\driver\sbc\nxpfs85xx.c.1.obj|[100]   |0x000002d0|0|LOCL |FUNC |HIDN |52    |$C$L91
src\app\driver\sbc\nxpfs85xx.c.1.obj|[101]   |0x000002dc|0|LOCL |FUNC |HIDN |52    |$C$L92
src\app\driver\sbc\nxpfs85xx.c.1.obj|[102]   |0x000002f0|0|LOCL |FUNC |HIDN |52    |$C$L93
src\app\driver\sbc\nxpfs85xx.c.1.obj|[103]   |0x000002f4|0|LOCL |FUNC |HIDN |52    |$C$L94
src\app\driver\sbc\nxpfs85xx.c.1.obj|[104]   |0x00000308|0|LOCL |FUNC |HIDN |52    |$C$L95
src\app\driver\sbc\nxpfs85xx.c.1.obj|[105]   |0x0000030c|0|LOCL |FUNC |HIDN |52    |$C$L96
src\app\driver\sbc\nxpfs85xx.c.1.obj|[106]   |0x00000320|0|LOCL |FUNC |HIDN |52    |$C$L97
src\app\driver\sbc\nxpfs85xx.c.1.obj|[107]   |0x00000324|0|LOCL |FUNC |HIDN |52    |$C$L98
src\app\driver\sbc\nxpfs85xx.c.1.obj|[109]   |0x00000350|0|LOCL |FUNC |HIDN |52    |$C$L99
src\app\driver\sbc\nxpfs85xx.c.1.obj|[237]   |0x00000054|0|LOCL |FUNC |HIDN |60    |$C$LL1
src\app\driver\sbc\nxpfs85xx.c.1.obj|[246]   |0x000000ec|0|LOCL |FUNC |HIDN |74    |$C$LL10
src\app\driver\sbc\nxpfs85xx.c.1.obj|[238]   |0x00000054|0|LOCL |FUNC |HIDN |62    |$C$LL2
src\app\driver\sbc\nxpfs85xx.c.1.obj|[239]   |0x00000064|0|LOCL |FUNC |HIDN |63    |$C$LL3
src\app\driver\sbc\nxpfs85xx.c.1.obj|[240]   |0x00000064|0|LOCL |FUNC |HIDN |65    |$C$LL4
src\app\driver\sbc\nxpfs85xx.c.1.obj|[241]   |0x00000064|0|LOCL |FUNC |HIDN |66    |$C$LL5
src\app\driver\sbc\nxpfs85xx.c.1.obj|[242]   |0x00000064|0|LOCL |FUNC |HIDN |68    |$C$LL6
src\app\driver\sbc\nxpfs85xx.c.1.obj|[243]   |0x000000e4|0|LOCL |FUNC |HIDN |72    |$C$LL7
src\app\driver\sbc\nxpfs85xx.c.1.obj|[244]   |0x000000ec|0|LOCL |FUNC |HIDN |72    |$C$LL8
src\app\driver\sbc\nxpfs85xx.c.1.obj|[245]   |0x000000e4|0|LOCL |FUNC |HIDN |74    |$C$LL9
src\app\driver\sbc\nxpfs85xx.c.1.obj|[50]    |0x00000040|0|LOCL |FUNC |HIDN |52    |$C$SW1
src\app\driver\sbc\nxpfs85xx.c.1.obj|[74]    |0x0000016c|0|LOCL |FUNC |HIDN |52    |$C$SW3
src\app\driver\sbc\nxpfs85xx.c.1.obj|[2]     |0x00000000|4|LOCL |OBJT |HIDN |54    |$P$T0$1
src\app\driver\sbc\nxpfs85xx.c.1.obj|[3]     |0x00000000|4|LOCL |OBJT |HIDN |55    |$P$T1$2
src\app\driver\sbc\nxpfs85xx.c.1.obj|[4]     |0x00000000|4|LOCL |OBJT |HIDN |56    |$P$T2$3
src\app\driver\sbc\nxpfs85xx.c.1.obj|[323]   |0x000004b0|0|LOCL |NONE |HIDN |52    |$a
src\app\driver\sbc\nxpfs85xx.c.1.obj|[324]   |0x000005b0|0|LOCL |NONE |HIDN |52    |$a
src\app\driver\sbc\nxpfs85xx.c.1.obj|[326]   |0x00000708|0|LOCL |NONE |HIDN |52    |$a
src\app\driver\sbc\nxpfs85xx.c.1.obj|[327]   |0x00000974|0|LOCL |NONE |HIDN |52    |$a
src\app\driver\sbc\nxpfs85xx.c.1.obj|[328]   |0x000009a4|0|LOCL |NONE |HIDN |52    |$a
src\app\driver\sbc\nxpfs85xx.c.1.obj|[329]   |0x00000a40|0|LOCL |NONE |HIDN |52    |$a
src\app\driver\sbc\nxpfs85xx.c.1.obj|[330]   |0x00000b0c|0|LOCL |NONE |HIDN |52    |$a
src\app\driver\sbc\nxpfs85xx.c.1.obj|[331]   |0x00000bf4|0|LOCL |NONE |HIDN |52    |$a
src\app\driver\sbc\nxpfs85xx.c.1.obj|[332]   |0x00000e14|0|LOCL |NONE |HIDN |52    |$a
src\app\driver\sbc\nxpfs85xx.c.1.obj|[333]   |0x00001188|0|LOCL |NONE |HIDN |52    |$a
src\app\driver\sbc\nxpfs85xx.c.1.obj|[325]   |0x00000694|0|LOCL |NONE |HIDN |52    |$a
src\app\driver\sbc\nxpfs85xx.c.1.obj|[295]   |0x00000000|0|LOCL |NONE |HIDN |57    |$a
src\app\driver\sbc\nxpfs85xx.c.1.obj|[296]   |0x00000000|0|LOCL |NONE |HIDN |58    |$a
src\app\driver\sbc\nxpfs85xx.c.1.obj|[297]   |0x00000000|0|LOCL |NONE |HIDN |59    |$a
src\app\driver\sbc\nxpfs85xx.c.1.obj|[298]   |0x00000000|0|LOCL |NONE |HIDN |60    |$a
src\app\driver\sbc\nxpfs85xx.c.1.obj|[299]   |0x00000000|0|LOCL |NONE |HIDN |61    |$a
src\app\driver\sbc\nxpfs85xx.c.1.obj|[300]   |0x00000000|0|LOCL |NONE |HIDN |62    |$a
src\app\driver\sbc\nxpfs85xx.c.1.obj|[301]   |0x00000000|0|LOCL |NONE |HIDN |63    |$a
src\app\driver\sbc\nxpfs85xx.c.1.obj|[302]   |0x00000000|0|LOCL |NONE |HIDN |64    |$a
src\app\driver\sbc\nxpfs85xx.c.1.obj|[303]   |0x00000000|0|LOCL |NONE |HIDN |65    |$a
src\app\driver\sbc\nxpfs85xx.c.1.obj|[304]   |0x00000000|0|LOCL |NONE |HIDN |66    |$a
src\app\driver\sbc\nxpfs85xx.c.1.obj|[305]   |0x00000000|0|LOCL |NONE |HIDN |67    |$a
src\app\driver\sbc\nxpfs85xx.c.1.obj|[306]   |0x00000000|0|LOCL |NONE |HIDN |68    |$a
src\app\driver\sbc\nxpfs85xx.c.1.obj|[307]   |0x00000000|0|LOCL |NONE |HIDN |69    |$a
src\app\driver\sbc\nxpfs85xx.c.1.obj|[308]   |0x00000000|0|LOCL |NONE |HIDN |70    |$a
src\app\driver\sbc\nxpfs85xx.c.1.obj|[309]   |0x00000000|0|LOCL |NONE |HIDN |71    |$a
src\app\driver\sbc\nxpfs85xx.c.1.obj|[310]   |0x00000000|0|LOCL |NONE |HIDN |72    |$a
src\app\driver\sbc\nxpfs85xx.c.1.obj|[311]   |0x00000000|0|LOCL |NONE |HIDN |73    |$a
src\app\driver\sbc\nxpfs85xx.c.1.obj|[312]   |0x00000000|0|LOCL |NONE |HIDN |74    |$a
src\app\driver\sbc\nxpfs85xx.c.1.obj|[313]   |0x00000000|0|LOCL |NONE |HIDN |52    |$a
src\app\driver\sbc\nxpfs85xx.c.1.obj|[315]   |0x00000070|0|LOCL |NONE |HIDN |52    |$a
src\app\driver\sbc\nxpfs85xx.c.1.obj|[316]   |0x00000134|0|LOCL |NONE |HIDN |52    |$a
src\app\driver\sbc\nxpfs85xx.c.1.obj|[318]   |0x000001bc|0|LOCL |NONE |HIDN |52    |$a
src\app\driver\sbc\nxpfs85xx.c.1.obj|[319]   |0x00000288|0|LOCL |NONE |HIDN |52    |$a
src\app\driver\sbc\nxpfs85xx.c.1.obj|[320]   |0x00000328|0|LOCL |NONE |HIDN |52    |$a
src\app\driver\sbc\nxpfs85xx.c.1.obj|[321]   |0x00000400|0|LOCL |NONE |HIDN |52    |$a
src\app\driver\sbc\nxpfs85xx.c.1.obj|[322]   |0x00000418|0|LOCL |NONE |HIDN |52    |$a
src\app\driver\sbc\nxpfs85xx.c.1.obj|[337]   |0x00000064|0|LOCL |NONE |HIDN |65    |$d
src\app\driver\sbc\nxpfs85xx.c.1.obj|[338]   |0x00000064|0|LOCL |NONE |HIDN |66    |$d
src\app\driver\sbc\nxpfs85xx.c.1.obj|[314]   |0x00000040|0|LOCL |NONE |HIDN |52    |$d
src\app\driver\sbc\nxpfs85xx.c.1.obj|[339]   |0x00000064|0|LOCL |NONE |HIDN |68    |$d
src\app\driver\sbc\nxpfs85xx.c.1.obj|[340]   |0x000000e4|0|LOCL |NONE |HIDN |72    |$d
src\app\driver\sbc\nxpfs85xx.c.1.obj|[317]   |0x0000016c|0|LOCL |NONE |HIDN |52    |$d
src\app\driver\sbc\nxpfs85xx.c.1.obj|[341]   |0x000000e4|0|LOCL |NONE |HIDN |74    |$d
src\app\driver\sbc\nxpfs85xx.c.1.obj|[342]   |0x000011e0|0|LOCL |NONE |HIDN |52    |$d
src\app\driver\sbc\nxpfs85xx.c.1.obj|[291]   |0x00000000|0|LOCL |NONE |HIDN |53    |$d
src\app\driver\sbc\nxpfs85xx.c.1.obj|[292]   |0x00000000|0|LOCL |NONE |HIDN |54    |$d
src\app\driver\sbc\nxpfs85xx.c.1.obj|[334]   |0x00000054|0|LOCL |NONE |HIDN |60    |$d
src\app\driver\sbc\nxpfs85xx.c.1.obj|[335]   |0x00000054|0|LOCL |NONE |HIDN |62    |$d
src\app\driver\sbc\nxpfs85xx.c.1.obj|[336]   |0x00000064|0|LOCL |NONE |HIDN |63    |$d
src\app\driver\sbc\nxpfs85xx.c.1.obj|[293]   |0x00000000|0|LOCL |NONE |HIDN |55    |$d
src\app\driver\sbc\nxpfs85xx.c.1.obj|[294]   |0x00000000|0|LOCL |NONE |HIDN |56    |$d
src\app\driver\sbc\nxpfs85xx.c.1.obj|[252]   |0x00000000|0|LOCL |SECT |HIDN |54    |.const:$P$T0$1
src\app\driver\sbc\nxpfs85xx.c.1.obj|[253]   |0x00000000|0|LOCL |SECT |HIDN |55    |.const:$P$T1$2
src\app\driver\sbc\nxpfs85xx.c.1.obj|[254]   |0x00000000|0|LOCL |SECT |HIDN |56    |.const:$P$T2$3
src\app\driver\sbc\nxpfs85xx.c.1.obj|[251]   |0x00000000|0|LOCL |SECT |HIDN |53    |.data:fs85xx_mcuSupervisor
src\app\driver\sbc\nxpfs85xx.c.1.obj|[547]   |0x00000000|0|LOCL |SECT |HIDN |278   |.debug_abbrev
src\app\driver\sbc\nxpfs85xx.c.1.obj|[549]   |0x00000000|0|LOCL |SECT |HIDN |280   |.debug_abbrev
src\app\driver\sbc\nxpfs85xx.c.1.obj|[551]   |0x00000000|0|LOCL |SECT |HIDN |282   |.debug_abbrev
src\app\driver\sbc\nxpfs85xx.c.1.obj|[553]   |0x00000000|0|LOCL |SECT |HIDN |284   |.debug_abbrev
src\app\driver\sbc\nxpfs85xx.c.1.obj|[555]   |0x00000000|0|LOCL |SECT |HIDN |286   |.debug_abbrev
src\app\driver\sbc\nxpfs85xx.c.1.obj|[557]   |0x00000000|0|LOCL |SECT |HIDN |288   |.debug_abbrev
src\app\driver\sbc\nxpfs85xx.c.1.obj|[559]   |0x00000000|0|LOCL |SECT |HIDN |290   |.debug_abbrev
src\app\driver\sbc\nxpfs85xx.c.1.obj|[563]   |0x00000000|0|LOCL |SECT |HIDN |294   |.debug_abbrev
src\app\driver\sbc\nxpfs85xx.c.1.obj|[565]   |0x00000000|0|LOCL |SECT |HIDN |296   |.debug_abbrev
src\app\driver\sbc\nxpfs85xx.c.1.obj|[561]   |0x00000000|0|LOCL |SECT |HIDN |292   |.debug_abbrev
src\app\driver\sbc\nxpfs85xx.c.1.obj|[523]   |0x00000000|0|LOCL |SECT |HIDN |254   |.debug_abbrev
src\app\driver\sbc\nxpfs85xx.c.1.obj|[476]   |0x00000000|0|LOCL |SECT |HIDN |208   |.debug_abbrev
src\app\driver\sbc\nxpfs85xx.c.1.obj|[477]   |0x00000000|0|LOCL |SECT |HIDN |209   |.debug_abbrev
src\app\driver\sbc\nxpfs85xx.c.1.obj|[478]   |0x00000000|0|LOCL |SECT |HIDN |210   |.debug_abbrev
src\app\driver\sbc\nxpfs85xx.c.1.obj|[479]   |0x00000000|0|LOCL |SECT |HIDN |211   |.debug_abbrev
src\app\driver\sbc\nxpfs85xx.c.1.obj|[480]   |0x00000000|0|LOCL |SECT |HIDN |212   |.debug_abbrev
src\app\driver\sbc\nxpfs85xx.c.1.obj|[481]   |0x00000000|0|LOCL |SECT |HIDN |213   |.debug_abbrev
src\app\driver\sbc\nxpfs85xx.c.1.obj|[487]   |0x00000000|0|LOCL |SECT |HIDN |219   |.debug_abbrev
src\app\driver\sbc\nxpfs85xx.c.1.obj|[482]   |0x00000000|0|LOCL |SECT |HIDN |214   |.debug_abbrev
src\app\driver\sbc\nxpfs85xx.c.1.obj|[483]   |0x00000000|0|LOCL |SECT |HIDN |215   |.debug_abbrev
src\app\driver\sbc\nxpfs85xx.c.1.obj|[484]   |0x00000000|0|LOCL |SECT |HIDN |216   |.debug_abbrev
src\app\driver\sbc\nxpfs85xx.c.1.obj|[485]   |0x00000000|0|LOCL |SECT |HIDN |217   |.debug_abbrev
src\app\driver\sbc\nxpfs85xx.c.1.obj|[486]   |0x00000000|0|LOCL |SECT |HIDN |218   |.debug_abbrev
src\app\driver\sbc\nxpfs85xx.c.1.obj|[488]   |0x00000000|0|LOCL |SECT |HIDN |220   |.debug_abbrev
src\app\driver\sbc\nxpfs85xx.c.1.obj|[489]   |0x00000000|0|LOCL |SECT |HIDN |221   |.debug_abbrev
src\app\driver\sbc\nxpfs85xx.c.1.obj|[490]   |0x00000000|0|LOCL |SECT |HIDN |222   |.debug_abbrev
src\app\driver\sbc\nxpfs85xx.c.1.obj|[491]   |0x00000000|0|LOCL |SECT |HIDN |223   |.debug_abbrev
src\app\driver\sbc\nxpfs85xx.c.1.obj|[492]   |0x00000000|0|LOCL |SECT |HIDN |224   |.debug_abbrev
src\app\driver\sbc\nxpfs85xx.c.1.obj|[493]   |0x00000000|0|LOCL |SECT |HIDN |225   |.debug_abbrev
src\app\driver\sbc\nxpfs85xx.c.1.obj|[494]   |0x00000000|0|LOCL |SECT |HIDN |226   |.debug_abbrev
src\app\driver\sbc\nxpfs85xx.c.1.obj|[495]   |0x00000000|0|LOCL |SECT |HIDN |227   |.debug_abbrev
src\app\driver\sbc\nxpfs85xx.c.1.obj|[496]   |0x00000000|0|LOCL |SECT |HIDN |228   |.debug_abbrev
src\app\driver\sbc\nxpfs85xx.c.1.obj|[497]   |0x00000000|0|LOCL |SECT |HIDN |229   |.debug_abbrev
src\app\driver\sbc\nxpfs85xx.c.1.obj|[498]   |0x00000000|0|LOCL |SECT |HIDN |230   |.debug_abbrev
src\app\driver\sbc\nxpfs85xx.c.1.obj|[499]   |0x00000000|0|LOCL |SECT |HIDN |231   |.debug_abbrev
src\app\driver\sbc\nxpfs85xx.c.1.obj|[501]   |0x00000000|0|LOCL |SECT |HIDN |232   |.debug_abbrev
src\app\driver\sbc\nxpfs85xx.c.1.obj|[503]   |0x00000000|0|LOCL |SECT |HIDN |234   |.debug_abbrev
src\app\driver\sbc\nxpfs85xx.c.1.obj|[505]   |0x00000000|0|LOCL |SECT |HIDN |236   |.debug_abbrev
src\app\driver\sbc\nxpfs85xx.c.1.obj|[507]   |0x00000000|0|LOCL |SECT |HIDN |238   |.debug_abbrev
src\app\driver\sbc\nxpfs85xx.c.1.obj|[509]   |0x00000000|0|LOCL |SECT |HIDN |240   |.debug_abbrev
src\app\driver\sbc\nxpfs85xx.c.1.obj|[511]   |0x00000000|0|LOCL |SECT |HIDN |242   |.debug_abbrev
src\app\driver\sbc\nxpfs85xx.c.1.obj|[513]   |0x00000000|0|LOCL |SECT |HIDN |244   |.debug_abbrev
src\app\driver\sbc\nxpfs85xx.c.1.obj|[515]   |0x00000000|0|LOCL |SECT |HIDN |246   |.debug_abbrev
src\app\driver\sbc\nxpfs85xx.c.1.obj|[517]   |0x00000000|0|LOCL |SECT |HIDN |248   |.debug_abbrev
src\app\driver\sbc\nxpfs85xx.c.1.obj|[519]   |0x00000000|0|LOCL |SECT |HIDN |250   |.debug_abbrev
src\app\driver\sbc\nxpfs85xx.c.1.obj|[521]   |0x00000000|0|LOCL |SECT |HIDN |252   |.debug_abbrev
src\app\driver\sbc\nxpfs85xx.c.1.obj|[525]   |0x00000000|0|LOCL |SECT |HIDN |256   |.debug_abbrev
src\app\driver\sbc\nxpfs85xx.c.1.obj|[527]   |0x00000000|0|LOCL |SECT |HIDN |258   |.debug_abbrev
src\app\driver\sbc\nxpfs85xx.c.1.obj|[529]   |0x00000000|0|LOCL |SECT |HIDN |260   |.debug_abbrev
src\app\driver\sbc\nxpfs85xx.c.1.obj|[531]   |0x00000000|0|LOCL |SECT |HIDN |262   |.debug_abbrev
src\app\driver\sbc\nxpfs85xx.c.1.obj|[533]   |0x00000000|0|LOCL |SECT |HIDN |264   |.debug_abbrev
src\app\driver\sbc\nxpfs85xx.c.1.obj|[535]   |0x00000000|0|LOCL |SECT |HIDN |266   |.debug_abbrev
src\app\driver\sbc\nxpfs85xx.c.1.obj|[537]   |0x00000000|0|LOCL |SECT |HIDN |268   |.debug_abbrev
src\app\driver\sbc\nxpfs85xx.c.1.obj|[539]   |0x00000000|0|LOCL |SECT |HIDN |270   |.debug_abbrev
src\app\driver\sbc\nxpfs85xx.c.1.obj|[541]   |0x00000000|0|LOCL |SECT |HIDN |272   |.debug_abbrev
src\app\driver\sbc\nxpfs85xx.c.1.obj|[543]   |0x00000000|0|LOCL |SECT |HIDN |274   |.debug_abbrev
src\app\driver\sbc\nxpfs85xx.c.1.obj|[545]   |0x00000000|0|LOCL |SECT |HIDN |276   |.debug_abbrev
src\app\driver\sbc\nxpfs85xx.c.1.obj|[584]   |0x00000000|0|LOCL |SECT |HIDN |316   |.debug_aranges
src\app\driver\sbc\nxpfs85xx.c.1.obj|[573]   |0x00000000|0|LOCL |SECT |HIDN |305   |.debug_aranges
src\app\driver\sbc\nxpfs85xx.c.1.obj|[566]   |0x00000000|0|LOCL |SECT |HIDN |298   |.debug_aranges
src\app\driver\sbc\nxpfs85xx.c.1.obj|[567]   |0x00000000|0|LOCL |SECT |HIDN |299   |.debug_aranges
src\app\driver\sbc\nxpfs85xx.c.1.obj|[568]   |0x00000000|0|LOCL |SECT |HIDN |300   |.debug_aranges
src\app\driver\sbc\nxpfs85xx.c.1.obj|[569]   |0x00000000|0|LOCL |SECT |HIDN |301   |.debug_aranges
src\app\driver\sbc\nxpfs85xx.c.1.obj|[570]   |0x00000000|0|LOCL |SECT |HIDN |302   |.debug_aranges
src\app\driver\sbc\nxpfs85xx.c.1.obj|[571]   |0x00000000|0|LOCL |SECT |HIDN |303   |.debug_aranges
src\app\driver\sbc\nxpfs85xx.c.1.obj|[572]   |0x00000000|0|LOCL |SECT |HIDN |304   |.debug_aranges
src\app\driver\sbc\nxpfs85xx.c.1.obj|[574]   |0x00000000|0|LOCL |SECT |HIDN |306   |.debug_aranges
src\app\driver\sbc\nxpfs85xx.c.1.obj|[575]   |0x00000000|0|LOCL |SECT |HIDN |307   |.debug_aranges
src\app\driver\sbc\nxpfs85xx.c.1.obj|[576]   |0x00000000|0|LOCL |SECT |HIDN |308   |.debug_aranges
src\app\driver\sbc\nxpfs85xx.c.1.obj|[577]   |0x00000000|0|LOCL |SECT |HIDN |309   |.debug_aranges
src\app\driver\sbc\nxpfs85xx.c.1.obj|[578]   |0x00000000|0|LOCL |SECT |HIDN |310   |.debug_aranges
src\app\driver\sbc\nxpfs85xx.c.1.obj|[579]   |0x00000000|0|LOCL |SECT |HIDN |311   |.debug_aranges
src\app\driver\sbc\nxpfs85xx.c.1.obj|[580]   |0x00000000|0|LOCL |SECT |HIDN |312   |.debug_aranges
src\app\driver\sbc\nxpfs85xx.c.1.obj|[581]   |0x00000000|0|LOCL |SECT |HIDN |313   |.debug_aranges
src\app\driver\sbc\nxpfs85xx.c.1.obj|[582]   |0x00000000|0|LOCL |SECT |HIDN |314   |.debug_aranges
src\app\driver\sbc\nxpfs85xx.c.1.obj|[583]   |0x00000000|0|LOCL |SECT |HIDN |315   |.debug_aranges
src\app\driver\sbc\nxpfs85xx.c.1.obj|[463]   |0x00000000|0|LOCL |SECT |HIDN |195   |.debug_frame
src\app\driver\sbc\nxpfs85xx.c.1.obj|[462]   |0x00000000|0|LOCL |SECT |HIDN |194   |.debug_frame
src\app\driver\sbc\nxpfs85xx.c.1.obj|[464]   |0x00000000|0|LOCL |SECT |HIDN |196   |.debug_frame
src\app\driver\sbc\nxpfs85xx.c.1.obj|[461]   |0x00000000|0|LOCL |SECT |HIDN |193   |.debug_frame
src\app\driver\sbc\nxpfs85xx.c.1.obj|[460]   |0x00000000|0|LOCL |SECT |HIDN |192   |.debug_frame
src\app\driver\sbc\nxpfs85xx.c.1.obj|[459]   |0x00000000|0|LOCL |SECT |HIDN |191   |.debug_frame
src\app\driver\sbc\nxpfs85xx.c.1.obj|[458]   |0x00000000|0|LOCL |SECT |HIDN |190   |.debug_frame
src\app\driver\sbc\nxpfs85xx.c.1.obj|[457]   |0x00000000|0|LOCL |SECT |HIDN |189   |.debug_frame
src\app\driver\sbc\nxpfs85xx.c.1.obj|[474]   |0x00000000|0|LOCL |SECT |HIDN |206   |.debug_frame
src\app\driver\sbc\nxpfs85xx.c.1.obj|[465]   |0x00000000|0|LOCL |SECT |HIDN |197   |.debug_frame
src\app\driver\sbc\nxpfs85xx.c.1.obj|[468]   |0x00000000|0|LOCL |SECT |HIDN |200   |.debug_frame
src\app\driver\sbc\nxpfs85xx.c.1.obj|[469]   |0x00000000|0|LOCL |SECT |HIDN |201   |.debug_frame
src\app\driver\sbc\nxpfs85xx.c.1.obj|[470]   |0x00000000|0|LOCL |SECT |HIDN |202   |.debug_frame
src\app\driver\sbc\nxpfs85xx.c.1.obj|[466]   |0x00000000|0|LOCL |SECT |HIDN |198   |.debug_frame
src\app\driver\sbc\nxpfs85xx.c.1.obj|[467]   |0x00000000|0|LOCL |SECT |HIDN |199   |.debug_frame
src\app\driver\sbc\nxpfs85xx.c.1.obj|[472]   |0x00000000|0|LOCL |SECT |HIDN |204   |.debug_frame
src\app\driver\sbc\nxpfs85xx.c.1.obj|[473]   |0x00000000|0|LOCL |SECT |HIDN |205   |.debug_frame
src\app\driver\sbc\nxpfs85xx.c.1.obj|[475]   |0x00000000|0|LOCL |SECT |HIDN |207   |.debug_frame
src\app\driver\sbc\nxpfs85xx.c.1.obj|[471]   |0x00000000|0|LOCL |SECT |HIDN |203   |.debug_frame
src\app\driver\sbc\nxpfs85xx.c.1.obj|[369]   |0x00000000|0|LOCL |SECT |HIDN |101   |.debug_info
src\app\driver\sbc\nxpfs85xx.c.1.obj|[368]   |0x00000000|0|LOCL |SECT |HIDN |100   |.debug_info
src\app\driver\sbc\nxpfs85xx.c.1.obj|[367]   |0x00000000|0|LOCL |SECT |HIDN |99    |.debug_info
src\app\driver\sbc\nxpfs85xx.c.1.obj|[366]   |0x00000000|0|LOCL |SECT |HIDN |98    |.debug_info
src\app\driver\sbc\nxpfs85xx.c.1.obj|[364]   |0x00000000|0|LOCL |SECT |HIDN |96    |.debug_info
src\app\driver\sbc\nxpfs85xx.c.1.obj|[365]   |0x00000000|0|LOCL |SECT |HIDN |97    |.debug_info
src\app\driver\sbc\nxpfs85xx.c.1.obj|[363]   |0x00000000|0|LOCL |SECT |HIDN |95    |.debug_info
src\app\driver\sbc\nxpfs85xx.c.1.obj|[362]   |0x00000000|0|LOCL |SECT |HIDN |94    |.debug_info
src\app\driver\sbc\nxpfs85xx.c.1.obj|[361]   |0x00000000|0|LOCL |SECT |HIDN |93    |.debug_info
src\app\driver\sbc\nxpfs85xx.c.1.obj|[397]   |0x00000000|0|LOCL |SECT |HIDN |129   |.debug_info
src\app\driver\sbc\nxpfs85xx.c.1.obj|[343]   |0x00000000|0|LOCL |SECT |HIDN |75    |.debug_info
src\app\driver\sbc\nxpfs85xx.c.1.obj|[344]   |0x00000000|0|LOCL |SECT |HIDN |76    |.debug_info
src\app\driver\sbc\nxpfs85xx.c.1.obj|[345]   |0x00000000|0|LOCL |SECT |HIDN |77    |.debug_info
src\app\driver\sbc\nxpfs85xx.c.1.obj|[346]   |0x00000000|0|LOCL |SECT |HIDN |78    |.debug_info
src\app\driver\sbc\nxpfs85xx.c.1.obj|[347]   |0x00000000|0|LOCL |SECT |HIDN |79    |.debug_info
src\app\driver\sbc\nxpfs85xx.c.1.obj|[348]   |0x00000000|0|LOCL |SECT |HIDN |80    |.debug_info
src\app\driver\sbc\nxpfs85xx.c.1.obj|[349]   |0x00000000|0|LOCL |SECT |HIDN |81    |.debug_info
src\app\driver\sbc\nxpfs85xx.c.1.obj|[350]   |0x00000000|0|LOCL |SECT |HIDN |82    |.debug_info
src\app\driver\sbc\nxpfs85xx.c.1.obj|[351]   |0x00000000|0|LOCL |SECT |HIDN |83    |.debug_info
src\app\driver\sbc\nxpfs85xx.c.1.obj|[352]   |0x00000000|0|LOCL |SECT |HIDN |84    |.debug_info
src\app\driver\sbc\nxpfs85xx.c.1.obj|[353]   |0x00000000|0|LOCL |SECT |HIDN |85    |.debug_info
src\app\driver\sbc\nxpfs85xx.c.1.obj|[354]   |0x00000000|0|LOCL |SECT |HIDN |86    |.debug_info
src\app\driver\sbc\nxpfs85xx.c.1.obj|[355]   |0x00000000|0|LOCL |SECT |HIDN |87    |.debug_info
src\app\driver\sbc\nxpfs85xx.c.1.obj|[356]   |0x00000000|0|LOCL |SECT |HIDN |88    |.debug_info
src\app\driver\sbc\nxpfs85xx.c.1.obj|[357]   |0x00000000|0|LOCL |SECT |HIDN |89    |.debug_info
src\app\driver\sbc\nxpfs85xx.c.1.obj|[358]   |0x00000000|0|LOCL |SECT |HIDN |90    |.debug_info
src\app\driver\sbc\nxpfs85xx.c.1.obj|[399]   |0x00000000|0|LOCL |SECT |HIDN |131   |.debug_info
src\app\driver\sbc\nxpfs85xx.c.1.obj|[398]   |0x00000000|0|LOCL |SECT |HIDN |130   |.debug_info
src\app\driver\sbc\nxpfs85xx.c.1.obj|[396]   |0x00000000|0|LOCL |SECT |HIDN |128   |.debug_info
src\app\driver\sbc\nxpfs85xx.c.1.obj|[395]   |0x00000000|0|LOCL |SECT |HIDN |127   |.debug_info
src\app\driver\sbc\nxpfs85xx.c.1.obj|[394]   |0x00000000|0|LOCL |SECT |HIDN |126   |.debug_info
src\app\driver\sbc\nxpfs85xx.c.1.obj|[393]   |0x00000000|0|LOCL |SECT |HIDN |125   |.debug_info
src\app\driver\sbc\nxpfs85xx.c.1.obj|[392]   |0x00000000|0|LOCL |SECT |HIDN |124   |.debug_info
src\app\driver\sbc\nxpfs85xx.c.1.obj|[391]   |0x00000000|0|LOCL |SECT |HIDN |123   |.debug_info
src\app\driver\sbc\nxpfs85xx.c.1.obj|[389]   |0x00000000|0|LOCL |SECT |HIDN |121   |.debug_info
src\app\driver\sbc\nxpfs85xx.c.1.obj|[390]   |0x00000000|0|LOCL |SECT |HIDN |122   |.debug_info
src\app\driver\sbc\nxpfs85xx.c.1.obj|[388]   |0x00000000|0|LOCL |SECT |HIDN |120   |.debug_info
src\app\driver\sbc\nxpfs85xx.c.1.obj|[387]   |0x00000000|0|LOCL |SECT |HIDN |119   |.debug_info
src\app\driver\sbc\nxpfs85xx.c.1.obj|[386]   |0x00000000|0|LOCL |SECT |HIDN |118   |.debug_info
src\app\driver\sbc\nxpfs85xx.c.1.obj|[385]   |0x00000000|0|LOCL |SECT |HIDN |117   |.debug_info
src\app\driver\sbc\nxpfs85xx.c.1.obj|[384]   |0x00000000|0|LOCL |SECT |HIDN |116   |.debug_info
src\app\driver\sbc\nxpfs85xx.c.1.obj|[383]   |0x00000000|0|LOCL |SECT |HIDN |115   |.debug_info
src\app\driver\sbc\nxpfs85xx.c.1.obj|[382]   |0x00000000|0|LOCL |SECT |HIDN |114   |.debug_info
src\app\driver\sbc\nxpfs85xx.c.1.obj|[381]   |0x00000000|0|LOCL |SECT |HIDN |113   |.debug_info
src\app\driver\sbc\nxpfs85xx.c.1.obj|[380]   |0x00000000|0|LOCL |SECT |HIDN |112   |.debug_info
src\app\driver\sbc\nxpfs85xx.c.1.obj|[360]   |0x00000000|0|LOCL |SECT |HIDN |92    |.debug_info
src\app\driver\sbc\nxpfs85xx.c.1.obj|[359]   |0x00000000|0|LOCL |SECT |HIDN |91    |.debug_info
src\app\driver\sbc\nxpfs85xx.c.1.obj|[379]   |0x00000000|0|LOCL |SECT |HIDN |111   |.debug_info
src\app\driver\sbc\nxpfs85xx.c.1.obj|[378]   |0x00000000|0|LOCL |SECT |HIDN |110   |.debug_info
src\app\driver\sbc\nxpfs85xx.c.1.obj|[377]   |0x00000000|0|LOCL |SECT |HIDN |109   |.debug_info
src\app\driver\sbc\nxpfs85xx.c.1.obj|[376]   |0x00000000|0|LOCL |SECT |HIDN |108   |.debug_info
src\app\driver\sbc\nxpfs85xx.c.1.obj|[375]   |0x00000000|0|LOCL |SECT |HIDN |107   |.debug_info
src\app\driver\sbc\nxpfs85xx.c.1.obj|[374]   |0x00000000|0|LOCL |SECT |HIDN |106   |.debug_info
src\app\driver\sbc\nxpfs85xx.c.1.obj|[373]   |0x00000000|0|LOCL |SECT |HIDN |105   |.debug_info
src\app\driver\sbc\nxpfs85xx.c.1.obj|[372]   |0x00000000|0|LOCL |SECT |HIDN |104   |.debug_info
src\app\driver\sbc\nxpfs85xx.c.1.obj|[371]   |0x00000000|0|LOCL |SECT |HIDN |103   |.debug_info
src\app\driver\sbc\nxpfs85xx.c.1.obj|[370]   |0x00000000|0|LOCL |SECT |HIDN |102   |.debug_info
src\app\driver\sbc\nxpfs85xx.c.1.obj|[429]   |0x00000000|0|LOCL |SECT |HIDN |161   |.debug_line
src\app\driver\sbc\nxpfs85xx.c.1.obj|[430]   |0x00000000|0|LOCL |SECT |HIDN |162   |.debug_line
src\app\driver\sbc\nxpfs85xx.c.1.obj|[431]   |0x00000000|0|LOCL |SECT |HIDN |163   |.debug_line
src\app\driver\sbc\nxpfs85xx.c.1.obj|[432]   |0x00000000|0|LOCL |SECT |HIDN |164   |.debug_line
src\app\driver\sbc\nxpfs85xx.c.1.obj|[433]   |0x00000000|0|LOCL |SECT |HIDN |165   |.debug_line
src\app\driver\sbc\nxpfs85xx.c.1.obj|[434]   |0x00000000|0|LOCL |SECT |HIDN |166   |.debug_line
src\app\driver\sbc\nxpfs85xx.c.1.obj|[435]   |0x00000000|0|LOCL |SECT |HIDN |167   |.debug_line
src\app\driver\sbc\nxpfs85xx.c.1.obj|[436]   |0x00000000|0|LOCL |SECT |HIDN |168   |.debug_line
src\app\driver\sbc\nxpfs85xx.c.1.obj|[437]   |0x00000000|0|LOCL |SECT |HIDN |169   |.debug_line
src\app\driver\sbc\nxpfs85xx.c.1.obj|[438]   |0x00000000|0|LOCL |SECT |HIDN |170   |.debug_line
src\app\driver\sbc\nxpfs85xx.c.1.obj|[439]   |0x00000000|0|LOCL |SECT |HIDN |171   |.debug_line
src\app\driver\sbc\nxpfs85xx.c.1.obj|[440]   |0x00000000|0|LOCL |SECT |HIDN |172   |.debug_line
src\app\driver\sbc\nxpfs85xx.c.1.obj|[441]   |0x00000000|0|LOCL |SECT |HIDN |173   |.debug_line
src\app\driver\sbc\nxpfs85xx.c.1.obj|[442]   |0x00000000|0|LOCL |SECT |HIDN |174   |.debug_line
src\app\driver\sbc\nxpfs85xx.c.1.obj|[443]   |0x00000000|0|LOCL |SECT |HIDN |175   |.debug_line
src\app\driver\sbc\nxpfs85xx.c.1.obj|[444]   |0x00000000|0|LOCL |SECT |HIDN |176   |.debug_line
src\app\driver\sbc\nxpfs85xx.c.1.obj|[445]   |0x00000000|0|LOCL |SECT |HIDN |177   |.debug_line
src\app\driver\sbc\nxpfs85xx.c.1.obj|[446]   |0x00000000|0|LOCL |SECT |HIDN |178   |.debug_line
src\app\driver\sbc\nxpfs85xx.c.1.obj|[447]   |0x00000000|0|LOCL |SECT |HIDN |179   |.debug_line
src\app\driver\sbc\nxpfs85xx.c.1.obj|[449]   |0x00000000|0|LOCL |SECT |HIDN |181   |.debug_line
src\app\driver\sbc\nxpfs85xx.c.1.obj|[450]   |0x00000000|0|LOCL |SECT |HIDN |182   |.debug_line
src\app\driver\sbc\nxpfs85xx.c.1.obj|[451]   |0x00000000|0|LOCL |SECT |HIDN |183   |.debug_line
src\app\driver\sbc\nxpfs85xx.c.1.obj|[452]   |0x00000000|0|LOCL |SECT |HIDN |184   |.debug_line
src\app\driver\sbc\nxpfs85xx.c.1.obj|[453]   |0x00000000|0|LOCL |SECT |HIDN |185   |.debug_line
src\app\driver\sbc\nxpfs85xx.c.1.obj|[454]   |0x00000000|0|LOCL |SECT |HIDN |186   |.debug_line
src\app\driver\sbc\nxpfs85xx.c.1.obj|[455]   |0x00000000|0|LOCL |SECT |HIDN |187   |.debug_line
src\app\driver\sbc\nxpfs85xx.c.1.obj|[456]   |0x00000000|0|LOCL |SECT |HIDN |188   |.debug_line
src\app\driver\sbc\nxpfs85xx.c.1.obj|[448]   |0x00000000|0|LOCL |SECT |HIDN |180   |.debug_line
src\app\driver\sbc\nxpfs85xx.c.1.obj|[400]   |0x00000000|0|LOCL |SECT |HIDN |132   |.debug_line
src\app\driver\sbc\nxpfs85xx.c.1.obj|[401]   |0x00000000|0|LOCL |SECT |HIDN |133   |.debug_line
src\app\driver\sbc\nxpfs85xx.c.1.obj|[402]   |0x00000000|0|LOCL |SECT |HIDN |134   |.debug_line
src\app\driver\sbc\nxpfs85xx.c.1.obj|[403]   |0x00000000|0|LOCL |SECT |HIDN |135   |.debug_line
src\app\driver\sbc\nxpfs85xx.c.1.obj|[404]   |0x00000000|0|LOCL |SECT |HIDN |136   |.debug_line
src\app\driver\sbc\nxpfs85xx.c.1.obj|[405]   |0x00000000|0|LOCL |SECT |HIDN |137   |.debug_line
src\app\driver\sbc\nxpfs85xx.c.1.obj|[406]   |0x00000000|0|LOCL |SECT |HIDN |138   |.debug_line
src\app\driver\sbc\nxpfs85xx.c.1.obj|[407]   |0x00000000|0|LOCL |SECT |HIDN |139   |.debug_line
src\app\driver\sbc\nxpfs85xx.c.1.obj|[408]   |0x00000000|0|LOCL |SECT |HIDN |140   |.debug_line
src\app\driver\sbc\nxpfs85xx.c.1.obj|[409]   |0x00000000|0|LOCL |SECT |HIDN |141   |.debug_line
src\app\driver\sbc\nxpfs85xx.c.1.obj|[410]   |0x00000000|0|LOCL |SECT |HIDN |142   |.debug_line
src\app\driver\sbc\nxpfs85xx.c.1.obj|[411]   |0x00000000|0|LOCL |SECT |HIDN |143   |.debug_line
src\app\driver\sbc\nxpfs85xx.c.1.obj|[412]   |0x00000000|0|LOCL |SECT |HIDN |144   |.debug_line
src\app\driver\sbc\nxpfs85xx.c.1.obj|[413]   |0x00000000|0|LOCL |SECT |HIDN |145   |.debug_line
src\app\driver\sbc\nxpfs85xx.c.1.obj|[414]   |0x00000000|0|LOCL |SECT |HIDN |146   |.debug_line
src\app\driver\sbc\nxpfs85xx.c.1.obj|[415]   |0x00000000|0|LOCL |SECT |HIDN |147   |.debug_line
src\app\driver\sbc\nxpfs85xx.c.1.obj|[416]   |0x00000000|0|LOCL |SECT |HIDN |148   |.debug_line
src\app\driver\sbc\nxpfs85xx.c.1.obj|[417]   |0x00000000|0|LOCL |SECT |HIDN |149   |.debug_line
src\app\driver\sbc\nxpfs85xx.c.1.obj|[418]   |0x00000000|0|LOCL |SECT |HIDN |150   |.debug_line
src\app\driver\sbc\nxpfs85xx.c.1.obj|[419]   |0x00000000|0|LOCL |SECT |HIDN |151   |.debug_line
src\app\driver\sbc\nxpfs85xx.c.1.obj|[420]   |0x00000000|0|LOCL |SECT |HIDN |152   |.debug_line
src\app\driver\sbc\nxpfs85xx.c.1.obj|[421]   |0x00000000|0|LOCL |SECT |HIDN |153   |.debug_line
src\app\driver\sbc\nxpfs85xx.c.1.obj|[422]   |0x00000000|0|LOCL |SECT |HIDN |154   |.debug_line
src\app\driver\sbc\nxpfs85xx.c.1.obj|[423]   |0x00000000|0|LOCL |SECT |HIDN |155   |.debug_line
src\app\driver\sbc\nxpfs85xx.c.1.obj|[424]   |0x00000000|0|LOCL |SECT |HIDN |156   |.debug_line
src\app\driver\sbc\nxpfs85xx.c.1.obj|[425]   |0x00000000|0|LOCL |SECT |HIDN |157   |.debug_line
src\app\driver\sbc\nxpfs85xx.c.1.obj|[426]   |0x00000000|0|LOCL |SECT |HIDN |158   |.debug_line
src\app\driver\sbc\nxpfs85xx.c.1.obj|[427]   |0x00000000|0|LOCL |SECT |HIDN |159   |.debug_line
src\app\driver\sbc\nxpfs85xx.c.1.obj|[428]   |0x00000000|0|LOCL |SECT |HIDN |160   |.debug_line
src\app\driver\sbc\nxpfs85xx.c.1.obj|[591]   |0x00000000|0|LOCL |SECT |HIDN |323   |.debug_pubnames
src\app\driver\sbc\nxpfs85xx.c.1.obj|[590]   |0x00000000|0|LOCL |SECT |HIDN |322   |.debug_pubnames
src\app\driver\sbc\nxpfs85xx.c.1.obj|[606]   |0x00000000|0|LOCL |SECT |HIDN |338   |.debug_pubnames
src\app\driver\sbc\nxpfs85xx.c.1.obj|[589]   |0x00000000|0|LOCL |SECT |HIDN |321   |.debug_pubnames
src\app\driver\sbc\nxpfs85xx.c.1.obj|[607]   |0x00000000|0|LOCL |SECT |HIDN |339   |.debug_pubnames
src\app\driver\sbc\nxpfs85xx.c.1.obj|[588]   |0x00000000|0|LOCL |SECT |HIDN |320   |.debug_pubnames
src\app\driver\sbc\nxpfs85xx.c.1.obj|[587]   |0x00000000|0|LOCL |SECT |HIDN |319   |.debug_pubnames
src\app\driver\sbc\nxpfs85xx.c.1.obj|[586]   |0x00000000|0|LOCL |SECT |HIDN |318   |.debug_pubnames
src\app\driver\sbc\nxpfs85xx.c.1.obj|[585]   |0x00000000|0|LOCL |SECT |HIDN |317   |.debug_pubnames
src\app\driver\sbc\nxpfs85xx.c.1.obj|[604]   |0x00000000|0|LOCL |SECT |HIDN |336   |.debug_pubnames
src\app\driver\sbc\nxpfs85xx.c.1.obj|[603]   |0x00000000|0|LOCL |SECT |HIDN |335   |.debug_pubnames
src\app\driver\sbc\nxpfs85xx.c.1.obj|[602]   |0x00000000|0|LOCL |SECT |HIDN |334   |.debug_pubnames
src\app\driver\sbc\nxpfs85xx.c.1.obj|[605]   |0x00000000|0|LOCL |SECT |HIDN |337   |.debug_pubnames
src\app\driver\sbc\nxpfs85xx.c.1.obj|[601]   |0x00000000|0|LOCL |SECT |HIDN |333   |.debug_pubnames
src\app\driver\sbc\nxpfs85xx.c.1.obj|[600]   |0x00000000|0|LOCL |SECT |HIDN |332   |.debug_pubnames
src\app\driver\sbc\nxpfs85xx.c.1.obj|[599]   |0x00000000|0|LOCL |SECT |HIDN |331   |.debug_pubnames
src\app\driver\sbc\nxpfs85xx.c.1.obj|[598]   |0x00000000|0|LOCL |SECT |HIDN |330   |.debug_pubnames
src\app\driver\sbc\nxpfs85xx.c.1.obj|[593]   |0x00000000|0|LOCL |SECT |HIDN |325   |.debug_pubnames
src\app\driver\sbc\nxpfs85xx.c.1.obj|[597]   |0x00000000|0|LOCL |SECT |HIDN |329   |.debug_pubnames
src\app\driver\sbc\nxpfs85xx.c.1.obj|[596]   |0x00000000|0|LOCL |SECT |HIDN |328   |.debug_pubnames
src\app\driver\sbc\nxpfs85xx.c.1.obj|[595]   |0x00000000|0|LOCL |SECT |HIDN |327   |.debug_pubnames
src\app\driver\sbc\nxpfs85xx.c.1.obj|[594]   |0x00000000|0|LOCL |SECT |HIDN |326   |.debug_pubnames
src\app\driver\sbc\nxpfs85xx.c.1.obj|[592]   |0x00000000|0|LOCL |SECT |HIDN |324   |.debug_pubnames
src\app\driver\sbc\nxpfs85xx.c.1.obj|[640]   |0x00000000|0|LOCL |SECT |HIDN |372   |.debug_pubtypes
src\app\driver\sbc\nxpfs85xx.c.1.obj|[626]   |0x00000000|0|LOCL |SECT |HIDN |358   |.debug_pubtypes
src\app\driver\sbc\nxpfs85xx.c.1.obj|[625]   |0x00000000|0|LOCL |SECT |HIDN |357   |.debug_pubtypes
src\app\driver\sbc\nxpfs85xx.c.1.obj|[624]   |0x00000000|0|LOCL |SECT |HIDN |356   |.debug_pubtypes
src\app\driver\sbc\nxpfs85xx.c.1.obj|[608]   |0x00000000|0|LOCL |SECT |HIDN |340   |.debug_pubtypes
src\app\driver\sbc\nxpfs85xx.c.1.obj|[623]   |0x00000000|0|LOCL |SECT |HIDN |355   |.debug_pubtypes
src\app\driver\sbc\nxpfs85xx.c.1.obj|[609]   |0x00000000|0|LOCL |SECT |HIDN |341   |.debug_pubtypes
src\app\driver\sbc\nxpfs85xx.c.1.obj|[622]   |0x00000000|0|LOCL |SECT |HIDN |354   |.debug_pubtypes
src\app\driver\sbc\nxpfs85xx.c.1.obj|[610]   |0x00000000|0|LOCL |SECT |HIDN |342   |.debug_pubtypes
src\app\driver\sbc\nxpfs85xx.c.1.obj|[621]   |0x00000000|0|LOCL |SECT |HIDN |353   |.debug_pubtypes
src\app\driver\sbc\nxpfs85xx.c.1.obj|[620]   |0x00000000|0|LOCL |SECT |HIDN |352   |.debug_pubtypes
src\app\driver\sbc\nxpfs85xx.c.1.obj|[639]   |0x00000000|0|LOCL |SECT |HIDN |371   |.debug_pubtypes
src\app\driver\sbc\nxpfs85xx.c.1.obj|[619]   |0x00000000|0|LOCL |SECT |HIDN |351   |.debug_pubtypes
src\app\driver\sbc\nxpfs85xx.c.1.obj|[618]   |0x00000000|0|LOCL |SECT |HIDN |350   |.debug_pubtypes
src\app\driver\sbc\nxpfs85xx.c.1.obj|[617]   |0x00000000|0|LOCL |SECT |HIDN |349   |.debug_pubtypes
src\app\driver\sbc\nxpfs85xx.c.1.obj|[637]   |0x00000000|0|LOCL |SECT |HIDN |369   |.debug_pubtypes
src\app\driver\sbc\nxpfs85xx.c.1.obj|[616]   |0x00000000|0|LOCL |SECT |HIDN |348   |.debug_pubtypes
src\app\driver\sbc\nxpfs85xx.c.1.obj|[636]   |0x00000000|0|LOCL |SECT |HIDN |368   |.debug_pubtypes
src\app\driver\sbc\nxpfs85xx.c.1.obj|[615]   |0x00000000|0|LOCL |SECT |HIDN |347   |.debug_pubtypes
src\app\driver\sbc\nxpfs85xx.c.1.obj|[635]   |0x00000000|0|LOCL |SECT |HIDN |367   |.debug_pubtypes
src\app\driver\sbc\nxpfs85xx.c.1.obj|[614]   |0x00000000|0|LOCL |SECT |HIDN |346   |.debug_pubtypes
src\app\driver\sbc\nxpfs85xx.c.1.obj|[612]   |0x00000000|0|LOCL |SECT |HIDN |344   |.debug_pubtypes
src\app\driver\sbc\nxpfs85xx.c.1.obj|[611]   |0x00000000|0|LOCL |SECT |HIDN |343   |.debug_pubtypes
src\app\driver\sbc\nxpfs85xx.c.1.obj|[633]   |0x00000000|0|LOCL |SECT |HIDN |365   |.debug_pubtypes
src\app\driver\sbc\nxpfs85xx.c.1.obj|[638]   |0x00000000|0|LOCL |SECT |HIDN |370   |.debug_pubtypes
src\app\driver\sbc\nxpfs85xx.c.1.obj|[632]   |0x00000000|0|LOCL |SECT |HIDN |364   |.debug_pubtypes
src\app\driver\sbc\nxpfs85xx.c.1.obj|[613]   |0x00000000|0|LOCL |SECT |HIDN |345   |.debug_pubtypes
src\app\driver\sbc\nxpfs85xx.c.1.obj|[629]   |0x00000000|0|LOCL |SECT |HIDN |361   |.debug_pubtypes
src\app\driver\sbc\nxpfs85xx.c.1.obj|[634]   |0x00000000|0|LOCL |SECT |HIDN |366   |.debug_pubtypes
src\app\driver\sbc\nxpfs85xx.c.1.obj|[631]   |0x00000000|0|LOCL |SECT |HIDN |363   |.debug_pubtypes
src\app\driver\sbc\nxpfs85xx.c.1.obj|[630]   |0x00000000|0|LOCL |SECT |HIDN |362   |.debug_pubtypes
src\app\driver\sbc\nxpfs85xx.c.1.obj|[628]   |0x00000000|0|LOCL |SECT |HIDN |360   |.debug_pubtypes
src\app\driver\sbc\nxpfs85xx.c.1.obj|[627]   |0x00000000|0|LOCL |SECT |HIDN |359   |.debug_pubtypes
src\app\driver\sbc\nxpfs85xx.c.1.obj|[504]   |0x00000000|0|LOCL |SECT |HIDN |237   |.debug_str
src\app\driver\sbc\nxpfs85xx.c.1.obj|[506]   |0x00000000|0|LOCL |SECT |HIDN |239   |.debug_str
src\app\driver\sbc\nxpfs85xx.c.1.obj|[508]   |0x00000000|0|LOCL |SECT |HIDN |241   |.debug_str
src\app\driver\sbc\nxpfs85xx.c.1.obj|[510]   |0x00000000|0|LOCL |SECT |HIDN |243   |.debug_str
src\app\driver\sbc\nxpfs85xx.c.1.obj|[512]   |0x00000000|0|LOCL |SECT |HIDN |245   |.debug_str
src\app\driver\sbc\nxpfs85xx.c.1.obj|[514]   |0x00000000|0|LOCL |SECT |HIDN |247   |.debug_str
src\app\driver\sbc\nxpfs85xx.c.1.obj|[516]   |0x00000000|0|LOCL |SECT |HIDN |249   |.debug_str
src\app\driver\sbc\nxpfs85xx.c.1.obj|[518]   |0x00000000|0|LOCL |SECT |HIDN |251   |.debug_str
src\app\driver\sbc\nxpfs85xx.c.1.obj|[502]   |0x00000000|0|LOCL |SECT |HIDN |235   |.debug_str
src\app\driver\sbc\nxpfs85xx.c.1.obj|[520]   |0x00000000|0|LOCL |SECT |HIDN |253   |.debug_str
src\app\driver\sbc\nxpfs85xx.c.1.obj|[522]   |0x00000000|0|LOCL |SECT |HIDN |255   |.debug_str
src\app\driver\sbc\nxpfs85xx.c.1.obj|[524]   |0x00000000|0|LOCL |SECT |HIDN |257   |.debug_str
src\app\driver\sbc\nxpfs85xx.c.1.obj|[526]   |0x00000000|0|LOCL |SECT |HIDN |259   |.debug_str
src\app\driver\sbc\nxpfs85xx.c.1.obj|[530]   |0x00000000|0|LOCL |SECT |HIDN |263   |.debug_str
src\app\driver\sbc\nxpfs85xx.c.1.obj|[528]   |0x00000000|0|LOCL |SECT |HIDN |261   |.debug_str
src\app\driver\sbc\nxpfs85xx.c.1.obj|[532]   |0x00000000|0|LOCL |SECT |HIDN |265   |.debug_str
src\app\driver\sbc\nxpfs85xx.c.1.obj|[556]   |0x00000000|0|LOCL |SECT |HIDN |289   |.debug_str
src\app\driver\sbc\nxpfs85xx.c.1.obj|[560]   |0x00000000|0|LOCL |SECT |HIDN |293   |.debug_str
src\app\driver\sbc\nxpfs85xx.c.1.obj|[540]   |0x00000000|0|LOCL |SECT |HIDN |273   |.debug_str
src\app\driver\sbc\nxpfs85xx.c.1.obj|[562]   |0x00000000|0|LOCL |SECT |HIDN |295   |.debug_str
src\app\driver\sbc\nxpfs85xx.c.1.obj|[538]   |0x00000000|0|LOCL |SECT |HIDN |271   |.debug_str
src\app\driver\sbc\nxpfs85xx.c.1.obj|[536]   |0x00000000|0|LOCL |SECT |HIDN |269   |.debug_str
src\app\driver\sbc\nxpfs85xx.c.1.obj|[534]   |0x00000000|0|LOCL |SECT |HIDN |267   |.debug_str
src\app\driver\sbc\nxpfs85xx.c.1.obj|[500]   |0x00000000|0|LOCL |SECT |HIDN |233   |.debug_str
src\app\driver\sbc\nxpfs85xx.c.1.obj|[564]   |0x00000000|0|LOCL |SECT |HIDN |297   |.debug_str
src\app\driver\sbc\nxpfs85xx.c.1.obj|[558]   |0x00000000|0|LOCL |SECT |HIDN |291   |.debug_str
src\app\driver\sbc\nxpfs85xx.c.1.obj|[552]   |0x00000000|0|LOCL |SECT |HIDN |285   |.debug_str
src\app\driver\sbc\nxpfs85xx.c.1.obj|[550]   |0x00000000|0|LOCL |SECT |HIDN |283   |.debug_str
src\app\driver\sbc\nxpfs85xx.c.1.obj|[548]   |0x00000000|0|LOCL |SECT |HIDN |281   |.debug_str
src\app\driver\sbc\nxpfs85xx.c.1.obj|[546]   |0x00000000|0|LOCL |SECT |HIDN |279   |.debug_str
src\app\driver\sbc\nxpfs85xx.c.1.obj|[554]   |0x00000000|0|LOCL |SECT |HIDN |287   |.debug_str
src\app\driver\sbc\nxpfs85xx.c.1.obj|[544]   |0x00000000|0|LOCL |SECT |HIDN |277   |.debug_str
src\app\driver\sbc\nxpfs85xx.c.1.obj|[542]   |0x00000000|0|LOCL |SECT |HIDN |275   |.debug_str
src\app\driver\sbc\nxpfs85xx.c.1.obj|[250]   |0x00000000|0|LOCL |SECT |HIDN |52    |.text
src\app\driver\sbc\nxpfs85xx.c.1.obj|[272]   |0x00000000|0|LOCL |SECT |HIDN |74    |.text:__fpclassify
src\app\driver\sbc\nxpfs85xx.c.1.obj|[271]   |0x00000000|0|LOCL |SECT |HIDN |73    |.text:__fpclassifyf
src\app\driver\sbc\nxpfs85xx.c.1.obj|[270]   |0x00000000|0|LOCL |SECT |HIDN |72    |.text:__fpclassifyl
src\app\driver\sbc\nxpfs85xx.c.1.obj|[269]   |0x00000000|0|LOCL |SECT |HIDN |71    |.text:__isfinite
src\app\driver\sbc\nxpfs85xx.c.1.obj|[268]   |0x00000000|0|LOCL |SECT |HIDN |70    |.text:__isfinitef
src\app\driver\sbc\nxpfs85xx.c.1.obj|[267]   |0x00000000|0|LOCL |SECT |HIDN |69    |.text:__isfinitel
src\app\driver\sbc\nxpfs85xx.c.1.obj|[266]   |0x00000000|0|LOCL |SECT |HIDN |68    |.text:__isinf
src\app\driver\sbc\nxpfs85xx.c.1.obj|[265]   |0x00000000|0|LOCL |SECT |HIDN |67    |.text:__isinff
src\app\driver\sbc\nxpfs85xx.c.1.obj|[264]   |0x00000000|0|LOCL |SECT |HIDN |66    |.text:__isinfl
src\app\driver\sbc\nxpfs85xx.c.1.obj|[263]   |0x00000000|0|LOCL |SECT |HIDN |65    |.text:__isnan
src\app\driver\sbc\nxpfs85xx.c.1.obj|[262]   |0x00000000|0|LOCL |SECT |HIDN |64    |.text:__isnanf
src\app\driver\sbc\nxpfs85xx.c.1.obj|[261]   |0x00000000|0|LOCL |SECT |HIDN |63    |.text:__isnanl
src\app\driver\sbc\nxpfs85xx.c.1.obj|[260]   |0x00000000|0|LOCL |SECT |HIDN |62    |.text:__isnormal
src\app\driver\sbc\nxpfs85xx.c.1.obj|[259]   |0x00000000|0|LOCL |SECT |HIDN |61    |.text:__isnormalf
src\app\driver\sbc\nxpfs85xx.c.1.obj|[258]   |0x00000000|0|LOCL |SECT |HIDN |60    |.text:__isnormall
src\app\driver\sbc\nxpfs85xx.c.1.obj|[257]   |0x00000000|0|LOCL |SECT |HIDN |59    |.text:__signbit
src\app\driver\sbc\nxpfs85xx.c.1.obj|[256]   |0x00000000|0|LOCL |SECT |HIDN |58    |.text:__signbitf
src\app\driver\sbc\nxpfs85xx.c.1.obj|[255]   |0x00000000|0|LOCL |SECT |HIDN |57    |.text:__signbitl
src\app\driver\sbc\nxpfs85xx.c.1.obj|[670]   |0x00000000|0|GLOB |NONE |HIDN |UNDEF |DIAG_Handler
src\app\driver\sbc\nxpfs85xx.c.1.obj|[677]   |0x00000000|0|GLOB |NONE |HIDN |UNDEF |FAS_StoreAssertLocation
src\app\driver\sbc\nxpfs85xx.c.1.obj|[668]   |0x00000000|0|GLOB |NONE |HIDN |UNDEF |FRAM_ReadData
src\app\driver\sbc\nxpfs85xx.c.1.obj|[664]   |0x00000000|0|GLOB |NONE |HIDN |UNDEF |FRAM_WriteData
src\app\driver\sbc\nxpfs85xx.c.1.obj|[685]   |0x00001188|88|GLOB |FUNC |HIDN |52    |FS85_CheckFaultErrorCounter
src\app\driver\sbc\nxpfs85xx.c.1.obj|[663]   |0x00000e14|884|GLOB |FUNC |HIDN |52    |FS85_InitializeFsPhase
src\app\driver\sbc\nxpfs85xx.c.1.obj|[680]   |0x00000a40|204|GLOB |FUNC |HIDN |52    |FS85_InitializeNumberOfRequiredWatchdogRefreshes
src\app\driver\sbc\nxpfs85xx.c.1.obj|[678]   |0x000009a4|156|GLOB |FUNC |HIDN |52    |FS85_SafetyPathChecks
src\app\driver\sbc\nxpfs85xx.c.1.obj|[655]   |0x00000000|0|GLOB |NONE |HIDN |UNDEF |FS8x_FS0B_Release
src\app\driver\sbc\nxpfs85xx.c.1.obj|[681]   |0x00000000|0|GLOB |NONE |HIDN |UNDEF |FS8x_GetFaultErrorCounterValue
src\app\driver\sbc\nxpfs85xx.c.1.obj|[658]   |0x00000000|0|GLOB |NONE |HIDN |UNDEF |FS8x_ReadRegister
src\app\driver\sbc\nxpfs85xx.c.1.obj|[682]   |0x00000000|0|GLOB |NONE |HIDN |UNDEF |FS8x_WD_Refresh
src\app\driver\sbc\nxpfs85xx.c.1.obj|[673]   |0x00000000|0|GLOB |NONE |HIDN |UNDEF |FS8x_WriteRegister
src\app\driver\sbc\nxpfs85xx.c.1.obj|[643]   |0x00000000|0|GLOB |NONE |HIDN |UNDEF |FS8x_WriteRegisterInit
src\app\driver\sbc\nxpfs85xx.c.1.obj|[644]   |0x00000000|0|GLOB |NONE |HIDN |UNDEF |IO_PinReset
src\app\driver\sbc\nxpfs85xx.c.1.obj|[654]   |0x00000000|0|GLOB |NONE |HIDN |UNDEF |IO_PinSet
src\app\driver\sbc\nxpfs85xx.c.1.obj|[641]   |0x00000000|0|WEAK |FUNC |HIDN |UNDEF |Lib$$Request$$armlib
src\app\driver\sbc\nxpfs85xx.c.1.obj|[642]   |0x00000000|0|WEAK |FUNC |HIDN |UNDEF |Lib$$Request$$cpplib
src\app\driver\sbc\nxpfs85xx.c.1.obj|[645]   |0x00000000|0|GLOB |NONE |HIDN |UNDEF |MCU_Delay_us
src\app\driver\sbc\nxpfs85xx.c.1.obj|[674]   |0x000004b0|256|GLOB |FUNC |HIDN |52    |MCU_SPI_TransferData
src\app\driver\sbc\nxpfs85xx.c.1.obj|[647]   |0x00000000|0|GLOB |NONE |HIDN |UNDEF |MINFO_GetResetSource
src\app\driver\sbc\nxpfs85xx.c.1.obj|[683]   |0x00000000|0|GLOB |NONE |HIDN |UNDEF |MINFO_SetDebugProbeConnectionState
src\app\driver\sbc\nxpfs85xx.c.1.obj|[118]   |0x00000400|0|LOCL |FUNC |HIDN |52    |SBC_CheckRegisterValues
src\app\driver\sbc\nxpfs85xx.c.1.obj|[191]   |0x00000b0c|0|LOCL |FUNC |HIDN |52    |SBC_ClearRegisterFlags
src\app\driver\sbc\nxpfs85xx.c.1.obj|[171]   |0x00000974|0|LOCL |FUNC |HIDN |52    |SBC_PerformPathCheckFs0b
src\app\driver\sbc\nxpfs85xx.c.1.obj|[154]   |0x00000708|0|LOCL |FUNC |HIDN |52    |SBC_PerformPathCheckRstb
src\app\driver\sbc\nxpfs85xx.c.1.obj|[201]   |0x00000bf4|0|LOCL |FUNC |HIDN |52    |SBC_ReadBackAllRegisters
src\app\driver\sbc\nxpfs85xx.c.1.obj|[108]   |0x00000328|0|LOCL |FUNC |HIDN |52    |SBC_ReadBackRegister
src\app\driver\sbc\nxpfs85xx.c.1.obj|[684]   |0x00000418|152|GLOB |FUNC |HIDN |52    |SBC_TriggerWatchdog
src\app\driver\sbc\nxpfs85xx.c.1.obj|[73]    |0x00000134|0|LOCL |FUNC |HIDN |52    |SBC_UpdateFailSafeRegister
src\app\driver\sbc\nxpfs85xx.c.1.obj|[48]    |0x00000000|0|LOCL |FUNC |HIDN |52    |SBC_UpdateMainRegister
src\app\driver\sbc\nxpfs85xx.c.1.obj|[98]    |0x00000288|0|LOCL |FUNC |HIDN |52    |SBC_UpdateRegister
src\app\driver\sbc\nxpfs85xx.c.1.obj|[137]   |0x000005b0|0|LOCL |FUNC |HIDN |52    |SBC_WriteBackRegisterFsInit
src\app\driver\sbc\nxpfs85xx.c.1.obj|[147]   |0x00000694|0|LOCL |FUNC |HIDN |52    |SBC_WriteRegisterFsInit
src\app\driver\sbc\nxpfs85xx.c.1.obj|[672]   |0x00000000|0|GLOB |NONE |HIDN |UNDEF |SPI_TransmitReceiveData
src\app\driver\sbc\nxpfs85xx.c.1.obj|[703]   |0x00000000|0|GLOB |NONE |HIDN |116   |__TI_DW.debug_info.$base_types.a3001db55c69772f4e2efd565078122a
src\app\driver\sbc\nxpfs85xx.c.1.obj|[713]   |0x00000000|0|GLOB |NONE |HIDN |126   |__TI_DW.debug_info.HL_gio.h.e7f1bf807c7fe364ad7fd961558bd401
src\app\driver\sbc\nxpfs85xx.c.1.obj|[701]   |0x00000000|0|GLOB |NONE |HIDN |114   |__TI_DW.debug_info.HL_hal_stdtypes.h.f6fe50beccb00e10c974b1712ae0460c
src\app\driver\sbc\nxpfs85xx.c.1.obj|[715]   |0x00000000|0|GLOB |NONE |HIDN |128   |__TI_DW.debug_info.HL_het.h.a6c14b898f23627c37babe8511b7928b
src\app\driver\sbc\nxpfs85xx.c.1.obj|[710]   |0x00000000|0|GLOB |NONE |HIDN |123   |__TI_DW.debug_info.HL_reg_ccmr5.h.60616c1ea5f894c67161713e700a6949
src\app\driver\sbc\nxpfs85xx.c.1.obj|[711]   |0x00000000|0|GLOB |NONE |HIDN |124   |__TI_DW.debug_info.HL_reg_flash.h.8ef69a7bfede7a4afcb622ed681f698b
src\app\driver\sbc\nxpfs85xx.c.1.obj|[712]   |0x00000000|0|GLOB |NONE |HIDN |125   |__TI_DW.debug_info.HL_reg_gio.h.14fbe21c444fd77e90046c712f40e220
src\app\driver\sbc\nxpfs85xx.c.1.obj|[714]   |0x00000000|0|GLOB |NONE |HIDN |127   |__TI_DW.debug_info.HL_reg_het.h.340fb317176ec08ff32b554cbe8612b4
src\app\driver\sbc\nxpfs85xx.c.1.obj|[716]   |0x00000000|0|GLOB |NONE |HIDN |129   |__TI_DW.debug_info.HL_reg_l2ramw.h.6488b9fde894db393617a3cedf1b0e93
src\app\driver\sbc\nxpfs85xx.c.1.obj|[717]   |0x00000000|0|GLOB |NONE |HIDN |130   |__TI_DW.debug_info.HL_reg_spi.h.532250e86fb075be63feada5b6532c7e
src\app\driver\sbc\nxpfs85xx.c.1.obj|[718]   |0x00000000|0|GLOB |NONE |HIDN |131   |__TI_DW.debug_info.HL_reg_system.h.eafea5ad13773ff532774030a8e080ff
src\app\driver\sbc\nxpfs85xx.c.1.obj|[702]   |0x00000000|0|GLOB |NONE |HIDN |115   |__TI_DW.debug_info.HL_spi.h.636367dc2acf11632c5efa6a1c78c493
src\app\driver\sbc\nxpfs85xx.c.1.obj|[709]   |0x00000000|0|GLOB |NONE |HIDN |122   |__TI_DW.debug_info.HL_sys_common.h.e8daada136d191dca44e4b47f4729313
src\app\driver\sbc\nxpfs85xx.c.1.obj|[694]   |0x00000000|0|GLOB |NONE |HIDN |107   |__TI_DW.debug_info.HL_system.h.f897c4241e2d74a187e91d9cc9d34c43
src\app\driver\sbc\nxpfs85xx.c.1.obj|[706]   |0x00000000|0|GLOB |NONE |HIDN |119   |__TI_DW.debug_info._stdint.h.55dc0724062de24f6648c36a36931c9a
src\app\driver\sbc\nxpfs85xx.c.1.obj|[699]   |0x00000000|0|GLOB |NONE |HIDN |112   |__TI_DW.debug_info._types.h.59562a94a523b27bdcf6ba60164276f0
src\app\driver\sbc\nxpfs85xx.c.1.obj|[704]   |0x00000000|0|GLOB |NONE |HIDN |117   |__TI_DW.debug_info._types.h.62a9317002fb36f2a0c7d45aa6f41cd3
src\app\driver\sbc\nxpfs85xx.c.1.obj|[697]   |0x00000000|0|GLOB |NONE |HIDN |110   |__TI_DW.debug_info.battery_system_cfg.h.0d4bf392593ad8c7424a2b56147ab1c8
src\app\driver\sbc\nxpfs85xx.c.1.obj|[691]   |0x00000000|0|GLOB |NONE |HIDN |104   |__TI_DW.debug_info.database_cfg.h.f906c4dd07ebafd1cbb04cd9a5d8f73a
src\app\driver\sbc\nxpfs85xx.c.1.obj|[693]   |0x00000000|0|GLOB |NONE |HIDN |106   |__TI_DW.debug_info.diag.h.2dd585e2425af65e825e83e0b2f8299d
src\app\driver\sbc\nxpfs85xx.c.1.obj|[692]   |0x00000000|0|GLOB |NONE |HIDN |105   |__TI_DW.debug_info.diag_cfg.h.e7a813b80aca141ada97b819c1b25b3c
src\app\driver\sbc\nxpfs85xx.c.1.obj|[700]   |0x00000000|0|GLOB |NONE |HIDN |113   |__TI_DW.debug_info.fassert.h.0b7b2882a1c517594159c37868ac3e58
src\app\driver\sbc\nxpfs85xx.c.1.obj|[689]   |0x00000000|0|GLOB |NONE |HIDN |102   |__TI_DW.debug_info.fram_cfg.h.890360ebb228255d7e24e4d579624348
src\app\driver\sbc\nxpfs85xx.c.1.obj|[688]   |0x00000000|0|GLOB |NONE |HIDN |101   |__TI_DW.debug_info.fstd_types.h.1d46766ec8ec487eaf2fab650eb7b69f
src\app\driver\sbc\nxpfs85xx.c.1.obj|[695]   |0x00000000|0|GLOB |NONE |HIDN |108   |__TI_DW.debug_info.masterinfo.h.c5cf980003ecc02377923eb1214aa532
src\app\driver\sbc\nxpfs85xx.c.1.obj|[708]   |0x00000000|0|GLOB |NONE |HIDN |121   |__TI_DW.debug_info.math.h.13c7f3b9a83b668b2d889e035795d0ae
src\app\driver\sbc\nxpfs85xx.c.1.obj|[696]   |0x00000000|0|GLOB |NONE |HIDN |109   |__TI_DW.debug_info.nxpfs85xx.c.6a8b8bb48e7d414f6b6889d942958c99
src\app\driver\sbc\nxpfs85xx.c.1.obj|[690]   |0x00000000|0|GLOB |NONE |HIDN |103   |__TI_DW.debug_info.nxpfs85xx.h.3fe3d6b8240d058aad63b6f779319699
src\app\driver\sbc\nxpfs85xx.c.1.obj|[698]   |0x00000000|0|GLOB |NONE |HIDN |111   |__TI_DW.debug_info.sbc_fs8x.h.79b135dfe0bbdca3a66b7759c0476fc7
src\app\driver\sbc\nxpfs85xx.c.1.obj|[687]   |0x00000000|0|GLOB |NONE |HIDN |100   |__TI_DW.debug_info.sbc_fs8x_common.h.1b6a8e5bb13251197af84150f60b6573
src\app\driver\sbc\nxpfs85xx.c.1.obj|[686]   |0x00000000|0|GLOB |NONE |HIDN |99    |__TI_DW.debug_info.spi_cfg.h.b668debcfd06635adad6d427ebdea1a3
src\app\driver\sbc\nxpfs85xx.c.1.obj|[705]   |0x00000000|0|GLOB |NONE |HIDN |118   |__TI_DW.debug_info.stdint.h.ad4b679dbce029afdbcc9a8c662c70ff
src\app\driver\sbc\nxpfs85xx.c.1.obj|[707]   |0x00000000|0|GLOB |NONE |HIDN |120   |__TI_DW.debug_info.string.h.393cd1e38f0e26af7e281f8f5e32796e
src\app\driver\sbc\nxpfs85xx.c.1.obj|[675]   |0x00000000|228|GLOB |FUNC |HIDN |74    |__fpclassify
src\app\driver\sbc\nxpfs85xx.c.1.obj|[273]   |0x00000000|0|LOCL |SECT |HIDN |1     |__fpclassify
src\app\driver\sbc\nxpfs85xx.c.1.obj|[274]   |0x00000000|0|LOCL |SECT |HIDN |2     |__fpclassifyf
src\app\driver\sbc\nxpfs85xx.c.1.obj|[660]   |0x00000000|100|GLOB |FUNC |HIDN |73    |__fpclassifyf
src\app\driver\sbc\nxpfs85xx.c.1.obj|[275]   |0x00000000|0|LOCL |SECT |HIDN |3     |__fpclassifyl
src\app\driver\sbc\nxpfs85xx.c.1.obj|[659]   |0x00000000|228|GLOB |FUNC |HIDN |72    |__fpclassifyl
src\app\driver\sbc\nxpfs85xx.c.1.obj|[671]   |0x00000000|36|GLOB |FUNC |HIDN |71    |__isfinite
src\app\driver\sbc\nxpfs85xx.c.1.obj|[276]   |0x00000000|0|LOCL |SECT |HIDN |4     |__isfinite
src\app\driver\sbc\nxpfs85xx.c.1.obj|[277]   |0x00000000|0|LOCL |SECT |HIDN |5     |__isfinitef
src\app\driver\sbc\nxpfs85xx.c.1.obj|[651]   |0x00000000|32|GLOB |FUNC |HIDN |70    |__isfinitef
src\app\driver\sbc\nxpfs85xx.c.1.obj|[278]   |0x00000000|0|LOCL |SECT |HIDN |6     |__isfinitel
src\app\driver\sbc\nxpfs85xx.c.1.obj|[650]   |0x00000000|36|GLOB |FUNC |HIDN |69    |__isfinitel
src\app\driver\sbc\nxpfs85xx.c.1.obj|[279]   |0x00000000|0|LOCL |SECT |HIDN |7     |__isinf
src\app\driver\sbc\nxpfs85xx.c.1.obj|[665]   |0x00000000|100|GLOB |FUNC |HIDN |68    |__isinf
src\app\driver\sbc\nxpfs85xx.c.1.obj|[280]   |0x00000000|0|LOCL |SECT |HIDN |8     |__isinff
src\app\driver\sbc\nxpfs85xx.c.1.obj|[661]   |0x00000000|44|GLOB |FUNC |HIDN |67    |__isinff
src\app\driver\sbc\nxpfs85xx.c.1.obj|[281]   |0x00000000|0|LOCL |SECT |HIDN |9     |__isinfl
src\app\driver\sbc\nxpfs85xx.c.1.obj|[662]   |0x00000000|100|GLOB |FUNC |HIDN |66    |__isinfl
src\app\driver\sbc\nxpfs85xx.c.1.obj|[282]   |0x00000000|0|LOCL |SECT |HIDN |10    |__isnan
src\app\driver\sbc\nxpfs85xx.c.1.obj|[667]   |0x00000000|100|GLOB |FUNC |HIDN |65    |__isnan
src\app\driver\sbc\nxpfs85xx.c.1.obj|[656]   |0x00000000|44|GLOB |FUNC |HIDN |64    |__isnanf
src\app\driver\sbc\nxpfs85xx.c.1.obj|[283]   |0x00000000|0|LOCL |SECT |HIDN |11    |__isnanf
src\app\driver\sbc\nxpfs85xx.c.1.obj|[657]   |0x00000000|100|GLOB |FUNC |HIDN |63    |__isnanl
src\app\driver\sbc\nxpfs85xx.c.1.obj|[284]   |0x00000000|0|LOCL |SECT |HIDN |12    |__isnanl
src\app\driver\sbc\nxpfs85xx.c.1.obj|[676]   |0x00000000|84|GLOB |FUNC |HIDN |62    |__isnormal
src\app\driver\sbc\nxpfs85xx.c.1.obj|[285]   |0x00000000|0|LOCL |SECT |HIDN |13    |__isnormal
src\app\driver\sbc\nxpfs85xx.c.1.obj|[286]   |0x00000000|0|LOCL |SECT |HIDN |14    |__isnormalf
src\app\driver\sbc\nxpfs85xx.c.1.obj|[649]   |0x00000000|48|GLOB |FUNC |HIDN |61    |__isnormalf
src\app\driver\sbc\nxpfs85xx.c.1.obj|[648]   |0x00000000|84|GLOB |FUNC |HIDN |60    |__isnormall
src\app\driver\sbc\nxpfs85xx.c.1.obj|[287]   |0x00000000|0|LOCL |SECT |HIDN |15    |__isnormall
src\app\driver\sbc\nxpfs85xx.c.1.obj|[646]   |0x00000000|52|GLOB |FUNC |HIDN |59    |__signbit
src\app\driver\sbc\nxpfs85xx.c.1.obj|[288]   |0x00000000|0|LOCL |SECT |HIDN |16    |__signbit
src\app\driver\sbc\nxpfs85xx.c.1.obj|[289]   |0x00000000|0|LOCL |SECT |HIDN |17    |__signbitf
src\app\driver\sbc\nxpfs85xx.c.1.obj|[653]   |0x00000000|12|GLOB |FUNC |HIDN |58    |__signbitf
src\app\driver\sbc\nxpfs85xx.c.1.obj|[652]   |0x00000000|52|GLOB |FUNC |HIDN |57    |__signbitl
src\app\driver\sbc\nxpfs85xx.c.1.obj|[290]   |0x00000000|0|LOCL |SECT |HIDN |18    |__signbitl
src\app\driver\sbc\nxpfs85xx.c.1.obj|[679]   |0x00000000|0|GLOB |NONE |HIDN |UNDEF |fram_sbcInit
src\app\driver\sbc\nxpfs85xx.c.1.obj|[666]   |0x00000000|96|GLOB |OBJT |HIDN |53    |fs85xx_mcuSupervisor
src\app\driver\sbc\nxpfs85xx.c.1.obj|[669]   |0x00000000|0|GLOB |NONE |HIDN |UNDEF |spi_sbcMcuInterface
src\app\driver\sbc\nxpfs85xx.c.1.obj|[1]     |0x00000000|0|LOCL |FILE |HIDN |ABS   |{A75AE8EF-B19A-48EC-8996-0BD8FBB5F8E4}
