
file            [index]  value      size  bind  type  vis   shndx  symbol name 

src\app\driver\io\io.c.1.obj|[0]     |0x00000000|0|LOCL |NONE |DFLT |UNDEF |
src\app\driver\io\io.c.1.obj|[2]     |0x00000028|0|LOCL |FUNC |HIDN |8     |$C$L1
src\app\driver\io\io.c.1.obj|[11]    |0x000000b4|0|LOCL |FUNC |HIDN |8     |$C$L10
src\app\driver\io\io.c.1.obj|[12]    |0x000000e0|0|LOCL |FUNC |HIDN |8     |$C$L11
src\app\driver\io\io.c.1.obj|[13]    |0x000000f4|0|LOCL |FUNC |HIDN |8     |$C$L12
src\app\driver\io\io.c.1.obj|[14]    |0x000000f8|0|LOCL |FUNC |HIDN |8     |$C$L13
src\app\driver\io\io.c.1.obj|[15]    |0x0000010c|0|LOCL |FUNC |HIDN |8     |$C$L14
src\app\driver\io\io.c.1.obj|[16]    |0x00000110|0|LOCL |FUNC |HIDN |8     |$C$L15
src\app\driver\io\io.c.1.obj|[17]    |0x0000013c|0|LOCL |FUNC |HIDN |8     |$C$L16
src\app\driver\io\io.c.1.obj|[18]    |0x00000150|0|LOCL |FUNC |HIDN |8     |$C$L17
src\app\driver\io\io.c.1.obj|[19]    |0x00000154|0|LOCL |FUNC |HIDN |8     |$C$L18
src\app\driver\io\io.c.1.obj|[20]    |0x00000168|0|LOCL |FUNC |HIDN |8     |$C$L19
src\app\driver\io\io.c.1.obj|[3]     |0x0000003c|0|LOCL |FUNC |HIDN |8     |$C$L2
src\app\driver\io\io.c.1.obj|[21]    |0x0000016c|0|LOCL |FUNC |HIDN |8     |$C$L20
src\app\driver\io\io.c.1.obj|[22]    |0x000001a8|0|LOCL |FUNC |HIDN |8     |$C$L21
src\app\driver\io\io.c.1.obj|[23]    |0x000001b0|0|LOCL |FUNC |HIDN |8     |$C$L22
src\app\driver\io\io.c.1.obj|[24]    |0x000001c4|0|LOCL |FUNC |HIDN |8     |$C$L23
src\app\driver\io\io.c.1.obj|[25]    |0x000001c8|0|LOCL |FUNC |HIDN |8     |$C$L24
src\app\driver\io\io.c.1.obj|[26]    |0x000001dc|0|LOCL |FUNC |HIDN |8     |$C$L25
src\app\driver\io\io.c.1.obj|[27]    |0x000001e0|0|LOCL |FUNC |HIDN |8     |$C$L26
src\app\driver\io\io.c.1.obj|[4]     |0x00000040|0|LOCL |FUNC |HIDN |8     |$C$L3
src\app\driver\io\io.c.1.obj|[5]     |0x00000054|0|LOCL |FUNC |HIDN |8     |$C$L4
src\app\driver\io\io.c.1.obj|[6]     |0x00000058|0|LOCL |FUNC |HIDN |8     |$C$L5
src\app\driver\io\io.c.1.obj|[7]     |0x00000084|0|LOCL |FUNC |HIDN |8     |$C$L6
src\app\driver\io\io.c.1.obj|[8]     |0x00000098|0|LOCL |FUNC |HIDN |8     |$C$L7
src\app\driver\io\io.c.1.obj|[9]     |0x0000009c|0|LOCL |FUNC |HIDN |8     |$C$L8
src\app\driver\io\io.c.1.obj|[10]    |0x000000b0|0|LOCL |FUNC |HIDN |8     |$C$L9
src\app\driver\io\io.c.1.obj|[29]    |0x00000000|0|LOCL |NONE |HIDN |8     |$a
src\app\driver\io\io.c.1.obj|[30]    |0x0000005c|0|LOCL |NONE |HIDN |8     |$a
src\app\driver\io\io.c.1.obj|[31]    |0x000000b8|0|LOCL |NONE |HIDN |8     |$a
src\app\driver\io\io.c.1.obj|[32]    |0x00000114|0|LOCL |NONE |HIDN |8     |$a
src\app\driver\io\io.c.1.obj|[33]    |0x00000170|0|LOCL |NONE |HIDN |8     |$a
src\app\driver\io\io.c.1.obj|[53]    |0x00000000|0|LOCL |SECT |HIDN |28    |.debug_abbrev
src\app\driver\io\io.c.1.obj|[58]    |0x00000000|0|LOCL |SECT |HIDN |32    |.debug_abbrev
src\app\driver\io\io.c.1.obj|[54]    |0x00000000|0|LOCL |SECT |HIDN |29    |.debug_abbrev
src\app\driver\io\io.c.1.obj|[56]    |0x00000000|0|LOCL |SECT |HIDN |30    |.debug_abbrev
src\app\driver\io\io.c.1.obj|[60]    |0x00000000|0|LOCL |SECT |HIDN |34    |.debug_abbrev
src\app\driver\io\io.c.1.obj|[62]    |0x00000000|0|LOCL |SECT |HIDN |36    |.debug_abbrev
src\app\driver\io\io.c.1.obj|[64]    |0x00000000|0|LOCL |SECT |HIDN |38    |.debug_abbrev
src\app\driver\io\io.c.1.obj|[66]    |0x00000000|0|LOCL |SECT |HIDN |40    |.debug_abbrev
src\app\driver\io\io.c.1.obj|[68]    |0x00000000|0|LOCL |SECT |HIDN |42    |.debug_abbrev
src\app\driver\io\io.c.1.obj|[69]    |0x00000000|0|LOCL |SECT |HIDN |44    |.debug_aranges
src\app\driver\io\io.c.1.obj|[52]    |0x00000000|0|LOCL |SECT |HIDN |27    |.debug_frame
src\app\driver\io\io.c.1.obj|[35]    |0x00000000|0|LOCL |SECT |HIDN |10    |.debug_info
src\app\driver\io\io.c.1.obj|[36]    |0x00000000|0|LOCL |SECT |HIDN |11    |.debug_info
src\app\driver\io\io.c.1.obj|[37]    |0x00000000|0|LOCL |SECT |HIDN |12    |.debug_info
src\app\driver\io\io.c.1.obj|[38]    |0x00000000|0|LOCL |SECT |HIDN |13    |.debug_info
src\app\driver\io\io.c.1.obj|[34]    |0x00000000|0|LOCL |SECT |HIDN |9     |.debug_info
src\app\driver\io\io.c.1.obj|[40]    |0x00000000|0|LOCL |SECT |HIDN |15    |.debug_info
src\app\driver\io\io.c.1.obj|[41]    |0x00000000|0|LOCL |SECT |HIDN |16    |.debug_info
src\app\driver\io\io.c.1.obj|[42]    |0x00000000|0|LOCL |SECT |HIDN |17    |.debug_info
src\app\driver\io\io.c.1.obj|[39]    |0x00000000|0|LOCL |SECT |HIDN |14    |.debug_info
src\app\driver\io\io.c.1.obj|[43]    |0x00000000|0|LOCL |SECT |HIDN |18    |.debug_line
src\app\driver\io\io.c.1.obj|[44]    |0x00000000|0|LOCL |SECT |HIDN |19    |.debug_line
src\app\driver\io\io.c.1.obj|[45]    |0x00000000|0|LOCL |SECT |HIDN |20    |.debug_line
src\app\driver\io\io.c.1.obj|[46]    |0x00000000|0|LOCL |SECT |HIDN |21    |.debug_line
src\app\driver\io\io.c.1.obj|[47]    |0x00000000|0|LOCL |SECT |HIDN |22    |.debug_line
src\app\driver\io\io.c.1.obj|[48]    |0x00000000|0|LOCL |SECT |HIDN |23    |.debug_line
src\app\driver\io\io.c.1.obj|[49]    |0x00000000|0|LOCL |SECT |HIDN |24    |.debug_line
src\app\driver\io\io.c.1.obj|[50]    |0x00000000|0|LOCL |SECT |HIDN |25    |.debug_line
src\app\driver\io\io.c.1.obj|[51]    |0x00000000|0|LOCL |SECT |HIDN |26    |.debug_line
src\app\driver\io\io.c.1.obj|[70]    |0x00000000|0|LOCL |SECT |HIDN |45    |.debug_pubnames
src\app\driver\io\io.c.1.obj|[71]    |0x00000000|0|LOCL |SECT |HIDN |46    |.debug_pubtypes
src\app\driver\io\io.c.1.obj|[72]    |0x00000000|0|LOCL |SECT |HIDN |47    |.debug_pubtypes
src\app\driver\io\io.c.1.obj|[73]    |0x00000000|0|LOCL |SECT |HIDN |48    |.debug_pubtypes
src\app\driver\io\io.c.1.obj|[74]    |0x00000000|0|LOCL |SECT |HIDN |49    |.debug_pubtypes
src\app\driver\io\io.c.1.obj|[75]    |0x00000000|0|LOCL |SECT |HIDN |50    |.debug_pubtypes
src\app\driver\io\io.c.1.obj|[76]    |0x00000000|0|LOCL |SECT |HIDN |51    |.debug_pubtypes
src\app\driver\io\io.c.1.obj|[77]    |0x00000000|0|LOCL |SECT |HIDN |52    |.debug_pubtypes
src\app\driver\io\io.c.1.obj|[61]    |0x00000000|0|LOCL |SECT |HIDN |37    |.debug_str
src\app\driver\io\io.c.1.obj|[63]    |0x00000000|0|LOCL |SECT |HIDN |39    |.debug_str
src\app\driver\io\io.c.1.obj|[57]    |0x00000000|0|LOCL |SECT |HIDN |33    |.debug_str
src\app\driver\io\io.c.1.obj|[65]    |0x00000000|0|LOCL |SECT |HIDN |41    |.debug_str
src\app\driver\io\io.c.1.obj|[67]    |0x00000000|0|LOCL |SECT |HIDN |43    |.debug_str
src\app\driver\io\io.c.1.obj|[59]    |0x00000000|0|LOCL |SECT |HIDN |35    |.debug_str
src\app\driver\io\io.c.1.obj|[55]    |0x00000000|0|LOCL |SECT |HIDN |31    |.debug_str
src\app\driver\io\io.c.1.obj|[28]    |0x00000000|0|LOCL |SECT |HIDN |8     |.text
src\app\driver\io\io.c.1.obj|[85]    |0x00000000|0|GLOB |NONE |HIDN |UNDEF |FAS_StoreAssertLocation
src\app\driver\io\io.c.1.obj|[80]    |0x00000170|116|GLOB |FUNC |HIDN |8     |IO_PinGet
src\app\driver\io\io.c.1.obj|[81]    |0x00000114|92|GLOB |FUNC |HIDN |8     |IO_PinReset
src\app\driver\io\io.c.1.obj|[82]    |0x000000b8|92|GLOB |FUNC |HIDN |8     |IO_PinSet
src\app\driver\io\io.c.1.obj|[84]    |0x0000005c|92|GLOB |FUNC |HIDN |8     |IO_SetPinDirectionToInput
src\app\driver\io\io.c.1.obj|[83]    |0x00000000|92|GLOB |FUNC |HIDN |8     |IO_SetPinDirectionToOutput
src\app\driver\io\io.c.1.obj|[78]    |0x00000000|0|WEAK |FUNC |HIDN |UNDEF |Lib$$Request$$armlib
src\app\driver\io\io.c.1.obj|[79]    |0x00000000|0|WEAK |FUNC |HIDN |UNDEF |Lib$$Request$$cpplib
src\app\driver\io\io.c.1.obj|[89]    |0x00000000|0|GLOB |NONE |HIDN |14    |__TI_DW.debug_info.$base_types.c8c38483d660372cd06395436475430b
src\app\driver\io\io.c.1.obj|[92]    |0x00000000|0|GLOB |NONE |HIDN |17    |__TI_DW.debug_info._stdint.h.55dc0724062de24f6648c36a36931c9a
src\app\driver\io\io.c.1.obj|[87]    |0x00000000|0|GLOB |NONE |HIDN |12    |__TI_DW.debug_info._types.h.59562a94a523b27bdcf6ba60164276f0
src\app\driver\io\io.c.1.obj|[90]    |0x00000000|0|GLOB |NONE |HIDN |15    |__TI_DW.debug_info._types.h.62a9317002fb36f2a0c7d45aa6f41cd3
src\app\driver\io\io.c.1.obj|[88]    |0x00000000|0|GLOB |NONE |HIDN |13    |__TI_DW.debug_info.fassert.h.0b7b2882a1c517594159c37868ac3e58
src\app\driver\io\io.c.1.obj|[86]    |0x00000000|0|GLOB |NONE |HIDN |11    |__TI_DW.debug_info.fstd_types.h.1d46766ec8ec487eaf2fab650eb7b69f
src\app\driver\io\io.c.1.obj|[91]    |0x00000000|0|GLOB |NONE |HIDN |16    |__TI_DW.debug_info.stdint.h.ad4b679dbce029afdbcc9a8c662c70ff
src\app\driver\io\io.c.1.obj|[1]     |0x00000000|0|LOCL |FILE |HIDN |ABS   |{C69E85BE-5CC9-4B62-BC57-BDFF3ED1C7E7}
