
file            [index]  value      size  bind  type  vis   shndx  symbol name 

src\os\freertos\portable\common\mpu_wrappers.c.1.obj|[0]     |0x00000000|0|LOCL |NONE |DFLT |UNDEF |
src\os\freertos\portable\common\mpu_wrappers.c.1.obj|[2]     |0x0000020c|0|LOCL |FUNC |HIDN |18    |$C$L1
src\os\freertos\portable\common\mpu_wrappers.c.1.obj|[59]    |0x00000a14|0|LOCL |NONE |HIDN |18    |$a
src\os\freertos\portable\common\mpu_wrappers.c.1.obj|[60]    |0x00000a44|0|LOCL |NONE |HIDN |18    |$a
src\os\freertos\portable\common\mpu_wrappers.c.1.obj|[61]    |0x00000a6c|0|LOCL |NONE |HIDN |18    |$a
src\os\freertos\portable\common\mpu_wrappers.c.1.obj|[5]     |0x00000000|0|LOCL |NONE |HIDN |18    |$a
src\os\freertos\portable\common\mpu_wrappers.c.1.obj|[6]     |0x00000020|0|LOCL |NONE |HIDN |18    |$a
src\os\freertos\portable\common\mpu_wrappers.c.1.obj|[7]     |0x00000040|0|LOCL |NONE |HIDN |18    |$a
src\os\freertos\portable\common\mpu_wrappers.c.1.obj|[8]     |0x00000060|0|LOCL |NONE |HIDN |18    |$a
src\os\freertos\portable\common\mpu_wrappers.c.1.obj|[9]     |0x00000080|0|LOCL |NONE |HIDN |18    |$a
src\os\freertos\portable\common\mpu_wrappers.c.1.obj|[10]    |0x000000a8|0|LOCL |NONE |HIDN |18    |$a
src\os\freertos\portable\common\mpu_wrappers.c.1.obj|[11]    |0x000000c8|0|LOCL |NONE |HIDN |18    |$a
src\os\freertos\portable\common\mpu_wrappers.c.1.obj|[12]    |0x00000110|0|LOCL |NONE |HIDN |18    |$a
src\os\freertos\portable\common\mpu_wrappers.c.1.obj|[13]    |0x00000140|0|LOCL |NONE |HIDN |18    |$a
src\os\freertos\portable\common\mpu_wrappers.c.1.obj|[14]    |0x00000188|0|LOCL |NONE |HIDN |18    |$a
src\os\freertos\portable\common\mpu_wrappers.c.1.obj|[15]    |0x000001b8|0|LOCL |NONE |HIDN |18    |$a
src\os\freertos\portable\common\mpu_wrappers.c.1.obj|[16]    |0x00000214|0|LOCL |NONE |HIDN |18    |$a
src\os\freertos\portable\common\mpu_wrappers.c.1.obj|[17]    |0x00000244|0|LOCL |NONE |HIDN |18    |$a
src\os\freertos\portable\common\mpu_wrappers.c.1.obj|[18]    |0x00000274|0|LOCL |NONE |HIDN |18    |$a
src\os\freertos\portable\common\mpu_wrappers.c.1.obj|[19]    |0x0000029c|0|LOCL |NONE |HIDN |18    |$a
src\os\freertos\portable\common\mpu_wrappers.c.1.obj|[20]    |0x000002c4|0|LOCL |NONE |HIDN |18    |$a
src\os\freertos\portable\common\mpu_wrappers.c.1.obj|[21]    |0x000002ec|0|LOCL |NONE |HIDN |18    |$a
src\os\freertos\portable\common\mpu_wrappers.c.1.obj|[22]    |0x0000031c|0|LOCL |NONE |HIDN |18    |$a
src\os\freertos\portable\common\mpu_wrappers.c.1.obj|[23]    |0x0000035c|0|LOCL |NONE |HIDN |18    |$a
src\os\freertos\portable\common\mpu_wrappers.c.1.obj|[24]    |0x00000384|0|LOCL |NONE |HIDN |18    |$a
src\os\freertos\portable\common\mpu_wrappers.c.1.obj|[25]    |0x000003c4|0|LOCL |NONE |HIDN |18    |$a
src\os\freertos\portable\common\mpu_wrappers.c.1.obj|[26]    |0x000003ec|0|LOCL |NONE |HIDN |18    |$a
src\os\freertos\portable\common\mpu_wrappers.c.1.obj|[27]    |0x00000414|0|LOCL |NONE |HIDN |18    |$a
src\os\freertos\portable\common\mpu_wrappers.c.1.obj|[28]    |0x0000043c|0|LOCL |NONE |HIDN |18    |$a
src\os\freertos\portable\common\mpu_wrappers.c.1.obj|[29]    |0x00000484|0|LOCL |NONE |HIDN |18    |$a
src\os\freertos\portable\common\mpu_wrappers.c.1.obj|[30]    |0x000004ac|0|LOCL |NONE |HIDN |18    |$a
src\os\freertos\portable\common\mpu_wrappers.c.1.obj|[31]    |0x000004dc|0|LOCL |NONE |HIDN |18    |$a
src\os\freertos\portable\common\mpu_wrappers.c.1.obj|[32]    |0x00000514|0|LOCL |NONE |HIDN |18    |$a
src\os\freertos\portable\common\mpu_wrappers.c.1.obj|[33]    |0x0000054c|0|LOCL |NONE |HIDN |18    |$a
src\os\freertos\portable\common\mpu_wrappers.c.1.obj|[34]    |0x0000058c|0|LOCL |NONE |HIDN |18    |$a
src\os\freertos\portable\common\mpu_wrappers.c.1.obj|[35]    |0x000005bc|0|LOCL |NONE |HIDN |18    |$a
src\os\freertos\portable\common\mpu_wrappers.c.1.obj|[36]    |0x00000604|0|LOCL |NONE |HIDN |18    |$a
src\os\freertos\portable\common\mpu_wrappers.c.1.obj|[37]    |0x0000064c|0|LOCL |NONE |HIDN |18    |$a
src\os\freertos\portable\common\mpu_wrappers.c.1.obj|[38]    |0x0000068c|0|LOCL |NONE |HIDN |18    |$a
src\os\freertos\portable\common\mpu_wrappers.c.1.obj|[39]    |0x000006bc|0|LOCL |NONE |HIDN |18    |$a
src\os\freertos\portable\common\mpu_wrappers.c.1.obj|[40]    |0x000006e4|0|LOCL |NONE |HIDN |18    |$a
src\os\freertos\portable\common\mpu_wrappers.c.1.obj|[41]    |0x00000714|0|LOCL |NONE |HIDN |18    |$a
src\os\freertos\portable\common\mpu_wrappers.c.1.obj|[42]    |0x00000734|0|LOCL |NONE |HIDN |18    |$a
src\os\freertos\portable\common\mpu_wrappers.c.1.obj|[43]    |0x0000075c|0|LOCL |NONE |HIDN |18    |$a
src\os\freertos\portable\common\mpu_wrappers.c.1.obj|[44]    |0x00000784|0|LOCL |NONE |HIDN |18    |$a
src\os\freertos\portable\common\mpu_wrappers.c.1.obj|[45]    |0x000007bc|0|LOCL |NONE |HIDN |18    |$a
src\os\freertos\portable\common\mpu_wrappers.c.1.obj|[46]    |0x000007e4|0|LOCL |NONE |HIDN |18    |$a
src\os\freertos\portable\common\mpu_wrappers.c.1.obj|[47]    |0x00000814|0|LOCL |NONE |HIDN |18    |$a
src\os\freertos\portable\common\mpu_wrappers.c.1.obj|[48]    |0x0000083c|0|LOCL |NONE |HIDN |18    |$a
src\os\freertos\portable\common\mpu_wrappers.c.1.obj|[49]    |0x0000086c|0|LOCL |NONE |HIDN |18    |$a
src\os\freertos\portable\common\mpu_wrappers.c.1.obj|[50]    |0x00000894|0|LOCL |NONE |HIDN |18    |$a
src\os\freertos\portable\common\mpu_wrappers.c.1.obj|[51]    |0x000008bc|0|LOCL |NONE |HIDN |18    |$a
src\os\freertos\portable\common\mpu_wrappers.c.1.obj|[52]    |0x000008e4|0|LOCL |NONE |HIDN |18    |$a
src\os\freertos\portable\common\mpu_wrappers.c.1.obj|[53]    |0x0000090c|0|LOCL |NONE |HIDN |18    |$a
src\os\freertos\portable\common\mpu_wrappers.c.1.obj|[54]    |0x00000934|0|LOCL |NONE |HIDN |18    |$a
src\os\freertos\portable\common\mpu_wrappers.c.1.obj|[55]    |0x00000954|0|LOCL |NONE |HIDN |18    |$a
src\os\freertos\portable\common\mpu_wrappers.c.1.obj|[56]    |0x0000097c|0|LOCL |NONE |HIDN |18    |$a
src\os\freertos\portable\common\mpu_wrappers.c.1.obj|[57]    |0x000009a4|0|LOCL |NONE |HIDN |18    |$a
src\os\freertos\portable\common\mpu_wrappers.c.1.obj|[58]    |0x000009dc|0|LOCL |NONE |HIDN |18    |$a
src\os\freertos\portable\common\mpu_wrappers.c.1.obj|[116]   |0x00000000|0|LOCL |SECT |HIDN |72    |.debug_abbrev
src\os\freertos\portable\common\mpu_wrappers.c.1.obj|[132]   |0x00000000|0|LOCL |SECT |HIDN |88    |.debug_abbrev
src\os\freertos\portable\common\mpu_wrappers.c.1.obj|[118]   |0x00000000|0|LOCL |SECT |HIDN |74    |.debug_abbrev
src\os\freertos\portable\common\mpu_wrappers.c.1.obj|[100]   |0x00000000|0|LOCL |SECT |HIDN |57    |.debug_abbrev
src\os\freertos\portable\common\mpu_wrappers.c.1.obj|[99]    |0x00000000|0|LOCL |SECT |HIDN |56    |.debug_abbrev
src\os\freertos\portable\common\mpu_wrappers.c.1.obj|[128]   |0x00000000|0|LOCL |SECT |HIDN |84    |.debug_abbrev
src\os\freertos\portable\common\mpu_wrappers.c.1.obj|[108]   |0x00000000|0|LOCL |SECT |HIDN |64    |.debug_abbrev
src\os\freertos\portable\common\mpu_wrappers.c.1.obj|[120]   |0x00000000|0|LOCL |SECT |HIDN |76    |.debug_abbrev
src\os\freertos\portable\common\mpu_wrappers.c.1.obj|[102]   |0x00000000|0|LOCL |SECT |HIDN |58    |.debug_abbrev
src\os\freertos\portable\common\mpu_wrappers.c.1.obj|[126]   |0x00000000|0|LOCL |SECT |HIDN |82    |.debug_abbrev
src\os\freertos\portable\common\mpu_wrappers.c.1.obj|[104]   |0x00000000|0|LOCL |SECT |HIDN |60    |.debug_abbrev
src\os\freertos\portable\common\mpu_wrappers.c.1.obj|[106]   |0x00000000|0|LOCL |SECT |HIDN |62    |.debug_abbrev
src\os\freertos\portable\common\mpu_wrappers.c.1.obj|[122]   |0x00000000|0|LOCL |SECT |HIDN |78    |.debug_abbrev
src\os\freertos\portable\common\mpu_wrappers.c.1.obj|[130]   |0x00000000|0|LOCL |SECT |HIDN |86    |.debug_abbrev
src\os\freertos\portable\common\mpu_wrappers.c.1.obj|[110]   |0x00000000|0|LOCL |SECT |HIDN |66    |.debug_abbrev
src\os\freertos\portable\common\mpu_wrappers.c.1.obj|[124]   |0x00000000|0|LOCL |SECT |HIDN |80    |.debug_abbrev
src\os\freertos\portable\common\mpu_wrappers.c.1.obj|[112]   |0x00000000|0|LOCL |SECT |HIDN |68    |.debug_abbrev
src\os\freertos\portable\common\mpu_wrappers.c.1.obj|[114]   |0x00000000|0|LOCL |SECT |HIDN |70    |.debug_abbrev
src\os\freertos\portable\common\mpu_wrappers.c.1.obj|[133]   |0x00000000|0|LOCL |SECT |HIDN |90    |.debug_aranges
src\os\freertos\portable\common\mpu_wrappers.c.1.obj|[98]    |0x00000000|0|LOCL |SECT |HIDN |55    |.debug_frame
src\os\freertos\portable\common\mpu_wrappers.c.1.obj|[72]    |0x00000000|0|LOCL |SECT |HIDN |29    |.debug_info
src\os\freertos\portable\common\mpu_wrappers.c.1.obj|[73]    |0x00000000|0|LOCL |SECT |HIDN |30    |.debug_info
src\os\freertos\portable\common\mpu_wrappers.c.1.obj|[74]    |0x00000000|0|LOCL |SECT |HIDN |31    |.debug_info
src\os\freertos\portable\common\mpu_wrappers.c.1.obj|[75]    |0x00000000|0|LOCL |SECT |HIDN |32    |.debug_info
src\os\freertos\portable\common\mpu_wrappers.c.1.obj|[76]    |0x00000000|0|LOCL |SECT |HIDN |33    |.debug_info
src\os\freertos\portable\common\mpu_wrappers.c.1.obj|[77]    |0x00000000|0|LOCL |SECT |HIDN |34    |.debug_info
src\os\freertos\portable\common\mpu_wrappers.c.1.obj|[78]    |0x00000000|0|LOCL |SECT |HIDN |35    |.debug_info
src\os\freertos\portable\common\mpu_wrappers.c.1.obj|[79]    |0x00000000|0|LOCL |SECT |HIDN |36    |.debug_info
src\os\freertos\portable\common\mpu_wrappers.c.1.obj|[66]    |0x00000000|0|LOCL |SECT |HIDN |23    |.debug_info
src\os\freertos\portable\common\mpu_wrappers.c.1.obj|[62]    |0x00000000|0|LOCL |SECT |HIDN |19    |.debug_info
src\os\freertos\portable\common\mpu_wrappers.c.1.obj|[63]    |0x00000000|0|LOCL |SECT |HIDN |20    |.debug_info
src\os\freertos\portable\common\mpu_wrappers.c.1.obj|[64]    |0x00000000|0|LOCL |SECT |HIDN |21    |.debug_info
src\os\freertos\portable\common\mpu_wrappers.c.1.obj|[65]    |0x00000000|0|LOCL |SECT |HIDN |22    |.debug_info
src\os\freertos\portable\common\mpu_wrappers.c.1.obj|[67]    |0x00000000|0|LOCL |SECT |HIDN |24    |.debug_info
src\os\freertos\portable\common\mpu_wrappers.c.1.obj|[68]    |0x00000000|0|LOCL |SECT |HIDN |25    |.debug_info
src\os\freertos\portable\common\mpu_wrappers.c.1.obj|[69]    |0x00000000|0|LOCL |SECT |HIDN |26    |.debug_info
src\os\freertos\portable\common\mpu_wrappers.c.1.obj|[70]    |0x00000000|0|LOCL |SECT |HIDN |27    |.debug_info
src\os\freertos\portable\common\mpu_wrappers.c.1.obj|[71]    |0x00000000|0|LOCL |SECT |HIDN |28    |.debug_info
src\os\freertos\portable\common\mpu_wrappers.c.1.obj|[97]    |0x00000000|0|LOCL |SECT |HIDN |54    |.debug_line
src\os\freertos\portable\common\mpu_wrappers.c.1.obj|[86]    |0x00000000|0|LOCL |SECT |HIDN |43    |.debug_line
src\os\freertos\portable\common\mpu_wrappers.c.1.obj|[85]    |0x00000000|0|LOCL |SECT |HIDN |42    |.debug_line
src\os\freertos\portable\common\mpu_wrappers.c.1.obj|[84]    |0x00000000|0|LOCL |SECT |HIDN |41    |.debug_line
src\os\freertos\portable\common\mpu_wrappers.c.1.obj|[83]    |0x00000000|0|LOCL |SECT |HIDN |40    |.debug_line
src\os\freertos\portable\common\mpu_wrappers.c.1.obj|[82]    |0x00000000|0|LOCL |SECT |HIDN |39    |.debug_line
src\os\freertos\portable\common\mpu_wrappers.c.1.obj|[81]    |0x00000000|0|LOCL |SECT |HIDN |38    |.debug_line
src\os\freertos\portable\common\mpu_wrappers.c.1.obj|[88]    |0x00000000|0|LOCL |SECT |HIDN |45    |.debug_line
src\os\freertos\portable\common\mpu_wrappers.c.1.obj|[89]    |0x00000000|0|LOCL |SECT |HIDN |46    |.debug_line
src\os\freertos\portable\common\mpu_wrappers.c.1.obj|[90]    |0x00000000|0|LOCL |SECT |HIDN |47    |.debug_line
src\os\freertos\portable\common\mpu_wrappers.c.1.obj|[91]    |0x00000000|0|LOCL |SECT |HIDN |48    |.debug_line
src\os\freertos\portable\common\mpu_wrappers.c.1.obj|[80]    |0x00000000|0|LOCL |SECT |HIDN |37    |.debug_line
src\os\freertos\portable\common\mpu_wrappers.c.1.obj|[92]    |0x00000000|0|LOCL |SECT |HIDN |49    |.debug_line
src\os\freertos\portable\common\mpu_wrappers.c.1.obj|[93]    |0x00000000|0|LOCL |SECT |HIDN |50    |.debug_line
src\os\freertos\portable\common\mpu_wrappers.c.1.obj|[94]    |0x00000000|0|LOCL |SECT |HIDN |51    |.debug_line
src\os\freertos\portable\common\mpu_wrappers.c.1.obj|[95]    |0x00000000|0|LOCL |SECT |HIDN |52    |.debug_line
src\os\freertos\portable\common\mpu_wrappers.c.1.obj|[96]    |0x00000000|0|LOCL |SECT |HIDN |53    |.debug_line
src\os\freertos\portable\common\mpu_wrappers.c.1.obj|[87]    |0x00000000|0|LOCL |SECT |HIDN |44    |.debug_line
src\os\freertos\portable\common\mpu_wrappers.c.1.obj|[134]   |0x00000000|0|LOCL |SECT |HIDN |91    |.debug_pubnames
src\os\freertos\portable\common\mpu_wrappers.c.1.obj|[148]   |0x00000000|0|LOCL |SECT |HIDN |105   |.debug_pubtypes
src\os\freertos\portable\common\mpu_wrappers.c.1.obj|[149]   |0x00000000|0|LOCL |SECT |HIDN |106   |.debug_pubtypes
src\os\freertos\portable\common\mpu_wrappers.c.1.obj|[150]   |0x00000000|0|LOCL |SECT |HIDN |107   |.debug_pubtypes
src\os\freertos\portable\common\mpu_wrappers.c.1.obj|[135]   |0x00000000|0|LOCL |SECT |HIDN |92    |.debug_pubtypes
src\os\freertos\portable\common\mpu_wrappers.c.1.obj|[136]   |0x00000000|0|LOCL |SECT |HIDN |93    |.debug_pubtypes
src\os\freertos\portable\common\mpu_wrappers.c.1.obj|[137]   |0x00000000|0|LOCL |SECT |HIDN |94    |.debug_pubtypes
src\os\freertos\portable\common\mpu_wrappers.c.1.obj|[138]   |0x00000000|0|LOCL |SECT |HIDN |95    |.debug_pubtypes
src\os\freertos\portable\common\mpu_wrappers.c.1.obj|[139]   |0x00000000|0|LOCL |SECT |HIDN |96    |.debug_pubtypes
src\os\freertos\portable\common\mpu_wrappers.c.1.obj|[140]   |0x00000000|0|LOCL |SECT |HIDN |97    |.debug_pubtypes
src\os\freertos\portable\common\mpu_wrappers.c.1.obj|[141]   |0x00000000|0|LOCL |SECT |HIDN |98    |.debug_pubtypes
src\os\freertos\portable\common\mpu_wrappers.c.1.obj|[142]   |0x00000000|0|LOCL |SECT |HIDN |99    |.debug_pubtypes
src\os\freertos\portable\common\mpu_wrappers.c.1.obj|[143]   |0x00000000|0|LOCL |SECT |HIDN |100   |.debug_pubtypes
src\os\freertos\portable\common\mpu_wrappers.c.1.obj|[144]   |0x00000000|0|LOCL |SECT |HIDN |101   |.debug_pubtypes
src\os\freertos\portable\common\mpu_wrappers.c.1.obj|[145]   |0x00000000|0|LOCL |SECT |HIDN |102   |.debug_pubtypes
src\os\freertos\portable\common\mpu_wrappers.c.1.obj|[146]   |0x00000000|0|LOCL |SECT |HIDN |103   |.debug_pubtypes
src\os\freertos\portable\common\mpu_wrappers.c.1.obj|[147]   |0x00000000|0|LOCL |SECT |HIDN |104   |.debug_pubtypes
src\os\freertos\portable\common\mpu_wrappers.c.1.obj|[131]   |0x00000000|0|LOCL |SECT |HIDN |89    |.debug_str
src\os\freertos\portable\common\mpu_wrappers.c.1.obj|[101]   |0x00000000|0|LOCL |SECT |HIDN |59    |.debug_str
src\os\freertos\portable\common\mpu_wrappers.c.1.obj|[103]   |0x00000000|0|LOCL |SECT |HIDN |61    |.debug_str
src\os\freertos\portable\common\mpu_wrappers.c.1.obj|[105]   |0x00000000|0|LOCL |SECT |HIDN |63    |.debug_str
src\os\freertos\portable\common\mpu_wrappers.c.1.obj|[107]   |0x00000000|0|LOCL |SECT |HIDN |65    |.debug_str
src\os\freertos\portable\common\mpu_wrappers.c.1.obj|[109]   |0x00000000|0|LOCL |SECT |HIDN |67    |.debug_str
src\os\freertos\portable\common\mpu_wrappers.c.1.obj|[111]   |0x00000000|0|LOCL |SECT |HIDN |69    |.debug_str
src\os\freertos\portable\common\mpu_wrappers.c.1.obj|[113]   |0x00000000|0|LOCL |SECT |HIDN |71    |.debug_str
src\os\freertos\portable\common\mpu_wrappers.c.1.obj|[115]   |0x00000000|0|LOCL |SECT |HIDN |73    |.debug_str
src\os\freertos\portable\common\mpu_wrappers.c.1.obj|[117]   |0x00000000|0|LOCL |SECT |HIDN |75    |.debug_str
src\os\freertos\portable\common\mpu_wrappers.c.1.obj|[119]   |0x00000000|0|LOCL |SECT |HIDN |77    |.debug_str
src\os\freertos\portable\common\mpu_wrappers.c.1.obj|[121]   |0x00000000|0|LOCL |SECT |HIDN |79    |.debug_str
src\os\freertos\portable\common\mpu_wrappers.c.1.obj|[123]   |0x00000000|0|LOCL |SECT |HIDN |81    |.debug_str
src\os\freertos\portable\common\mpu_wrappers.c.1.obj|[125]   |0x00000000|0|LOCL |SECT |HIDN |83    |.debug_str
src\os\freertos\portable\common\mpu_wrappers.c.1.obj|[127]   |0x00000000|0|LOCL |SECT |HIDN |85    |.debug_str
src\os\freertos\portable\common\mpu_wrappers.c.1.obj|[129]   |0x00000000|0|LOCL |SECT |HIDN |87    |.debug_str
src\os\freertos\portable\common\mpu_wrappers.c.1.obj|[4]     |0x00000000|0|LOCL |SECT |HIDN |18    |.syscallTEXT
src\os\freertos\portable\common\mpu_wrappers.c.1.obj|[3]     |0x00000000|0|LOCL |SECT |HIDN |17    |.text
src\os\freertos\portable\common\mpu_wrappers.c.1.obj|[151]   |0x00000000|0|WEAK |FUNC |HIDN |UNDEF |Lib$$Request$$armlib
src\os\freertos\portable\common\mpu_wrappers.c.1.obj|[152]   |0x00000000|0|WEAK |FUNC |HIDN |UNDEF |Lib$$Request$$cpplib
src\os\freertos\portable\common\mpu_wrappers.c.1.obj|[260]   |0x00000a6c|40|GLOB |FUNC |HIDN |18    |MPU_eTaskGetState
src\os\freertos\portable\common\mpu_wrappers.c.1.obj|[168]   |0x00000a44|40|GLOB |FUNC |HIDN |18    |MPU_pcTaskGetName
src\os\freertos\portable\common\mpu_wrappers.c.1.obj|[214]   |0x00000a14|48|GLOB |FUNC |HIDN |18    |MPU_pvTaskGetThreadLocalStoragePointer
src\os\freertos\portable\common\mpu_wrappers.c.1.obj|[178]   |0x000009dc|56|GLOB |FUNC |HIDN |18    |MPU_ulTaskGenericNotifyTake
src\os\freertos\portable\common\mpu_wrappers.c.1.obj|[239]   |0x000009a4|56|GLOB |FUNC |HIDN |18    |MPU_ulTaskGenericNotifyValueClear
src\os\freertos\portable\common\mpu_wrappers.c.1.obj|[245]   |0x0000097c|40|GLOB |FUNC |HIDN |18    |MPU_uxQueueMessagesWaiting
src\os\freertos\portable\common\mpu_wrappers.c.1.obj|[195]   |0x00000954|40|GLOB |FUNC |HIDN |18    |MPU_uxQueueSpacesAvailable
src\os\freertos\portable\common\mpu_wrappers.c.1.obj|[217]   |0x00000934|32|GLOB |FUNC |HIDN |18    |MPU_uxTaskGetNumberOfTasks
src\os\freertos\portable\common\mpu_wrappers.c.1.obj|[179]   |0x0000090c|40|GLOB |FUNC |HIDN |18    |MPU_uxTaskGetStackHighWaterMark
src\os\freertos\portable\common\mpu_wrappers.c.1.obj|[209]   |0x000008e4|40|GLOB |FUNC |HIDN |18    |MPU_uxTaskPriorityGet
src\os\freertos\portable\common\mpu_wrappers.c.1.obj|[230]   |0x000008bc|40|GLOB |FUNC |HIDN |18    |MPU_vEventGroupDelete
src\os\freertos\portable\common\mpu_wrappers.c.1.obj|[156]   |0x00000894|40|GLOB |FUNC |HIDN |18    |MPU_vQueueDelete
src\os\freertos\portable\common\mpu_wrappers.c.1.obj|[254]   |0x0000086c|40|GLOB |FUNC |HIDN |18    |MPU_vStreamBufferDelete
src\os\freertos\portable\common\mpu_wrappers.c.1.obj|[199]   |0x0000083c|48|GLOB |FUNC |HIDN |18    |MPU_vTaskAllocateMPURegions
src\os\freertos\portable\common\mpu_wrappers.c.1.obj|[247]   |0x00000814|40|GLOB |FUNC |HIDN |18    |MPU_vTaskDelete
src\os\freertos\portable\common\mpu_wrappers.c.1.obj|[201]   |0x000007e4|48|GLOB |FUNC |HIDN |18    |MPU_vTaskPrioritySet
src\os\freertos\portable\common\mpu_wrappers.c.1.obj|[162]   |0x000007bc|40|GLOB |FUNC |HIDN |18    |MPU_vTaskResume
src\os\freertos\portable\common\mpu_wrappers.c.1.obj|[266]   |0x00000784|56|GLOB |FUNC |HIDN |18    |MPU_vTaskSetThreadLocalStoragePointer
src\os\freertos\portable\common\mpu_wrappers.c.1.obj|[166]   |0x0000075c|40|GLOB |FUNC |HIDN |18    |MPU_vTaskSetTimeOutState
src\os\freertos\portable\common\mpu_wrappers.c.1.obj|[165]   |0x00000734|40|GLOB |FUNC |HIDN |18    |MPU_vTaskSuspend
src\os\freertos\portable\common\mpu_wrappers.c.1.obj|[263]   |0x00000714|32|GLOB |FUNC |HIDN |18    |MPU_vTaskSuspendAll
src\os\freertos\portable\common\mpu_wrappers.c.1.obj|[225]   |0x000006e4|48|GLOB |FUNC |HIDN |18    |MPU_xEventGroupClearBits
src\os\freertos\portable\common\mpu_wrappers.c.1.obj|[257]   |0x000006bc|40|GLOB |FUNC |HIDN |18    |MPU_xEventGroupCreateStatic
src\os\freertos\portable\common\mpu_wrappers.c.1.obj|[241]   |0x0000068c|48|GLOB |FUNC |HIDN |18    |MPU_xEventGroupSetBits
src\os\freertos\portable\common\mpu_wrappers.c.1.obj|[197]   |0x0000064c|64|GLOB |FUNC |HIDN |18    |MPU_xEventGroupSync
src\os\freertos\portable\common\mpu_wrappers.c.1.obj|[196]   |0x00000604|72|GLOB |FUNC |HIDN |18    |MPU_xEventGroupWaitBits
src\os\freertos\portable\common\mpu_wrappers.c.1.obj|[205]   |0x000005bc|72|GLOB |FUNC |HIDN |18    |MPU_xQueueGenericCreateStatic
src\os\freertos\portable\common\mpu_wrappers.c.1.obj|[208]   |0x0000058c|48|GLOB |FUNC |HIDN |18    |MPU_xQueueGenericReset
src\os\freertos\portable\common\mpu_wrappers.c.1.obj|[246]   |0x0000054c|64|GLOB |FUNC |HIDN |18    |MPU_xQueueGenericSend
src\os\freertos\portable\common\mpu_wrappers.c.1.obj|[202]   |0x00000514|56|GLOB |FUNC |HIDN |18    |MPU_xQueuePeek
src\os\freertos\portable\common\mpu_wrappers.c.1.obj|[169]   |0x000004dc|56|GLOB |FUNC |HIDN |18    |MPU_xQueueReceive
src\os\freertos\portable\common\mpu_wrappers.c.1.obj|[189]   |0x000004ac|48|GLOB |FUNC |HIDN |18    |MPU_xQueueSemaphoreTake
src\os\freertos\portable\common\mpu_wrappers.c.1.obj|[218]   |0x00000484|40|GLOB |FUNC |HIDN |18    |MPU_xStreamBufferBytesAvailable
src\os\freertos\portable\common\mpu_wrappers.c.1.obj|[227]   |0x0000043c|72|GLOB |FUNC |HIDN |18    |MPU_xStreamBufferGenericCreateStatic
src\os\freertos\portable\common\mpu_wrappers.c.1.obj|[207]   |0x00000414|40|GLOB |FUNC |HIDN |18    |MPU_xStreamBufferIsEmpty
src\os\freertos\portable\common\mpu_wrappers.c.1.obj|[193]   |0x000003ec|40|GLOB |FUNC |HIDN |18    |MPU_xStreamBufferIsFull
src\os\freertos\portable\common\mpu_wrappers.c.1.obj|[262]   |0x000003c4|40|GLOB |FUNC |HIDN |18    |MPU_xStreamBufferNextMessageLengthBytes
src\os\freertos\portable\common\mpu_wrappers.c.1.obj|[213]   |0x00000384|64|GLOB |FUNC |HIDN |18    |MPU_xStreamBufferReceive
src\os\freertos\portable\common\mpu_wrappers.c.1.obj|[174]   |0x0000035c|40|GLOB |FUNC |HIDN |18    |MPU_xStreamBufferReset
src\os\freertos\portable\common\mpu_wrappers.c.1.obj|[158]   |0x0000031c|64|GLOB |FUNC |HIDN |18    |MPU_xStreamBufferSend
src\os\freertos\portable\common\mpu_wrappers.c.1.obj|[210]   |0x000002ec|48|GLOB |FUNC |HIDN |18    |MPU_xStreamBufferSetTriggerLevel
src\os\freertos\portable\common\mpu_wrappers.c.1.obj|[153]   |0x000002c4|40|GLOB |FUNC |HIDN |18    |MPU_xStreamBufferSpacesAvailable
src\os\freertos\portable\common\mpu_wrappers.c.1.obj|[164]   |0x0000029c|40|GLOB |FUNC |HIDN |18    |MPU_xTaskAbortDelay
src\os\freertos\portable\common\mpu_wrappers.c.1.obj|[186]   |0x00000274|40|GLOB |FUNC |HIDN |18    |MPU_xTaskCatchUpTicks
src\os\freertos\portable\common\mpu_wrappers.c.1.obj|[259]   |0x00000244|48|GLOB |FUNC |HIDN |18    |MPU_xTaskCheckForTimeOut
src\os\freertos\portable\common\mpu_wrappers.c.1.obj|[229]   |0x00000214|48|GLOB |FUNC |HIDN |18    |MPU_xTaskCreateRestrictedStatic
src\os\freertos\portable\common\mpu_wrappers.c.1.obj|[203]   |0x000001b8|92|GLOB |FUNC |HIDN |18    |MPU_xTaskCreateStatic
src\os\freertos\portable\common\mpu_wrappers.c.1.obj|[190]   |0x00000188|48|GLOB |FUNC |HIDN |18    |MPU_xTaskDelayUntil
src\os\freertos\portable\common\mpu_wrappers.c.1.obj|[242]   |0x00000140|72|GLOB |FUNC |HIDN |18    |MPU_xTaskGenericNotify
src\os\freertos\portable\common\mpu_wrappers.c.1.obj|[175]   |0x00000110|48|GLOB |FUNC |HIDN |18    |MPU_xTaskGenericNotifyStateClear
src\os\freertos\portable\common\mpu_wrappers.c.1.obj|[252]   |0x000000c8|72|GLOB |FUNC |HIDN |18    |MPU_xTaskGenericNotifyWait
src\os\freertos\portable\common\mpu_wrappers.c.1.obj|[237]   |0x000000a8|32|GLOB |FUNC |HIDN |18    |MPU_xTaskGetCurrentTaskHandle
src\os\freertos\portable\common\mpu_wrappers.c.1.obj|[238]   |0x00000080|40|GLOB |FUNC |HIDN |18    |MPU_xTaskGetHandle
src\os\freertos\portable\common\mpu_wrappers.c.1.obj|[265]   |0x00000060|32|GLOB |FUNC |HIDN |18    |MPU_xTaskGetIdleTaskHandle
src\os\freertos\portable\common\mpu_wrappers.c.1.obj|[180]   |0x00000040|32|GLOB |FUNC |HIDN |18    |MPU_xTaskGetSchedulerState
src\os\freertos\portable\common\mpu_wrappers.c.1.obj|[192]   |0x00000020|32|GLOB |FUNC |HIDN |18    |MPU_xTaskGetTickCount
src\os\freertos\portable\common\mpu_wrappers.c.1.obj|[253]   |0x00000000|32|GLOB |FUNC |HIDN |18    |MPU_xTaskResumeAll
src\os\freertos\portable\common\mpu_wrappers.c.1.obj|[275]   |0x00000000|0|GLOB |NONE |HIDN |29    |__TI_DW.debug_info.$base_types.c8c38483d660372cd06395436475430b
src\os\freertos\portable\common\mpu_wrappers.c.1.obj|[269]   |0x00000000|0|GLOB |NONE |HIDN |23    |__TI_DW.debug_info.FreeRTOS.h.04ae4be274fdd73f669237d7bd419fd8
src\os\freertos\portable\common\mpu_wrappers.c.1.obj|[280]   |0x00000000|0|GLOB |NONE |HIDN |34    |__TI_DW.debug_info._stdint.h.55dc0724062de24f6648c36a36931c9a
src\os\freertos\portable\common\mpu_wrappers.c.1.obj|[268]   |0x00000000|0|GLOB |NONE |HIDN |22    |__TI_DW.debug_info._types.h.59562a94a523b27bdcf6ba60164276f0
src\os\freertos\portable\common\mpu_wrappers.c.1.obj|[278]   |0x00000000|0|GLOB |NONE |HIDN |32    |__TI_DW.debug_info._types.h.62a9317002fb36f2a0c7d45aa6f41cd3
src\os\freertos\portable\common\mpu_wrappers.c.1.obj|[270]   |0x00000000|0|GLOB |NONE |HIDN |24    |__TI_DW.debug_info.event_groups.h.c077ac8879beb97f2ae3003d02438a0d
src\os\freertos\portable\common\mpu_wrappers.c.1.obj|[282]   |0x00000000|0|GLOB |NONE |HIDN |36    |__TI_DW.debug_info.list.h.4d6d03950ec964682d1452032bc583c0
src\os\freertos\portable\common\mpu_wrappers.c.1.obj|[271]   |0x00000000|0|GLOB |NONE |HIDN |25    |__TI_DW.debug_info.portable.h.c0bc1a9dbc14fbad9a0d50cf4c508b48
src\os\freertos\portable\common\mpu_wrappers.c.1.obj|[272]   |0x00000000|0|GLOB |NONE |HIDN |26    |__TI_DW.debug_info.portmacro.h.27a49087feeaefca4aa91ed2620167d4
src\os\freertos\portable\common\mpu_wrappers.c.1.obj|[276]   |0x00000000|0|GLOB |NONE |HIDN |30    |__TI_DW.debug_info.projdefs.h.5856c2ba92afc82b3ee8e01784625b26
src\os\freertos\portable\common\mpu_wrappers.c.1.obj|[273]   |0x00000000|0|GLOB |NONE |HIDN |27    |__TI_DW.debug_info.queue.h.4395c51deb74aa560f9a5fb5d2d2ba23
src\os\freertos\portable\common\mpu_wrappers.c.1.obj|[281]   |0x00000000|0|GLOB |NONE |HIDN |35    |__TI_DW.debug_info.stddef.h.3995acaf97b16aff113f2eef85fc0668
src\os\freertos\portable\common\mpu_wrappers.c.1.obj|[279]   |0x00000000|0|GLOB |NONE |HIDN |33    |__TI_DW.debug_info.stdint.h.ad4b679dbce029afdbcc9a8c662c70ff
src\os\freertos\portable\common\mpu_wrappers.c.1.obj|[274]   |0x00000000|0|GLOB |NONE |HIDN |28    |__TI_DW.debug_info.stream_buffer.h.7836ade7caa49ec803dfe131d50be28e
src\os\freertos\portable\common\mpu_wrappers.c.1.obj|[267]   |0x00000000|0|GLOB |NONE |HIDN |21    |__TI_DW.debug_info.task.h.10d8fb1d269a36a83fc81a7c5881d7b4
src\os\freertos\portable\common\mpu_wrappers.c.1.obj|[277]   |0x00000000|0|GLOB |NONE |HIDN |31    |__TI_DW.debug_info.timers.h.9bf95cb6f0e8fdf40d8c4608f5fce871
src\os\freertos\portable\common\mpu_wrappers.c.1.obj|[232]   |0x00000000|0|GLOB |NONE |HIDN |UNDEF |eTaskGetState
src\os\freertos\portable\common\mpu_wrappers.c.1.obj|[161]   |0x00000000|0|GLOB |NONE |HIDN |UNDEF |pcTaskGetName
src\os\freertos\portable\common\mpu_wrappers.c.1.obj|[159]   |0x00000000|0|GLOB |NONE |HIDN |UNDEF |pvTaskGetThreadLocalStoragePointer
src\os\freertos\portable\common\mpu_wrappers.c.1.obj|[216]   |0x00000000|0|GLOB |NONE |HIDN |UNDEF |ulTaskGenericNotifyTake
src\os\freertos\portable\common\mpu_wrappers.c.1.obj|[226]   |0x00000000|0|GLOB |NONE |HIDN |UNDEF |ulTaskGenericNotifyValueClear
src\os\freertos\portable\common\mpu_wrappers.c.1.obj|[157]   |0x00000000|0|GLOB |NONE |HIDN |UNDEF |uxQueueMessagesWaiting
src\os\freertos\portable\common\mpu_wrappers.c.1.obj|[200]   |0x00000000|0|GLOB |NONE |HIDN |UNDEF |uxQueueSpacesAvailable
src\os\freertos\portable\common\mpu_wrappers.c.1.obj|[194]   |0x00000000|0|GLOB |NONE |HIDN |UNDEF |uxTaskGetNumberOfTasks
src\os\freertos\portable\common\mpu_wrappers.c.1.obj|[177]   |0x00000000|0|GLOB |NONE |HIDN |UNDEF |uxTaskGetStackHighWaterMark
src\os\freertos\portable\common\mpu_wrappers.c.1.obj|[206]   |0x00000000|0|GLOB |NONE |HIDN |UNDEF |uxTaskPriorityGet
src\os\freertos\portable\common\mpu_wrappers.c.1.obj|[234]   |0x00000000|0|GLOB |NONE |HIDN |UNDEF |vEventGroupDelete
src\os\freertos\portable\common\mpu_wrappers.c.1.obj|[248]   |0x00000000|0|GLOB |NONE |HIDN |UNDEF |vQueueDelete
src\os\freertos\portable\common\mpu_wrappers.c.1.obj|[167]   |0x00000000|0|GLOB |NONE |HIDN |UNDEF |vStreamBufferDelete
src\os\freertos\portable\common\mpu_wrappers.c.1.obj|[173]   |0x00000000|0|GLOB |NONE |HIDN |UNDEF |vTaskAllocateMPURegions
src\os\freertos\portable\common\mpu_wrappers.c.1.obj|[224]   |0x00000000|0|GLOB |NONE |HIDN |UNDEF |vTaskDelete
src\os\freertos\portable\common\mpu_wrappers.c.1.obj|[172]   |0x00000000|0|GLOB |NONE |HIDN |UNDEF |vTaskPrioritySet
src\os\freertos\portable\common\mpu_wrappers.c.1.obj|[240]   |0x00000000|0|GLOB |NONE |HIDN |UNDEF |vTaskResume
src\os\freertos\portable\common\mpu_wrappers.c.1.obj|[182]   |0x00000000|0|GLOB |NONE |HIDN |UNDEF |vTaskSetThreadLocalStoragePointer
src\os\freertos\portable\common\mpu_wrappers.c.1.obj|[243]   |0x00000000|0|GLOB |NONE |HIDN |UNDEF |vTaskSetTimeOutState
src\os\freertos\portable\common\mpu_wrappers.c.1.obj|[233]   |0x00000000|0|GLOB |NONE |HIDN |UNDEF |vTaskSuspend
src\os\freertos\portable\common\mpu_wrappers.c.1.obj|[155]   |0x00000000|0|GLOB |NONE |HIDN |UNDEF |vTaskSuspendAll
src\os\freertos\portable\common\mpu_wrappers.c.1.obj|[264]   |0x00000000|0|GLOB |NONE |HIDN |UNDEF |xEventGroupClearBits
src\os\freertos\portable\common\mpu_wrappers.c.1.obj|[171]   |0x00000000|0|GLOB |NONE |HIDN |UNDEF |xEventGroupCreateStatic
src\os\freertos\portable\common\mpu_wrappers.c.1.obj|[187]   |0x00000000|0|GLOB |NONE |HIDN |UNDEF |xEventGroupSetBits
src\os\freertos\portable\common\mpu_wrappers.c.1.obj|[231]   |0x00000000|0|GLOB |NONE |HIDN |UNDEF |xEventGroupSync
src\os\freertos\portable\common\mpu_wrappers.c.1.obj|[220]   |0x00000000|0|GLOB |NONE |HIDN |UNDEF |xEventGroupWaitBits
src\os\freertos\portable\common\mpu_wrappers.c.1.obj|[154]   |0x00000000|0|GLOB |NONE |HIDN |UNDEF |xQueueGenericCreateStatic
src\os\freertos\portable\common\mpu_wrappers.c.1.obj|[188]   |0x00000000|0|GLOB |NONE |HIDN |UNDEF |xQueueGenericReset
src\os\freertos\portable\common\mpu_wrappers.c.1.obj|[185]   |0x00000000|0|GLOB |NONE |HIDN |UNDEF |xQueueGenericSend
src\os\freertos\portable\common\mpu_wrappers.c.1.obj|[249]   |0x00000000|0|GLOB |NONE |HIDN |UNDEF |xQueuePeek
src\os\freertos\portable\common\mpu_wrappers.c.1.obj|[261]   |0x00000000|0|GLOB |NONE |HIDN |UNDEF |xQueueReceive
src\os\freertos\portable\common\mpu_wrappers.c.1.obj|[223]   |0x00000000|0|GLOB |NONE |HIDN |UNDEF |xQueueSemaphoreTake
src\os\freertos\portable\common\mpu_wrappers.c.1.obj|[236]   |0x00000000|0|GLOB |NONE |HIDN |UNDEF |xStreamBufferBytesAvailable
src\os\freertos\portable\common\mpu_wrappers.c.1.obj|[219]   |0x00000000|0|GLOB |NONE |HIDN |UNDEF |xStreamBufferGenericCreateStatic
src\os\freertos\portable\common\mpu_wrappers.c.1.obj|[255]   |0x00000000|0|GLOB |NONE |HIDN |UNDEF |xStreamBufferIsEmpty
src\os\freertos\portable\common\mpu_wrappers.c.1.obj|[170]   |0x00000000|0|GLOB |NONE |HIDN |UNDEF |xStreamBufferIsFull
src\os\freertos\portable\common\mpu_wrappers.c.1.obj|[244]   |0x00000000|0|GLOB |NONE |HIDN |UNDEF |xStreamBufferNextMessageLengthBytes
src\os\freertos\portable\common\mpu_wrappers.c.1.obj|[251]   |0x00000000|0|GLOB |NONE |HIDN |UNDEF |xStreamBufferReceive
src\os\freertos\portable\common\mpu_wrappers.c.1.obj|[256]   |0x00000000|0|GLOB |NONE |HIDN |UNDEF |xStreamBufferReset
src\os\freertos\portable\common\mpu_wrappers.c.1.obj|[221]   |0x00000000|0|GLOB |NONE |HIDN |UNDEF |xStreamBufferSend
src\os\freertos\portable\common\mpu_wrappers.c.1.obj|[222]   |0x00000000|0|GLOB |NONE |HIDN |UNDEF |xStreamBufferSetTriggerLevel
src\os\freertos\portable\common\mpu_wrappers.c.1.obj|[204]   |0x00000000|0|GLOB |NONE |HIDN |UNDEF |xStreamBufferSpacesAvailable
src\os\freertos\portable\common\mpu_wrappers.c.1.obj|[176]   |0x00000000|0|GLOB |NONE |HIDN |UNDEF |xTaskAbortDelay
src\os\freertos\portable\common\mpu_wrappers.c.1.obj|[198]   |0x00000000|0|GLOB |NONE |HIDN |UNDEF |xTaskCatchUpTicks
src\os\freertos\portable\common\mpu_wrappers.c.1.obj|[163]   |0x00000000|0|GLOB |NONE |HIDN |UNDEF |xTaskCheckForTimeOut
src\os\freertos\portable\common\mpu_wrappers.c.1.obj|[160]   |0x00000000|0|GLOB |NONE |HIDN |UNDEF |xTaskCreateRestrictedStatic
src\os\freertos\portable\common\mpu_wrappers.c.1.obj|[181]   |0x00000000|0|GLOB |NONE |HIDN |UNDEF |xTaskCreateStatic
src\os\freertos\portable\common\mpu_wrappers.c.1.obj|[191]   |0x00000000|0|GLOB |NONE |HIDN |UNDEF |xTaskDelayUntil
src\os\freertos\portable\common\mpu_wrappers.c.1.obj|[184]   |0x00000000|0|GLOB |NONE |HIDN |UNDEF |xTaskGenericNotify
src\os\freertos\portable\common\mpu_wrappers.c.1.obj|[183]   |0x00000000|0|GLOB |NONE |HIDN |UNDEF |xTaskGenericNotifyStateClear
src\os\freertos\portable\common\mpu_wrappers.c.1.obj|[228]   |0x00000000|0|GLOB |NONE |HIDN |UNDEF |xTaskGenericNotifyWait
src\os\freertos\portable\common\mpu_wrappers.c.1.obj|[258]   |0x00000000|0|GLOB |NONE |HIDN |UNDEF |xTaskGetCurrentTaskHandle
src\os\freertos\portable\common\mpu_wrappers.c.1.obj|[212]   |0x00000000|0|GLOB |NONE |HIDN |UNDEF |xTaskGetHandle
src\os\freertos\portable\common\mpu_wrappers.c.1.obj|[235]   |0x00000000|0|GLOB |NONE |HIDN |UNDEF |xTaskGetIdleTaskHandle
src\os\freertos\portable\common\mpu_wrappers.c.1.obj|[250]   |0x00000000|0|GLOB |NONE |HIDN |UNDEF |xTaskGetSchedulerState
src\os\freertos\portable\common\mpu_wrappers.c.1.obj|[215]   |0x00000000|0|GLOB |NONE |HIDN |UNDEF |xTaskGetTickCount
src\os\freertos\portable\common\mpu_wrappers.c.1.obj|[211]   |0x00000000|0|GLOB |NONE |HIDN |UNDEF |xTaskResumeAll
src\os\freertos\portable\common\mpu_wrappers.c.1.obj|[1]     |0x00000000|0|LOCL |FILE |HIDN |ABS   |{9DE752B5-496C-4BC9-9017-1C5C623F3E3B}
