
file            [index]  value      size  bind  type  vis   shndx  symbol name 

src\app\driver\config\nxpfs85xx_cfg.c.1.obj|[0]     |0x00000000|0|LOCL |NONE |DFLT |UNDEF |
src\app\driver\config\nxpfs85xx_cfg.c.1.obj|[19]    |0x00000000|0|LOCL |SECT |HIDN |22    |.debug_abbrev
src\app\driver\config\nxpfs85xx_cfg.c.1.obj|[21]    |0x00000000|0|LOCL |SECT |HIDN |24    |.debug_abbrev
src\app\driver\config\nxpfs85xx_cfg.c.1.obj|[15]    |0x00000000|0|LOCL |SECT |HIDN |19    |.debug_abbrev
src\app\driver\config\nxpfs85xx_cfg.c.1.obj|[23]    |0x00000000|0|LOCL |SECT |HIDN |26    |.debug_abbrev
src\app\driver\config\nxpfs85xx_cfg.c.1.obj|[17]    |0x00000000|0|LOCL |SECT |HIDN |20    |.debug_abbrev
src\app\driver\config\nxpfs85xx_cfg.c.1.obj|[25]    |0x00000000|0|LOCL |SECT |HIDN |28    |.debug_abbrev
src\app\driver\config\nxpfs85xx_cfg.c.1.obj|[3]     |0x00000000|0|LOCL |SECT |HIDN |7     |.debug_info
src\app\driver\config\nxpfs85xx_cfg.c.1.obj|[4]     |0x00000000|0|LOCL |SECT |HIDN |8     |.debug_info
src\app\driver\config\nxpfs85xx_cfg.c.1.obj|[5]     |0x00000000|0|LOCL |SECT |HIDN |9     |.debug_info
src\app\driver\config\nxpfs85xx_cfg.c.1.obj|[6]     |0x00000000|0|LOCL |SECT |HIDN |10    |.debug_info
src\app\driver\config\nxpfs85xx_cfg.c.1.obj|[7]     |0x00000000|0|LOCL |SECT |HIDN |11    |.debug_info
src\app\driver\config\nxpfs85xx_cfg.c.1.obj|[8]     |0x00000000|0|LOCL |SECT |HIDN |12    |.debug_info
src\app\driver\config\nxpfs85xx_cfg.c.1.obj|[9]     |0x00000000|0|LOCL |SECT |HIDN |13    |.debug_line
src\app\driver\config\nxpfs85xx_cfg.c.1.obj|[10]    |0x00000000|0|LOCL |SECT |HIDN |14    |.debug_line
src\app\driver\config\nxpfs85xx_cfg.c.1.obj|[11]    |0x00000000|0|LOCL |SECT |HIDN |15    |.debug_line
src\app\driver\config\nxpfs85xx_cfg.c.1.obj|[12]    |0x00000000|0|LOCL |SECT |HIDN |16    |.debug_line
src\app\driver\config\nxpfs85xx_cfg.c.1.obj|[13]    |0x00000000|0|LOCL |SECT |HIDN |17    |.debug_line
src\app\driver\config\nxpfs85xx_cfg.c.1.obj|[14]    |0x00000000|0|LOCL |SECT |HIDN |18    |.debug_line
src\app\driver\config\nxpfs85xx_cfg.c.1.obj|[26]    |0x00000000|0|LOCL |SECT |HIDN |30    |.debug_pubtypes
src\app\driver\config\nxpfs85xx_cfg.c.1.obj|[27]    |0x00000000|0|LOCL |SECT |HIDN |31    |.debug_pubtypes
src\app\driver\config\nxpfs85xx_cfg.c.1.obj|[28]    |0x00000000|0|LOCL |SECT |HIDN |32    |.debug_pubtypes
src\app\driver\config\nxpfs85xx_cfg.c.1.obj|[29]    |0x00000000|0|LOCL |SECT |HIDN |33    |.debug_pubtypes
src\app\driver\config\nxpfs85xx_cfg.c.1.obj|[30]    |0x00000000|0|LOCL |SECT |HIDN |34    |.debug_pubtypes
src\app\driver\config\nxpfs85xx_cfg.c.1.obj|[16]    |0x00000000|0|LOCL |SECT |HIDN |21    |.debug_str
src\app\driver\config\nxpfs85xx_cfg.c.1.obj|[18]    |0x00000000|0|LOCL |SECT |HIDN |23    |.debug_str
src\app\driver\config\nxpfs85xx_cfg.c.1.obj|[20]    |0x00000000|0|LOCL |SECT |HIDN |25    |.debug_str
src\app\driver\config\nxpfs85xx_cfg.c.1.obj|[24]    |0x00000000|0|LOCL |SECT |HIDN |29    |.debug_str
src\app\driver\config\nxpfs85xx_cfg.c.1.obj|[22]    |0x00000000|0|LOCL |SECT |HIDN |27    |.debug_str
src\app\driver\config\nxpfs85xx_cfg.c.1.obj|[2]     |0x00000000|0|LOCL |SECT |HIDN |6     |.text
src\app\driver\config\nxpfs85xx_cfg.c.1.obj|[31]    |0x00000000|0|WEAK |FUNC |HIDN |UNDEF |Lib$$Request$$armlib
src\app\driver\config\nxpfs85xx_cfg.c.1.obj|[32]    |0x00000000|0|WEAK |FUNC |HIDN |UNDEF |Lib$$Request$$cpplib
src\app\driver\config\nxpfs85xx_cfg.c.1.obj|[34]    |0x00000000|0|GLOB |NONE |HIDN |9     |__TI_DW.debug_info.$base_types.c8c38483d660372cd06395436475430b
src\app\driver\config\nxpfs85xx_cfg.c.1.obj|[37]    |0x00000000|0|GLOB |NONE |HIDN |12    |__TI_DW.debug_info._stdint.h.55dc0724062de24f6648c36a36931c9a
src\app\driver\config\nxpfs85xx_cfg.c.1.obj|[33]    |0x00000000|0|GLOB |NONE |HIDN |8     |__TI_DW.debug_info._types.h.59562a94a523b27bdcf6ba60164276f0
src\app\driver\config\nxpfs85xx_cfg.c.1.obj|[35]    |0x00000000|0|GLOB |NONE |HIDN |10    |__TI_DW.debug_info._types.h.62a9317002fb36f2a0c7d45aa6f41cd3
src\app\driver\config\nxpfs85xx_cfg.c.1.obj|[36]    |0x00000000|0|GLOB |NONE |HIDN |11    |__TI_DW.debug_info.stdint.h.ad4b679dbce029afdbcc9a8c662c70ff
src\app\driver\config\nxpfs85xx_cfg.c.1.obj|[1]     |0x00000000|0|LOCL |FILE |HIDN |ABS   |{72E42710-0AB1-434E-B385-028DF0F05615}
