
file            [index]  value      size  bind  type  vis   shndx  symbol name 

src\app\application\config\bal_cfg.c.1.obj|[0]     |0x00000000|0|LOCL |NONE |DFLT |UNDEF |
src\app\application\config\bal_cfg.c.1.obj|[5]     |0x00000040|0|LOCL |FUNC |HIDN |16    |$C$CON1
src\app\application\config\bal_cfg.c.1.obj|[3]     |0x00000014|0|LOCL |FUNC |HIDN |16    |$C$L1
src\app\application\config\bal_cfg.c.1.obj|[4]     |0x00000020|0|LOCL |FUNC |HIDN |16    |$C$L2
src\app\application\config\bal_cfg.c.1.obj|[9]     |0x00000000|0|LOCL |NONE |HIDN |16    |$a
src\app\application\config\bal_cfg.c.1.obj|[10]    |0x00000034|0|LOCL |NONE |HIDN |16    |$a
src\app\application\config\bal_cfg.c.1.obj|[11]    |0x00000040|0|LOCL |NONE |HIDN |16    |$d
src\app\application\config\bal_cfg.c.1.obj|[8]     |0x00000000|0|LOCL |NONE |HIDN |17    |$d
src\app\application\config\bal_cfg.c.1.obj|[7]     |0x00000000|0|LOCL |SECT |HIDN |17    |.data
src\app\application\config\bal_cfg.c.1.obj|[73]    |0x00000000|0|LOCL |SECT |HIDN |78    |.debug_abbrev
src\app\application\config\bal_cfg.c.1.obj|[71]    |0x00000000|0|LOCL |SECT |HIDN |76    |.debug_abbrev
src\app\application\config\bal_cfg.c.1.obj|[69]    |0x00000000|0|LOCL |SECT |HIDN |74    |.debug_abbrev
src\app\application\config\bal_cfg.c.1.obj|[61]    |0x00000000|0|LOCL |SECT |HIDN |66    |.debug_abbrev
src\app\application\config\bal_cfg.c.1.obj|[59]    |0x00000000|0|LOCL |SECT |HIDN |64    |.debug_abbrev
src\app\application\config\bal_cfg.c.1.obj|[49]    |0x00000000|0|LOCL |SECT |HIDN |55    |.debug_abbrev
src\app\application\config\bal_cfg.c.1.obj|[50]    |0x00000000|0|LOCL |SECT |HIDN |56    |.debug_abbrev
src\app\application\config\bal_cfg.c.1.obj|[51]    |0x00000000|0|LOCL |SECT |HIDN |57    |.debug_abbrev
src\app\application\config\bal_cfg.c.1.obj|[67]    |0x00000000|0|LOCL |SECT |HIDN |72    |.debug_abbrev
src\app\application\config\bal_cfg.c.1.obj|[53]    |0x00000000|0|LOCL |SECT |HIDN |58    |.debug_abbrev
src\app\application\config\bal_cfg.c.1.obj|[55]    |0x00000000|0|LOCL |SECT |HIDN |60    |.debug_abbrev
src\app\application\config\bal_cfg.c.1.obj|[77]    |0x00000000|0|LOCL |SECT |HIDN |82    |.debug_abbrev
src\app\application\config\bal_cfg.c.1.obj|[79]    |0x00000000|0|LOCL |SECT |HIDN |84    |.debug_abbrev
src\app\application\config\bal_cfg.c.1.obj|[81]    |0x00000000|0|LOCL |SECT |HIDN |86    |.debug_abbrev
src\app\application\config\bal_cfg.c.1.obj|[65]    |0x00000000|0|LOCL |SECT |HIDN |70    |.debug_abbrev
src\app\application\config\bal_cfg.c.1.obj|[63]    |0x00000000|0|LOCL |SECT |HIDN |68    |.debug_abbrev
src\app\application\config\bal_cfg.c.1.obj|[57]    |0x00000000|0|LOCL |SECT |HIDN |62    |.debug_abbrev
src\app\application\config\bal_cfg.c.1.obj|[75]    |0x00000000|0|LOCL |SECT |HIDN |80    |.debug_abbrev
src\app\application\config\bal_cfg.c.1.obj|[82]    |0x00000000|0|LOCL |SECT |HIDN |88    |.debug_aranges
src\app\application\config\bal_cfg.c.1.obj|[48]    |0x00000000|0|LOCL |SECT |HIDN |54    |.debug_frame
src\app\application\config\bal_cfg.c.1.obj|[12]    |0x00000000|0|LOCL |SECT |HIDN |18    |.debug_info
src\app\application\config\bal_cfg.c.1.obj|[13]    |0x00000000|0|LOCL |SECT |HIDN |19    |.debug_info
src\app\application\config\bal_cfg.c.1.obj|[14]    |0x00000000|0|LOCL |SECT |HIDN |20    |.debug_info
src\app\application\config\bal_cfg.c.1.obj|[15]    |0x00000000|0|LOCL |SECT |HIDN |21    |.debug_info
src\app\application\config\bal_cfg.c.1.obj|[16]    |0x00000000|0|LOCL |SECT |HIDN |22    |.debug_info
src\app\application\config\bal_cfg.c.1.obj|[17]    |0x00000000|0|LOCL |SECT |HIDN |23    |.debug_info
src\app\application\config\bal_cfg.c.1.obj|[18]    |0x00000000|0|LOCL |SECT |HIDN |24    |.debug_info
src\app\application\config\bal_cfg.c.1.obj|[19]    |0x00000000|0|LOCL |SECT |HIDN |25    |.debug_info
src\app\application\config\bal_cfg.c.1.obj|[20]    |0x00000000|0|LOCL |SECT |HIDN |26    |.debug_info
src\app\application\config\bal_cfg.c.1.obj|[21]    |0x00000000|0|LOCL |SECT |HIDN |27    |.debug_info
src\app\application\config\bal_cfg.c.1.obj|[22]    |0x00000000|0|LOCL |SECT |HIDN |28    |.debug_info
src\app\application\config\bal_cfg.c.1.obj|[25]    |0x00000000|0|LOCL |SECT |HIDN |31    |.debug_info
src\app\application\config\bal_cfg.c.1.obj|[26]    |0x00000000|0|LOCL |SECT |HIDN |32    |.debug_info
src\app\application\config\bal_cfg.c.1.obj|[27]    |0x00000000|0|LOCL |SECT |HIDN |33    |.debug_info
src\app\application\config\bal_cfg.c.1.obj|[23]    |0x00000000|0|LOCL |SECT |HIDN |29    |.debug_info
src\app\application\config\bal_cfg.c.1.obj|[28]    |0x00000000|0|LOCL |SECT |HIDN |34    |.debug_info
src\app\application\config\bal_cfg.c.1.obj|[29]    |0x00000000|0|LOCL |SECT |HIDN |35    |.debug_info
src\app\application\config\bal_cfg.c.1.obj|[24]    |0x00000000|0|LOCL |SECT |HIDN |30    |.debug_info
src\app\application\config\bal_cfg.c.1.obj|[34]    |0x00000000|0|LOCL |SECT |HIDN |40    |.debug_line
src\app\application\config\bal_cfg.c.1.obj|[35]    |0x00000000|0|LOCL |SECT |HIDN |41    |.debug_line
src\app\application\config\bal_cfg.c.1.obj|[36]    |0x00000000|0|LOCL |SECT |HIDN |42    |.debug_line
src\app\application\config\bal_cfg.c.1.obj|[37]    |0x00000000|0|LOCL |SECT |HIDN |43    |.debug_line
src\app\application\config\bal_cfg.c.1.obj|[38]    |0x00000000|0|LOCL |SECT |HIDN |44    |.debug_line
src\app\application\config\bal_cfg.c.1.obj|[39]    |0x00000000|0|LOCL |SECT |HIDN |45    |.debug_line
src\app\application\config\bal_cfg.c.1.obj|[40]    |0x00000000|0|LOCL |SECT |HIDN |46    |.debug_line
src\app\application\config\bal_cfg.c.1.obj|[41]    |0x00000000|0|LOCL |SECT |HIDN |47    |.debug_line
src\app\application\config\bal_cfg.c.1.obj|[42]    |0x00000000|0|LOCL |SECT |HIDN |48    |.debug_line
src\app\application\config\bal_cfg.c.1.obj|[43]    |0x00000000|0|LOCL |SECT |HIDN |49    |.debug_line
src\app\application\config\bal_cfg.c.1.obj|[44]    |0x00000000|0|LOCL |SECT |HIDN |50    |.debug_line
src\app\application\config\bal_cfg.c.1.obj|[46]    |0x00000000|0|LOCL |SECT |HIDN |52    |.debug_line
src\app\application\config\bal_cfg.c.1.obj|[47]    |0x00000000|0|LOCL |SECT |HIDN |53    |.debug_line
src\app\application\config\bal_cfg.c.1.obj|[45]    |0x00000000|0|LOCL |SECT |HIDN |51    |.debug_line
src\app\application\config\bal_cfg.c.1.obj|[30]    |0x00000000|0|LOCL |SECT |HIDN |36    |.debug_line
src\app\application\config\bal_cfg.c.1.obj|[31]    |0x00000000|0|LOCL |SECT |HIDN |37    |.debug_line
src\app\application\config\bal_cfg.c.1.obj|[32]    |0x00000000|0|LOCL |SECT |HIDN |38    |.debug_line
src\app\application\config\bal_cfg.c.1.obj|[33]    |0x00000000|0|LOCL |SECT |HIDN |39    |.debug_line
src\app\application\config\bal_cfg.c.1.obj|[83]    |0x00000000|0|LOCL |SECT |HIDN |89    |.debug_pubnames
src\app\application\config\bal_cfg.c.1.obj|[84]    |0x00000000|0|LOCL |SECT |HIDN |90    |.debug_pubnames
src\app\application\config\bal_cfg.c.1.obj|[89]    |0x00000000|0|LOCL |SECT |HIDN |95    |.debug_pubtypes
src\app\application\config\bal_cfg.c.1.obj|[90]    |0x00000000|0|LOCL |SECT |HIDN |96    |.debug_pubtypes
src\app\application\config\bal_cfg.c.1.obj|[91]    |0x00000000|0|LOCL |SECT |HIDN |97    |.debug_pubtypes
src\app\application\config\bal_cfg.c.1.obj|[92]    |0x00000000|0|LOCL |SECT |HIDN |98    |.debug_pubtypes
src\app\application\config\bal_cfg.c.1.obj|[96]    |0x00000000|0|LOCL |SECT |HIDN |102   |.debug_pubtypes
src\app\application\config\bal_cfg.c.1.obj|[95]    |0x00000000|0|LOCL |SECT |HIDN |101   |.debug_pubtypes
src\app\application\config\bal_cfg.c.1.obj|[93]    |0x00000000|0|LOCL |SECT |HIDN |99    |.debug_pubtypes
src\app\application\config\bal_cfg.c.1.obj|[94]    |0x00000000|0|LOCL |SECT |HIDN |100   |.debug_pubtypes
src\app\application\config\bal_cfg.c.1.obj|[85]    |0x00000000|0|LOCL |SECT |HIDN |91    |.debug_pubtypes
src\app\application\config\bal_cfg.c.1.obj|[86]    |0x00000000|0|LOCL |SECT |HIDN |92    |.debug_pubtypes
src\app\application\config\bal_cfg.c.1.obj|[87]    |0x00000000|0|LOCL |SECT |HIDN |93    |.debug_pubtypes
src\app\application\config\bal_cfg.c.1.obj|[88]    |0x00000000|0|LOCL |SECT |HIDN |94    |.debug_pubtypes
src\app\application\config\bal_cfg.c.1.obj|[97]    |0x00000000|0|LOCL |SECT |HIDN |103   |.debug_pubtypes
src\app\application\config\bal_cfg.c.1.obj|[98]    |0x00000000|0|LOCL |SECT |HIDN |104   |.debug_pubtypes
src\app\application\config\bal_cfg.c.1.obj|[99]    |0x00000000|0|LOCL |SECT |HIDN |105   |.debug_pubtypes
src\app\application\config\bal_cfg.c.1.obj|[68]    |0x00000000|0|LOCL |SECT |HIDN |75    |.debug_str
src\app\application\config\bal_cfg.c.1.obj|[70]    |0x00000000|0|LOCL |SECT |HIDN |77    |.debug_str
src\app\application\config\bal_cfg.c.1.obj|[74]    |0x00000000|0|LOCL |SECT |HIDN |81    |.debug_str
src\app\application\config\bal_cfg.c.1.obj|[60]    |0x00000000|0|LOCL |SECT |HIDN |67    |.debug_str
src\app\application\config\bal_cfg.c.1.obj|[76]    |0x00000000|0|LOCL |SECT |HIDN |83    |.debug_str
src\app\application\config\bal_cfg.c.1.obj|[58]    |0x00000000|0|LOCL |SECT |HIDN |65    |.debug_str
src\app\application\config\bal_cfg.c.1.obj|[78]    |0x00000000|0|LOCL |SECT |HIDN |85    |.debug_str
src\app\application\config\bal_cfg.c.1.obj|[62]    |0x00000000|0|LOCL |SECT |HIDN |69    |.debug_str
src\app\application\config\bal_cfg.c.1.obj|[80]    |0x00000000|0|LOCL |SECT |HIDN |87    |.debug_str
src\app\application\config\bal_cfg.c.1.obj|[56]    |0x00000000|0|LOCL |SECT |HIDN |63    |.debug_str
src\app\application\config\bal_cfg.c.1.obj|[64]    |0x00000000|0|LOCL |SECT |HIDN |71    |.debug_str
src\app\application\config\bal_cfg.c.1.obj|[72]    |0x00000000|0|LOCL |SECT |HIDN |79    |.debug_str
src\app\application\config\bal_cfg.c.1.obj|[54]    |0x00000000|0|LOCL |SECT |HIDN |61    |.debug_str
src\app\application\config\bal_cfg.c.1.obj|[66]    |0x00000000|0|LOCL |SECT |HIDN |73    |.debug_str
src\app\application\config\bal_cfg.c.1.obj|[52]    |0x00000000|0|LOCL |SECT |HIDN |59    |.debug_str
src\app\application\config\bal_cfg.c.1.obj|[6]     |0x00000000|0|LOCL |SECT |HIDN |16    |.text
src\app\application\config\bal_cfg.c.1.obj|[102]   |0x00000034|12|GLOB |FUNC |HIDN |16    |BAL_GetBalancingThreshold_mV
src\app\application\config\bal_cfg.c.1.obj|[103]   |0x00000000|52|GLOB |FUNC |HIDN |16    |BAL_SetBalancingThreshold
src\app\application\config\bal_cfg.c.1.obj|[100]   |0x00000000|0|WEAK |FUNC |HIDN |UNDEF |Lib$$Request$$armlib
src\app\application\config\bal_cfg.c.1.obj|[101]   |0x00000000|0|WEAK |FUNC |HIDN |UNDEF |Lib$$Request$$cpplib
src\app\application\config\bal_cfg.c.1.obj|[105]   |0x00000000|0|GLOB |NONE |HIDN |UNDEF |OS_EnterTaskCritical
src\app\application\config\bal_cfg.c.1.obj|[104]   |0x00000000|0|GLOB |NONE |HIDN |UNDEF |OS_ExitTaskCritical
src\app\application\config\bal_cfg.c.1.obj|[114]   |0x00000000|0|GLOB |NONE |HIDN |29    |__TI_DW.debug_info.$base_types.c8c38483d660372cd06395436475430b
src\app\application\config\bal_cfg.c.1.obj|[110]   |0x00000000|0|GLOB |NONE |HIDN |25    |__TI_DW.debug_info.FreeRTOS.h.04ae4be274fdd73f669237d7bd419fd8
src\app\application\config\bal_cfg.c.1.obj|[118]   |0x00000000|0|GLOB |NONE |HIDN |33    |__TI_DW.debug_info._stdint.h.55dc0724062de24f6648c36a36931c9a
src\app\application\config\bal_cfg.c.1.obj|[109]   |0x00000000|0|GLOB |NONE |HIDN |24    |__TI_DW.debug_info._types.h.59562a94a523b27bdcf6ba60164276f0
src\app\application\config\bal_cfg.c.1.obj|[116]   |0x00000000|0|GLOB |NONE |HIDN |31    |__TI_DW.debug_info._types.h.62a9317002fb36f2a0c7d45aa6f41cd3
src\app\application\config\bal_cfg.c.1.obj|[108]   |0x00000000|0|GLOB |NONE |HIDN |23    |__TI_DW.debug_info.fstd_types.h.1d46766ec8ec487eaf2fab650eb7b69f
src\app\application\config\bal_cfg.c.1.obj|[120]   |0x00000000|0|GLOB |NONE |HIDN |35    |__TI_DW.debug_info.list.h.4d6d03950ec964682d1452032bc583c0
src\app\application\config\bal_cfg.c.1.obj|[106]   |0x00000000|0|GLOB |NONE |HIDN |21    |__TI_DW.debug_info.os.h.41398224f6b5d0f5c3f79f50da01e755
src\app\application\config\bal_cfg.c.1.obj|[111]   |0x00000000|0|GLOB |NONE |HIDN |26    |__TI_DW.debug_info.portable.h.c0bc1a9dbc14fbad9a0d50cf4c508b48
src\app\application\config\bal_cfg.c.1.obj|[112]   |0x00000000|0|GLOB |NONE |HIDN |27    |__TI_DW.debug_info.portmacro.h.27a49087feeaefca4aa91ed2620167d4
src\app\application\config\bal_cfg.c.1.obj|[115]   |0x00000000|0|GLOB |NONE |HIDN |30    |__TI_DW.debug_info.projdefs.h.5856c2ba92afc82b3ee8e01784625b26
src\app\application\config\bal_cfg.c.1.obj|[113]   |0x00000000|0|GLOB |NONE |HIDN |28    |__TI_DW.debug_info.queue.h.4395c51deb74aa560f9a5fb5d2d2ba23
src\app\application\config\bal_cfg.c.1.obj|[119]   |0x00000000|0|GLOB |NONE |HIDN |34    |__TI_DW.debug_info.stddef.h.3995acaf97b16aff113f2eef85fc0668
src\app\application\config\bal_cfg.c.1.obj|[117]   |0x00000000|0|GLOB |NONE |HIDN |32    |__TI_DW.debug_info.stdint.h.ad4b679dbce029afdbcc9a8c662c70ff
src\app\application\config\bal_cfg.c.1.obj|[107]   |0x00000000|0|GLOB |NONE |HIDN |22    |__TI_DW.debug_info.task.h.10d8fb1d269a36a83fc81a7c5881d7b4
src\app\application\config\bal_cfg.c.1.obj|[2]     |0x00000000|4|LOCL |OBJT |HIDN |17    |bal_threshold_mV
src\app\application\config\bal_cfg.c.1.obj|[1]     |0x00000000|0|LOCL |FILE |HIDN |ABS   |{DDDC728E-49E0-42DE-BD75-97DCB9754235}
