
file            [index]  value      size  bind  type  vis   shndx  symbol name 

src\app\driver\spi\spi.c.1.obj|[0]     |0x00000000|0|LOCL |NONE |DFLT |UNDEF |
src\app\driver\spi\spi.c.1.obj|[133]   |0x00000e44|0|LOCL |FUNC |HIDN |30    |$C$CON1
src\app\driver\spi\spi.c.1.obj|[142]   |0x00000e68|0|LOCL |FUNC |HIDN |30    |$C$CON10
src\app\driver\spi\spi.c.1.obj|[143]   |0x00000e6c|0|LOCL |FUNC |HIDN |30    |$C$CON11
src\app\driver\spi\spi.c.1.obj|[144]   |0x00000e70|0|LOCL |FUNC |HIDN |30    |$C$CON12
src\app\driver\spi\spi.c.1.obj|[145]   |0x00000e74|0|LOCL |FUNC |HIDN |30    |$C$CON13
src\app\driver\spi\spi.c.1.obj|[146]   |0x00000e78|0|LOCL |FUNC |HIDN |30    |$C$CON14
src\app\driver\spi\spi.c.1.obj|[147]   |0x00000e7c|0|LOCL |FUNC |HIDN |30    |$C$CON15
src\app\driver\spi\spi.c.1.obj|[148]   |0x00000e80|0|LOCL |FUNC |HIDN |30    |$C$CON16
src\app\driver\spi\spi.c.1.obj|[149]   |0x00000e84|0|LOCL |FUNC |HIDN |30    |$C$CON17
src\app\driver\spi\spi.c.1.obj|[150]   |0x00000e88|0|LOCL |FUNC |HIDN |30    |$C$CON18
src\app\driver\spi\spi.c.1.obj|[151]   |0x00000e8c|0|LOCL |FUNC |HIDN |30    |$C$CON19
src\app\driver\spi\spi.c.1.obj|[134]   |0x00000e48|0|LOCL |FUNC |HIDN |30    |$C$CON2
src\app\driver\spi\spi.c.1.obj|[152]   |0x00000e90|0|LOCL |FUNC |HIDN |30    |$C$CON20
src\app\driver\spi\spi.c.1.obj|[153]   |0x00000e94|0|LOCL |FUNC |HIDN |30    |$C$CON21
src\app\driver\spi\spi.c.1.obj|[154]   |0x00000e98|0|LOCL |FUNC |HIDN |30    |$C$CON22
src\app\driver\spi\spi.c.1.obj|[155]   |0x00000e9c|0|LOCL |FUNC |HIDN |30    |$C$CON23
src\app\driver\spi\spi.c.1.obj|[156]   |0x00000ea0|0|LOCL |FUNC |HIDN |30    |$C$CON24
src\app\driver\spi\spi.c.1.obj|[157]   |0x00000ea4|0|LOCL |FUNC |HIDN |30    |$C$CON25
src\app\driver\spi\spi.c.1.obj|[158]   |0x00000ea8|0|LOCL |FUNC |HIDN |30    |$C$CON26
src\app\driver\spi\spi.c.1.obj|[159]   |0x00000eac|0|LOCL |FUNC |HIDN |30    |$C$CON27
src\app\driver\spi\spi.c.1.obj|[160]   |0x00000eb0|0|LOCL |FUNC |HIDN |30    |$C$CON28
src\app\driver\spi\spi.c.1.obj|[161]   |0x00000eb4|0|LOCL |FUNC |HIDN |30    |$C$CON29
src\app\driver\spi\spi.c.1.obj|[135]   |0x00000e4c|0|LOCL |FUNC |HIDN |30    |$C$CON3
src\app\driver\spi\spi.c.1.obj|[162]   |0x00000eb8|0|LOCL |FUNC |HIDN |30    |$C$CON30
src\app\driver\spi\spi.c.1.obj|[163]   |0x00000ebc|0|LOCL |FUNC |HIDN |30    |$C$CON31
src\app\driver\spi\spi.c.1.obj|[164]   |0x00000ec0|0|LOCL |FUNC |HIDN |30    |$C$CON32
src\app\driver\spi\spi.c.1.obj|[165]   |0x00000ec4|0|LOCL |FUNC |HIDN |30    |$C$CON33
src\app\driver\spi\spi.c.1.obj|[166]   |0x00000ec8|0|LOCL |FUNC |HIDN |30    |$C$CON34
src\app\driver\spi\spi.c.1.obj|[167]   |0x00000ecc|0|LOCL |FUNC |HIDN |30    |$C$CON35
src\app\driver\spi\spi.c.1.obj|[168]   |0x00000ed0|0|LOCL |FUNC |HIDN |30    |$C$CON36
src\app\driver\spi\spi.c.1.obj|[136]   |0x00000e50|0|LOCL |FUNC |HIDN |30    |$C$CON4
src\app\driver\spi\spi.c.1.obj|[137]   |0x00000e54|0|LOCL |FUNC |HIDN |30    |$C$CON5
src\app\driver\spi\spi.c.1.obj|[138]   |0x00000e58|0|LOCL |FUNC |HIDN |30    |$C$CON6
src\app\driver\spi\spi.c.1.obj|[139]   |0x00000e5c|0|LOCL |FUNC |HIDN |30    |$C$CON7
src\app\driver\spi\spi.c.1.obj|[140]   |0x00000e60|0|LOCL |FUNC |HIDN |30    |$C$CON8
src\app\driver\spi\spi.c.1.obj|[141]   |0x00000e64|0|LOCL |FUNC |HIDN |30    |$C$CON9
src\app\driver\spi\spi.c.1.obj|[4]     |0x0000002c|0|LOCL |FUNC |HIDN |30    |$C$L1
src\app\driver\spi\spi.c.1.obj|[13]    |0x000000d4|0|LOCL |FUNC |HIDN |30    |$C$L10
src\app\driver\spi\spi.c.1.obj|[104]   |0x00000b1c|0|LOCL |FUNC |HIDN |30    |$C$L100
src\app\driver\spi\spi.c.1.obj|[105]   |0x00000b24|0|LOCL |FUNC |HIDN |30    |$C$L101
src\app\driver\spi\spi.c.1.obj|[106]   |0x00000b2c|0|LOCL |FUNC |HIDN |30    |$C$L102
src\app\driver\spi\spi.c.1.obj|[107]   |0x00000b34|0|LOCL |FUNC |HIDN |30    |$C$L103
src\app\driver\spi\spi.c.1.obj|[108]   |0x00000b48|0|LOCL |FUNC |HIDN |30    |$C$L104
src\app\driver\spi\spi.c.1.obj|[109]   |0x00000b4c|0|LOCL |FUNC |HIDN |30    |$C$L105
src\app\driver\spi\spi.c.1.obj|[111]   |0x00000b7c|0|LOCL |FUNC |HIDN |30    |$C$L106
src\app\driver\spi\spi.c.1.obj|[112]   |0x00000b90|0|LOCL |FUNC |HIDN |30    |$C$L107
src\app\driver\spi\spi.c.1.obj|[113]   |0x00000b94|0|LOCL |FUNC |HIDN |30    |$C$L108
src\app\driver\spi\spi.c.1.obj|[114]   |0x00000ba8|0|LOCL |FUNC |HIDN |30    |$C$L109
src\app\driver\spi\spi.c.1.obj|[14]    |0x0000017c|0|LOCL |FUNC |HIDN |30    |$C$L11
src\app\driver\spi\spi.c.1.obj|[115]   |0x00000bac|0|LOCL |FUNC |HIDN |30    |$C$L110
src\app\driver\spi\spi.c.1.obj|[117]   |0x00000bd4|0|LOCL |FUNC |HIDN |30    |$C$L111
src\app\driver\spi\spi.c.1.obj|[118]   |0x00000d5c|0|LOCL |FUNC |HIDN |30    |$C$L112
src\app\driver\spi\spi.c.1.obj|[119]   |0x00000d70|0|LOCL |FUNC |HIDN |30    |$C$L113
src\app\driver\spi\spi.c.1.obj|[120]   |0x00000d74|0|LOCL |FUNC |HIDN |30    |$C$L114
src\app\driver\spi\spi.c.1.obj|[121]   |0x00000d88|0|LOCL |FUNC |HIDN |30    |$C$L115
src\app\driver\spi\spi.c.1.obj|[122]   |0x00000d8c|0|LOCL |FUNC |HIDN |30    |$C$L116
src\app\driver\spi\spi.c.1.obj|[123]   |0x00000da0|0|LOCL |FUNC |HIDN |30    |$C$L117
src\app\driver\spi\spi.c.1.obj|[124]   |0x00000da4|0|LOCL |FUNC |HIDN |30    |$C$L118
src\app\driver\spi\spi.c.1.obj|[125]   |0x00000db8|0|LOCL |FUNC |HIDN |30    |$C$L119
src\app\driver\spi\spi.c.1.obj|[15]    |0x0000019c|0|LOCL |FUNC |HIDN |30    |$C$L12
src\app\driver\spi\spi.c.1.obj|[126]   |0x00000dbc|0|LOCL |FUNC |HIDN |30    |$C$L120
src\app\driver\spi\spi.c.1.obj|[127]   |0x00000de4|0|LOCL |FUNC |HIDN |30    |$C$L121
src\app\driver\spi\spi.c.1.obj|[128]   |0x00000df8|0|LOCL |FUNC |HIDN |30    |$C$L122
src\app\driver\spi\spi.c.1.obj|[129]   |0x00000dfc|0|LOCL |FUNC |HIDN |30    |$C$L123
src\app\driver\spi\spi.c.1.obj|[130]   |0x00000e28|0|LOCL |FUNC |HIDN |30    |$C$L124
src\app\driver\spi\spi.c.1.obj|[131]   |0x00000e3c|0|LOCL |FUNC |HIDN |30    |$C$L125
src\app\driver\spi\spi.c.1.obj|[132]   |0x00000e40|0|LOCL |FUNC |HIDN |30    |$C$L126
src\app\driver\spi\spi.c.1.obj|[16]    |0x000001ac|0|LOCL |FUNC |HIDN |30    |$C$L13
src\app\driver\spi\spi.c.1.obj|[17]    |0x000001c4|0|LOCL |FUNC |HIDN |30    |$C$L14
src\app\driver\spi\spi.c.1.obj|[18]    |0x000001c8|0|LOCL |FUNC |HIDN |30    |$C$L15
src\app\driver\spi\spi.c.1.obj|[19]    |0x000001e0|0|LOCL |FUNC |HIDN |30    |$C$L16
src\app\driver\spi\spi.c.1.obj|[20]    |0x000001e4|0|LOCL |FUNC |HIDN |30    |$C$L17
src\app\driver\spi\spi.c.1.obj|[21]    |0x000002d4|0|LOCL |FUNC |HIDN |30    |$C$L18
src\app\driver\spi\spi.c.1.obj|[22]    |0x000002d8|0|LOCL |FUNC |HIDN |30    |$C$L19
src\app\driver\spi\spi.c.1.obj|[5]     |0x00000090|0|LOCL |FUNC |HIDN |30    |$C$L2
src\app\driver\spi\spi.c.1.obj|[23]    |0x000002f0|0|LOCL |FUNC |HIDN |30    |$C$L20
src\app\driver\spi\spi.c.1.obj|[24]    |0x00000304|0|LOCL |FUNC |HIDN |30    |$C$L21
src\app\driver\spi\spi.c.1.obj|[25]    |0x00000310|0|LOCL |FUNC |HIDN |30    |$C$L22
src\app\driver\spi\spi.c.1.obj|[26]    |0x00000324|0|LOCL |FUNC |HIDN |30    |$C$L23
src\app\driver\spi\spi.c.1.obj|[27]    |0x00000328|0|LOCL |FUNC |HIDN |30    |$C$L24
src\app\driver\spi\spi.c.1.obj|[28]    |0x0000033c|0|LOCL |FUNC |HIDN |30    |$C$L25
src\app\driver\spi\spi.c.1.obj|[29]    |0x00000340|0|LOCL |FUNC |HIDN |30    |$C$L26
src\app\driver\spi\spi.c.1.obj|[30]    |0x00000354|0|LOCL |FUNC |HIDN |30    |$C$L27
src\app\driver\spi\spi.c.1.obj|[31]    |0x00000358|0|LOCL |FUNC |HIDN |30    |$C$L28
src\app\driver\spi\spi.c.1.obj|[32]    |0x0000036c|0|LOCL |FUNC |HIDN |30    |$C$L29
src\app\driver\spi\spi.c.1.obj|[6]     |0x00000094|0|LOCL |FUNC |HIDN |30    |$C$L3
src\app\driver\spi\spi.c.1.obj|[33]    |0x00000370|0|LOCL |FUNC |HIDN |30    |$C$L30
src\app\driver\spi\spi.c.1.obj|[34]    |0x00000384|0|LOCL |FUNC |HIDN |30    |$C$L31
src\app\driver\spi\spi.c.1.obj|[35]    |0x00000388|0|LOCL |FUNC |HIDN |30    |$C$L32
src\app\driver\spi\spi.c.1.obj|[36]    |0x0000039c|0|LOCL |FUNC |HIDN |30    |$C$L33
src\app\driver\spi\spi.c.1.obj|[37]    |0x000003a0|0|LOCL |FUNC |HIDN |30    |$C$L34
src\app\driver\spi\spi.c.1.obj|[38]    |0x000003e0|0|LOCL |FUNC |HIDN |30    |$C$L35
src\app\driver\spi\spi.c.1.obj|[39]    |0x000003e4|0|LOCL |FUNC |HIDN |30    |$C$L36
src\app\driver\spi\spi.c.1.obj|[40]    |0x00000474|0|LOCL |FUNC |HIDN |30    |$C$L37
src\app\driver\spi\spi.c.1.obj|[41]    |0x000004a0|0|LOCL |FUNC |HIDN |30    |$C$L38
src\app\driver\spi\spi.c.1.obj|[42]    |0x000004c0|0|LOCL |FUNC |HIDN |30    |$C$L39
src\app\driver\spi\spi.c.1.obj|[7]     |0x0000009c|0|LOCL |FUNC |HIDN |30    |$C$L4
src\app\driver\spi\spi.c.1.obj|[43]    |0x000004d0|0|LOCL |FUNC |HIDN |30    |$C$L40
src\app\driver\spi\spi.c.1.obj|[44]    |0x00000504|0|LOCL |FUNC |HIDN |30    |$C$L41
src\app\driver\spi\spi.c.1.obj|[45]    |0x0000051c|0|LOCL |FUNC |HIDN |30    |$C$L42
src\app\driver\spi\spi.c.1.obj|[46]    |0x00000524|0|LOCL |FUNC |HIDN |30    |$C$L43
src\app\driver\spi\spi.c.1.obj|[47]    |0x00000538|0|LOCL |FUNC |HIDN |30    |$C$L44
src\app\driver\spi\spi.c.1.obj|[48]    |0x0000053c|0|LOCL |FUNC |HIDN |30    |$C$L45
src\app\driver\spi\spi.c.1.obj|[49]    |0x00000550|0|LOCL |FUNC |HIDN |30    |$C$L46
src\app\driver\spi\spi.c.1.obj|[50]    |0x00000554|0|LOCL |FUNC |HIDN |30    |$C$L47
src\app\driver\spi\spi.c.1.obj|[51]    |0x00000568|0|LOCL |FUNC |HIDN |30    |$C$L48
src\app\driver\spi\spi.c.1.obj|[52]    |0x0000056c|0|LOCL |FUNC |HIDN |30    |$C$L49
src\app\driver\spi\spi.c.1.obj|[8]     |0x000000a4|0|LOCL |FUNC |HIDN |30    |$C$L5
src\app\driver\spi\spi.c.1.obj|[53]    |0x00000580|0|LOCL |FUNC |HIDN |30    |$C$L50
src\app\driver\spi\spi.c.1.obj|[54]    |0x00000584|0|LOCL |FUNC |HIDN |30    |$C$L51
src\app\driver\spi\spi.c.1.obj|[55]    |0x00000600|0|LOCL |FUNC |HIDN |30    |$C$L52
src\app\driver\spi\spi.c.1.obj|[56]    |0x0000062c|0|LOCL |FUNC |HIDN |30    |$C$L53
src\app\driver\spi\spi.c.1.obj|[57]    |0x0000064c|0|LOCL |FUNC |HIDN |30    |$C$L54
src\app\driver\spi\spi.c.1.obj|[58]    |0x0000065c|0|LOCL |FUNC |HIDN |30    |$C$L55
src\app\driver\spi\spi.c.1.obj|[59]    |0x0000068c|0|LOCL |FUNC |HIDN |30    |$C$L56
src\app\driver\spi\spi.c.1.obj|[60]    |0x000006a4|0|LOCL |FUNC |HIDN |30    |$C$L57
src\app\driver\spi\spi.c.1.obj|[61]    |0x000006ac|0|LOCL |FUNC |HIDN |30    |$C$L58
src\app\driver\spi\spi.c.1.obj|[62]    |0x000006c0|0|LOCL |FUNC |HIDN |30    |$C$L59
src\app\driver\spi\spi.c.1.obj|[9]     |0x000000ac|0|LOCL |FUNC |HIDN |30    |$C$L6
src\app\driver\spi\spi.c.1.obj|[63]    |0x000006c4|0|LOCL |FUNC |HIDN |30    |$C$L60
src\app\driver\spi\spi.c.1.obj|[64]    |0x000006d8|0|LOCL |FUNC |HIDN |30    |$C$L61
src\app\driver\spi\spi.c.1.obj|[65]    |0x000006dc|0|LOCL |FUNC |HIDN |30    |$C$L62
src\app\driver\spi\spi.c.1.obj|[66]    |0x000006f0|0|LOCL |FUNC |HIDN |30    |$C$L63
src\app\driver\spi\spi.c.1.obj|[67]    |0x000006f4|0|LOCL |FUNC |HIDN |30    |$C$L64
src\app\driver\spi\spi.c.1.obj|[68]    |0x00000740|0|LOCL |FUNC |HIDN |30    |$C$L65
src\app\driver\spi\spi.c.1.obj|[69]    |0x00000754|0|LOCL |FUNC |HIDN |30    |$C$L66
src\app\driver\spi\spi.c.1.obj|[70]    |0x00000758|0|LOCL |FUNC |HIDN |30    |$C$L67
src\app\driver\spi\spi.c.1.obj|[71]    |0x0000089c|0|LOCL |FUNC |HIDN |30    |$C$L68
src\app\driver\spi\spi.c.1.obj|[72]    |0x000008bc|0|LOCL |FUNC |HIDN |30    |$C$L69
src\app\driver\spi\spi.c.1.obj|[10]    |0x000000b4|0|LOCL |FUNC |HIDN |30    |$C$L7
src\app\driver\spi\spi.c.1.obj|[73]    |0x000008cc|0|LOCL |FUNC |HIDN |30    |$C$L70
src\app\driver\spi\spi.c.1.obj|[74]    |0x000008f4|0|LOCL |FUNC |HIDN |30    |$C$L71
src\app\driver\spi\spi.c.1.obj|[75]    |0x00000908|0|LOCL |FUNC |HIDN |30    |$C$L72
src\app\driver\spi\spi.c.1.obj|[76]    |0x0000090c|0|LOCL |FUNC |HIDN |30    |$C$L73
src\app\driver\spi\spi.c.1.obj|[77]    |0x00000920|0|LOCL |FUNC |HIDN |30    |$C$L74
src\app\driver\spi\spi.c.1.obj|[78]    |0x00000924|0|LOCL |FUNC |HIDN |30    |$C$L75
src\app\driver\spi\spi.c.1.obj|[79]    |0x00000938|0|LOCL |FUNC |HIDN |30    |$C$L76
src\app\driver\spi\spi.c.1.obj|[80]    |0x0000093c|0|LOCL |FUNC |HIDN |30    |$C$L77
src\app\driver\spi\spi.c.1.obj|[81]    |0x00000950|0|LOCL |FUNC |HIDN |30    |$C$L78
src\app\driver\spi\spi.c.1.obj|[82]    |0x00000954|0|LOCL |FUNC |HIDN |30    |$C$L79
src\app\driver\spi\spi.c.1.obj|[11]    |0x000000bc|0|LOCL |FUNC |HIDN |30    |$C$L8
src\app\driver\spi\spi.c.1.obj|[83]    |0x00000968|0|LOCL |FUNC |HIDN |30    |$C$L80
src\app\driver\spi\spi.c.1.obj|[84]    |0x0000096c|0|LOCL |FUNC |HIDN |30    |$C$L81
src\app\driver\spi\spi.c.1.obj|[85]    |0x000009f4|0|LOCL |FUNC |HIDN |30    |$C$L82
src\app\driver\spi\spi.c.1.obj|[86]    |0x000009f8|0|LOCL |FUNC |HIDN |30    |$C$L83
src\app\driver\spi\spi.c.1.obj|[87]    |0x00000a08|0|LOCL |FUNC |HIDN |30    |$C$L84
src\app\driver\spi\spi.c.1.obj|[88]    |0x00000a18|0|LOCL |FUNC |HIDN |30    |$C$L85
src\app\driver\spi\spi.c.1.obj|[89]    |0x00000a28|0|LOCL |FUNC |HIDN |30    |$C$L86
src\app\driver\spi\spi.c.1.obj|[90]    |0x00000a38|0|LOCL |FUNC |HIDN |30    |$C$L87
src\app\driver\spi\spi.c.1.obj|[91]    |0x00000a44|0|LOCL |FUNC |HIDN |30    |$C$L88
src\app\driver\spi\spi.c.1.obj|[92]    |0x00000a60|0|LOCL |FUNC |HIDN |30    |$C$L89
src\app\driver\spi\spi.c.1.obj|[12]    |0x000000d0|0|LOCL |FUNC |HIDN |30    |$C$L9
src\app\driver\spi\spi.c.1.obj|[93]    |0x00000a6c|0|LOCL |FUNC |HIDN |30    |$C$L90
src\app\driver\spi\spi.c.1.obj|[94]    |0x00000a78|0|LOCL |FUNC |HIDN |30    |$C$L91
src\app\driver\spi\spi.c.1.obj|[95]    |0x00000a8c|0|LOCL |FUNC |HIDN |30    |$C$L92
src\app\driver\spi\spi.c.1.obj|[96]    |0x00000a90|0|LOCL |FUNC |HIDN |30    |$C$L93
src\app\driver\spi\spi.c.1.obj|[97]    |0x00000aa4|0|LOCL |FUNC |HIDN |30    |$C$L94
src\app\driver\spi\spi.c.1.obj|[98]    |0x00000aa8|0|LOCL |FUNC |HIDN |30    |$C$L95
src\app\driver\spi\spi.c.1.obj|[100]   |0x00000b00|0|LOCL |FUNC |HIDN |30    |$C$L96
src\app\driver\spi\spi.c.1.obj|[101]   |0x00000b04|0|LOCL |FUNC |HIDN |30    |$C$L97
src\app\driver\spi\spi.c.1.obj|[102]   |0x00000b0c|0|LOCL |FUNC |HIDN |30    |$C$L98
src\app\driver\spi\spi.c.1.obj|[103]   |0x00000b14|0|LOCL |FUNC |HIDN |30    |$C$L99
src\app\driver\spi\spi.c.1.obj|[3]     |0x00000000|52|LOCL |OBJT |HIDN |32    |$P$T0$1
src\app\driver\spi\spi.c.1.obj|[188]   |0x00000d10|0|LOCL |NONE |HIDN |30    |$a
src\app\driver\spi\spi.c.1.obj|[189]   |0x00000dc0|0|LOCL |NONE |HIDN |30    |$a
src\app\driver\spi\spi.c.1.obj|[190]   |0x00000e00|0|LOCL |NONE |HIDN |30    |$a
src\app\driver\spi\spi.c.1.obj|[187]   |0x00000d00|0|LOCL |NONE |HIDN |30    |$a
src\app\driver\spi\spi.c.1.obj|[186]   |0x00000bb0|0|LOCL |NONE |HIDN |30    |$a
src\app\driver\spi\spi.c.1.obj|[185]   |0x00000b50|0|LOCL |NONE |HIDN |30    |$a
src\app\driver\spi\spi.c.1.obj|[184]   |0x00000ab0|0|LOCL |NONE |HIDN |30    |$a
src\app\driver\spi\spi.c.1.obj|[183]   |0x00000970|0|LOCL |NONE |HIDN |30    |$a
src\app\driver\spi\spi.c.1.obj|[181]   |0x000006f8|0|LOCL |NONE |HIDN |30    |$a
src\app\driver\spi\spi.c.1.obj|[182]   |0x0000075c|0|LOCL |NONE |HIDN |30    |$a
src\app\driver\spi\spi.c.1.obj|[174]   |0x00000000|0|LOCL |NONE |HIDN |30    |$a
src\app\driver\spi\spi.c.1.obj|[175]   |0x00000004|0|LOCL |NONE |HIDN |30    |$a
src\app\driver\spi\spi.c.1.obj|[176]   |0x00000034|0|LOCL |NONE |HIDN |30    |$a
src\app\driver\spi\spi.c.1.obj|[177]   |0x000000d8|0|LOCL |NONE |HIDN |30    |$a
src\app\driver\spi\spi.c.1.obj|[178]   |0x000003a4|0|LOCL |NONE |HIDN |30    |$a
src\app\driver\spi\spi.c.1.obj|[179]   |0x000003f0|0|LOCL |NONE |HIDN |30    |$a
src\app\driver\spi\spi.c.1.obj|[180]   |0x00000588|0|LOCL |NONE |HIDN |30    |$a
src\app\driver\spi\spi.c.1.obj|[172]   |0x00000000|0|LOCL |NONE |HIDN |31    |$d
src\app\driver\spi\spi.c.1.obj|[173]   |0x00000000|0|LOCL |NONE |HIDN |32    |$d
src\app\driver\spi\spi.c.1.obj|[191]   |0x00000e44|0|LOCL |NONE |HIDN |30    |$d
src\app\driver\spi\spi.c.1.obj|[171]   |0x00000000|0|LOCL |SECT |HIDN |32    |.const:$P$T0$1
src\app\driver\spi\spi.c.1.obj|[170]   |0x00000000|0|LOCL |SECT |HIDN |31    |.data:spi_txLastWord
src\app\driver\spi\spi.c.1.obj|[320]   |0x00000000|0|LOCL |SECT |HIDN |160   |.debug_abbrev
src\app\driver\spi\spi.c.1.obj|[259]   |0x00000000|0|LOCL |SECT |HIDN |100   |.debug_abbrev
src\app\driver\spi\spi.c.1.obj|[261]   |0x00000000|0|LOCL |SECT |HIDN |102   |.debug_abbrev
src\app\driver\spi\spi.c.1.obj|[260]   |0x00000000|0|LOCL |SECT |HIDN |101   |.debug_abbrev
src\app\driver\spi\spi.c.1.obj|[264]   |0x00000000|0|LOCL |SECT |HIDN |104   |.debug_abbrev
src\app\driver\spi\spi.c.1.obj|[262]   |0x00000000|0|LOCL |SECT |HIDN |103   |.debug_abbrev
src\app\driver\spi\spi.c.1.obj|[266]   |0x00000000|0|LOCL |SECT |HIDN |106   |.debug_abbrev
src\app\driver\spi\spi.c.1.obj|[268]   |0x00000000|0|LOCL |SECT |HIDN |108   |.debug_abbrev
src\app\driver\spi\spi.c.1.obj|[270]   |0x00000000|0|LOCL |SECT |HIDN |110   |.debug_abbrev
src\app\driver\spi\spi.c.1.obj|[272]   |0x00000000|0|LOCL |SECT |HIDN |112   |.debug_abbrev
src\app\driver\spi\spi.c.1.obj|[274]   |0x00000000|0|LOCL |SECT |HIDN |114   |.debug_abbrev
src\app\driver\spi\spi.c.1.obj|[276]   |0x00000000|0|LOCL |SECT |HIDN |116   |.debug_abbrev
src\app\driver\spi\spi.c.1.obj|[278]   |0x00000000|0|LOCL |SECT |HIDN |118   |.debug_abbrev
src\app\driver\spi\spi.c.1.obj|[280]   |0x00000000|0|LOCL |SECT |HIDN |120   |.debug_abbrev
src\app\driver\spi\spi.c.1.obj|[282]   |0x00000000|0|LOCL |SECT |HIDN |122   |.debug_abbrev
src\app\driver\spi\spi.c.1.obj|[284]   |0x00000000|0|LOCL |SECT |HIDN |124   |.debug_abbrev
src\app\driver\spi\spi.c.1.obj|[286]   |0x00000000|0|LOCL |SECT |HIDN |126   |.debug_abbrev
src\app\driver\spi\spi.c.1.obj|[288]   |0x00000000|0|LOCL |SECT |HIDN |128   |.debug_abbrev
src\app\driver\spi\spi.c.1.obj|[290]   |0x00000000|0|LOCL |SECT |HIDN |130   |.debug_abbrev
src\app\driver\spi\spi.c.1.obj|[292]   |0x00000000|0|LOCL |SECT |HIDN |132   |.debug_abbrev
src\app\driver\spi\spi.c.1.obj|[294]   |0x00000000|0|LOCL |SECT |HIDN |134   |.debug_abbrev
src\app\driver\spi\spi.c.1.obj|[296]   |0x00000000|0|LOCL |SECT |HIDN |136   |.debug_abbrev
src\app\driver\spi\spi.c.1.obj|[298]   |0x00000000|0|LOCL |SECT |HIDN |138   |.debug_abbrev
src\app\driver\spi\spi.c.1.obj|[300]   |0x00000000|0|LOCL |SECT |HIDN |140   |.debug_abbrev
src\app\driver\spi\spi.c.1.obj|[302]   |0x00000000|0|LOCL |SECT |HIDN |142   |.debug_abbrev
src\app\driver\spi\spi.c.1.obj|[304]   |0x00000000|0|LOCL |SECT |HIDN |144   |.debug_abbrev
src\app\driver\spi\spi.c.1.obj|[306]   |0x00000000|0|LOCL |SECT |HIDN |146   |.debug_abbrev
src\app\driver\spi\spi.c.1.obj|[308]   |0x00000000|0|LOCL |SECT |HIDN |148   |.debug_abbrev
src\app\driver\spi\spi.c.1.obj|[310]   |0x00000000|0|LOCL |SECT |HIDN |150   |.debug_abbrev
src\app\driver\spi\spi.c.1.obj|[312]   |0x00000000|0|LOCL |SECT |HIDN |152   |.debug_abbrev
src\app\driver\spi\spi.c.1.obj|[314]   |0x00000000|0|LOCL |SECT |HIDN |154   |.debug_abbrev
src\app\driver\spi\spi.c.1.obj|[316]   |0x00000000|0|LOCL |SECT |HIDN |156   |.debug_abbrev
src\app\driver\spi\spi.c.1.obj|[318]   |0x00000000|0|LOCL |SECT |HIDN |158   |.debug_abbrev
src\app\driver\spi\spi.c.1.obj|[321]   |0x00000000|0|LOCL |SECT |HIDN |162   |.debug_aranges
src\app\driver\spi\spi.c.1.obj|[258]   |0x00000000|0|LOCL |SECT |HIDN |99    |.debug_frame
src\app\driver\spi\spi.c.1.obj|[221]   |0x00000000|0|LOCL |SECT |HIDN |62    |.debug_info
src\app\driver\spi\spi.c.1.obj|[222]   |0x00000000|0|LOCL |SECT |HIDN |63    |.debug_info
src\app\driver\spi\spi.c.1.obj|[223]   |0x00000000|0|LOCL |SECT |HIDN |64    |.debug_info
src\app\driver\spi\spi.c.1.obj|[224]   |0x00000000|0|LOCL |SECT |HIDN |65    |.debug_info
src\app\driver\spi\spi.c.1.obj|[192]   |0x00000000|0|LOCL |SECT |HIDN |33    |.debug_info
src\app\driver\spi\spi.c.1.obj|[193]   |0x00000000|0|LOCL |SECT |HIDN |34    |.debug_info
src\app\driver\spi\spi.c.1.obj|[194]   |0x00000000|0|LOCL |SECT |HIDN |35    |.debug_info
src\app\driver\spi\spi.c.1.obj|[195]   |0x00000000|0|LOCL |SECT |HIDN |36    |.debug_info
src\app\driver\spi\spi.c.1.obj|[196]   |0x00000000|0|LOCL |SECT |HIDN |37    |.debug_info
src\app\driver\spi\spi.c.1.obj|[197]   |0x00000000|0|LOCL |SECT |HIDN |38    |.debug_info
src\app\driver\spi\spi.c.1.obj|[198]   |0x00000000|0|LOCL |SECT |HIDN |39    |.debug_info
src\app\driver\spi\spi.c.1.obj|[199]   |0x00000000|0|LOCL |SECT |HIDN |40    |.debug_info
src\app\driver\spi\spi.c.1.obj|[200]   |0x00000000|0|LOCL |SECT |HIDN |41    |.debug_info
src\app\driver\spi\spi.c.1.obj|[201]   |0x00000000|0|LOCL |SECT |HIDN |42    |.debug_info
src\app\driver\spi\spi.c.1.obj|[202]   |0x00000000|0|LOCL |SECT |HIDN |43    |.debug_info
src\app\driver\spi\spi.c.1.obj|[203]   |0x00000000|0|LOCL |SECT |HIDN |44    |.debug_info
src\app\driver\spi\spi.c.1.obj|[204]   |0x00000000|0|LOCL |SECT |HIDN |45    |.debug_info
src\app\driver\spi\spi.c.1.obj|[205]   |0x00000000|0|LOCL |SECT |HIDN |46    |.debug_info
src\app\driver\spi\spi.c.1.obj|[206]   |0x00000000|0|LOCL |SECT |HIDN |47    |.debug_info
src\app\driver\spi\spi.c.1.obj|[207]   |0x00000000|0|LOCL |SECT |HIDN |48    |.debug_info
src\app\driver\spi\spi.c.1.obj|[208]   |0x00000000|0|LOCL |SECT |HIDN |49    |.debug_info
src\app\driver\spi\spi.c.1.obj|[209]   |0x00000000|0|LOCL |SECT |HIDN |50    |.debug_info
src\app\driver\spi\spi.c.1.obj|[210]   |0x00000000|0|LOCL |SECT |HIDN |51    |.debug_info
src\app\driver\spi\spi.c.1.obj|[211]   |0x00000000|0|LOCL |SECT |HIDN |52    |.debug_info
src\app\driver\spi\spi.c.1.obj|[212]   |0x00000000|0|LOCL |SECT |HIDN |53    |.debug_info
src\app\driver\spi\spi.c.1.obj|[213]   |0x00000000|0|LOCL |SECT |HIDN |54    |.debug_info
src\app\driver\spi\spi.c.1.obj|[214]   |0x00000000|0|LOCL |SECT |HIDN |55    |.debug_info
src\app\driver\spi\spi.c.1.obj|[215]   |0x00000000|0|LOCL |SECT |HIDN |56    |.debug_info
src\app\driver\spi\spi.c.1.obj|[216]   |0x00000000|0|LOCL |SECT |HIDN |57    |.debug_info
src\app\driver\spi\spi.c.1.obj|[217]   |0x00000000|0|LOCL |SECT |HIDN |58    |.debug_info
src\app\driver\spi\spi.c.1.obj|[218]   |0x00000000|0|LOCL |SECT |HIDN |59    |.debug_info
src\app\driver\spi\spi.c.1.obj|[219]   |0x00000000|0|LOCL |SECT |HIDN |60    |.debug_info
src\app\driver\spi\spi.c.1.obj|[220]   |0x00000000|0|LOCL |SECT |HIDN |61    |.debug_info
src\app\driver\spi\spi.c.1.obj|[254]   |0x00000000|0|LOCL |SECT |HIDN |95    |.debug_line
src\app\driver\spi\spi.c.1.obj|[255]   |0x00000000|0|LOCL |SECT |HIDN |96    |.debug_line
src\app\driver\spi\spi.c.1.obj|[256]   |0x00000000|0|LOCL |SECT |HIDN |97    |.debug_line
src\app\driver\spi\spi.c.1.obj|[257]   |0x00000000|0|LOCL |SECT |HIDN |98    |.debug_line
src\app\driver\spi\spi.c.1.obj|[237]   |0x00000000|0|LOCL |SECT |HIDN |78    |.debug_line
src\app\driver\spi\spi.c.1.obj|[246]   |0x00000000|0|LOCL |SECT |HIDN |87    |.debug_line
src\app\driver\spi\spi.c.1.obj|[238]   |0x00000000|0|LOCL |SECT |HIDN |79    |.debug_line
src\app\driver\spi\spi.c.1.obj|[247]   |0x00000000|0|LOCL |SECT |HIDN |88    |.debug_line
src\app\driver\spi\spi.c.1.obj|[239]   |0x00000000|0|LOCL |SECT |HIDN |80    |.debug_line
src\app\driver\spi\spi.c.1.obj|[252]   |0x00000000|0|LOCL |SECT |HIDN |93    |.debug_line
src\app\driver\spi\spi.c.1.obj|[248]   |0x00000000|0|LOCL |SECT |HIDN |89    |.debug_line
src\app\driver\spi\spi.c.1.obj|[253]   |0x00000000|0|LOCL |SECT |HIDN |94    |.debug_line
src\app\driver\spi\spi.c.1.obj|[225]   |0x00000000|0|LOCL |SECT |HIDN |66    |.debug_line
src\app\driver\spi\spi.c.1.obj|[241]   |0x00000000|0|LOCL |SECT |HIDN |82    |.debug_line
src\app\driver\spi\spi.c.1.obj|[226]   |0x00000000|0|LOCL |SECT |HIDN |67    |.debug_line
src\app\driver\spi\spi.c.1.obj|[249]   |0x00000000|0|LOCL |SECT |HIDN |90    |.debug_line
src\app\driver\spi\spi.c.1.obj|[227]   |0x00000000|0|LOCL |SECT |HIDN |68    |.debug_line
src\app\driver\spi\spi.c.1.obj|[242]   |0x00000000|0|LOCL |SECT |HIDN |83    |.debug_line
src\app\driver\spi\spi.c.1.obj|[228]   |0x00000000|0|LOCL |SECT |HIDN |69    |.debug_line
src\app\driver\spi\spi.c.1.obj|[229]   |0x00000000|0|LOCL |SECT |HIDN |70    |.debug_line
src\app\driver\spi\spi.c.1.obj|[240]   |0x00000000|0|LOCL |SECT |HIDN |81    |.debug_line
src\app\driver\spi\spi.c.1.obj|[230]   |0x00000000|0|LOCL |SECT |HIDN |71    |.debug_line
src\app\driver\spi\spi.c.1.obj|[243]   |0x00000000|0|LOCL |SECT |HIDN |84    |.debug_line
src\app\driver\spi\spi.c.1.obj|[231]   |0x00000000|0|LOCL |SECT |HIDN |72    |.debug_line
src\app\driver\spi\spi.c.1.obj|[250]   |0x00000000|0|LOCL |SECT |HIDN |91    |.debug_line
src\app\driver\spi\spi.c.1.obj|[232]   |0x00000000|0|LOCL |SECT |HIDN |73    |.debug_line
src\app\driver\spi\spi.c.1.obj|[244]   |0x00000000|0|LOCL |SECT |HIDN |85    |.debug_line
src\app\driver\spi\spi.c.1.obj|[233]   |0x00000000|0|LOCL |SECT |HIDN |74    |.debug_line
src\app\driver\spi\spi.c.1.obj|[234]   |0x00000000|0|LOCL |SECT |HIDN |75    |.debug_line
src\app\driver\spi\spi.c.1.obj|[245]   |0x00000000|0|LOCL |SECT |HIDN |86    |.debug_line
src\app\driver\spi\spi.c.1.obj|[235]   |0x00000000|0|LOCL |SECT |HIDN |76    |.debug_line
src\app\driver\spi\spi.c.1.obj|[251]   |0x00000000|0|LOCL |SECT |HIDN |92    |.debug_line
src\app\driver\spi\spi.c.1.obj|[236]   |0x00000000|0|LOCL |SECT |HIDN |77    |.debug_line
src\app\driver\spi\spi.c.1.obj|[324]   |0x00000000|0|LOCL |SECT |HIDN |165   |.debug_pubnames
src\app\driver\spi\spi.c.1.obj|[322]   |0x00000000|0|LOCL |SECT |HIDN |163   |.debug_pubnames
src\app\driver\spi\spi.c.1.obj|[323]   |0x00000000|0|LOCL |SECT |HIDN |164   |.debug_pubnames
src\app\driver\spi\spi.c.1.obj|[348]   |0x00000000|0|LOCL |SECT |HIDN |189   |.debug_pubtypes
src\app\driver\spi\spi.c.1.obj|[349]   |0x00000000|0|LOCL |SECT |HIDN |190   |.debug_pubtypes
src\app\driver\spi\spi.c.1.obj|[350]   |0x00000000|0|LOCL |SECT |HIDN |191   |.debug_pubtypes
src\app\driver\spi\spi.c.1.obj|[351]   |0x00000000|0|LOCL |SECT |HIDN |192   |.debug_pubtypes
src\app\driver\spi\spi.c.1.obj|[352]   |0x00000000|0|LOCL |SECT |HIDN |193   |.debug_pubtypes
src\app\driver\spi\spi.c.1.obj|[353]   |0x00000000|0|LOCL |SECT |HIDN |194   |.debug_pubtypes
src\app\driver\spi\spi.c.1.obj|[325]   |0x00000000|0|LOCL |SECT |HIDN |166   |.debug_pubtypes
src\app\driver\spi\spi.c.1.obj|[326]   |0x00000000|0|LOCL |SECT |HIDN |167   |.debug_pubtypes
src\app\driver\spi\spi.c.1.obj|[327]   |0x00000000|0|LOCL |SECT |HIDN |168   |.debug_pubtypes
src\app\driver\spi\spi.c.1.obj|[328]   |0x00000000|0|LOCL |SECT |HIDN |169   |.debug_pubtypes
src\app\driver\spi\spi.c.1.obj|[329]   |0x00000000|0|LOCL |SECT |HIDN |170   |.debug_pubtypes
src\app\driver\spi\spi.c.1.obj|[330]   |0x00000000|0|LOCL |SECT |HIDN |171   |.debug_pubtypes
src\app\driver\spi\spi.c.1.obj|[331]   |0x00000000|0|LOCL |SECT |HIDN |172   |.debug_pubtypes
src\app\driver\spi\spi.c.1.obj|[332]   |0x00000000|0|LOCL |SECT |HIDN |173   |.debug_pubtypes
src\app\driver\spi\spi.c.1.obj|[333]   |0x00000000|0|LOCL |SECT |HIDN |174   |.debug_pubtypes
src\app\driver\spi\spi.c.1.obj|[334]   |0x00000000|0|LOCL |SECT |HIDN |175   |.debug_pubtypes
src\app\driver\spi\spi.c.1.obj|[335]   |0x00000000|0|LOCL |SECT |HIDN |176   |.debug_pubtypes
src\app\driver\spi\spi.c.1.obj|[336]   |0x00000000|0|LOCL |SECT |HIDN |177   |.debug_pubtypes
src\app\driver\spi\spi.c.1.obj|[337]   |0x00000000|0|LOCL |SECT |HIDN |178   |.debug_pubtypes
src\app\driver\spi\spi.c.1.obj|[338]   |0x00000000|0|LOCL |SECT |HIDN |179   |.debug_pubtypes
src\app\driver\spi\spi.c.1.obj|[339]   |0x00000000|0|LOCL |SECT |HIDN |180   |.debug_pubtypes
src\app\driver\spi\spi.c.1.obj|[340]   |0x00000000|0|LOCL |SECT |HIDN |181   |.debug_pubtypes
src\app\driver\spi\spi.c.1.obj|[341]   |0x00000000|0|LOCL |SECT |HIDN |182   |.debug_pubtypes
src\app\driver\spi\spi.c.1.obj|[342]   |0x00000000|0|LOCL |SECT |HIDN |183   |.debug_pubtypes
src\app\driver\spi\spi.c.1.obj|[343]   |0x00000000|0|LOCL |SECT |HIDN |184   |.debug_pubtypes
src\app\driver\spi\spi.c.1.obj|[344]   |0x00000000|0|LOCL |SECT |HIDN |185   |.debug_pubtypes
src\app\driver\spi\spi.c.1.obj|[345]   |0x00000000|0|LOCL |SECT |HIDN |186   |.debug_pubtypes
src\app\driver\spi\spi.c.1.obj|[346]   |0x00000000|0|LOCL |SECT |HIDN |187   |.debug_pubtypes
src\app\driver\spi\spi.c.1.obj|[347]   |0x00000000|0|LOCL |SECT |HIDN |188   |.debug_pubtypes
src\app\driver\spi\spi.c.1.obj|[279]   |0x00000000|0|LOCL |SECT |HIDN |121   |.debug_str
src\app\driver\spi\spi.c.1.obj|[311]   |0x00000000|0|LOCL |SECT |HIDN |153   |.debug_str
src\app\driver\spi\spi.c.1.obj|[313]   |0x00000000|0|LOCL |SECT |HIDN |155   |.debug_str
src\app\driver\spi\spi.c.1.obj|[315]   |0x00000000|0|LOCL |SECT |HIDN |157   |.debug_str
src\app\driver\spi\spi.c.1.obj|[317]   |0x00000000|0|LOCL |SECT |HIDN |159   |.debug_str
src\app\driver\spi\spi.c.1.obj|[263]   |0x00000000|0|LOCL |SECT |HIDN |105   |.debug_str
src\app\driver\spi\spi.c.1.obj|[319]   |0x00000000|0|LOCL |SECT |HIDN |161   |.debug_str
src\app\driver\spi\spi.c.1.obj|[265]   |0x00000000|0|LOCL |SECT |HIDN |107   |.debug_str
src\app\driver\spi\spi.c.1.obj|[267]   |0x00000000|0|LOCL |SECT |HIDN |109   |.debug_str
src\app\driver\spi\spi.c.1.obj|[269]   |0x00000000|0|LOCL |SECT |HIDN |111   |.debug_str
src\app\driver\spi\spi.c.1.obj|[271]   |0x00000000|0|LOCL |SECT |HIDN |113   |.debug_str
src\app\driver\spi\spi.c.1.obj|[273]   |0x00000000|0|LOCL |SECT |HIDN |115   |.debug_str
src\app\driver\spi\spi.c.1.obj|[277]   |0x00000000|0|LOCL |SECT |HIDN |119   |.debug_str
src\app\driver\spi\spi.c.1.obj|[303]   |0x00000000|0|LOCL |SECT |HIDN |145   |.debug_str
src\app\driver\spi\spi.c.1.obj|[281]   |0x00000000|0|LOCL |SECT |HIDN |123   |.debug_str
src\app\driver\spi\spi.c.1.obj|[283]   |0x00000000|0|LOCL |SECT |HIDN |125   |.debug_str
src\app\driver\spi\spi.c.1.obj|[285]   |0x00000000|0|LOCL |SECT |HIDN |127   |.debug_str
src\app\driver\spi\spi.c.1.obj|[287]   |0x00000000|0|LOCL |SECT |HIDN |129   |.debug_str
src\app\driver\spi\spi.c.1.obj|[289]   |0x00000000|0|LOCL |SECT |HIDN |131   |.debug_str
src\app\driver\spi\spi.c.1.obj|[291]   |0x00000000|0|LOCL |SECT |HIDN |133   |.debug_str
src\app\driver\spi\spi.c.1.obj|[293]   |0x00000000|0|LOCL |SECT |HIDN |135   |.debug_str
src\app\driver\spi\spi.c.1.obj|[295]   |0x00000000|0|LOCL |SECT |HIDN |137   |.debug_str
src\app\driver\spi\spi.c.1.obj|[275]   |0x00000000|0|LOCL |SECT |HIDN |117   |.debug_str
src\app\driver\spi\spi.c.1.obj|[297]   |0x00000000|0|LOCL |SECT |HIDN |139   |.debug_str
src\app\driver\spi\spi.c.1.obj|[299]   |0x00000000|0|LOCL |SECT |HIDN |141   |.debug_str
src\app\driver\spi\spi.c.1.obj|[301]   |0x00000000|0|LOCL |SECT |HIDN |143   |.debug_str
src\app\driver\spi\spi.c.1.obj|[305]   |0x00000000|0|LOCL |SECT |HIDN |147   |.debug_str
src\app\driver\spi\spi.c.1.obj|[307]   |0x00000000|0|LOCL |SECT |HIDN |149   |.debug_str
src\app\driver\spi\spi.c.1.obj|[309]   |0x00000000|0|LOCL |SECT |HIDN |151   |.debug_str
src\app\driver\spi\spi.c.1.obj|[169]   |0x00000000|0|LOCL |SECT |HIDN |30    |.text
src\app\driver\spi\spi.c.1.obj|[396]   |0x00000000|0|GLOB |NONE |HIDN |UNDEF |FAS_StoreAssertLocation
src\app\driver\spi\spi.c.1.obj|[356]   |0x00000000|0|GLOB |NONE |HIDN |UNDEF |IO_PinReset
src\app\driver\spi\spi.c.1.obj|[371]   |0x00000000|0|GLOB |NONE |HIDN |UNDEF |IO_PinSet
src\app\driver\spi\spi.c.1.obj|[354]   |0x00000000|0|WEAK |FUNC |HIDN |UNDEF |Lib$$Request$$armlib
src\app\driver\spi\spi.c.1.obj|[355]   |0x00000000|0|WEAK |FUNC |HIDN |UNDEF |Lib$$Request$$cpplib
src\app\driver\spi\spi.c.1.obj|[358]   |0x00000000|0|GLOB |NONE |HIDN |UNDEF |MCU_Delay_us
src\app\driver\spi\spi.c.1.obj|[368]   |0x00000000|0|GLOB |NONE |HIDN |UNDEF |OS_EnterTaskCritical
src\app\driver\spi\spi.c.1.obj|[360]   |0x00000000|0|GLOB |NONE |HIDN |UNDEF |OS_ExitTaskCritical
src\app\driver\spi\spi.c.1.obj|[398]   |0x00000e00|68|GLOB |FUNC |HIDN |30    |SPI_CheckInterfaceAvailable
src\app\driver\spi\spi.c.1.obj|[369]   |0x00000dc0|64|GLOB |FUNC |HIDN |30    |SPI_DmaSendLastByte
src\app\driver\spi\spi.c.1.obj|[387]   |0x00000d10|176|GLOB |FUNC |HIDN |30    |SPI_FramTransmitReceiveData
src\app\driver\spi\spi.c.1.obj|[110]   |0x00000b50|0|LOCL |FUNC |HIDN |30    |SPI_GetChipSelectPin
src\app\driver\spi\spi.c.1.obj|[99]    |0x00000ab0|0|LOCL |FUNC |HIDN |30    |SPI_GetHardwareChipSelectPin
src\app\driver\spi\spi.c.1.obj|[374]   |0x00000034|164|GLOB |FUNC |HIDN |30    |SPI_GetSpiIndex
src\app\driver\spi\spi.c.1.obj|[385]   |0x00000d00|16|GLOB |FUNC |HIDN |30    |SPI_Initialize
src\app\driver\spi\spi.c.1.obj|[116]   |0x00000bb0|0|LOCL |FUNC |HIDN |30    |SPI_InitializeChipSelects
src\app\driver\spi\spi.c.1.obj|[394]   |0x000003a4|76|GLOB |FUNC |HIDN |30    |SPI_Lock
src\app\driver\spi\spi.c.1.obj|[367]   |0x00000970|320|GLOB |FUNC |HIDN |30    |SPI_SetFunctional
src\app\driver\spi\spi.c.1.obj|[372]   |0x0000075c|532|GLOB |FUNC |HIDN |30    |SPI_SlaveSetReceiveDataDma
src\app\driver\spi\spi.c.1.obj|[362]   |0x00000588|368|GLOB |FUNC |HIDN |30    |SPI_TransmitData
src\app\driver\spi\spi.c.1.obj|[373]   |0x000006f8|100|GLOB |FUNC |HIDN |30    |SPI_TransmitDummyByte
src\app\driver\spi\spi.c.1.obj|[386]   |0x000003f0|408|GLOB |FUNC |HIDN |30    |SPI_TransmitReceiveData
src\app\driver\spi\spi.c.1.obj|[380]   |0x000000d8|716|GLOB |FUNC |HIDN |30    |SPI_TransmitReceiveDataDma
src\app\driver\spi\spi.c.1.obj|[397]   |0x00000004|48|GLOB |FUNC |HIDN |30    |SPI_Unlock
src\app\driver\spi\spi.c.1.obj|[365]   |0x00000000|0|GLOB |NONE |HIDN |UNDEF |SpiTxStatus
src\app\driver\spi\spi.c.1.obj|[415]   |0x00000000|0|GLOB |NONE |HIDN |52    |__TI_DW.debug_info.$base_types.a3001db55c69772f4e2efd565078122a
src\app\driver\spi\spi.c.1.obj|[410]   |0x00000000|0|GLOB |NONE |HIDN |47    |__TI_DW.debug_info.FreeRTOS.h.fa2c0c84dc2ebb7809b682f6aae8f8bb
src\app\driver\spi\spi.c.1.obj|[409]   |0x00000000|0|GLOB |NONE |HIDN |46    |__TI_DW.debug_info.HL_hal_stdtypes.h.f6fe50beccb00e10c974b1712ae0460c
src\app\driver\spi\spi.c.1.obj|[426]   |0x00000000|0|GLOB |NONE |HIDN |63    |__TI_DW.debug_info.HL_het.h.a6c14b898f23627c37babe8511b7928b
src\app\driver\spi\spi.c.1.obj|[406]   |0x00000000|0|GLOB |NONE |HIDN |43    |__TI_DW.debug_info.HL_reg_dma.h.36a8a360bb79652018cb40654cc570ce
src\app\driver\spi\spi.c.1.obj|[424]   |0x00000000|0|GLOB |NONE |HIDN |61    |__TI_DW.debug_info.HL_reg_gio.h.14fbe21c444fd77e90046c712f40e220
src\app\driver\spi\spi.c.1.obj|[425]   |0x00000000|0|GLOB |NONE |HIDN |62    |__TI_DW.debug_info.HL_reg_het.h.340fb317176ec08ff32b554cbe8612b4
src\app\driver\spi\spi.c.1.obj|[427]   |0x00000000|0|GLOB |NONE |HIDN |64    |__TI_DW.debug_info.HL_reg_spi.h.532250e86fb075be63feada5b6532c7e
src\app\driver\spi\spi.c.1.obj|[414]   |0x00000000|0|GLOB |NONE |HIDN |51    |__TI_DW.debug_info.HL_spi.h.636367dc2acf11632c5efa6a1c78c493
src\app\driver\spi\spi.c.1.obj|[422]   |0x00000000|0|GLOB |NONE |HIDN |59    |__TI_DW.debug_info.HL_sys_common.h.e8daada136d191dca44e4b47f4729313
src\app\driver\spi\spi.c.1.obj|[423]   |0x00000000|0|GLOB |NONE |HIDN |60    |__TI_DW.debug_info.HL_sys_dma.h.3552c18df6e9c1e93c3b786f5e22b84c
src\app\driver\spi\spi.c.1.obj|[419]   |0x00000000|0|GLOB |NONE |HIDN |56    |__TI_DW.debug_info._stdint.h.55dc0724062de24f6648c36a36931c9a
src\app\driver\spi\spi.c.1.obj|[407]   |0x00000000|0|GLOB |NONE |HIDN |44    |__TI_DW.debug_info._types.h.59562a94a523b27bdcf6ba60164276f0
src\app\driver\spi\spi.c.1.obj|[417]   |0x00000000|0|GLOB |NONE |HIDN |54    |__TI_DW.debug_info._types.h.62a9317002fb36f2a0c7d45aa6f41cd3
src\app\driver\spi\spi.c.1.obj|[404]   |0x00000000|0|GLOB |NONE |HIDN |41    |__TI_DW.debug_info.battery_system_cfg.h.0d4bf392593ad8c7424a2b56147ab1c8
src\app\driver\spi\spi.c.1.obj|[405]   |0x00000000|0|GLOB |NONE |HIDN |42    |__TI_DW.debug_info.dma_cfg.h.1fa91731b3da1bb3f1da493714ae69b0
src\app\driver\spi\spi.c.1.obj|[408]   |0x00000000|0|GLOB |NONE |HIDN |45    |__TI_DW.debug_info.fassert.h.0b7b2882a1c517594159c37868ac3e58
src\app\driver\spi\spi.c.1.obj|[403]   |0x00000000|0|GLOB |NONE |HIDN |40    |__TI_DW.debug_info.fstd_types.h.1d46766ec8ec487eaf2fab650eb7b69f
src\app\driver\spi\spi.c.1.obj|[428]   |0x00000000|0|GLOB |NONE |HIDN |65    |__TI_DW.debug_info.list.h.4d6d03950ec964682d1452032bc583c0
src\app\driver\spi\spi.c.1.obj|[401]   |0x00000000|0|GLOB |NONE |HIDN |38    |__TI_DW.debug_info.os.h.41398224f6b5d0f5c3f79f50da01e755
src\app\driver\spi\spi.c.1.obj|[411]   |0x00000000|0|GLOB |NONE |HIDN |48    |__TI_DW.debug_info.portable.h.49b62e9f2fba37af6780d21a9568e6ef
src\app\driver\spi\spi.c.1.obj|[412]   |0x00000000|0|GLOB |NONE |HIDN |49    |__TI_DW.debug_info.portmacro.h.27a49087feeaefca4aa91ed2620167d4
src\app\driver\spi\spi.c.1.obj|[416]   |0x00000000|0|GLOB |NONE |HIDN |53    |__TI_DW.debug_info.projdefs.h.5856c2ba92afc82b3ee8e01784625b26
src\app\driver\spi\spi.c.1.obj|[413]   |0x00000000|0|GLOB |NONE |HIDN |50    |__TI_DW.debug_info.queue.h.4395c51deb74aa560f9a5fb5d2d2ba23
src\app\driver\spi\spi.c.1.obj|[400]   |0x00000000|0|GLOB |NONE |HIDN |37    |__TI_DW.debug_info.spi_cfg.h.b668debcfd06635adad6d427ebdea1a3
src\app\driver\spi\spi.c.1.obj|[420]   |0x00000000|0|GLOB |NONE |HIDN |57    |__TI_DW.debug_info.stddef.h.1e3d3aedbcddced6ca6b59ce00bd28ff
src\app\driver\spi\spi.c.1.obj|[418]   |0x00000000|0|GLOB |NONE |HIDN |55    |__TI_DW.debug_info.stdint.h.ad4b679dbce029afdbcc9a8c662c70ff
src\app\driver\spi\spi.c.1.obj|[421]   |0x00000000|0|GLOB |NONE |HIDN |58    |__TI_DW.debug_info.string.h.393cd1e38f0e26af7e281f8f5e32796e
src\app\driver\spi\spi.c.1.obj|[402]   |0x00000000|0|GLOB |NONE |HIDN |39    |__TI_DW.debug_info.task.h.10d8fb1d269a36a83fc81a7c5881d7b4
src\app\driver\spi\spi.c.1.obj|[359]   |0x00000000|0|GLOB |NONE |HIDN |UNDEF |dmaSetChEnable
src\app\driver\spi\spi.c.1.obj|[388]   |0x00000000|0|GLOB |NONE |HIDN |UNDEF |dma_spiDmaChannels
src\app\driver\spi\spi.c.1.obj|[366]   |0x00000000|0|GLOB |NONE |HIDN |UNDEF |dma_spiInterfaces
src\app\driver\spi\spi.c.1.obj|[361]   |0x00000000|0|GLOB |NONE |HIDN |UNDEF |memcpy
src\app\driver\spi\spi.c.1.obj|[363]   |0x00000000|0|GLOB |NONE |HIDN |UNDEF |memset
src\app\driver\spi\spi.c.1.obj|[391]   |0x00000000|0|GLOB |NONE |HIDN |UNDEF |spi1GetConfigValue
src\app\driver\spi\spi.c.1.obj|[392]   |0x00000000|0|GLOB |NONE |HIDN |UNDEF |spi2GetConfigValue
src\app\driver\spi\spi.c.1.obj|[393]   |0x00000000|0|GLOB |NONE |HIDN |UNDEF |spi3GetConfigValue
src\app\driver\spi\spi.c.1.obj|[389]   |0x00000000|0|GLOB |NONE |HIDN |UNDEF |spi4GetConfigValue
src\app\driver\spi\spi.c.1.obj|[390]   |0x00000000|0|GLOB |NONE |HIDN |UNDEF |spi5GetConfigValue
src\app\driver\spi\spi.c.1.obj|[370]   |0x00000000|0|GLOB |NONE |HIDN |UNDEF |spiInit
src\app\driver\spi\spi.c.1.obj|[378]   |0x00000000|4|GLOB |FUNC |HIDN |30    |spiNotification
src\app\driver\spi\spi.c.1.obj|[377]   |0x00000000|0|GLOB |NONE |HIDN |UNDEF |spiSetFunctional
src\app\driver\spi\spi.c.1.obj|[382]   |0x00000000|0|GLOB |NONE |HIDN |UNDEF |spiTransmitAndReceiveData
src\app\driver\spi\spi.c.1.obj|[384]   |0x00000000|0|GLOB |NONE |HIDN |UNDEF |spiTransmitData
src\app\driver\spi\spi.c.1.obj|[381]   |0x00000000|0|GLOB |NONE |HIDN |UNDEF |spi_busyFlags
src\app\driver\spi\spi.c.1.obj|[399]   |0x00000000|0|GLOB |NONE |HIDN |UNDEF |spi_framInterface
src\app\driver\spi\spi.c.1.obj|[364]   |0x00000000|0|GLOB |NONE |HIDN |UNDEF |spi_ltcInterface
src\app\driver\spi\spi.c.1.obj|[376]   |0x00000000|0|GLOB |NONE |HIDN |UNDEF |spi_mxmInterface
src\app\driver\spi\spi.c.1.obj|[395]   |0x00000000|0|GLOB |NONE |HIDN |UNDEF |spi_nrBusyFlags
src\app\driver\spi\spi.c.1.obj|[375]   |0x00000000|0|GLOB |NONE |HIDN |UNDEF |spi_nxp775InterfaceRx
src\app\driver\spi\spi.c.1.obj|[379]   |0x00000000|0|GLOB |NONE |HIDN |UNDEF |spi_nxp775InterfaceTx
src\app\driver\spi\spi.c.1.obj|[383]   |0x00000000|0|GLOB |NONE |HIDN |UNDEF |spi_sbcMcuInterface
src\app\driver\spi\spi.c.1.obj|[357]   |0x00000000|0|GLOB |NONE |HIDN |UNDEF |spi_spsInterface
src\app\driver\spi\spi.c.1.obj|[2]     |0x00000000|20|LOCL |OBJT |HIDN |31    |spi_txLastWord
src\app\driver\spi\spi.c.1.obj|[1]     |0x00000000|0|LOCL |FILE |HIDN |ABS   |{FF6FDAB7-BEA2-4BA7-80C2-255EB0BE5672}
