
file            [index]  value      size  bind  type  vis   shndx  symbol name 

src\os\freertos\event_groups.c.1.obj|[0]     |0x00000000|0|LOCL |NONE |DFLT |UNDEF |
src\os\freertos\event_groups.c.1.obj|[3]     |0x00000018|0|LOCL |FUNC |HIDN |18    |$C$L1
src\os\freertos\event_groups.c.1.obj|[12]    |0x00000148|0|LOCL |FUNC |HIDN |18    |$C$L10
src\os\freertos\event_groups.c.1.obj|[13]    |0x0000014c|0|LOCL |FUNC |HIDN |18    |$C$L11
src\os\freertos\event_groups.c.1.obj|[14]    |0x00000150|0|LOCL |FUNC |HIDN |18    |$C$L12
src\os\freertos\event_groups.c.1.obj|[15]    |0x00000154|0|LOCL |FUNC |HIDN |18    |$C$L13
src\os\freertos\event_groups.c.1.obj|[16]    |0x00000158|0|LOCL |FUNC |HIDN |18    |$C$L14
src\os\freertos\event_groups.c.1.obj|[17]    |0x0000015c|0|LOCL |FUNC |HIDN |18    |$C$L15
src\os\freertos\event_groups.c.1.obj|[18]    |0x00000160|0|LOCL |FUNC |HIDN |18    |$C$L16
src\os\freertos\event_groups.c.1.obj|[19]    |0x00000164|0|LOCL |FUNC |HIDN |18    |$C$L17
src\os\freertos\event_groups.c.1.obj|[20]    |0x0000019c|0|LOCL |FUNC |HIDN |18    |$C$L18
src\os\freertos\event_groups.c.1.obj|[21]    |0x000001c0|0|LOCL |FUNC |HIDN |18    |$C$L19
src\os\freertos\event_groups.c.1.obj|[4]     |0x00000024|0|LOCL |FUNC |HIDN |18    |$C$L2
src\os\freertos\event_groups.c.1.obj|[22]    |0x000001e4|0|LOCL |FUNC |HIDN |18    |$C$L20
src\os\freertos\event_groups.c.1.obj|[23]    |0x000001f0|0|LOCL |FUNC |HIDN |18    |$C$L21
src\os\freertos\event_groups.c.1.obj|[24]    |0x00000200|0|LOCL |FUNC |HIDN |18    |$C$L22
src\os\freertos\event_groups.c.1.obj|[25]    |0x00000208|0|LOCL |FUNC |HIDN |18    |$C$L23
src\os\freertos\event_groups.c.1.obj|[26]    |0x0000020c|0|LOCL |FUNC |HIDN |18    |$C$L24
src\os\freertos\event_groups.c.1.obj|[27]    |0x00000210|0|LOCL |FUNC |HIDN |18    |$C$L25
src\os\freertos\event_groups.c.1.obj|[28]    |0x00000214|0|LOCL |FUNC |HIDN |18    |$C$L26
src\os\freertos\event_groups.c.1.obj|[29]    |0x00000250|0|LOCL |FUNC |HIDN |18    |$C$L27
src\os\freertos\event_groups.c.1.obj|[30]    |0x0000029c|0|LOCL |FUNC |HIDN |18    |$C$L28
src\os\freertos\event_groups.c.1.obj|[31]    |0x000002a8|0|LOCL |FUNC |HIDN |18    |$C$L29
src\os\freertos\event_groups.c.1.obj|[5]     |0x00000028|0|LOCL |FUNC |HIDN |18    |$C$L3
src\os\freertos\event_groups.c.1.obj|[32]    |0x000002d0|0|LOCL |FUNC |HIDN |18    |$C$L30
src\os\freertos\event_groups.c.1.obj|[33]    |0x000002fc|0|LOCL |FUNC |HIDN |18    |$C$L31
src\os\freertos\event_groups.c.1.obj|[34]    |0x00000300|0|LOCL |FUNC |HIDN |18    |$C$L32
src\os\freertos\event_groups.c.1.obj|[35]    |0x00000308|0|LOCL |FUNC |HIDN |18    |$C$L33
src\os\freertos\event_groups.c.1.obj|[36]    |0x0000030c|0|LOCL |FUNC |HIDN |18    |$C$L34
src\os\freertos\event_groups.c.1.obj|[37]    |0x00000310|0|LOCL |FUNC |HIDN |18    |$C$L35
src\os\freertos\event_groups.c.1.obj|[38]    |0x00000314|0|LOCL |FUNC |HIDN |18    |$C$L36
src\os\freertos\event_groups.c.1.obj|[39]    |0x00000318|0|LOCL |FUNC |HIDN |18    |$C$L37
src\os\freertos\event_groups.c.1.obj|[40]    |0x0000031c|0|LOCL |FUNC |HIDN |18    |$C$L38
src\os\freertos\event_groups.c.1.obj|[41]    |0x00000360|0|LOCL |FUNC |HIDN |18    |$C$L39
src\os\freertos\event_groups.c.1.obj|[6]     |0x00000074|0|LOCL |FUNC |HIDN |18    |$C$L4
src\os\freertos\event_groups.c.1.obj|[42]    |0x00000364|0|LOCL |FUNC |HIDN |18    |$C$L40
src\os\freertos\event_groups.c.1.obj|[43]    |0x00000368|0|LOCL |FUNC |HIDN |18    |$C$L41
src\os\freertos\event_groups.c.1.obj|[44]    |0x0000036c|0|LOCL |FUNC |HIDN |18    |$C$L42
src\os\freertos\event_groups.c.1.obj|[45]    |0x000003a4|0|LOCL |FUNC |HIDN |18    |$C$L43
src\os\freertos\event_groups.c.1.obj|[46]    |0x000003a8|0|LOCL |FUNC |HIDN |18    |$C$L44
src\os\freertos\event_groups.c.1.obj|[47]    |0x000003ac|0|LOCL |FUNC |HIDN |18    |$C$L45
src\os\freertos\event_groups.c.1.obj|[48]    |0x000003b0|0|LOCL |FUNC |HIDN |18    |$C$L46
src\os\freertos\event_groups.c.1.obj|[49]    |0x000003c8|0|LOCL |FUNC |HIDN |18    |$C$L47
src\os\freertos\event_groups.c.1.obj|[50]    |0x000003cc|0|LOCL |FUNC |HIDN |18    |$C$L48
src\os\freertos\event_groups.c.1.obj|[51]    |0x000003d8|0|LOCL |FUNC |HIDN |18    |$C$L49
src\os\freertos\event_groups.c.1.obj|[7]     |0x000000c8|0|LOCL |FUNC |HIDN |18    |$C$L5
src\os\freertos\event_groups.c.1.obj|[52]    |0x000003e0|0|LOCL |FUNC |HIDN |18    |$C$L50
src\os\freertos\event_groups.c.1.obj|[53]    |0x000003f8|0|LOCL |FUNC |HIDN |18    |$C$L51
src\os\freertos\event_groups.c.1.obj|[54]    |0x00000408|0|LOCL |FUNC |HIDN |18    |$C$L52
src\os\freertos\event_groups.c.1.obj|[8]     |0x000000d8|0|LOCL |FUNC |HIDN |18    |$C$L6
src\os\freertos\event_groups.c.1.obj|[9]     |0x00000100|0|LOCL |FUNC |HIDN |18    |$C$L7
src\os\freertos\event_groups.c.1.obj|[10]    |0x0000013c|0|LOCL |FUNC |HIDN |18    |$C$L8
src\os\freertos\event_groups.c.1.obj|[11]    |0x00000140|0|LOCL |FUNC |HIDN |18    |$C$L9
src\os\freertos\event_groups.c.1.obj|[63]    |0x00000370|0|LOCL |NONE |HIDN |18    |$a
src\os\freertos\event_groups.c.1.obj|[58]    |0x00000030|0|LOCL |NONE |HIDN |18    |$a
src\os\freertos\event_groups.c.1.obj|[64]    |0x000003b4|0|LOCL |NONE |HIDN |18    |$a
src\os\freertos\event_groups.c.1.obj|[65]    |0x000003b8|0|LOCL |NONE |HIDN |18    |$a
src\os\freertos\event_groups.c.1.obj|[57]    |0x00000000|0|LOCL |NONE |HIDN |18    |$a
src\os\freertos\event_groups.c.1.obj|[66]    |0x0000040c|0|LOCL |NONE |HIDN |18    |$a
src\os\freertos\event_groups.c.1.obj|[59]    |0x00000168|0|LOCL |NONE |HIDN |18    |$a
src\os\freertos\event_groups.c.1.obj|[60]    |0x00000218|0|LOCL |NONE |HIDN |18    |$a
src\os\freertos\event_groups.c.1.obj|[61]    |0x00000320|0|LOCL |NONE |HIDN |18    |$a
src\os\freertos\event_groups.c.1.obj|[62]    |0x00000328|0|LOCL |NONE |HIDN |18    |$a
src\os\freertos\event_groups.c.1.obj|[105]   |0x00000000|0|LOCL |SECT |HIDN |57    |.debug_abbrev
src\os\freertos\event_groups.c.1.obj|[104]   |0x00000000|0|LOCL |SECT |HIDN |56    |.debug_abbrev
src\os\freertos\event_groups.c.1.obj|[127]   |0x00000000|0|LOCL |SECT |HIDN |78    |.debug_abbrev
src\os\freertos\event_groups.c.1.obj|[107]   |0x00000000|0|LOCL |SECT |HIDN |58    |.debug_abbrev
src\os\freertos\event_groups.c.1.obj|[129]   |0x00000000|0|LOCL |SECT |HIDN |80    |.debug_abbrev
src\os\freertos\event_groups.c.1.obj|[131]   |0x00000000|0|LOCL |SECT |HIDN |82    |.debug_abbrev
src\os\freertos\event_groups.c.1.obj|[133]   |0x00000000|0|LOCL |SECT |HIDN |84    |.debug_abbrev
src\os\freertos\event_groups.c.1.obj|[135]   |0x00000000|0|LOCL |SECT |HIDN |86    |.debug_abbrev
src\os\freertos\event_groups.c.1.obj|[137]   |0x00000000|0|LOCL |SECT |HIDN |88    |.debug_abbrev
src\os\freertos\event_groups.c.1.obj|[125]   |0x00000000|0|LOCL |SECT |HIDN |76    |.debug_abbrev
src\os\freertos\event_groups.c.1.obj|[115]   |0x00000000|0|LOCL |SECT |HIDN |66    |.debug_abbrev
src\os\freertos\event_groups.c.1.obj|[109]   |0x00000000|0|LOCL |SECT |HIDN |60    |.debug_abbrev
src\os\freertos\event_groups.c.1.obj|[111]   |0x00000000|0|LOCL |SECT |HIDN |62    |.debug_abbrev
src\os\freertos\event_groups.c.1.obj|[113]   |0x00000000|0|LOCL |SECT |HIDN |64    |.debug_abbrev
src\os\freertos\event_groups.c.1.obj|[117]   |0x00000000|0|LOCL |SECT |HIDN |68    |.debug_abbrev
src\os\freertos\event_groups.c.1.obj|[119]   |0x00000000|0|LOCL |SECT |HIDN |70    |.debug_abbrev
src\os\freertos\event_groups.c.1.obj|[121]   |0x00000000|0|LOCL |SECT |HIDN |72    |.debug_abbrev
src\os\freertos\event_groups.c.1.obj|[123]   |0x00000000|0|LOCL |SECT |HIDN |74    |.debug_abbrev
src\os\freertos\event_groups.c.1.obj|[138]   |0x00000000|0|LOCL |SECT |HIDN |90    |.debug_aranges
src\os\freertos\event_groups.c.1.obj|[103]   |0x00000000|0|LOCL |SECT |HIDN |55    |.debug_frame
src\os\freertos\event_groups.c.1.obj|[67]    |0x00000000|0|LOCL |SECT |HIDN |19    |.debug_info
src\os\freertos\event_groups.c.1.obj|[68]    |0x00000000|0|LOCL |SECT |HIDN |20    |.debug_info
src\os\freertos\event_groups.c.1.obj|[69]    |0x00000000|0|LOCL |SECT |HIDN |21    |.debug_info
src\os\freertos\event_groups.c.1.obj|[70]    |0x00000000|0|LOCL |SECT |HIDN |22    |.debug_info
src\os\freertos\event_groups.c.1.obj|[71]    |0x00000000|0|LOCL |SECT |HIDN |23    |.debug_info
src\os\freertos\event_groups.c.1.obj|[73]    |0x00000000|0|LOCL |SECT |HIDN |25    |.debug_info
src\os\freertos\event_groups.c.1.obj|[77]    |0x00000000|0|LOCL |SECT |HIDN |29    |.debug_info
src\os\freertos\event_groups.c.1.obj|[78]    |0x00000000|0|LOCL |SECT |HIDN |30    |.debug_info
src\os\freertos\event_groups.c.1.obj|[79]    |0x00000000|0|LOCL |SECT |HIDN |31    |.debug_info
src\os\freertos\event_groups.c.1.obj|[80]    |0x00000000|0|LOCL |SECT |HIDN |32    |.debug_info
src\os\freertos\event_groups.c.1.obj|[72]    |0x00000000|0|LOCL |SECT |HIDN |24    |.debug_info
src\os\freertos\event_groups.c.1.obj|[81]    |0x00000000|0|LOCL |SECT |HIDN |33    |.debug_info
src\os\freertos\event_groups.c.1.obj|[82]    |0x00000000|0|LOCL |SECT |HIDN |34    |.debug_info
src\os\freertos\event_groups.c.1.obj|[83]    |0x00000000|0|LOCL |SECT |HIDN |35    |.debug_info
src\os\freertos\event_groups.c.1.obj|[84]    |0x00000000|0|LOCL |SECT |HIDN |36    |.debug_info
src\os\freertos\event_groups.c.1.obj|[74]    |0x00000000|0|LOCL |SECT |HIDN |26    |.debug_info
src\os\freertos\event_groups.c.1.obj|[75]    |0x00000000|0|LOCL |SECT |HIDN |27    |.debug_info
src\os\freertos\event_groups.c.1.obj|[76]    |0x00000000|0|LOCL |SECT |HIDN |28    |.debug_info
src\os\freertos\event_groups.c.1.obj|[101]   |0x00000000|0|LOCL |SECT |HIDN |53    |.debug_line
src\os\freertos\event_groups.c.1.obj|[102]   |0x00000000|0|LOCL |SECT |HIDN |54    |.debug_line
src\os\freertos\event_groups.c.1.obj|[85]    |0x00000000|0|LOCL |SECT |HIDN |37    |.debug_line
src\os\freertos\event_groups.c.1.obj|[86]    |0x00000000|0|LOCL |SECT |HIDN |38    |.debug_line
src\os\freertos\event_groups.c.1.obj|[87]    |0x00000000|0|LOCL |SECT |HIDN |39    |.debug_line
src\os\freertos\event_groups.c.1.obj|[88]    |0x00000000|0|LOCL |SECT |HIDN |40    |.debug_line
src\os\freertos\event_groups.c.1.obj|[89]    |0x00000000|0|LOCL |SECT |HIDN |41    |.debug_line
src\os\freertos\event_groups.c.1.obj|[90]    |0x00000000|0|LOCL |SECT |HIDN |42    |.debug_line
src\os\freertos\event_groups.c.1.obj|[91]    |0x00000000|0|LOCL |SECT |HIDN |43    |.debug_line
src\os\freertos\event_groups.c.1.obj|[92]    |0x00000000|0|LOCL |SECT |HIDN |44    |.debug_line
src\os\freertos\event_groups.c.1.obj|[93]    |0x00000000|0|LOCL |SECT |HIDN |45    |.debug_line
src\os\freertos\event_groups.c.1.obj|[94]    |0x00000000|0|LOCL |SECT |HIDN |46    |.debug_line
src\os\freertos\event_groups.c.1.obj|[95]    |0x00000000|0|LOCL |SECT |HIDN |47    |.debug_line
src\os\freertos\event_groups.c.1.obj|[96]    |0x00000000|0|LOCL |SECT |HIDN |48    |.debug_line
src\os\freertos\event_groups.c.1.obj|[97]    |0x00000000|0|LOCL |SECT |HIDN |49    |.debug_line
src\os\freertos\event_groups.c.1.obj|[98]    |0x00000000|0|LOCL |SECT |HIDN |50    |.debug_line
src\os\freertos\event_groups.c.1.obj|[99]    |0x00000000|0|LOCL |SECT |HIDN |51    |.debug_line
src\os\freertos\event_groups.c.1.obj|[100]   |0x00000000|0|LOCL |SECT |HIDN |52    |.debug_line
src\os\freertos\event_groups.c.1.obj|[139]   |0x00000000|0|LOCL |SECT |HIDN |91    |.debug_pubnames
src\os\freertos\event_groups.c.1.obj|[152]   |0x00000000|0|LOCL |SECT |HIDN |104   |.debug_pubtypes
src\os\freertos\event_groups.c.1.obj|[155]   |0x00000000|0|LOCL |SECT |HIDN |107   |.debug_pubtypes
src\os\freertos\event_groups.c.1.obj|[153]   |0x00000000|0|LOCL |SECT |HIDN |105   |.debug_pubtypes
src\os\freertos\event_groups.c.1.obj|[140]   |0x00000000|0|LOCL |SECT |HIDN |92    |.debug_pubtypes
src\os\freertos\event_groups.c.1.obj|[141]   |0x00000000|0|LOCL |SECT |HIDN |93    |.debug_pubtypes
src\os\freertos\event_groups.c.1.obj|[142]   |0x00000000|0|LOCL |SECT |HIDN |94    |.debug_pubtypes
src\os\freertos\event_groups.c.1.obj|[143]   |0x00000000|0|LOCL |SECT |HIDN |95    |.debug_pubtypes
src\os\freertos\event_groups.c.1.obj|[154]   |0x00000000|0|LOCL |SECT |HIDN |106   |.debug_pubtypes
src\os\freertos\event_groups.c.1.obj|[144]   |0x00000000|0|LOCL |SECT |HIDN |96    |.debug_pubtypes
src\os\freertos\event_groups.c.1.obj|[145]   |0x00000000|0|LOCL |SECT |HIDN |97    |.debug_pubtypes
src\os\freertos\event_groups.c.1.obj|[146]   |0x00000000|0|LOCL |SECT |HIDN |98    |.debug_pubtypes
src\os\freertos\event_groups.c.1.obj|[147]   |0x00000000|0|LOCL |SECT |HIDN |99    |.debug_pubtypes
src\os\freertos\event_groups.c.1.obj|[148]   |0x00000000|0|LOCL |SECT |HIDN |100   |.debug_pubtypes
src\os\freertos\event_groups.c.1.obj|[149]   |0x00000000|0|LOCL |SECT |HIDN |101   |.debug_pubtypes
src\os\freertos\event_groups.c.1.obj|[150]   |0x00000000|0|LOCL |SECT |HIDN |102   |.debug_pubtypes
src\os\freertos\event_groups.c.1.obj|[151]   |0x00000000|0|LOCL |SECT |HIDN |103   |.debug_pubtypes
src\os\freertos\event_groups.c.1.obj|[108]   |0x00000000|0|LOCL |SECT |HIDN |61    |.debug_str
src\os\freertos\event_groups.c.1.obj|[120]   |0x00000000|0|LOCL |SECT |HIDN |73    |.debug_str
src\os\freertos\event_groups.c.1.obj|[136]   |0x00000000|0|LOCL |SECT |HIDN |89    |.debug_str
src\os\freertos\event_groups.c.1.obj|[122]   |0x00000000|0|LOCL |SECT |HIDN |75    |.debug_str
src\os\freertos\event_groups.c.1.obj|[110]   |0x00000000|0|LOCL |SECT |HIDN |63    |.debug_str
src\os\freertos\event_groups.c.1.obj|[124]   |0x00000000|0|LOCL |SECT |HIDN |77    |.debug_str
src\os\freertos\event_groups.c.1.obj|[118]   |0x00000000|0|LOCL |SECT |HIDN |71    |.debug_str
src\os\freertos\event_groups.c.1.obj|[126]   |0x00000000|0|LOCL |SECT |HIDN |79    |.debug_str
src\os\freertos\event_groups.c.1.obj|[128]   |0x00000000|0|LOCL |SECT |HIDN |81    |.debug_str
src\os\freertos\event_groups.c.1.obj|[112]   |0x00000000|0|LOCL |SECT |HIDN |65    |.debug_str
src\os\freertos\event_groups.c.1.obj|[130]   |0x00000000|0|LOCL |SECT |HIDN |83    |.debug_str
src\os\freertos\event_groups.c.1.obj|[114]   |0x00000000|0|LOCL |SECT |HIDN |67    |.debug_str
src\os\freertos\event_groups.c.1.obj|[132]   |0x00000000|0|LOCL |SECT |HIDN |85    |.debug_str
src\os\freertos\event_groups.c.1.obj|[106]   |0x00000000|0|LOCL |SECT |HIDN |59    |.debug_str
src\os\freertos\event_groups.c.1.obj|[134]   |0x00000000|0|LOCL |SECT |HIDN |87    |.debug_str
src\os\freertos\event_groups.c.1.obj|[116]   |0x00000000|0|LOCL |SECT |HIDN |69    |.debug_str
src\os\freertos\event_groups.c.1.obj|[56]    |0x00000000|0|LOCL |SECT |HIDN |18    |.kernelTEXT
src\os\freertos\event_groups.c.1.obj|[55]    |0x00000000|0|LOCL |SECT |HIDN |17    |.text
src\os\freertos\event_groups.c.1.obj|[156]   |0x00000000|0|WEAK |FUNC |HIDN |UNDEF |Lib$$Request$$armlib
src\os\freertos\event_groups.c.1.obj|[157]   |0x00000000|0|WEAK |FUNC |HIDN |UNDEF |Lib$$Request$$cpplib
src\os\freertos\event_groups.c.1.obj|[182]   |0x00000000|0|GLOB |NONE |HIDN |29    |__TI_DW.debug_info.$base_types.c8c38483d660372cd06395436475430b
src\os\freertos\event_groups.c.1.obj|[177]   |0x00000000|0|GLOB |NONE |HIDN |24    |__TI_DW.debug_info.FreeRTOS.h.df5e2fab0059cac3ff0fdbef6a242819
src\os\freertos\event_groups.c.1.obj|[187]   |0x00000000|0|GLOB |NONE |HIDN |34    |__TI_DW.debug_info._stdint.h.55dc0724062de24f6648c36a36931c9a
src\os\freertos\event_groups.c.1.obj|[176]   |0x00000000|0|GLOB |NONE |HIDN |23    |__TI_DW.debug_info._types.h.59562a94a523b27bdcf6ba60164276f0
src\os\freertos\event_groups.c.1.obj|[185]   |0x00000000|0|GLOB |NONE |HIDN |32    |__TI_DW.debug_info._types.h.62a9317002fb36f2a0c7d45aa6f41cd3
src\os\freertos\event_groups.c.1.obj|[178]   |0x00000000|0|GLOB |NONE |HIDN |25    |__TI_DW.debug_info.event_groups.c.db12c6a794e8d36c018d4b6626ced6bb
src\os\freertos\event_groups.c.1.obj|[179]   |0x00000000|0|GLOB |NONE |HIDN |26    |__TI_DW.debug_info.event_groups.h.5d0c2a20c3db403a61c630851e59e6fa
src\os\freertos\event_groups.c.1.obj|[189]   |0x00000000|0|GLOB |NONE |HIDN |36    |__TI_DW.debug_info.list.h.4d6d03950ec964682d1452032bc583c0
src\os\freertos\event_groups.c.1.obj|[180]   |0x00000000|0|GLOB |NONE |HIDN |27    |__TI_DW.debug_info.portable.h.3b37e4f9ac17826b8a5f438e92d691bd
src\os\freertos\event_groups.c.1.obj|[181]   |0x00000000|0|GLOB |NONE |HIDN |28    |__TI_DW.debug_info.portmacro.h.27a49087feeaefca4aa91ed2620167d4
src\os\freertos\event_groups.c.1.obj|[183]   |0x00000000|0|GLOB |NONE |HIDN |30    |__TI_DW.debug_info.projdefs.h.5856c2ba92afc82b3ee8e01784625b26
src\os\freertos\event_groups.c.1.obj|[188]   |0x00000000|0|GLOB |NONE |HIDN |35    |__TI_DW.debug_info.stddef.h.b55b428debf61f932599c733e9f7c344
src\os\freertos\event_groups.c.1.obj|[186]   |0x00000000|0|GLOB |NONE |HIDN |33    |__TI_DW.debug_info.stdint.h.ad4b679dbce029afdbcc9a8c662c70ff
src\os\freertos\event_groups.c.1.obj|[175]   |0x00000000|0|GLOB |NONE |HIDN |22    |__TI_DW.debug_info.stdlib.h.adde039ded6738f74207681fc1a5745a
src\os\freertos\event_groups.c.1.obj|[174]   |0x00000000|0|GLOB |NONE |HIDN |21    |__TI_DW.debug_info.task.h.10d8fb1d269a36a83fc81a7c5881d7b4
src\os\freertos\event_groups.c.1.obj|[184]   |0x00000000|0|GLOB |NONE |HIDN |31    |__TI_DW.debug_info.timers.h.9bf95cb6f0e8fdf40d8c4608f5fce871
src\os\freertos\event_groups.c.1.obj|[2]     |0x00000000|0|LOCL |FUNC |HIDN |18    |prvTestWaitCondition
src\os\freertos\event_groups.c.1.obj|[169]   |0x00000000|0|GLOB |NONE |HIDN |UNDEF |uxTaskResetEventItemValue
src\os\freertos\event_groups.c.1.obj|[171]   |0x0000040c|4|GLOB |FUNC |HIDN |18    |vEventGroupClearBitsCallback
src\os\freertos\event_groups.c.1.obj|[166]   |0x000003b8|84|GLOB |FUNC |HIDN |18    |vEventGroupDelete
src\os\freertos\event_groups.c.1.obj|[163]   |0x000003b4|4|GLOB |FUNC |HIDN |18    |vEventGroupSetBitsCallback
src\os\freertos\event_groups.c.1.obj|[167]   |0x00000000|0|GLOB |NONE |HIDN |UNDEF |vListInitialise
src\os\freertos\event_groups.c.1.obj|[172]   |0x00000000|0|GLOB |NONE |HIDN |UNDEF |vTaskPlaceOnUnorderedEventList
src\os\freertos\event_groups.c.1.obj|[159]   |0x00000000|0|GLOB |NONE |HIDN |UNDEF |vTaskRemoveFromUnorderedEventList
src\os\freertos\event_groups.c.1.obj|[158]   |0x00000000|0|GLOB |NONE |HIDN |UNDEF |vTaskSuspendAll
src\os\freertos\event_groups.c.1.obj|[173]   |0x00000370|68|GLOB |FUNC |HIDN |18    |xEventGroupClearBits
src\os\freertos\event_groups.c.1.obj|[160]   |0x00000328|72|GLOB |FUNC |HIDN |18    |xEventGroupCreateStatic
src\os\freertos\event_groups.c.1.obj|[168]   |0x00000320|8|GLOB |FUNC |HIDN |18    |xEventGroupGetBitsFromISR
src\os\freertos\event_groups.c.1.obj|[161]   |0x00000168|176|GLOB |FUNC |HIDN |18    |xEventGroupSetBits
src\os\freertos\event_groups.c.1.obj|[165]   |0x00000218|264|GLOB |FUNC |HIDN |18    |xEventGroupSync
src\os\freertos\event_groups.c.1.obj|[164]   |0x00000030|312|GLOB |FUNC |HIDN |18    |xEventGroupWaitBits
src\os\freertos\event_groups.c.1.obj|[170]   |0x00000000|0|GLOB |NONE |HIDN |UNDEF |xTaskGetSchedulerState
src\os\freertos\event_groups.c.1.obj|[162]   |0x00000000|0|GLOB |NONE |HIDN |UNDEF |xTaskResumeAll
src\os\freertos\event_groups.c.1.obj|[1]     |0x00000000|0|LOCL |FILE |HIDN |ABS   |{D4106A20-BD48-4032-B660-5BC626B48818}
