
file            [index]  value      size  bind  type  vis   shndx  symbol name 

src\os\freertos\tasks.c.1.obj|[0]     |0x00000000|0|LOCL |NONE |DFLT |UNDEF |
src\os\freertos\tasks.c.1.obj|[118]   |0x00000fb4|0|LOCL |FUNC |HIDN |20    |$C$CON1
src\os\freertos\tasks.c.1.obj|[132]   |0x00001108|0|LOCL |FUNC |HIDN |20    |$C$CON10
src\os\freertos\tasks.c.1.obj|[133]   |0x0000110c|0|LOCL |FUNC |HIDN |20    |$C$CON11
src\os\freertos\tasks.c.1.obj|[134]   |0x00001110|0|LOCL |FUNC |HIDN |20    |$C$CON12
src\os\freertos\tasks.c.1.obj|[146]   |0x00001324|0|LOCL |FUNC |HIDN |20    |$C$CON13
src\os\freertos\tasks.c.1.obj|[147]   |0x00001328|0|LOCL |FUNC |HIDN |20    |$C$CON14
src\os\freertos\tasks.c.1.obj|[175]   |0x00001684|0|LOCL |FUNC |HIDN |20    |$C$CON15
src\os\freertos\tasks.c.1.obj|[176]   |0x00001688|0|LOCL |FUNC |HIDN |20    |$C$CON16
src\os\freertos\tasks.c.1.obj|[245]   |0x00002438|0|LOCL |FUNC |HIDN |20    |$C$CON17
src\os\freertos\tasks.c.1.obj|[246]   |0x0000243c|0|LOCL |FUNC |HIDN |20    |$C$CON18
src\os\freertos\tasks.c.1.obj|[247]   |0x00002440|0|LOCL |FUNC |HIDN |20    |$C$CON19
src\os\freertos\tasks.c.1.obj|[119]   |0x00000fb8|0|LOCL |FUNC |HIDN |20    |$C$CON2
src\os\freertos\tasks.c.1.obj|[248]   |0x00002444|0|LOCL |FUNC |HIDN |20    |$C$CON20
src\os\freertos\tasks.c.1.obj|[249]   |0x00002448|0|LOCL |FUNC |HIDN |20    |$C$CON21
src\os\freertos\tasks.c.1.obj|[250]   |0x0000244c|0|LOCL |FUNC |HIDN |20    |$C$CON22
src\os\freertos\tasks.c.1.obj|[251]   |0x00002450|0|LOCL |FUNC |HIDN |20    |$C$CON23
src\os\freertos\tasks.c.1.obj|[252]   |0x00002454|0|LOCL |FUNC |HIDN |20    |$C$CON24
src\os\freertos\tasks.c.1.obj|[253]   |0x00002458|0|LOCL |FUNC |HIDN |20    |$C$CON25
src\os\freertos\tasks.c.1.obj|[254]   |0x0000245c|0|LOCL |FUNC |HIDN |20    |$C$CON26
src\os\freertos\tasks.c.1.obj|[255]   |0x00002460|0|LOCL |FUNC |HIDN |20    |$C$CON27
src\os\freertos\tasks.c.1.obj|[256]   |0x00002464|0|LOCL |FUNC |HIDN |20    |$C$CON28
src\os\freertos\tasks.c.1.obj|[257]   |0x00002468|0|LOCL |FUNC |HIDN |20    |$C$CON29
src\os\freertos\tasks.c.1.obj|[120]   |0x00000fbc|0|LOCL |FUNC |HIDN |20    |$C$CON3
src\os\freertos\tasks.c.1.obj|[121]   |0x00000fc0|0|LOCL |FUNC |HIDN |20    |$C$CON4
src\os\freertos\tasks.c.1.obj|[122]   |0x00000fc4|0|LOCL |FUNC |HIDN |20    |$C$CON5
src\os\freertos\tasks.c.1.obj|[123]   |0x00000fc8|0|LOCL |FUNC |HIDN |20    |$C$CON6
src\os\freertos\tasks.c.1.obj|[124]   |0x00000fcc|0|LOCL |FUNC |HIDN |20    |$C$CON7
src\os\freertos\tasks.c.1.obj|[125]   |0x00000fd0|0|LOCL |FUNC |HIDN |20    |$C$CON8
src\os\freertos\tasks.c.1.obj|[131]   |0x00001104|0|LOCL |FUNC |HIDN |20    |$C$CON9
src\os\freertos\tasks.c.1.obj|[24]    |0x00000040|0|LOCL |FUNC |HIDN |20    |$C$L1
src\os\freertos\tasks.c.1.obj|[34]    |0x000001fc|0|LOCL |FUNC |HIDN |20    |$C$L10
src\os\freertos\tasks.c.1.obj|[140]   |0x00001308|0|LOCL |FUNC |HIDN |20    |$C$L100
src\os\freertos\tasks.c.1.obj|[141]   |0x0000130c|0|LOCL |FUNC |HIDN |20    |$C$L101
src\os\freertos\tasks.c.1.obj|[142]   |0x00001310|0|LOCL |FUNC |HIDN |20    |$C$L102
src\os\freertos\tasks.c.1.obj|[143]   |0x00001314|0|LOCL |FUNC |HIDN |20    |$C$L103
src\os\freertos\tasks.c.1.obj|[144]   |0x00001318|0|LOCL |FUNC |HIDN |20    |$C$L104
src\os\freertos\tasks.c.1.obj|[145]   |0x0000131c|0|LOCL |FUNC |HIDN |20    |$C$L105
src\os\freertos\tasks.c.1.obj|[148]   |0x0000138c|0|LOCL |FUNC |HIDN |20    |$C$L106
src\os\freertos\tasks.c.1.obj|[149]   |0x00001390|0|LOCL |FUNC |HIDN |20    |$C$L107
src\os\freertos\tasks.c.1.obj|[150]   |0x00001394|0|LOCL |FUNC |HIDN |20    |$C$L108
src\os\freertos\tasks.c.1.obj|[151]   |0x00001398|0|LOCL |FUNC |HIDN |20    |$C$L109
src\os\freertos\tasks.c.1.obj|[35]    |0x0000027c|0|LOCL |FUNC |HIDN |20    |$C$L11
src\os\freertos\tasks.c.1.obj|[152]   |0x0000139c|0|LOCL |FUNC |HIDN |20    |$C$L110
src\os\freertos\tasks.c.1.obj|[153]   |0x00001428|0|LOCL |FUNC |HIDN |20    |$C$L111
src\os\freertos\tasks.c.1.obj|[154]   |0x0000144c|0|LOCL |FUNC |HIDN |20    |$C$L112
src\os\freertos\tasks.c.1.obj|[155]   |0x00001454|0|LOCL |FUNC |HIDN |20    |$C$L113
src\os\freertos\tasks.c.1.obj|[156]   |0x00001460|0|LOCL |FUNC |HIDN |20    |$C$L114
src\os\freertos\tasks.c.1.obj|[157]   |0x0000146c|0|LOCL |FUNC |HIDN |20    |$C$L115
src\os\freertos\tasks.c.1.obj|[158]   |0x00001470|0|LOCL |FUNC |HIDN |20    |$C$L116
src\os\freertos\tasks.c.1.obj|[159]   |0x0000147c|0|LOCL |FUNC |HIDN |20    |$C$L117
src\os\freertos\tasks.c.1.obj|[160]   |0x00001480|0|LOCL |FUNC |HIDN |20    |$C$L118
src\os\freertos\tasks.c.1.obj|[161]   |0x00001484|0|LOCL |FUNC |HIDN |20    |$C$L119
src\os\freertos\tasks.c.1.obj|[36]    |0x000002f0|0|LOCL |FUNC |HIDN |20    |$C$L12
src\os\freertos\tasks.c.1.obj|[162]   |0x00001488|0|LOCL |FUNC |HIDN |20    |$C$L120
src\os\freertos\tasks.c.1.obj|[163]   |0x000014c0|0|LOCL |FUNC |HIDN |20    |$C$L121
src\os\freertos\tasks.c.1.obj|[164]   |0x000014c4|0|LOCL |FUNC |HIDN |20    |$C$L122
src\os\freertos\tasks.c.1.obj|[165]   |0x00001538|0|LOCL |FUNC |HIDN |20    |$C$L123
src\os\freertos\tasks.c.1.obj|[166]   |0x00001550|0|LOCL |FUNC |HIDN |20    |$C$L124
src\os\freertos\tasks.c.1.obj|[167]   |0x00001568|0|LOCL |FUNC |HIDN |20    |$C$L125
src\os\freertos\tasks.c.1.obj|[168]   |0x00001570|0|LOCL |FUNC |HIDN |20    |$C$L126
src\os\freertos\tasks.c.1.obj|[169]   |0x00001578|0|LOCL |FUNC |HIDN |20    |$C$L127
src\os\freertos\tasks.c.1.obj|[170]   |0x0000157c|0|LOCL |FUNC |HIDN |20    |$C$L128
src\os\freertos\tasks.c.1.obj|[171]   |0x000015dc|0|LOCL |FUNC |HIDN |20    |$C$L129
src\os\freertos\tasks.c.1.obj|[37]    |0x00000324|0|LOCL |FUNC |HIDN |20    |$C$L13
src\os\freertos\tasks.c.1.obj|[172]   |0x00001670|0|LOCL |FUNC |HIDN |20    |$C$L130
src\os\freertos\tasks.c.1.obj|[173]   |0x0000167c|0|LOCL |FUNC |HIDN |20    |$C$L131
src\os\freertos\tasks.c.1.obj|[174]   |0x00001680|0|LOCL |FUNC |HIDN |20    |$C$L132
src\os\freertos\tasks.c.1.obj|[177]   |0x00001710|0|LOCL |FUNC |HIDN |20    |$C$L133
src\os\freertos\tasks.c.1.obj|[178]   |0x00001714|0|LOCL |FUNC |HIDN |20    |$C$L134
src\os\freertos\tasks.c.1.obj|[179]   |0x00001718|0|LOCL |FUNC |HIDN |20    |$C$L135
src\os\freertos\tasks.c.1.obj|[180]   |0x00001780|0|LOCL |FUNC |HIDN |20    |$C$L136
src\os\freertos\tasks.c.1.obj|[181]   |0x00001794|0|LOCL |FUNC |HIDN |20    |$C$L137
src\os\freertos\tasks.c.1.obj|[182]   |0x000017b0|0|LOCL |FUNC |HIDN |20    |$C$L138
src\os\freertos\tasks.c.1.obj|[183]   |0x000017e4|0|LOCL |FUNC |HIDN |20    |$C$L139
src\os\freertos\tasks.c.1.obj|[38]    |0x00000328|0|LOCL |FUNC |HIDN |20    |$C$L14
src\os\freertos\tasks.c.1.obj|[184]   |0x0000181c|0|LOCL |FUNC |HIDN |20    |$C$L140
src\os\freertos\tasks.c.1.obj|[185]   |0x00001820|0|LOCL |FUNC |HIDN |20    |$C$L141
src\os\freertos\tasks.c.1.obj|[186]   |0x00001848|0|LOCL |FUNC |HIDN |20    |$C$L142
src\os\freertos\tasks.c.1.obj|[187]   |0x0000184c|0|LOCL |FUNC |HIDN |20    |$C$L143
src\os\freertos\tasks.c.1.obj|[188]   |0x00001880|0|LOCL |FUNC |HIDN |20    |$C$L144
src\os\freertos\tasks.c.1.obj|[189]   |0x0000190c|0|LOCL |FUNC |HIDN |20    |$C$L145
src\os\freertos\tasks.c.1.obj|[190]   |0x0000194c|0|LOCL |FUNC |HIDN |20    |$C$L146
src\os\freertos\tasks.c.1.obj|[191]   |0x00001950|0|LOCL |FUNC |HIDN |20    |$C$L147
src\os\freertos\tasks.c.1.obj|[192]   |0x0000197c|0|LOCL |FUNC |HIDN |20    |$C$L148
src\os\freertos\tasks.c.1.obj|[193]   |0x00001980|0|LOCL |FUNC |HIDN |20    |$C$L149
src\os\freertos\tasks.c.1.obj|[39]    |0x0000032c|0|LOCL |FUNC |HIDN |20    |$C$L15
src\os\freertos\tasks.c.1.obj|[194]   |0x00001a5c|0|LOCL |FUNC |HIDN |20    |$C$L150
src\os\freertos\tasks.c.1.obj|[195]   |0x00001a64|0|LOCL |FUNC |HIDN |20    |$C$L151
src\os\freertos\tasks.c.1.obj|[196]   |0x00001a68|0|LOCL |FUNC |HIDN |20    |$C$L152
src\os\freertos\tasks.c.1.obj|[197]   |0x00001bb0|0|LOCL |FUNC |HIDN |20    |$C$L153
src\os\freertos\tasks.c.1.obj|[198]   |0x00001bb4|0|LOCL |FUNC |HIDN |20    |$C$L154
src\os\freertos\tasks.c.1.obj|[199]   |0x00001bb8|0|LOCL |FUNC |HIDN |20    |$C$L155
src\os\freertos\tasks.c.1.obj|[200]   |0x00001bbc|0|LOCL |FUNC |HIDN |20    |$C$L156
src\os\freertos\tasks.c.1.obj|[202]   |0x00001c14|0|LOCL |FUNC |HIDN |20    |$C$L157
src\os\freertos\tasks.c.1.obj|[203]   |0x00001c30|0|LOCL |FUNC |HIDN |20    |$C$L158
src\os\freertos\tasks.c.1.obj|[204]   |0x00001c34|0|LOCL |FUNC |HIDN |20    |$C$L159
src\os\freertos\tasks.c.1.obj|[40]    |0x0000035c|0|LOCL |FUNC |HIDN |20    |$C$L16
src\os\freertos\tasks.c.1.obj|[205]   |0x00001cec|0|LOCL |FUNC |HIDN |20    |$C$L160
src\os\freertos\tasks.c.1.obj|[206]   |0x00001d08|0|LOCL |FUNC |HIDN |20    |$C$L161
src\os\freertos\tasks.c.1.obj|[207]   |0x00001d10|0|LOCL |FUNC |HIDN |20    |$C$L162
src\os\freertos\tasks.c.1.obj|[208]   |0x00001d14|0|LOCL |FUNC |HIDN |20    |$C$L163
src\os\freertos\tasks.c.1.obj|[209]   |0x00001d9c|0|LOCL |FUNC |HIDN |20    |$C$L164
src\os\freertos\tasks.c.1.obj|[210]   |0x00001da0|0|LOCL |FUNC |HIDN |20    |$C$L165
src\os\freertos\tasks.c.1.obj|[211]   |0x00001da4|0|LOCL |FUNC |HIDN |20    |$C$L166
src\os\freertos\tasks.c.1.obj|[212]   |0x00001da8|0|LOCL |FUNC |HIDN |20    |$C$L167
src\os\freertos\tasks.c.1.obj|[213]   |0x00001ddc|0|LOCL |FUNC |HIDN |20    |$C$L168
src\os\freertos\tasks.c.1.obj|[214]   |0x00001de0|0|LOCL |FUNC |HIDN |20    |$C$L169
src\os\freertos\tasks.c.1.obj|[41]    |0x0000036c|0|LOCL |FUNC |HIDN |20    |$C$L17
src\os\freertos\tasks.c.1.obj|[215]   |0x00001f10|0|LOCL |FUNC |HIDN |20    |$C$L170
src\os\freertos\tasks.c.1.obj|[216]   |0x00001f48|0|LOCL |FUNC |HIDN |20    |$C$L171
src\os\freertos\tasks.c.1.obj|[217]   |0x00001f78|0|LOCL |FUNC |HIDN |20    |$C$L172
src\os\freertos\tasks.c.1.obj|[218]   |0x00001f7c|0|LOCL |FUNC |HIDN |20    |$C$L173
src\os\freertos\tasks.c.1.obj|[219]   |0x00001f80|0|LOCL |FUNC |HIDN |20    |$C$L174
src\os\freertos\tasks.c.1.obj|[220]   |0x00001f84|0|LOCL |FUNC |HIDN |20    |$C$L175
src\os\freertos\tasks.c.1.obj|[221]   |0x00001f88|0|LOCL |FUNC |HIDN |20    |$C$L176
src\os\freertos\tasks.c.1.obj|[222]   |0x00001f8c|0|LOCL |FUNC |HIDN |20    |$C$L177
src\os\freertos\tasks.c.1.obj|[224]   |0x0000200c|0|LOCL |FUNC |HIDN |20    |$C$L178
src\os\freertos\tasks.c.1.obj|[225]   |0x00002020|0|LOCL |FUNC |HIDN |20    |$C$L179
src\os\freertos\tasks.c.1.obj|[42]    |0x000003d0|0|LOCL |FUNC |HIDN |20    |$C$L18
src\os\freertos\tasks.c.1.obj|[226]   |0x00002054|0|LOCL |FUNC |HIDN |20    |$C$L180
src\os\freertos\tasks.c.1.obj|[227]   |0x00002070|0|LOCL |FUNC |HIDN |20    |$C$L181
src\os\freertos\tasks.c.1.obj|[228]   |0x000020bc|0|LOCL |FUNC |HIDN |20    |$C$L182
src\os\freertos\tasks.c.1.obj|[229]   |0x000020c0|0|LOCL |FUNC |HIDN |20    |$C$L183
src\os\freertos\tasks.c.1.obj|[230]   |0x00002158|0|LOCL |FUNC |HIDN |20    |$C$L184
src\os\freertos\tasks.c.1.obj|[231]   |0x00002230|0|LOCL |FUNC |HIDN |20    |$C$L185
src\os\freertos\tasks.c.1.obj|[232]   |0x00002264|0|LOCL |FUNC |HIDN |20    |$C$L186
src\os\freertos\tasks.c.1.obj|[233]   |0x00002280|0|LOCL |FUNC |HIDN |20    |$C$L187
src\os\freertos\tasks.c.1.obj|[234]   |0x00002284|0|LOCL |FUNC |HIDN |20    |$C$L188
src\os\freertos\tasks.c.1.obj|[236]   |0x00002304|0|LOCL |FUNC |HIDN |20    |$C$L189
src\os\freertos\tasks.c.1.obj|[43]    |0x000003ec|0|LOCL |FUNC |HIDN |20    |$C$L19
src\os\freertos\tasks.c.1.obj|[238]   |0x00002330|0|LOCL |FUNC |HIDN |20    |$C$L190
src\os\freertos\tasks.c.1.obj|[239]   |0x00002338|0|LOCL |FUNC |HIDN |20    |$C$L191
src\os\freertos\tasks.c.1.obj|[240]   |0x00002354|0|LOCL |FUNC |HIDN |20    |$C$L192
src\os\freertos\tasks.c.1.obj|[241]   |0x00002384|0|LOCL |FUNC |HIDN |20    |$C$L193
src\os\freertos\tasks.c.1.obj|[242]   |0x00002388|0|LOCL |FUNC |HIDN |20    |$C$L194
src\os\freertos\tasks.c.1.obj|[243]   |0x000023dc|0|LOCL |FUNC |HIDN |20    |$C$L195
src\os\freertos\tasks.c.1.obj|[244]   |0x00002430|0|LOCL |FUNC |HIDN |20    |$C$L196
src\os\freertos\tasks.c.1.obj|[25]    |0x00000044|0|LOCL |FUNC |HIDN |20    |$C$L2
src\os\freertos\tasks.c.1.obj|[44]    |0x000003fc|0|LOCL |FUNC |HIDN |20    |$C$L20
src\os\freertos\tasks.c.1.obj|[45]    |0x00000414|0|LOCL |FUNC |HIDN |20    |$C$L21
src\os\freertos\tasks.c.1.obj|[46]    |0x00000438|0|LOCL |FUNC |HIDN |20    |$C$L22
src\os\freertos\tasks.c.1.obj|[47]    |0x00000444|0|LOCL |FUNC |HIDN |20    |$C$L23
src\os\freertos\tasks.c.1.obj|[48]    |0x00000544|0|LOCL |FUNC |HIDN |20    |$C$L24
src\os\freertos\tasks.c.1.obj|[49]    |0x00000548|0|LOCL |FUNC |HIDN |20    |$C$L25
src\os\freertos\tasks.c.1.obj|[50]    |0x00000674|0|LOCL |FUNC |HIDN |20    |$C$L26
src\os\freertos\tasks.c.1.obj|[51]    |0x000006a4|0|LOCL |FUNC |HIDN |20    |$C$L27
src\os\freertos\tasks.c.1.obj|[52]    |0x000006cc|0|LOCL |FUNC |HIDN |20    |$C$L28
src\os\freertos\tasks.c.1.obj|[53]    |0x000006d0|0|LOCL |FUNC |HIDN |20    |$C$L29
src\os\freertos\tasks.c.1.obj|[26]    |0x00000114|0|LOCL |FUNC |HIDN |20    |$C$L3
src\os\freertos\tasks.c.1.obj|[54]    |0x00000714|0|LOCL |FUNC |HIDN |20    |$C$L30
src\os\freertos\tasks.c.1.obj|[55]    |0x00000734|0|LOCL |FUNC |HIDN |20    |$C$L31
src\os\freertos\tasks.c.1.obj|[57]    |0x00000780|0|LOCL |FUNC |HIDN |20    |$C$L32
src\os\freertos\tasks.c.1.obj|[58]    |0x000007a4|0|LOCL |FUNC |HIDN |20    |$C$L33
src\os\freertos\tasks.c.1.obj|[59]    |0x000007cc|0|LOCL |FUNC |HIDN |20    |$C$L34
src\os\freertos\tasks.c.1.obj|[60]    |0x000007dc|0|LOCL |FUNC |HIDN |20    |$C$L35
src\os\freertos\tasks.c.1.obj|[61]    |0x00000808|0|LOCL |FUNC |HIDN |20    |$C$L36
src\os\freertos\tasks.c.1.obj|[62]    |0x0000086c|0|LOCL |FUNC |HIDN |20    |$C$L37
src\os\freertos\tasks.c.1.obj|[63]    |0x00000878|0|LOCL |FUNC |HIDN |20    |$C$L38
src\os\freertos\tasks.c.1.obj|[64]    |0x0000087c|0|LOCL |FUNC |HIDN |20    |$C$L39
src\os\freertos\tasks.c.1.obj|[27]    |0x00000120|0|LOCL |FUNC |HIDN |20    |$C$L4
src\os\freertos\tasks.c.1.obj|[66]    |0x000008e0|0|LOCL |FUNC |HIDN |20    |$C$L40
src\os\freertos\tasks.c.1.obj|[67]    |0x000008f4|0|LOCL |FUNC |HIDN |20    |$C$L41
src\os\freertos\tasks.c.1.obj|[68]    |0x00000930|0|LOCL |FUNC |HIDN |20    |$C$L42
src\os\freertos\tasks.c.1.obj|[69]    |0x00000948|0|LOCL |FUNC |HIDN |20    |$C$L43
src\os\freertos\tasks.c.1.obj|[70]    |0x00000a1c|0|LOCL |FUNC |HIDN |20    |$C$L44
src\os\freertos\tasks.c.1.obj|[71]    |0x00000a68|0|LOCL |FUNC |HIDN |20    |$C$L45
src\os\freertos\tasks.c.1.obj|[72]    |0x00000a6c|0|LOCL |FUNC |HIDN |20    |$C$L46
src\os\freertos\tasks.c.1.obj|[73]    |0x00000a88|0|LOCL |FUNC |HIDN |20    |$C$L47
src\os\freertos\tasks.c.1.obj|[74]    |0x00000a8c|0|LOCL |FUNC |HIDN |20    |$C$L48
src\os\freertos\tasks.c.1.obj|[75]    |0x00000ae0|0|LOCL |FUNC |HIDN |20    |$C$L49
src\os\freertos\tasks.c.1.obj|[28]    |0x00000128|0|LOCL |FUNC |HIDN |20    |$C$L5
src\os\freertos\tasks.c.1.obj|[76]    |0x00000ae4|0|LOCL |FUNC |HIDN |20    |$C$L50
src\os\freertos\tasks.c.1.obj|[77]    |0x00000b70|0|LOCL |FUNC |HIDN |20    |$C$L51
src\os\freertos\tasks.c.1.obj|[78]    |0x00000b74|0|LOCL |FUNC |HIDN |20    |$C$L52
src\os\freertos\tasks.c.1.obj|[79]    |0x00000b80|0|LOCL |FUNC |HIDN |20    |$C$L53
src\os\freertos\tasks.c.1.obj|[80]    |0x00000b88|0|LOCL |FUNC |HIDN |20    |$C$L54
src\os\freertos\tasks.c.1.obj|[81]    |0x00000b94|0|LOCL |FUNC |HIDN |20    |$C$L55
src\os\freertos\tasks.c.1.obj|[82]    |0x00000b9c|0|LOCL |FUNC |HIDN |20    |$C$L56
src\os\freertos\tasks.c.1.obj|[83]    |0x00000ba0|0|LOCL |FUNC |HIDN |20    |$C$L57
src\os\freertos\tasks.c.1.obj|[84]    |0x00000c88|0|LOCL |FUNC |HIDN |20    |$C$L58
src\os\freertos\tasks.c.1.obj|[85]    |0x00000cc0|0|LOCL |FUNC |HIDN |20    |$C$L59
src\os\freertos\tasks.c.1.obj|[29]    |0x0000012c|0|LOCL |FUNC |HIDN |20    |$C$L6
src\os\freertos\tasks.c.1.obj|[86]    |0x00000cec|0|LOCL |FUNC |HIDN |20    |$C$L60
src\os\freertos\tasks.c.1.obj|[87]    |0x00000cf4|0|LOCL |FUNC |HIDN |20    |$C$L61
src\os\freertos\tasks.c.1.obj|[88]    |0x00000cf8|0|LOCL |FUNC |HIDN |20    |$C$L62
src\os\freertos\tasks.c.1.obj|[89]    |0x00000cfc|0|LOCL |FUNC |HIDN |20    |$C$L63
src\os\freertos\tasks.c.1.obj|[90]    |0x00000d00|0|LOCL |FUNC |HIDN |20    |$C$L64
src\os\freertos\tasks.c.1.obj|[91]    |0x00000d04|0|LOCL |FUNC |HIDN |20    |$C$L65
src\os\freertos\tasks.c.1.obj|[92]    |0x00000d08|0|LOCL |FUNC |HIDN |20    |$C$L66
src\os\freertos\tasks.c.1.obj|[93]    |0x00000da0|0|LOCL |FUNC |HIDN |20    |$C$L67
src\os\freertos\tasks.c.1.obj|[94]    |0x00000da4|0|LOCL |FUNC |HIDN |20    |$C$L68
src\os\freertos\tasks.c.1.obj|[95]    |0x00000db0|0|LOCL |FUNC |HIDN |20    |$C$L69
src\os\freertos\tasks.c.1.obj|[31]    |0x000001cc|0|LOCL |FUNC |HIDN |20    |$C$L7
src\os\freertos\tasks.c.1.obj|[96]    |0x00000db8|0|LOCL |FUNC |HIDN |20    |$C$L70
src\os\freertos\tasks.c.1.obj|[97]    |0x00000dc4|0|LOCL |FUNC |HIDN |20    |$C$L71
src\os\freertos\tasks.c.1.obj|[98]    |0x00000dcc|0|LOCL |FUNC |HIDN |20    |$C$L72
src\os\freertos\tasks.c.1.obj|[99]    |0x00000dd0|0|LOCL |FUNC |HIDN |20    |$C$L73
src\os\freertos\tasks.c.1.obj|[100]   |0x00000ec8|0|LOCL |FUNC |HIDN |20    |$C$L74
src\os\freertos\tasks.c.1.obj|[101]   |0x00000ed4|0|LOCL |FUNC |HIDN |20    |$C$L75
src\os\freertos\tasks.c.1.obj|[102]   |0x00000ed8|0|LOCL |FUNC |HIDN |20    |$C$L76
src\os\freertos\tasks.c.1.obj|[103]   |0x00000edc|0|LOCL |FUNC |HIDN |20    |$C$L77
src\os\freertos\tasks.c.1.obj|[104]   |0x00000ee0|0|LOCL |FUNC |HIDN |20    |$C$L78
src\os\freertos\tasks.c.1.obj|[105]   |0x00000ee4|0|LOCL |FUNC |HIDN |20    |$C$L79
src\os\freertos\tasks.c.1.obj|[32]    |0x000001d0|0|LOCL |FUNC |HIDN |20    |$C$L8
src\os\freertos\tasks.c.1.obj|[106]   |0x00000ee8|0|LOCL |FUNC |HIDN |20    |$C$L80
src\os\freertos\tasks.c.1.obj|[107]   |0x00000f48|0|LOCL |FUNC |HIDN |20    |$C$L81
src\os\freertos\tasks.c.1.obj|[108]   |0x00000f58|0|LOCL |FUNC |HIDN |20    |$C$L82
src\os\freertos\tasks.c.1.obj|[109]   |0x00000f5c|0|LOCL |FUNC |HIDN |20    |$C$L83
src\os\freertos\tasks.c.1.obj|[110]   |0x00000f74|0|LOCL |FUNC |HIDN |20    |$C$L84
src\os\freertos\tasks.c.1.obj|[111]   |0x00000f94|0|LOCL |FUNC |HIDN |20    |$C$L85
src\os\freertos\tasks.c.1.obj|[112]   |0x00000f9c|0|LOCL |FUNC |HIDN |20    |$C$L86
src\os\freertos\tasks.c.1.obj|[113]   |0x00000fa0|0|LOCL |FUNC |HIDN |20    |$C$L87
src\os\freertos\tasks.c.1.obj|[114]   |0x00000fa4|0|LOCL |FUNC |HIDN |20    |$C$L88
src\os\freertos\tasks.c.1.obj|[115]   |0x00000fa8|0|LOCL |FUNC |HIDN |20    |$C$L89
src\os\freertos\tasks.c.1.obj|[33]    |0x000001d4|0|LOCL |FUNC |HIDN |20    |$C$L9
src\os\freertos\tasks.c.1.obj|[116]   |0x00000fac|0|LOCL |FUNC |HIDN |20    |$C$L90
src\os\freertos\tasks.c.1.obj|[117]   |0x00000fb0|0|LOCL |FUNC |HIDN |20    |$C$L91
src\os\freertos\tasks.c.1.obj|[127]   |0x00001044|0|LOCL |FUNC |HIDN |20    |$C$L92
src\os\freertos\tasks.c.1.obj|[128]   |0x00001064|0|LOCL |FUNC |HIDN |20    |$C$L93
src\os\freertos\tasks.c.1.obj|[129]   |0x000010fc|0|LOCL |FUNC |HIDN |20    |$C$L94
src\os\freertos\tasks.c.1.obj|[130]   |0x00001100|0|LOCL |FUNC |HIDN |20    |$C$L95
src\os\freertos\tasks.c.1.obj|[136]   |0x00001160|0|LOCL |FUNC |HIDN |20    |$C$L96
src\os\freertos\tasks.c.1.obj|[137]   |0x000011b8|0|LOCL |FUNC |HIDN |20    |$C$L97
src\os\freertos\tasks.c.1.obj|[138]   |0x000011d8|0|LOCL |FUNC |HIDN |20    |$C$L98
src\os\freertos\tasks.c.1.obj|[139]   |0x00001304|0|LOCL |FUNC |HIDN |20    |$C$L99
src\os\freertos\tasks.c.1.obj|[201]   |0x00001bc0|0|LOCL |FUNC |HIDN |20    |$C$SL1
src\os\freertos\tasks.c.1.obj|[14]    |0x0000002c|408|LOCL |OBJT |HIDN |17    |$O1$$
src\os\freertos\tasks.c.1.obj|[305]   |0x0000148c|0|LOCL |NONE |HIDN |20    |$a
src\os\freertos\tasks.c.1.obj|[306]   |0x000014c8|0|LOCL |NONE |HIDN |20    |$a
src\os\freertos\tasks.c.1.obj|[307]   |0x00001580|0|LOCL |NONE |HIDN |20    |$a
src\os\freertos\tasks.c.1.obj|[309]   |0x0000168c|0|LOCL |NONE |HIDN |20    |$a
src\os\freertos\tasks.c.1.obj|[310]   |0x00001724|0|LOCL |NONE |HIDN |20    |$a
src\os\freertos\tasks.c.1.obj|[311]   |0x00001850|0|LOCL |NONE |HIDN |20    |$a
src\os\freertos\tasks.c.1.obj|[312]   |0x00001884|0|LOCL |NONE |HIDN |20    |$a
src\os\freertos\tasks.c.1.obj|[313]   |0x0000191c|0|LOCL |NONE |HIDN |20    |$a
src\os\freertos\tasks.c.1.obj|[314]   |0x00001954|0|LOCL |NONE |HIDN |20    |$a
src\os\freertos\tasks.c.1.obj|[315]   |0x00001988|0|LOCL |NONE |HIDN |20    |$a
src\os\freertos\tasks.c.1.obj|[316]   |0x00001a6c|0|LOCL |NONE |HIDN |20    |$a
src\os\freertos\tasks.c.1.obj|[318]   |0x00001bc8|0|LOCL |NONE |HIDN |20    |$a
src\os\freertos\tasks.c.1.obj|[319]   |0x00001d18|0|LOCL |NONE |HIDN |20    |$a
src\os\freertos\tasks.c.1.obj|[320]   |0x00001dac|0|LOCL |NONE |HIDN |20    |$a
src\os\freertos\tasks.c.1.obj|[321]   |0x00001de4|0|LOCL |NONE |HIDN |20    |$a
src\os\freertos\tasks.c.1.obj|[322]   |0x00001df4|0|LOCL |NONE |HIDN |20    |$a
src\os\freertos\tasks.c.1.obj|[324]   |0x00001fac|0|LOCL |NONE |HIDN |20    |$a
src\os\freertos\tasks.c.1.obj|[325]   |0x00001fb0|0|LOCL |NONE |HIDN |20    |$a
src\os\freertos\tasks.c.1.obj|[326]   |0x000020c4|0|LOCL |NONE |HIDN |20    |$a
src\os\freertos\tasks.c.1.obj|[327]   |0x000020e0|0|LOCL |NONE |HIDN |20    |$a
src\os\freertos\tasks.c.1.obj|[328]   |0x00002104|0|LOCL |NONE |HIDN |20    |$a
src\os\freertos\tasks.c.1.obj|[329]   |0x00002118|0|LOCL |NONE |HIDN |20    |$a
src\os\freertos\tasks.c.1.obj|[330]   |0x00002140|0|LOCL |NONE |HIDN |20    |$a
src\os\freertos\tasks.c.1.obj|[331]   |0x00002178|0|LOCL |NONE |HIDN |20    |$a
src\os\freertos\tasks.c.1.obj|[332]   |0x00002184|0|LOCL |NONE |HIDN |20    |$a
src\os\freertos\tasks.c.1.obj|[333]   |0x000021c4|0|LOCL |NONE |HIDN |20    |$a
src\os\freertos\tasks.c.1.obj|[334]   |0x00002288|0|LOCL |NONE |HIDN |20    |$a
src\os\freertos\tasks.c.1.obj|[335]   |0x000022ac|0|LOCL |NONE |HIDN |20    |$a
src\os\freertos\tasks.c.1.obj|[336]   |0x0000230c|0|LOCL |NONE |HIDN |20    |$a
src\os\freertos\tasks.c.1.obj|[337]   |0x000023bc|0|LOCL |NONE |HIDN |20    |$a
src\os\freertos\tasks.c.1.obj|[338]   |0x000023e0|0|LOCL |NONE |HIDN |20    |$a
src\os\freertos\tasks.c.1.obj|[323]   |0x00001f90|0|LOCL |NONE |HIDN |20    |$a
src\os\freertos\tasks.c.1.obj|[276]   |0x00000000|0|LOCL |NONE |HIDN |20    |$a
src\os\freertos\tasks.c.1.obj|[277]   |0x00000048|0|LOCL |NONE |HIDN |20    |$a
src\os\freertos\tasks.c.1.obj|[278]   |0x00000130|0|LOCL |NONE |HIDN |20    |$a
src\os\freertos\tasks.c.1.obj|[279]   |0x0000015c|0|LOCL |NONE |HIDN |20    |$a
src\os\freertos\tasks.c.1.obj|[280]   |0x00000374|0|LOCL |NONE |HIDN |20    |$a
src\os\freertos\tasks.c.1.obj|[281]   |0x0000054c|0|LOCL |NONE |HIDN |20    |$a
src\os\freertos\tasks.c.1.obj|[282]   |0x000006d4|0|LOCL |NONE |HIDN |20    |$a
src\os\freertos\tasks.c.1.obj|[283]   |0x000006e0|0|LOCL |NONE |HIDN |20    |$a
src\os\freertos\tasks.c.1.obj|[284]   |0x000006ec|0|LOCL |NONE |HIDN |20    |$a
src\os\freertos\tasks.c.1.obj|[285]   |0x0000071c|0|LOCL |NONE |HIDN |20    |$a
src\os\freertos\tasks.c.1.obj|[286]   |0x00000738|0|LOCL |NONE |HIDN |20    |$a
src\os\freertos\tasks.c.1.obj|[287]   |0x0000074c|0|LOCL |NONE |HIDN |20    |$a
src\os\freertos\tasks.c.1.obj|[288]   |0x000007e4|0|LOCL |NONE |HIDN |20    |$a
src\os\freertos\tasks.c.1.obj|[289]   |0x00000880|0|LOCL |NONE |HIDN |20    |$a
src\os\freertos\tasks.c.1.obj|[290]   |0x0000088c|0|LOCL |NONE |HIDN |20    |$a
src\os\freertos\tasks.c.1.obj|[291]   |0x00000998|0|LOCL |NONE |HIDN |20    |$a
src\os\freertos\tasks.c.1.obj|[292]   |0x00000a90|0|LOCL |NONE |HIDN |20    |$a
src\os\freertos\tasks.c.1.obj|[293]   |0x00000ae8|0|LOCL |NONE |HIDN |20    |$a
src\os\freertos\tasks.c.1.obj|[294]   |0x00000d0c|0|LOCL |NONE |HIDN |20    |$a
src\os\freertos\tasks.c.1.obj|[295]   |0x00000eec|0|LOCL |NONE |HIDN |20    |$a
src\os\freertos\tasks.c.1.obj|[297]   |0x00000fd4|0|LOCL |NONE |HIDN |20    |$a
src\os\freertos\tasks.c.1.obj|[299]   |0x00001114|0|LOCL |NONE |HIDN |20    |$a
src\os\freertos\tasks.c.1.obj|[300]   |0x00001298|0|LOCL |NONE |HIDN |20    |$a
src\os\freertos\tasks.c.1.obj|[302]   |0x0000132c|0|LOCL |NONE |HIDN |20    |$a
src\os\freertos\tasks.c.1.obj|[303]   |0x000013a4|0|LOCL |NONE |HIDN |20    |$a
src\os\freertos\tasks.c.1.obj|[304]   |0x000013c0|0|LOCL |NONE |HIDN |20    |$a
src\os\freertos\tasks.c.1.obj|[301]   |0x00001324|0|LOCL |NONE |HIDN |20    |$d
src\os\freertos\tasks.c.1.obj|[271]   |0x00000020|0|LOCL |NONE |HIDN |17    |$d
src\os\freertos\tasks.c.1.obj|[272]   |0x00000024|0|LOCL |NONE |HIDN |17    |$d
src\os\freertos\tasks.c.1.obj|[308]   |0x00001684|0|LOCL |NONE |HIDN |20    |$d
src\os\freertos\tasks.c.1.obj|[273]   |0x00000000|0|LOCL |NONE |HIDN |19    |$d
src\os\freertos\tasks.c.1.obj|[274]   |0x00000028|0|LOCL |NONE |HIDN |17    |$d
src\os\freertos\tasks.c.1.obj|[275]   |0x0000002c|0|LOCL |NONE |HIDN |17    |$d
src\os\freertos\tasks.c.1.obj|[268]   |0x00000014|0|LOCL |NONE |HIDN |17    |$d
src\os\freertos\tasks.c.1.obj|[269]   |0x00000018|0|LOCL |NONE |HIDN |17    |$d
src\os\freertos\tasks.c.1.obj|[270]   |0x0000001c|0|LOCL |NONE |HIDN |17    |$d
src\os\freertos\tasks.c.1.obj|[263]   |0x00000000|0|LOCL |NONE |HIDN |17    |$d
src\os\freertos\tasks.c.1.obj|[296]   |0x00000fb4|0|LOCL |NONE |HIDN |20    |$d
src\os\freertos\tasks.c.1.obj|[317]   |0x00001bc0|0|LOCL |NONE |HIDN |20    |$d
src\os\freertos\tasks.c.1.obj|[264]   |0x00000004|0|LOCL |NONE |HIDN |17    |$d
src\os\freertos\tasks.c.1.obj|[339]   |0x00002438|0|LOCL |NONE |HIDN |20    |$d
src\os\freertos\tasks.c.1.obj|[298]   |0x00001104|0|LOCL |NONE |HIDN |20    |$d
src\os\freertos\tasks.c.1.obj|[265]   |0x00000008|0|LOCL |NONE |HIDN |17    |$d
src\os\freertos\tasks.c.1.obj|[266]   |0x0000000c|0|LOCL |NONE |HIDN |17    |$d
src\os\freertos\tasks.c.1.obj|[267]   |0x00000010|0|LOCL |NONE |HIDN |17    |$d
src\os\freertos\tasks.c.1.obj|[261]   |0x00000000|0|LOCL |SECT |HIDN |19    |.const
src\os\freertos\tasks.c.1.obj|[381]   |0x00000000|0|LOCL |SECT |HIDN |62    |.debug_abbrev
src\os\freertos\tasks.c.1.obj|[415]   |0x00000000|0|LOCL |SECT |HIDN |95    |.debug_abbrev
src\os\freertos\tasks.c.1.obj|[413]   |0x00000000|0|LOCL |SECT |HIDN |93    |.debug_abbrev
src\os\freertos\tasks.c.1.obj|[401]   |0x00000000|0|LOCL |SECT |HIDN |81    |.debug_abbrev
src\os\freertos\tasks.c.1.obj|[411]   |0x00000000|0|LOCL |SECT |HIDN |91    |.debug_abbrev
src\os\freertos\tasks.c.1.obj|[403]   |0x00000000|0|LOCL |SECT |HIDN |83    |.debug_abbrev
src\os\freertos\tasks.c.1.obj|[409]   |0x00000000|0|LOCL |SECT |HIDN |89    |.debug_abbrev
src\os\freertos\tasks.c.1.obj|[399]   |0x00000000|0|LOCL |SECT |HIDN |79    |.debug_abbrev
src\os\freertos\tasks.c.1.obj|[384]   |0x00000000|0|LOCL |SECT |HIDN |65    |.debug_abbrev
src\os\freertos\tasks.c.1.obj|[397]   |0x00000000|0|LOCL |SECT |HIDN |77    |.debug_abbrev
src\os\freertos\tasks.c.1.obj|[405]   |0x00000000|0|LOCL |SECT |HIDN |85    |.debug_abbrev
src\os\freertos\tasks.c.1.obj|[395]   |0x00000000|0|LOCL |SECT |HIDN |75    |.debug_abbrev
src\os\freertos\tasks.c.1.obj|[393]   |0x00000000|0|LOCL |SECT |HIDN |73    |.debug_abbrev
src\os\freertos\tasks.c.1.obj|[391]   |0x00000000|0|LOCL |SECT |HIDN |71    |.debug_abbrev
src\os\freertos\tasks.c.1.obj|[407]   |0x00000000|0|LOCL |SECT |HIDN |87    |.debug_abbrev
src\os\freertos\tasks.c.1.obj|[382]   |0x00000000|0|LOCL |SECT |HIDN |63    |.debug_abbrev
src\os\freertos\tasks.c.1.obj|[389]   |0x00000000|0|LOCL |SECT |HIDN |69    |.debug_abbrev
src\os\freertos\tasks.c.1.obj|[387]   |0x00000000|0|LOCL |SECT |HIDN |67    |.debug_abbrev
src\os\freertos\tasks.c.1.obj|[385]   |0x00000000|0|LOCL |SECT |HIDN |66    |.debug_abbrev
src\os\freertos\tasks.c.1.obj|[383]   |0x00000000|0|LOCL |SECT |HIDN |64    |.debug_abbrev
src\os\freertos\tasks.c.1.obj|[416]   |0x00000000|0|LOCL |SECT |HIDN |97    |.debug_aranges
src\os\freertos\tasks.c.1.obj|[380]   |0x00000000|0|LOCL |SECT |HIDN |61    |.debug_frame
src\os\freertos\tasks.c.1.obj|[348]   |0x00000000|0|LOCL |SECT |HIDN |29    |.debug_info
src\os\freertos\tasks.c.1.obj|[349]   |0x00000000|0|LOCL |SECT |HIDN |30    |.debug_info
src\os\freertos\tasks.c.1.obj|[350]   |0x00000000|0|LOCL |SECT |HIDN |31    |.debug_info
src\os\freertos\tasks.c.1.obj|[351]   |0x00000000|0|LOCL |SECT |HIDN |32    |.debug_info
src\os\freertos\tasks.c.1.obj|[352]   |0x00000000|0|LOCL |SECT |HIDN |33    |.debug_info
src\os\freertos\tasks.c.1.obj|[353]   |0x00000000|0|LOCL |SECT |HIDN |34    |.debug_info
src\os\freertos\tasks.c.1.obj|[354]   |0x00000000|0|LOCL |SECT |HIDN |35    |.debug_info
src\os\freertos\tasks.c.1.obj|[355]   |0x00000000|0|LOCL |SECT |HIDN |36    |.debug_info
src\os\freertos\tasks.c.1.obj|[356]   |0x00000000|0|LOCL |SECT |HIDN |37    |.debug_info
src\os\freertos\tasks.c.1.obj|[357]   |0x00000000|0|LOCL |SECT |HIDN |38    |.debug_info
src\os\freertos\tasks.c.1.obj|[358]   |0x00000000|0|LOCL |SECT |HIDN |39    |.debug_info
src\os\freertos\tasks.c.1.obj|[359]   |0x00000000|0|LOCL |SECT |HIDN |40    |.debug_info
src\os\freertos\tasks.c.1.obj|[344]   |0x00000000|0|LOCL |SECT |HIDN |25    |.debug_info
src\os\freertos\tasks.c.1.obj|[340]   |0x00000000|0|LOCL |SECT |HIDN |21    |.debug_info
src\os\freertos\tasks.c.1.obj|[341]   |0x00000000|0|LOCL |SECT |HIDN |22    |.debug_info
src\os\freertos\tasks.c.1.obj|[342]   |0x00000000|0|LOCL |SECT |HIDN |23    |.debug_info
src\os\freertos\tasks.c.1.obj|[343]   |0x00000000|0|LOCL |SECT |HIDN |24    |.debug_info
src\os\freertos\tasks.c.1.obj|[345]   |0x00000000|0|LOCL |SECT |HIDN |26    |.debug_info
src\os\freertos\tasks.c.1.obj|[346]   |0x00000000|0|LOCL |SECT |HIDN |27    |.debug_info
src\os\freertos\tasks.c.1.obj|[347]   |0x00000000|0|LOCL |SECT |HIDN |28    |.debug_info
src\os\freertos\tasks.c.1.obj|[368]   |0x00000000|0|LOCL |SECT |HIDN |49    |.debug_line
src\os\freertos\tasks.c.1.obj|[361]   |0x00000000|0|LOCL |SECT |HIDN |42    |.debug_line
src\os\freertos\tasks.c.1.obj|[362]   |0x00000000|0|LOCL |SECT |HIDN |43    |.debug_line
src\os\freertos\tasks.c.1.obj|[363]   |0x00000000|0|LOCL |SECT |HIDN |44    |.debug_line
src\os\freertos\tasks.c.1.obj|[364]   |0x00000000|0|LOCL |SECT |HIDN |45    |.debug_line
src\os\freertos\tasks.c.1.obj|[365]   |0x00000000|0|LOCL |SECT |HIDN |46    |.debug_line
src\os\freertos\tasks.c.1.obj|[366]   |0x00000000|0|LOCL |SECT |HIDN |47    |.debug_line
src\os\freertos\tasks.c.1.obj|[367]   |0x00000000|0|LOCL |SECT |HIDN |48    |.debug_line
src\os\freertos\tasks.c.1.obj|[360]   |0x00000000|0|LOCL |SECT |HIDN |41    |.debug_line
src\os\freertos\tasks.c.1.obj|[369]   |0x00000000|0|LOCL |SECT |HIDN |50    |.debug_line
src\os\freertos\tasks.c.1.obj|[370]   |0x00000000|0|LOCL |SECT |HIDN |51    |.debug_line
src\os\freertos\tasks.c.1.obj|[371]   |0x00000000|0|LOCL |SECT |HIDN |52    |.debug_line
src\os\freertos\tasks.c.1.obj|[372]   |0x00000000|0|LOCL |SECT |HIDN |53    |.debug_line
src\os\freertos\tasks.c.1.obj|[373]   |0x00000000|0|LOCL |SECT |HIDN |54    |.debug_line
src\os\freertos\tasks.c.1.obj|[374]   |0x00000000|0|LOCL |SECT |HIDN |55    |.debug_line
src\os\freertos\tasks.c.1.obj|[375]   |0x00000000|0|LOCL |SECT |HIDN |56    |.debug_line
src\os\freertos\tasks.c.1.obj|[376]   |0x00000000|0|LOCL |SECT |HIDN |57    |.debug_line
src\os\freertos\tasks.c.1.obj|[377]   |0x00000000|0|LOCL |SECT |HIDN |58    |.debug_line
src\os\freertos\tasks.c.1.obj|[378]   |0x00000000|0|LOCL |SECT |HIDN |59    |.debug_line
src\os\freertos\tasks.c.1.obj|[379]   |0x00000000|0|LOCL |SECT |HIDN |60    |.debug_line
src\os\freertos\tasks.c.1.obj|[421]   |0x00000000|0|LOCL |SECT |HIDN |102   |.debug_pubnames
src\os\freertos\tasks.c.1.obj|[420]   |0x00000000|0|LOCL |SECT |HIDN |101   |.debug_pubnames
src\os\freertos\tasks.c.1.obj|[419]   |0x00000000|0|LOCL |SECT |HIDN |100   |.debug_pubnames
src\os\freertos\tasks.c.1.obj|[418]   |0x00000000|0|LOCL |SECT |HIDN |99    |.debug_pubnames
src\os\freertos\tasks.c.1.obj|[423]   |0x00000000|0|LOCL |SECT |HIDN |104   |.debug_pubtypes
src\os\freertos\tasks.c.1.obj|[422]   |0x00000000|0|LOCL |SECT |HIDN |103   |.debug_pubtypes
src\os\freertos\tasks.c.1.obj|[427]   |0x00000000|0|LOCL |SECT |HIDN |108   |.debug_pubtypes
src\os\freertos\tasks.c.1.obj|[431]   |0x00000000|0|LOCL |SECT |HIDN |112   |.debug_pubtypes
src\os\freertos\tasks.c.1.obj|[417]   |0x00000000|0|LOCL |SECT |HIDN |98    |.debug_pubtypes
src\os\freertos\tasks.c.1.obj|[426]   |0x00000000|0|LOCL |SECT |HIDN |107   |.debug_pubtypes
src\os\freertos\tasks.c.1.obj|[425]   |0x00000000|0|LOCL |SECT |HIDN |106   |.debug_pubtypes
src\os\freertos\tasks.c.1.obj|[424]   |0x00000000|0|LOCL |SECT |HIDN |105   |.debug_pubtypes
src\os\freertos\tasks.c.1.obj|[428]   |0x00000000|0|LOCL |SECT |HIDN |109   |.debug_pubtypes
src\os\freertos\tasks.c.1.obj|[433]   |0x00000000|0|LOCL |SECT |HIDN |114   |.debug_pubtypes
src\os\freertos\tasks.c.1.obj|[432]   |0x00000000|0|LOCL |SECT |HIDN |113   |.debug_pubtypes
src\os\freertos\tasks.c.1.obj|[429]   |0x00000000|0|LOCL |SECT |HIDN |110   |.debug_pubtypes
src\os\freertos\tasks.c.1.obj|[430]   |0x00000000|0|LOCL |SECT |HIDN |111   |.debug_pubtypes
src\os\freertos\tasks.c.1.obj|[434]   |0x00000000|0|LOCL |SECT |HIDN |115   |.debug_pubtypes
src\os\freertos\tasks.c.1.obj|[435]   |0x00000000|0|LOCL |SECT |HIDN |116   |.debug_pubtypes
src\os\freertos\tasks.c.1.obj|[436]   |0x00000000|0|LOCL |SECT |HIDN |117   |.debug_pubtypes
src\os\freertos\tasks.c.1.obj|[386]   |0x00000000|0|LOCL |SECT |HIDN |68    |.debug_str
src\os\freertos\tasks.c.1.obj|[388]   |0x00000000|0|LOCL |SECT |HIDN |70    |.debug_str
src\os\freertos\tasks.c.1.obj|[400]   |0x00000000|0|LOCL |SECT |HIDN |82    |.debug_str
src\os\freertos\tasks.c.1.obj|[392]   |0x00000000|0|LOCL |SECT |HIDN |74    |.debug_str
src\os\freertos\tasks.c.1.obj|[404]   |0x00000000|0|LOCL |SECT |HIDN |86    |.debug_str
src\os\freertos\tasks.c.1.obj|[394]   |0x00000000|0|LOCL |SECT |HIDN |76    |.debug_str
src\os\freertos\tasks.c.1.obj|[396]   |0x00000000|0|LOCL |SECT |HIDN |78    |.debug_str
src\os\freertos\tasks.c.1.obj|[406]   |0x00000000|0|LOCL |SECT |HIDN |88    |.debug_str
src\os\freertos\tasks.c.1.obj|[398]   |0x00000000|0|LOCL |SECT |HIDN |80    |.debug_str
src\os\freertos\tasks.c.1.obj|[408]   |0x00000000|0|LOCL |SECT |HIDN |90    |.debug_str
src\os\freertos\tasks.c.1.obj|[412]   |0x00000000|0|LOCL |SECT |HIDN |94    |.debug_str
src\os\freertos\tasks.c.1.obj|[402]   |0x00000000|0|LOCL |SECT |HIDN |84    |.debug_str
src\os\freertos\tasks.c.1.obj|[414]   |0x00000000|0|LOCL |SECT |HIDN |96    |.debug_str
src\os\freertos\tasks.c.1.obj|[390]   |0x00000000|0|LOCL |SECT |HIDN |72    |.debug_str
src\os\freertos\tasks.c.1.obj|[410]   |0x00000000|0|LOCL |SECT |HIDN |92    |.debug_str
src\os\freertos\tasks.c.1.obj|[259]   |0x00000000|0|LOCL |SECT |HIDN |17    |.kernelBSS:init
src\os\freertos\tasks.c.1.obj|[260]   |0x00000000|0|LOCL |SECT |HIDN |18    |.kernelBSS:uninit
src\os\freertos\tasks.c.1.obj|[262]   |0x00000000|0|LOCL |SECT |HIDN |20    |.kernelTEXT
src\os\freertos\tasks.c.1.obj|[258]   |0x00000000|0|LOCL |SECT |HIDN |16    |.text
src\os\freertos\tasks.c.1.obj|[437]   |0x00000000|0|WEAK |FUNC |HIDN |UNDEF |Lib$$Request$$armlib
src\os\freertos\tasks.c.1.obj|[438]   |0x00000000|0|WEAK |FUNC |HIDN |UNDEF |Lib$$Request$$cpplib
src\os\freertos\tasks.c.1.obj|[510]   |0x00000000|0|GLOB |NONE |HIDN |32    |__TI_DW.debug_info.$base_types.c8c38483d660372cd06395436475430b
src\os\freertos\tasks.c.1.obj|[507]   |0x00000000|0|GLOB |NONE |HIDN |29    |__TI_DW.debug_info.FreeRTOS.h.df5e2fab0059cac3ff0fdbef6a242819
src\os\freertos\tasks.c.1.obj|[515]   |0x00000000|0|GLOB |NONE |HIDN |37    |__TI_DW.debug_info._stdint.h.55dc0724062de24f6648c36a36931c9a
src\os\freertos\tasks.c.1.obj|[506]   |0x00000000|0|GLOB |NONE |HIDN |28    |__TI_DW.debug_info._types.h.59562a94a523b27bdcf6ba60164276f0
src\os\freertos\tasks.c.1.obj|[513]   |0x00000000|0|GLOB |NONE |HIDN |35    |__TI_DW.debug_info._types.h.62a9317002fb36f2a0c7d45aa6f41cd3
src\os\freertos\tasks.c.1.obj|[518]   |0x00000000|0|GLOB |NONE |HIDN |40    |__TI_DW.debug_info.list.h.4d6d03950ec964682d1452032bc583c0
src\os\freertos\tasks.c.1.obj|[508]   |0x00000000|0|GLOB |NONE |HIDN |30    |__TI_DW.debug_info.portable.h.3b37e4f9ac17826b8a5f438e92d691bd
src\os\freertos\tasks.c.1.obj|[509]   |0x00000000|0|GLOB |NONE |HIDN |31    |__TI_DW.debug_info.portmacro.h.27a49087feeaefca4aa91ed2620167d4
src\os\freertos\tasks.c.1.obj|[511]   |0x00000000|0|GLOB |NONE |HIDN |33    |__TI_DW.debug_info.projdefs.h.5856c2ba92afc82b3ee8e01784625b26
src\os\freertos\tasks.c.1.obj|[516]   |0x00000000|0|GLOB |NONE |HIDN |38    |__TI_DW.debug_info.stddef.h.b55b428debf61f932599c733e9f7c344
src\os\freertos\tasks.c.1.obj|[514]   |0x00000000|0|GLOB |NONE |HIDN |36    |__TI_DW.debug_info.stdint.h.ad4b679dbce029afdbcc9a8c662c70ff
src\os\freertos\tasks.c.1.obj|[505]   |0x00000000|0|GLOB |NONE |HIDN |27    |__TI_DW.debug_info.stdlib.h.adde039ded6738f74207681fc1a5745a
src\os\freertos\tasks.c.1.obj|[504]   |0x00000000|0|GLOB |NONE |HIDN |26    |__TI_DW.debug_info.task.h.7dfc5a628d42302e98a6961b50cac536
src\os\freertos\tasks.c.1.obj|[517]   |0x00000000|0|GLOB |NONE |HIDN |39    |__TI_DW.debug_info.tasks.c.981e7bc888cbbbafca6fd637f40bef5b
src\os\freertos\tasks.c.1.obj|[512]   |0x00000000|0|GLOB |NONE |HIDN |34    |__TI_DW.debug_info.timers.h.9bf95cb6f0e8fdf40d8c4608f5fce871
src\os\freertos\tasks.c.1.obj|[503]   |0x000023e0|88|GLOB |FUNC |HIDN |20    |eTaskConfirmSleepModeStatus
src\os\freertos\tasks.c.1.obj|[484]   |0x000014c8|184|GLOB |FUNC |HIDN |20    |eTaskGetState
src\os\freertos\tasks.c.1.obj|[456]   |0x00000000|0|GLOB |NONE |HIDN |UNDEF |memset
src\os\freertos\tasks.c.1.obj|[445]   |0x000023bc|36|GLOB |FUNC |HIDN |20    |pcTaskGetName
src\os\freertos\tasks.c.1.obj|[65]    |0x0000088c|0|LOCL |FUNC |HIDN |20    |prvAddCurrentTaskToDelayedList
src\os\freertos\tasks.c.1.obj|[135]   |0x00001114|0|LOCL |FUNC |HIDN |20    |prvAddNewTaskToReadyList
src\os\freertos\tasks.c.1.obj|[223]   |0x00001fac|0|LOCL |FUNC |HIDN |20    |prvDeleteTCB
src\os\freertos\tasks.c.1.obj|[235]   |0x000022ac|0|LOCL |FUNC |HIDN |20    |prvGetExpectedIdleTime
src\os\freertos\tasks.c.1.obj|[237]   |0x0000230c|0|LOCL |FUNC |HIDN |20    |prvIdleTask
src\os\freertos\tasks.c.1.obj|[126]   |0x00000fd4|0|LOCL |FUNC |HIDN |20    |prvInitialiseNewTask
src\os\freertos\tasks.c.1.obj|[30]    |0x00000130|0|LOCL |FUNC |HIDN |20    |prvResetNextTaskUnblockTime
src\os\freertos\tasks.c.1.obj|[56]    |0x0000074c|0|LOCL |FUNC |HIDN |20    |prvSearchForNameWithinSingleList
src\os\freertos\tasks.c.1.obj|[23]    |0x00000000|0|LOCL |FUNC |HIDN |20    |prvTaskIsTaskSuspended
src\os\freertos\tasks.c.1.obj|[442]   |0x00002288|36|GLOB |FUNC |HIDN |20    |pvTaskGetThreadLocalStoragePointer
src\os\freertos\tasks.c.1.obj|[483]   |0x00000000|4|GLOB |OBJT |HIDN |17    |pxCurrentTCB
src\os\freertos\tasks.c.1.obj|[2]     |0x00000000|4|LOCL |OBJT |HIDN |18    |pxDelayedTaskList
src\os\freertos\tasks.c.1.obj|[3]     |0x00000004|4|LOCL |OBJT |HIDN |18    |pxOverflowDelayedTaskList
src\os\freertos\tasks.c.1.obj|[497]   |0x00000000|0|GLOB |NONE |HIDN |UNDEF |pxPortInitialiseStack
src\os\freertos\tasks.c.1.obj|[22]    |0x00000098|0|LOCL |OBJT |HIDN |17    |pxReadyTasksLists
src\os\freertos\tasks.c.1.obj|[450]   |0x00000000|0|GLOB |NONE |HIDN |UNDEF |strlen
src\os\freertos\tasks.c.1.obj|[466]   |0x00000000|0|GLOB |NONE |HIDN |UNDEF |ulPortCountLeadingZeros
src\os\freertos\tasks.c.1.obj|[478]   |0x000021c4|196|GLOB |FUNC |HIDN |20    |ulTaskGenericNotifyTake
src\os\freertos\tasks.c.1.obj|[481]   |0x00002184|64|GLOB |FUNC |HIDN |20    |ulTaskGenericNotifyValueClear
src\os\freertos\tasks.c.1.obj|[5]     |0x00000008|4|LOCL |OBJT |HIDN |17    |uxCurrentNumberOfTasks
src\os\freertos\tasks.c.1.obj|[4]     |0x00000004|4|LOCL |OBJT |HIDN |17    |uxDeletedTasksWaitingCleanUp
src\os\freertos\tasks.c.1.obj|[440]   |0x00000000|0|GLOB |NONE |HIDN |UNDEF |uxListRemove
src\os\freertos\tasks.c.1.obj|[13]    |0x00000028|4|LOCL |OBJT |HIDN |17    |uxSchedulerSuspended
src\os\freertos\tasks.c.1.obj|[470]   |0x00002178|12|GLOB |FUNC |HIDN |20    |uxTaskGetNumberOfTasks
src\os\freertos\tasks.c.1.obj|[460]   |0x00002140|56|GLOB |FUNC |HIDN |20    |uxTaskGetStackHighWaterMark
src\os\freertos\tasks.c.1.obj|[15]    |0x0000002c|0|LOCL |OBJT |HIDN |17    |uxTaskNumber
src\os\freertos\tasks.c.1.obj|[473]   |0x00002118|40|GLOB |FUNC |HIDN |20    |uxTaskPriorityGet
src\os\freertos\tasks.c.1.obj|[444]   |0x00002104|20|GLOB |FUNC |HIDN |20    |uxTaskPriorityGetFromISR
src\os\freertos\tasks.c.1.obj|[495]   |0x000020e0|36|GLOB |FUNC |HIDN |20    |uxTaskResetEventItemValue
src\os\freertos\tasks.c.1.obj|[7]     |0x00000010|4|LOCL |OBJT |HIDN |17    |uxTopReadyPriority
src\os\freertos\tasks.c.1.obj|[489]   |0x00000000|4|GLOB |OBJT |HIDN |19    |uxTopUsedPriority
src\os\freertos\tasks.c.1.obj|[479]   |0x00000000|0|GLOB |NONE |HIDN |UNDEF |vApplicationGetIdleTaskMemory
src\os\freertos\tasks.c.1.obj|[461]   |0x00000000|0|GLOB |NONE |HIDN |UNDEF |vApplicationIdleHook
src\os\freertos\tasks.c.1.obj|[492]   |0x00000000|0|GLOB |NONE |HIDN |UNDEF |vListInitialise
src\os\freertos\tasks.c.1.obj|[459]   |0x00000000|0|GLOB |NONE |HIDN |UNDEF |vListInitialiseItem
src\os\freertos\tasks.c.1.obj|[448]   |0x00000000|0|GLOB |NONE |HIDN |UNDEF |vListInsert
src\os\freertos\tasks.c.1.obj|[490]   |0x00000000|0|GLOB |NONE |HIDN |UNDEF |vListInsertEnd
src\os\freertos\tasks.c.1.obj|[449]   |0x00000000|0|GLOB |NONE |HIDN |UNDEF |vPortEndScheduler
src\os\freertos\tasks.c.1.obj|[447]   |0x00000000|0|GLOB |NONE |HIDN |UNDEF |vPortStoreTaskMPUSettings
src\os\freertos\tasks.c.1.obj|[454]   |0x000020c4|28|GLOB |FUNC |HIDN |20    |vTaskAllocateMPURegions
src\os\freertos\tasks.c.1.obj|[480]   |0x00001fb0|276|GLOB |FUNC |HIDN |20    |vTaskDelete
src\os\freertos\tasks.c.1.obj|[468]   |0x00001f90|28|GLOB |FUNC |HIDN |20    |vTaskEndScheduler
src\os\freertos\tasks.c.1.obj|[451]   |0x00001df4|412|GLOB |FUNC |HIDN |20    |vTaskGenericNotifyGiveFromISR
src\os\freertos\tasks.c.1.obj|[458]   |0x000013a4|28|GLOB |FUNC |HIDN |20    |vTaskInternalSetTimeOutState
src\os\freertos\tasks.c.1.obj|[469]   |0x00001de4|16|GLOB |FUNC |HIDN |20    |vTaskMissedYield
src\os\freertos\tasks.c.1.obj|[441]   |0x00001dac|56|GLOB |FUNC |HIDN |20    |vTaskPlaceOnEventList
src\os\freertos\tasks.c.1.obj|[501]   |0x00001d18|148|GLOB |FUNC |HIDN |20    |vTaskPlaceOnUnorderedEventList
src\os\freertos\tasks.c.1.obj|[453]   |0x00001bc8|336|GLOB |FUNC |HIDN |20    |vTaskPrioritySet
src\os\freertos\tasks.c.1.obj|[452]   |0x00001a6c|340|GLOB |FUNC |HIDN |20    |vTaskRemoveFromUnorderedEventList
src\os\freertos\tasks.c.1.obj|[488]   |0x00001988|228|GLOB |FUNC |HIDN |20    |vTaskResume
src\os\freertos\tasks.c.1.obj|[463]   |0x00001954|52|GLOB |FUNC |HIDN |20    |vTaskSetThreadLocalStoragePointer
src\os\freertos\tasks.c.1.obj|[491]   |0x0000191c|56|GLOB |FUNC |HIDN |20    |vTaskSetTimeOutState
src\os\freertos\tasks.c.1.obj|[457]   |0x00001884|152|GLOB |FUNC |HIDN |20    |vTaskStartScheduler
src\os\freertos\tasks.c.1.obj|[474]   |0x00001850|52|GLOB |FUNC |HIDN |20    |vTaskStepTick
src\os\freertos\tasks.c.1.obj|[485]   |0x00001724|300|GLOB |FUNC |HIDN |20    |vTaskSuspend
src\os\freertos\tasks.c.1.obj|[439]   |0x00000738|20|GLOB |FUNC |HIDN |20    |vTaskSuspendAll
src\os\freertos\tasks.c.1.obj|[494]   |0x0000168c|152|GLOB |FUNC |HIDN |20    |vTaskSwitchContext
src\os\freertos\tasks.c.1.obj|[17]    |0x00000034|0|LOCL |OBJT |HIDN |17    |xDelayedTaskList1
src\os\freertos\tasks.c.1.obj|[18]    |0x00000048|0|LOCL |OBJT |HIDN |17    |xDelayedTaskList2
src\os\freertos\tasks.c.1.obj|[16]    |0x00000030|0|LOCL |OBJT |HIDN |17    |xIdleTaskHandle
src\os\freertos\tasks.c.1.obj|[12]    |0x00000024|4|LOCL |OBJT |HIDN |17    |xNextTaskUnblockTime
src\os\freertos\tasks.c.1.obj|[11]    |0x00000020|4|LOCL |OBJT |HIDN |17    |xNumOfOverflows
src\os\freertos\tasks.c.1.obj|[9]     |0x00000018|4|LOCL |OBJT |HIDN |17    |xPendedTicks
src\os\freertos\tasks.c.1.obj|[19]    |0x0000005c|0|LOCL |OBJT |HIDN |17    |xPendingReadyList
src\os\freertos\tasks.c.1.obj|[499]   |0x00000000|0|GLOB |NONE |HIDN |UNDEF |xPortStartScheduler
src\os\freertos\tasks.c.1.obj|[8]     |0x00000014|4|LOCL |OBJT |HIDN |17    |xSchedulerRunning
src\os\freertos\tasks.c.1.obj|[21]    |0x00000084|0|LOCL |OBJT |HIDN |17    |xSuspendedTaskList
src\os\freertos\tasks.c.1.obj|[455]   |0x00001580|260|GLOB |FUNC |HIDN |20    |xTaskAbortDelay
src\os\freertos\tasks.c.1.obj|[471]   |0x0000148c|60|GLOB |FUNC |HIDN |20    |xTaskCatchUpTicks
src\os\freertos\tasks.c.1.obj|[446]   |0x000013c0|204|GLOB |FUNC |HIDN |20    |xTaskCheckForTimeOut
src\os\freertos\tasks.c.1.obj|[443]   |0x0000132c|120|GLOB |FUNC |HIDN |20    |xTaskCreateRestrictedStatic
src\os\freertos\tasks.c.1.obj|[462]   |0x00001298|140|GLOB |FUNC |HIDN |20    |xTaskCreateStatic
src\os\freertos\tasks.c.1.obj|[467]   |0x00000eec|200|GLOB |FUNC |HIDN |20    |xTaskDelayUntil
src\os\freertos\tasks.c.1.obj|[465]   |0x00000d0c|480|GLOB |FUNC |HIDN |20    |xTaskGenericNotify
src\os\freertos\tasks.c.1.obj|[472]   |0x00000ae8|548|GLOB |FUNC |HIDN |20    |xTaskGenericNotifyFromISR
src\os\freertos\tasks.c.1.obj|[464]   |0x00000a90|88|GLOB |FUNC |HIDN |20    |xTaskGenericNotifyStateClear
src\os\freertos\tasks.c.1.obj|[482]   |0x00000998|248|GLOB |FUNC |HIDN |20    |xTaskGenericNotifyWait
src\os\freertos\tasks.c.1.obj|[500]   |0x00000880|12|GLOB |FUNC |HIDN |20    |xTaskGetCurrentTaskHandle
src\os\freertos\tasks.c.1.obj|[476]   |0x000007e4|156|GLOB |FUNC |HIDN |20    |xTaskGetHandle
src\os\freertos\tasks.c.1.obj|[486]   |0x0000071c|28|GLOB |FUNC |HIDN |20    |xTaskGetIdleTaskHandle
src\os\freertos\tasks.c.1.obj|[496]   |0x000006ec|48|GLOB |FUNC |HIDN |20    |xTaskGetSchedulerState
src\os\freertos\tasks.c.1.obj|[477]   |0x000006e0|12|GLOB |FUNC |HIDN |20    |xTaskGetTickCount
src\os\freertos\tasks.c.1.obj|[487]   |0x000006d4|12|GLOB |FUNC |HIDN |20    |xTaskGetTickCountFromISR
src\os\freertos\tasks.c.1.obj|[493]   |0x0000015c|536|GLOB |FUNC |HIDN |20    |xTaskIncrementTick
src\os\freertos\tasks.c.1.obj|[502]   |0x0000054c|392|GLOB |FUNC |HIDN |20    |xTaskRemoveFromEventList
src\os\freertos\tasks.c.1.obj|[475]   |0x00000374|472|GLOB |FUNC |HIDN |20    |xTaskResumeAll
src\os\freertos\tasks.c.1.obj|[498]   |0x00000048|232|GLOB |FUNC |HIDN |20    |xTaskResumeFromISR
src\os\freertos\tasks.c.1.obj|[20]    |0x00000070|0|LOCL |OBJT |HIDN |17    |xTasksWaitingTermination
src\os\freertos\tasks.c.1.obj|[6]     |0x0000000c|4|LOCL |OBJT |HIDN |17    |xTickCount
src\os\freertos\tasks.c.1.obj|[10]    |0x0000001c|4|LOCL |OBJT |HIDN |17    |xYieldPending
src\os\freertos\tasks.c.1.obj|[1]     |0x00000000|0|LOCL |FILE |HIDN |ABS   |{3F5D491E-523C-411A-9265-3FF37EAF832C}
