
file            [index]  value      size  bind  type  vis   shndx  symbol name 

src\os\freertos\stream_buffer.c.1.obj|[0]     |0x00000000|0|LOCL |NONE |DFLT |UNDEF |
src\os\freertos\stream_buffer.c.1.obj|[2]     |0x00000010|0|LOCL |FUNC |HIDN |17    |$C$L1
src\os\freertos\stream_buffer.c.1.obj|[12]    |0x0000010c|0|LOCL |FUNC |HIDN |17    |$C$L10
src\os\freertos\stream_buffer.c.1.obj|[13]    |0x00000110|0|LOCL |FUNC |HIDN |17    |$C$L11
src\os\freertos\stream_buffer.c.1.obj|[14]    |0x00000114|0|LOCL |FUNC |HIDN |17    |$C$L12
src\os\freertos\stream_buffer.c.1.obj|[16]    |0x0000014c|0|LOCL |FUNC |HIDN |17    |$C$L13
src\os\freertos\stream_buffer.c.1.obj|[17]    |0x00000170|0|LOCL |FUNC |HIDN |17    |$C$L14
src\os\freertos\stream_buffer.c.1.obj|[18]    |0x0000018c|0|LOCL |FUNC |HIDN |17    |$C$L15
src\os\freertos\stream_buffer.c.1.obj|[20]    |0x0000024c|0|LOCL |FUNC |HIDN |17    |$C$L16
src\os\freertos\stream_buffer.c.1.obj|[21]    |0x00000254|0|LOCL |FUNC |HIDN |17    |$C$L17
src\os\freertos\stream_buffer.c.1.obj|[22]    |0x00000258|0|LOCL |FUNC |HIDN |17    |$C$L18
src\os\freertos\stream_buffer.c.1.obj|[23]    |0x0000025c|0|LOCL |FUNC |HIDN |17    |$C$L19
src\os\freertos\stream_buffer.c.1.obj|[3]     |0x00000014|0|LOCL |FUNC |HIDN |17    |$C$L2
src\os\freertos\stream_buffer.c.1.obj|[24]    |0x00000260|0|LOCL |FUNC |HIDN |17    |$C$L20
src\os\freertos\stream_buffer.c.1.obj|[25]    |0x000002ac|0|LOCL |FUNC |HIDN |17    |$C$L21
src\os\freertos\stream_buffer.c.1.obj|[26]    |0x000002b0|0|LOCL |FUNC |HIDN |17    |$C$L22
src\os\freertos\stream_buffer.c.1.obj|[27]    |0x00000300|0|LOCL |FUNC |HIDN |17    |$C$L23
src\os\freertos\stream_buffer.c.1.obj|[28]    |0x00000318|0|LOCL |FUNC |HIDN |17    |$C$L24
src\os\freertos\stream_buffer.c.1.obj|[29]    |0x0000032c|0|LOCL |FUNC |HIDN |17    |$C$L25
src\os\freertos\stream_buffer.c.1.obj|[30]    |0x000003a0|0|LOCL |FUNC |HIDN |17    |$C$L26
src\os\freertos\stream_buffer.c.1.obj|[31]    |0x000003a4|0|LOCL |FUNC |HIDN |17    |$C$L27
src\os\freertos\stream_buffer.c.1.obj|[32]    |0x000003a8|0|LOCL |FUNC |HIDN |17    |$C$L28
src\os\freertos\stream_buffer.c.1.obj|[33]    |0x000003ac|0|LOCL |FUNC |HIDN |17    |$C$L29
src\os\freertos\stream_buffer.c.1.obj|[4]     |0x00000018|0|LOCL |FUNC |HIDN |17    |$C$L3
src\os\freertos\stream_buffer.c.1.obj|[34]    |0x000003c0|0|LOCL |FUNC |HIDN |17    |$C$L30
src\os\freertos\stream_buffer.c.1.obj|[35]    |0x00000424|0|LOCL |FUNC |HIDN |17    |$C$L31
src\os\freertos\stream_buffer.c.1.obj|[36]    |0x00000428|0|LOCL |FUNC |HIDN |17    |$C$L32
src\os\freertos\stream_buffer.c.1.obj|[37]    |0x00000430|0|LOCL |FUNC |HIDN |17    |$C$L33
src\os\freertos\stream_buffer.c.1.obj|[38]    |0x00000434|0|LOCL |FUNC |HIDN |17    |$C$L34
src\os\freertos\stream_buffer.c.1.obj|[39]    |0x00000438|0|LOCL |FUNC |HIDN |17    |$C$L35
src\os\freertos\stream_buffer.c.1.obj|[40]    |0x0000043c|0|LOCL |FUNC |HIDN |17    |$C$L36
src\os\freertos\stream_buffer.c.1.obj|[41]    |0x00000440|0|LOCL |FUNC |HIDN |17    |$C$L37
src\os\freertos\stream_buffer.c.1.obj|[42]    |0x00000444|0|LOCL |FUNC |HIDN |17    |$C$L38
src\os\freertos\stream_buffer.c.1.obj|[43]    |0x00000448|0|LOCL |FUNC |HIDN |17    |$C$L39
src\os\freertos\stream_buffer.c.1.obj|[5]     |0x00000074|0|LOCL |FUNC |HIDN |17    |$C$L4
src\os\freertos\stream_buffer.c.1.obj|[45]    |0x000004a0|0|LOCL |FUNC |HIDN |17    |$C$L40
src\os\freertos\stream_buffer.c.1.obj|[46]    |0x000004a4|0|LOCL |FUNC |HIDN |17    |$C$L41
src\os\freertos\stream_buffer.c.1.obj|[47]    |0x000004f4|0|LOCL |FUNC |HIDN |17    |$C$L42
src\os\freertos\stream_buffer.c.1.obj|[48]    |0x00000500|0|LOCL |FUNC |HIDN |17    |$C$L43
src\os\freertos\stream_buffer.c.1.obj|[49]    |0x00000504|0|LOCL |FUNC |HIDN |17    |$C$L44
src\os\freertos\stream_buffer.c.1.obj|[51]    |0x00000544|0|LOCL |FUNC |HIDN |17    |$C$L45
src\os\freertos\stream_buffer.c.1.obj|[52]    |0x00000548|0|LOCL |FUNC |HIDN |17    |$C$L46
src\os\freertos\stream_buffer.c.1.obj|[53]    |0x00000550|0|LOCL |FUNC |HIDN |17    |$C$L47
src\os\freertos\stream_buffer.c.1.obj|[54]    |0x0000057c|0|LOCL |FUNC |HIDN |17    |$C$L48
src\os\freertos\stream_buffer.c.1.obj|[55]    |0x00000594|0|LOCL |FUNC |HIDN |17    |$C$L49
src\os\freertos\stream_buffer.c.1.obj|[6]     |0x00000078|0|LOCL |FUNC |HIDN |17    |$C$L5
src\os\freertos\stream_buffer.c.1.obj|[56]    |0x00000598|0|LOCL |FUNC |HIDN |17    |$C$L50
src\os\freertos\stream_buffer.c.1.obj|[58]    |0x000005e4|0|LOCL |FUNC |HIDN |17    |$C$L51
src\os\freertos\stream_buffer.c.1.obj|[59]    |0x00000608|0|LOCL |FUNC |HIDN |17    |$C$L52
src\os\freertos\stream_buffer.c.1.obj|[60]    |0x00000694|0|LOCL |FUNC |HIDN |17    |$C$L53
src\os\freertos\stream_buffer.c.1.obj|[61]    |0x0000069c|0|LOCL |FUNC |HIDN |17    |$C$L54
src\os\freertos\stream_buffer.c.1.obj|[62]    |0x000006a0|0|LOCL |FUNC |HIDN |17    |$C$L55
src\os\freertos\stream_buffer.c.1.obj|[63]    |0x000006a4|0|LOCL |FUNC |HIDN |17    |$C$L56
src\os\freertos\stream_buffer.c.1.obj|[64]    |0x000006a8|0|LOCL |FUNC |HIDN |17    |$C$L57
src\os\freertos\stream_buffer.c.1.obj|[65]    |0x000006f4|0|LOCL |FUNC |HIDN |17    |$C$L58
src\os\freertos\stream_buffer.c.1.obj|[66]    |0x000006f8|0|LOCL |FUNC |HIDN |17    |$C$L59
src\os\freertos\stream_buffer.c.1.obj|[8]     |0x000000b8|0|LOCL |FUNC |HIDN |17    |$C$L6
src\os\freertos\stream_buffer.c.1.obj|[67]    |0x00000770|0|LOCL |FUNC |HIDN |17    |$C$L60
src\os\freertos\stream_buffer.c.1.obj|[68]    |0x0000079c|0|LOCL |FUNC |HIDN |17    |$C$L61
src\os\freertos\stream_buffer.c.1.obj|[69]    |0x000007a0|0|LOCL |FUNC |HIDN |17    |$C$L62
src\os\freertos\stream_buffer.c.1.obj|[70]    |0x000007a4|0|LOCL |FUNC |HIDN |17    |$C$L63
src\os\freertos\stream_buffer.c.1.obj|[71]    |0x000007b0|0|LOCL |FUNC |HIDN |17    |$C$L64
src\os\freertos\stream_buffer.c.1.obj|[72]    |0x00000804|0|LOCL |FUNC |HIDN |17    |$C$L65
src\os\freertos\stream_buffer.c.1.obj|[73]    |0x00000808|0|LOCL |FUNC |HIDN |17    |$C$L66
src\os\freertos\stream_buffer.c.1.obj|[74]    |0x00000810|0|LOCL |FUNC |HIDN |17    |$C$L67
src\os\freertos\stream_buffer.c.1.obj|[75]    |0x00000814|0|LOCL |FUNC |HIDN |17    |$C$L68
src\os\freertos\stream_buffer.c.1.obj|[76]    |0x00000818|0|LOCL |FUNC |HIDN |17    |$C$L69
src\os\freertos\stream_buffer.c.1.obj|[9]     |0x000000bc|0|LOCL |FUNC |HIDN |17    |$C$L7
src\os\freertos\stream_buffer.c.1.obj|[77]    |0x0000081c|0|LOCL |FUNC |HIDN |17    |$C$L70
src\os\freertos\stream_buffer.c.1.obj|[78]    |0x00000850|0|LOCL |FUNC |HIDN |17    |$C$L71
src\os\freertos\stream_buffer.c.1.obj|[79]    |0x00000854|0|LOCL |FUNC |HIDN |17    |$C$L72
src\os\freertos\stream_buffer.c.1.obj|[80]    |0x00000870|0|LOCL |FUNC |HIDN |17    |$C$L73
src\os\freertos\stream_buffer.c.1.obj|[81]    |0x00000878|0|LOCL |FUNC |HIDN |17    |$C$L74
src\os\freertos\stream_buffer.c.1.obj|[82]    |0x0000087c|0|LOCL |FUNC |HIDN |17    |$C$L75
src\os\freertos\stream_buffer.c.1.obj|[83]    |0x000008b0|0|LOCL |FUNC |HIDN |17    |$C$L76
src\os\freertos\stream_buffer.c.1.obj|[84]    |0x000008b4|0|LOCL |FUNC |HIDN |17    |$C$L77
src\os\freertos\stream_buffer.c.1.obj|[85]    |0x000008dc|0|LOCL |FUNC |HIDN |17    |$C$L78
src\os\freertos\stream_buffer.c.1.obj|[86]    |0x000008e0|0|LOCL |FUNC |HIDN |17    |$C$L79
src\os\freertos\stream_buffer.c.1.obj|[10]    |0x000000f0|0|LOCL |FUNC |HIDN |17    |$C$L8
src\os\freertos\stream_buffer.c.1.obj|[87]    |0x00000968|0|LOCL |FUNC |HIDN |17    |$C$L80
src\os\freertos\stream_buffer.c.1.obj|[88]    |0x0000096c|0|LOCL |FUNC |HIDN |17    |$C$L81
src\os\freertos\stream_buffer.c.1.obj|[89]    |0x00000970|0|LOCL |FUNC |HIDN |17    |$C$L82
src\os\freertos\stream_buffer.c.1.obj|[90]    |0x00000974|0|LOCL |FUNC |HIDN |17    |$C$L83
src\os\freertos\stream_buffer.c.1.obj|[91]    |0x00000978|0|LOCL |FUNC |HIDN |17    |$C$L84
src\os\freertos\stream_buffer.c.1.obj|[92]    |0x0000097c|0|LOCL |FUNC |HIDN |17    |$C$L85
src\os\freertos\stream_buffer.c.1.obj|[93]    |0x00000980|0|LOCL |FUNC |HIDN |17    |$C$L86
src\os\freertos\stream_buffer.c.1.obj|[94]    |0x00000984|0|LOCL |FUNC |HIDN |17    |$C$L87
src\os\freertos\stream_buffer.c.1.obj|[95]    |0x00000988|0|LOCL |FUNC |HIDN |17    |$C$L88
src\os\freertos\stream_buffer.c.1.obj|[96]    |0x0000098c|0|LOCL |FUNC |HIDN |17    |$C$L89
src\os\freertos\stream_buffer.c.1.obj|[11]    |0x00000108|0|LOCL |FUNC |HIDN |17    |$C$L9
src\os\freertos\stream_buffer.c.1.obj|[97]    |0x000009a4|0|LOCL |FUNC |HIDN |17    |$C$L90
src\os\freertos\stream_buffer.c.1.obj|[98]    |0x000009a8|0|LOCL |FUNC |HIDN |17    |$C$L91
src\os\freertos\stream_buffer.c.1.obj|[99]    |0x000009d0|0|LOCL |FUNC |HIDN |17    |$C$L92
src\os\freertos\stream_buffer.c.1.obj|[100]   |0x000009d4|0|LOCL |FUNC |HIDN |17    |$C$L93
src\os\freertos\stream_buffer.c.1.obj|[101]   |0x000009e4|0|LOCL |FUNC |HIDN |17    |$C$L94
src\os\freertos\stream_buffer.c.1.obj|[102]   |0x000009e8|0|LOCL |FUNC |HIDN |17    |$C$L95
src\os\freertos\stream_buffer.c.1.obj|[105]   |0x00000000|0|LOCL |NONE |HIDN |17    |$a
src\os\freertos\stream_buffer.c.1.obj|[106]   |0x00000048|0|LOCL |NONE |HIDN |17    |$a
src\os\freertos\stream_buffer.c.1.obj|[107]   |0x0000007c|0|LOCL |NONE |HIDN |17    |$a
src\os\freertos\stream_buffer.c.1.obj|[108]   |0x00000118|0|LOCL |NONE |HIDN |17    |$a
src\os\freertos\stream_buffer.c.1.obj|[109]   |0x00000194|0|LOCL |NONE |HIDN |17    |$a
src\os\freertos\stream_buffer.c.1.obj|[110]   |0x000001b4|0|LOCL |NONE |HIDN |17    |$a
src\os\freertos\stream_buffer.c.1.obj|[111]   |0x00000264|0|LOCL |NONE |HIDN |17    |$a
src\os\freertos\stream_buffer.c.1.obj|[112]   |0x000002b4|0|LOCL |NONE |HIDN |17    |$a
src\os\freertos\stream_buffer.c.1.obj|[113]   |0x00000450|0|LOCL |NONE |HIDN |17    |$a
src\os\freertos\stream_buffer.c.1.obj|[114]   |0x000004a8|0|LOCL |NONE |HIDN |17    |$a
src\os\freertos\stream_buffer.c.1.obj|[115]   |0x00000508|0|LOCL |NONE |HIDN |17    |$a
src\os\freertos\stream_buffer.c.1.obj|[116]   |0x0000059c|0|LOCL |NONE |HIDN |17    |$a
src\os\freertos\stream_buffer.c.1.obj|[117]   |0x00000610|0|LOCL |NONE |HIDN |17    |$a
src\os\freertos\stream_buffer.c.1.obj|[118]   |0x000006ac|0|LOCL |NONE |HIDN |17    |$a
src\os\freertos\stream_buffer.c.1.obj|[119]   |0x000006fc|0|LOCL |NONE |HIDN |17    |$a
src\os\freertos\stream_buffer.c.1.obj|[120]   |0x00000820|0|LOCL |NONE |HIDN |17    |$a
src\os\freertos\stream_buffer.c.1.obj|[121]   |0x00000880|0|LOCL |NONE |HIDN |17    |$a
src\os\freertos\stream_buffer.c.1.obj|[122]   |0x000008b8|0|LOCL |NONE |HIDN |17    |$a
src\os\freertos\stream_buffer.c.1.obj|[123]   |0x000008e4|0|LOCL |NONE |HIDN |17    |$a
src\os\freertos\stream_buffer.c.1.obj|[124]   |0x00000990|0|LOCL |NONE |HIDN |17    |$a
src\os\freertos\stream_buffer.c.1.obj|[125]   |0x000009ac|0|LOCL |NONE |HIDN |17    |$a
src\os\freertos\stream_buffer.c.1.obj|[166]   |0x00000000|0|LOCL |SECT |HIDN |57    |.debug_abbrev
src\os\freertos\stream_buffer.c.1.obj|[164]   |0x00000000|0|LOCL |SECT |HIDN |55    |.debug_abbrev
src\os\freertos\stream_buffer.c.1.obj|[161]   |0x00000000|0|LOCL |SECT |HIDN |53    |.debug_abbrev
src\os\freertos\stream_buffer.c.1.obj|[162]   |0x00000000|0|LOCL |SECT |HIDN |54    |.debug_abbrev
src\os\freertos\stream_buffer.c.1.obj|[174]   |0x00000000|0|LOCL |SECT |HIDN |65    |.debug_abbrev
src\os\freertos\stream_buffer.c.1.obj|[172]   |0x00000000|0|LOCL |SECT |HIDN |63    |.debug_abbrev
src\os\freertos\stream_buffer.c.1.obj|[170]   |0x00000000|0|LOCL |SECT |HIDN |61    |.debug_abbrev
src\os\freertos\stream_buffer.c.1.obj|[168]   |0x00000000|0|LOCL |SECT |HIDN |59    |.debug_abbrev
src\os\freertos\stream_buffer.c.1.obj|[176]   |0x00000000|0|LOCL |SECT |HIDN |67    |.debug_abbrev
src\os\freertos\stream_buffer.c.1.obj|[178]   |0x00000000|0|LOCL |SECT |HIDN |69    |.debug_abbrev
src\os\freertos\stream_buffer.c.1.obj|[180]   |0x00000000|0|LOCL |SECT |HIDN |71    |.debug_abbrev
src\os\freertos\stream_buffer.c.1.obj|[182]   |0x00000000|0|LOCL |SECT |HIDN |73    |.debug_abbrev
src\os\freertos\stream_buffer.c.1.obj|[184]   |0x00000000|0|LOCL |SECT |HIDN |75    |.debug_abbrev
src\os\freertos\stream_buffer.c.1.obj|[186]   |0x00000000|0|LOCL |SECT |HIDN |77    |.debug_abbrev
src\os\freertos\stream_buffer.c.1.obj|[188]   |0x00000000|0|LOCL |SECT |HIDN |79    |.debug_abbrev
src\os\freertos\stream_buffer.c.1.obj|[190]   |0x00000000|0|LOCL |SECT |HIDN |81    |.debug_abbrev
src\os\freertos\stream_buffer.c.1.obj|[192]   |0x00000000|0|LOCL |SECT |HIDN |83    |.debug_abbrev
src\os\freertos\stream_buffer.c.1.obj|[193]   |0x00000000|0|LOCL |SECT |HIDN |85    |.debug_aranges
src\os\freertos\stream_buffer.c.1.obj|[160]   |0x00000000|0|LOCL |SECT |HIDN |52    |.debug_frame
src\os\freertos\stream_buffer.c.1.obj|[136]   |0x00000000|0|LOCL |SECT |HIDN |28    |.debug_info
src\os\freertos\stream_buffer.c.1.obj|[137]   |0x00000000|0|LOCL |SECT |HIDN |29    |.debug_info
src\os\freertos\stream_buffer.c.1.obj|[138]   |0x00000000|0|LOCL |SECT |HIDN |30    |.debug_info
src\os\freertos\stream_buffer.c.1.obj|[139]   |0x00000000|0|LOCL |SECT |HIDN |31    |.debug_info
src\os\freertos\stream_buffer.c.1.obj|[140]   |0x00000000|0|LOCL |SECT |HIDN |32    |.debug_info
src\os\freertos\stream_buffer.c.1.obj|[141]   |0x00000000|0|LOCL |SECT |HIDN |33    |.debug_info
src\os\freertos\stream_buffer.c.1.obj|[142]   |0x00000000|0|LOCL |SECT |HIDN |34    |.debug_info
src\os\freertos\stream_buffer.c.1.obj|[126]   |0x00000000|0|LOCL |SECT |HIDN |18    |.debug_info
src\os\freertos\stream_buffer.c.1.obj|[127]   |0x00000000|0|LOCL |SECT |HIDN |19    |.debug_info
src\os\freertos\stream_buffer.c.1.obj|[128]   |0x00000000|0|LOCL |SECT |HIDN |20    |.debug_info
src\os\freertos\stream_buffer.c.1.obj|[129]   |0x00000000|0|LOCL |SECT |HIDN |21    |.debug_info
src\os\freertos\stream_buffer.c.1.obj|[130]   |0x00000000|0|LOCL |SECT |HIDN |22    |.debug_info
src\os\freertos\stream_buffer.c.1.obj|[131]   |0x00000000|0|LOCL |SECT |HIDN |23    |.debug_info
src\os\freertos\stream_buffer.c.1.obj|[132]   |0x00000000|0|LOCL |SECT |HIDN |24    |.debug_info
src\os\freertos\stream_buffer.c.1.obj|[133]   |0x00000000|0|LOCL |SECT |HIDN |25    |.debug_info
src\os\freertos\stream_buffer.c.1.obj|[134]   |0x00000000|0|LOCL |SECT |HIDN |26    |.debug_info
src\os\freertos\stream_buffer.c.1.obj|[135]   |0x00000000|0|LOCL |SECT |HIDN |27    |.debug_info
src\os\freertos\stream_buffer.c.1.obj|[153]   |0x00000000|0|LOCL |SECT |HIDN |45    |.debug_line
src\os\freertos\stream_buffer.c.1.obj|[154]   |0x00000000|0|LOCL |SECT |HIDN |46    |.debug_line
src\os\freertos\stream_buffer.c.1.obj|[155]   |0x00000000|0|LOCL |SECT |HIDN |47    |.debug_line
src\os\freertos\stream_buffer.c.1.obj|[156]   |0x00000000|0|LOCL |SECT |HIDN |48    |.debug_line
src\os\freertos\stream_buffer.c.1.obj|[157]   |0x00000000|0|LOCL |SECT |HIDN |49    |.debug_line
src\os\freertos\stream_buffer.c.1.obj|[158]   |0x00000000|0|LOCL |SECT |HIDN |50    |.debug_line
src\os\freertos\stream_buffer.c.1.obj|[159]   |0x00000000|0|LOCL |SECT |HIDN |51    |.debug_line
src\os\freertos\stream_buffer.c.1.obj|[148]   |0x00000000|0|LOCL |SECT |HIDN |40    |.debug_line
src\os\freertos\stream_buffer.c.1.obj|[152]   |0x00000000|0|LOCL |SECT |HIDN |44    |.debug_line
src\os\freertos\stream_buffer.c.1.obj|[149]   |0x00000000|0|LOCL |SECT |HIDN |41    |.debug_line
src\os\freertos\stream_buffer.c.1.obj|[143]   |0x00000000|0|LOCL |SECT |HIDN |35    |.debug_line
src\os\freertos\stream_buffer.c.1.obj|[144]   |0x00000000|0|LOCL |SECT |HIDN |36    |.debug_line
src\os\freertos\stream_buffer.c.1.obj|[150]   |0x00000000|0|LOCL |SECT |HIDN |42    |.debug_line
src\os\freertos\stream_buffer.c.1.obj|[145]   |0x00000000|0|LOCL |SECT |HIDN |37    |.debug_line
src\os\freertos\stream_buffer.c.1.obj|[146]   |0x00000000|0|LOCL |SECT |HIDN |38    |.debug_line
src\os\freertos\stream_buffer.c.1.obj|[147]   |0x00000000|0|LOCL |SECT |HIDN |39    |.debug_line
src\os\freertos\stream_buffer.c.1.obj|[151]   |0x00000000|0|LOCL |SECT |HIDN |43    |.debug_line
src\os\freertos\stream_buffer.c.1.obj|[194]   |0x00000000|0|LOCL |SECT |HIDN |86    |.debug_pubnames
src\os\freertos\stream_buffer.c.1.obj|[201]   |0x00000000|0|LOCL |SECT |HIDN |93    |.debug_pubtypes
src\os\freertos\stream_buffer.c.1.obj|[202]   |0x00000000|0|LOCL |SECT |HIDN |94    |.debug_pubtypes
src\os\freertos\stream_buffer.c.1.obj|[209]   |0x00000000|0|LOCL |SECT |HIDN |101   |.debug_pubtypes
src\os\freertos\stream_buffer.c.1.obj|[208]   |0x00000000|0|LOCL |SECT |HIDN |100   |.debug_pubtypes
src\os\freertos\stream_buffer.c.1.obj|[203]   |0x00000000|0|LOCL |SECT |HIDN |95    |.debug_pubtypes
src\os\freertos\stream_buffer.c.1.obj|[207]   |0x00000000|0|LOCL |SECT |HIDN |99    |.debug_pubtypes
src\os\freertos\stream_buffer.c.1.obj|[206]   |0x00000000|0|LOCL |SECT |HIDN |98    |.debug_pubtypes
src\os\freertos\stream_buffer.c.1.obj|[196]   |0x00000000|0|LOCL |SECT |HIDN |88    |.debug_pubtypes
src\os\freertos\stream_buffer.c.1.obj|[205]   |0x00000000|0|LOCL |SECT |HIDN |97    |.debug_pubtypes
src\os\freertos\stream_buffer.c.1.obj|[197]   |0x00000000|0|LOCL |SECT |HIDN |89    |.debug_pubtypes
src\os\freertos\stream_buffer.c.1.obj|[198]   |0x00000000|0|LOCL |SECT |HIDN |90    |.debug_pubtypes
src\os\freertos\stream_buffer.c.1.obj|[204]   |0x00000000|0|LOCL |SECT |HIDN |96    |.debug_pubtypes
src\os\freertos\stream_buffer.c.1.obj|[199]   |0x00000000|0|LOCL |SECT |HIDN |91    |.debug_pubtypes
src\os\freertos\stream_buffer.c.1.obj|[195]   |0x00000000|0|LOCL |SECT |HIDN |87    |.debug_pubtypes
src\os\freertos\stream_buffer.c.1.obj|[200]   |0x00000000|0|LOCL |SECT |HIDN |92    |.debug_pubtypes
src\os\freertos\stream_buffer.c.1.obj|[187]   |0x00000000|0|LOCL |SECT |HIDN |80    |.debug_str
src\os\freertos\stream_buffer.c.1.obj|[189]   |0x00000000|0|LOCL |SECT |HIDN |82    |.debug_str
src\os\freertos\stream_buffer.c.1.obj|[191]   |0x00000000|0|LOCL |SECT |HIDN |84    |.debug_str
src\os\freertos\stream_buffer.c.1.obj|[163]   |0x00000000|0|LOCL |SECT |HIDN |56    |.debug_str
src\os\freertos\stream_buffer.c.1.obj|[165]   |0x00000000|0|LOCL |SECT |HIDN |58    |.debug_str
src\os\freertos\stream_buffer.c.1.obj|[167]   |0x00000000|0|LOCL |SECT |HIDN |60    |.debug_str
src\os\freertos\stream_buffer.c.1.obj|[169]   |0x00000000|0|LOCL |SECT |HIDN |62    |.debug_str
src\os\freertos\stream_buffer.c.1.obj|[171]   |0x00000000|0|LOCL |SECT |HIDN |64    |.debug_str
src\os\freertos\stream_buffer.c.1.obj|[173]   |0x00000000|0|LOCL |SECT |HIDN |66    |.debug_str
src\os\freertos\stream_buffer.c.1.obj|[175]   |0x00000000|0|LOCL |SECT |HIDN |68    |.debug_str
src\os\freertos\stream_buffer.c.1.obj|[177]   |0x00000000|0|LOCL |SECT |HIDN |70    |.debug_str
src\os\freertos\stream_buffer.c.1.obj|[179]   |0x00000000|0|LOCL |SECT |HIDN |72    |.debug_str
src\os\freertos\stream_buffer.c.1.obj|[181]   |0x00000000|0|LOCL |SECT |HIDN |74    |.debug_str
src\os\freertos\stream_buffer.c.1.obj|[183]   |0x00000000|0|LOCL |SECT |HIDN |76    |.debug_str
src\os\freertos\stream_buffer.c.1.obj|[185]   |0x00000000|0|LOCL |SECT |HIDN |78    |.debug_str
src\os\freertos\stream_buffer.c.1.obj|[104]   |0x00000000|0|LOCL |SECT |HIDN |17    |.kernelTEXT
src\os\freertos\stream_buffer.c.1.obj|[103]   |0x00000000|0|LOCL |SECT |HIDN |16    |.text
src\os\freertos\stream_buffer.c.1.obj|[210]   |0x00000000|0|WEAK |FUNC |HIDN |UNDEF |Lib$$Request$$armlib
src\os\freertos\stream_buffer.c.1.obj|[211]   |0x00000000|0|WEAK |FUNC |HIDN |UNDEF |Lib$$Request$$cpplib
src\os\freertos\stream_buffer.c.1.obj|[245]   |0x00000000|0|GLOB |NONE |HIDN |27    |__TI_DW.debug_info.$base_types.c8c38483d660372cd06395436475430b
src\os\freertos\stream_buffer.c.1.obj|[240]   |0x00000000|0|GLOB |NONE |HIDN |22    |__TI_DW.debug_info.FreeRTOS.h.fa2c0c84dc2ebb7809b682f6aae8f8bb
src\os\freertos\stream_buffer.c.1.obj|[249]   |0x00000000|0|GLOB |NONE |HIDN |31    |__TI_DW.debug_info._stdint.h.55dc0724062de24f6648c36a36931c9a
src\os\freertos\stream_buffer.c.1.obj|[239]   |0x00000000|0|GLOB |NONE |HIDN |21    |__TI_DW.debug_info._types.h.59562a94a523b27bdcf6ba60164276f0
src\os\freertos\stream_buffer.c.1.obj|[247]   |0x00000000|0|GLOB |NONE |HIDN |29    |__TI_DW.debug_info._types.h.62a9317002fb36f2a0c7d45aa6f41cd3
src\os\freertos\stream_buffer.c.1.obj|[252]   |0x00000000|0|GLOB |NONE |HIDN |34    |__TI_DW.debug_info.list.h.4d6d03950ec964682d1452032bc583c0
src\os\freertos\stream_buffer.c.1.obj|[241]   |0x00000000|0|GLOB |NONE |HIDN |23    |__TI_DW.debug_info.portable.h.49b62e9f2fba37af6780d21a9568e6ef
src\os\freertos\stream_buffer.c.1.obj|[242]   |0x00000000|0|GLOB |NONE |HIDN |24    |__TI_DW.debug_info.portmacro.h.27a49087feeaefca4aa91ed2620167d4
src\os\freertos\stream_buffer.c.1.obj|[246]   |0x00000000|0|GLOB |NONE |HIDN |28    |__TI_DW.debug_info.projdefs.h.5856c2ba92afc82b3ee8e01784625b26
src\os\freertos\stream_buffer.c.1.obj|[250]   |0x00000000|0|GLOB |NONE |HIDN |32    |__TI_DW.debug_info.stddef.h.1e3d3aedbcddced6ca6b59ce00bd28ff
src\os\freertos\stream_buffer.c.1.obj|[248]   |0x00000000|0|GLOB |NONE |HIDN |30    |__TI_DW.debug_info.stdint.h.ad4b679dbce029afdbcc9a8c662c70ff
src\os\freertos\stream_buffer.c.1.obj|[243]   |0x00000000|0|GLOB |NONE |HIDN |25    |__TI_DW.debug_info.stream_buffer.c.f7e5530f88c218e6e263fca1ed1d29a9
src\os\freertos\stream_buffer.c.1.obj|[244]   |0x00000000|0|GLOB |NONE |HIDN |26    |__TI_DW.debug_info.stream_buffer.h.0498e739d78f8f863615be87a61790de
src\os\freertos\stream_buffer.c.1.obj|[251]   |0x00000000|0|GLOB |NONE |HIDN |33    |__TI_DW.debug_info.string.h.393cd1e38f0e26af7e281f8f5e32796e
src\os\freertos\stream_buffer.c.1.obj|[238]   |0x00000000|0|GLOB |NONE |HIDN |20    |__TI_DW.debug_info.task.h.10d8fb1d269a36a83fc81a7c5881d7b4
src\os\freertos\stream_buffer.c.1.obj|[214]   |0x00000000|0|GLOB |NONE |HIDN |UNDEF |memcpy
src\os\freertos\stream_buffer.c.1.obj|[217]   |0x00000000|0|GLOB |NONE |HIDN |UNDEF |memset
src\os\freertos\stream_buffer.c.1.obj|[19]    |0x00000194|0|LOCL |FUNC |HIDN |17    |prvBytesInBuffer
src\os\freertos\stream_buffer.c.1.obj|[44]    |0x00000450|0|LOCL |FUNC |HIDN |17    |prvInitialiseNewStreamBuffer
src\os\freertos\stream_buffer.c.1.obj|[50]    |0x00000508|0|LOCL |FUNC |HIDN |17    |prvReadBytesFromBuffer
src\os\freertos\stream_buffer.c.1.obj|[57]    |0x0000059c|0|LOCL |FUNC |HIDN |17    |prvReadMessageFromBuffer
src\os\freertos\stream_buffer.c.1.obj|[7]     |0x0000007c|0|LOCL |FUNC |HIDN |17    |prvWriteBytesToBuffer
src\os\freertos\stream_buffer.c.1.obj|[15]    |0x00000118|0|LOCL |FUNC |HIDN |17    |prvWriteMessageToBuffer
src\os\freertos\stream_buffer.c.1.obj|[215]   |0x000009ac|64|GLOB |FUNC |HIDN |17    |vStreamBufferDelete
src\os\freertos\stream_buffer.c.1.obj|[230]   |0x00000000|0|GLOB |NONE |HIDN |UNDEF |vTaskSetTimeOutState
src\os\freertos\stream_buffer.c.1.obj|[212]   |0x00000000|0|GLOB |NONE |HIDN |UNDEF |vTaskSuspendAll
src\os\freertos\stream_buffer.c.1.obj|[229]   |0x00000990|28|GLOB |FUNC |HIDN |17    |xStreamBufferBytesAvailable
src\os\freertos\stream_buffer.c.1.obj|[225]   |0x000008e4|172|GLOB |FUNC |HIDN |17    |xStreamBufferGenericCreateStatic
src\os\freertos\stream_buffer.c.1.obj|[233]   |0x000008b8|44|GLOB |FUNC |HIDN |17    |xStreamBufferIsEmpty
src\os\freertos\stream_buffer.c.1.obj|[216]   |0x00000880|56|GLOB |FUNC |HIDN |17    |xStreamBufferIsFull
src\os\freertos\stream_buffer.c.1.obj|[231]   |0x00000820|96|GLOB |FUNC |HIDN |17    |xStreamBufferNextMessageLengthBytes
src\os\freertos\stream_buffer.c.1.obj|[232]   |0x000006fc|292|GLOB |FUNC |HIDN |17    |xStreamBufferReceive
src\os\freertos\stream_buffer.c.1.obj|[236]   |0x000006ac|80|GLOB |FUNC |HIDN |17    |xStreamBufferReceiveCompletedFromISR
src\os\freertos\stream_buffer.c.1.obj|[237]   |0x00000610|156|GLOB |FUNC |HIDN |17    |xStreamBufferReceiveFromISR
src\os\freertos\stream_buffer.c.1.obj|[234]   |0x000004a8|96|GLOB |FUNC |HIDN |17    |xStreamBufferReset
src\os\freertos\stream_buffer.c.1.obj|[226]   |0x000002b4|412|GLOB |FUNC |HIDN |17    |xStreamBufferSend
src\os\freertos\stream_buffer.c.1.obj|[222]   |0x00000264|80|GLOB |FUNC |HIDN |17    |xStreamBufferSendCompletedFromISR
src\os\freertos\stream_buffer.c.1.obj|[220]   |0x000001b4|176|GLOB |FUNC |HIDN |17    |xStreamBufferSendFromISR
src\os\freertos\stream_buffer.c.1.obj|[227]   |0x00000048|52|GLOB |FUNC |HIDN |17    |xStreamBufferSetTriggerLevel
src\os\freertos\stream_buffer.c.1.obj|[223]   |0x00000000|72|GLOB |FUNC |HIDN |17    |xStreamBufferSpacesAvailable
src\os\freertos\stream_buffer.c.1.obj|[213]   |0x00000000|0|GLOB |NONE |HIDN |UNDEF |xTaskCheckForTimeOut
src\os\freertos\stream_buffer.c.1.obj|[219]   |0x00000000|0|GLOB |NONE |HIDN |UNDEF |xTaskGenericNotify
src\os\freertos\stream_buffer.c.1.obj|[221]   |0x00000000|0|GLOB |NONE |HIDN |UNDEF |xTaskGenericNotifyFromISR
src\os\freertos\stream_buffer.c.1.obj|[218]   |0x00000000|0|GLOB |NONE |HIDN |UNDEF |xTaskGenericNotifyStateClear
src\os\freertos\stream_buffer.c.1.obj|[228]   |0x00000000|0|GLOB |NONE |HIDN |UNDEF |xTaskGenericNotifyWait
src\os\freertos\stream_buffer.c.1.obj|[235]   |0x00000000|0|GLOB |NONE |HIDN |UNDEF |xTaskGetCurrentTaskHandle
src\os\freertos\stream_buffer.c.1.obj|[224]   |0x00000000|0|GLOB |NONE |HIDN |UNDEF |xTaskResumeAll
src\os\freertos\stream_buffer.c.1.obj|[1]     |0x00000000|0|LOCL |FILE |HIDN |ABS   |{808038BD-17E7-4D9D-A9BB-B35FAA27E2DE}
