   text	   data	    bss	    dec	    hex	filename
   1864	    397	      0	   2261	    8d5	adc.c.1.obj (ex C:\Users\Smit\Documents\foxbms-2\build\bin\src\app\driver\libfoxbms-driver.a)
   5312	      8	      0	   5320	   14c8	can.c.1.obj (ex C:\Users\Smit\Documents\foxbms-2\build\bin\src\app\driver\libfoxbms-driver.a)
   3596	    176	      0	   3772	    ebc	can_helper.c.1.obj (ex C:\Users\Smit\Documents\foxbms-2\build\bin\src\app\driver\libfoxbms-driver.a)
   3660	    168	      0	   3828	    ef4	can_cbs_rx_current-sensor.c.1.obj (ex C:\Users\Smit\Documents\foxbms-2\build\bin\src\app\driver\libfoxbms-driver.a)
   2344	      0	      0	   2344	    928	can_cbs_rx_imd.c.1.obj (ex C:\Users\Smit\Documents\foxbms-2\build\bin\src\app\driver\libfoxbms-driver.a)
   4820	      0	      0	   4820	   12d4	can_cbs_rx_debug.c.1.obj (ex C:\Users\Smit\Documents\foxbms-2\build\bin\src\app\driver\libfoxbms-driver.a)
   2552	      0	      0	   2552	    9f8	can_cbs_rx_state-request.c.1.obj (ex C:\Users\Smit\Documents\foxbms-2\build\bin\src\app\driver\libfoxbms-driver.a)
   3140	      0	      0	   3140	    c44	can_cbs_tx_cell-temperatures.c.1.obj (ex C:\Users\Smit\Documents\foxbms-2\build\bin\src\app\driver\libfoxbms-driver.a)
   2868	      0	      0	   2868	    b34	can_cbs_tx_cell-voltages.c.1.obj (ex C:\Users\Smit\Documents\foxbms-2\build\bin\src\app\driver\libfoxbms-driver.a)
   3684	      0	      0	   3684	    e64	can_cbs_tx_debug-response.c.1.obj (ex C:\Users\Smit\Documents\foxbms-2\build\bin\src\app\driver\libfoxbms-driver.a)
   3104	      0	      0	   3104	    c20	can_cbs_tx_limit-values.c.1.obj (ex C:\Users\Smit\Documents\foxbms-2\build\bin\src\app\driver\libfoxbms-driver.a)
   3860	      0	      0	   3860	    f14	can_cbs_tx_minimum-maximum-values.c.1.obj (ex C:\Users\Smit\Documents\foxbms-2\build\bin\src\app\driver\libfoxbms-driver.a)
   3396	      0	      0	   3396	    d44	can_cbs_tx_pack-state-estimation.c.1.obj (ex C:\Users\Smit\Documents\foxbms-2\build\bin\src\app\driver\libfoxbms-driver.a)
   7012	      0	      0	   7012	   1b64	can_cbs_tx_state.c.1.obj (ex C:\Users\Smit\Documents\foxbms-2\build\bin\src\app\driver\libfoxbms-driver.a)
   2464	      0	      0	   2464	    9a0	can_cbs_tx_string-state-estimation.c.1.obj (ex C:\Users\Smit\Documents\foxbms-2\build\bin\src\app\driver\libfoxbms-driver.a)
   3992	      0	      0	   3992	    f98	can_cbs_tx_system-values.c.1.obj (ex C:\Users\Smit\Documents\foxbms-2\build\bin\src\app\driver\libfoxbms-driver.a)
   1740	      0	      0	   1740	    6cc	can_cbs_tx_unsupported-message.c.1.obj (ex C:\Users\Smit\Documents\foxbms-2\build\bin\src\app\driver\libfoxbms-driver.a)
      8	      0	      0	      8	      8	checksum.c.1.obj (ex C:\Users\Smit\Documents\foxbms-2\build\bin\src\app\driver\libfoxbms-driver.a)
    520	      2	      0	    522	    20a	crc.c.1.obj (ex C:\Users\Smit\Documents\foxbms-2\build\bin\src\app\driver\libfoxbms-driver.a)
   1560	     21	      0	   1581	    62d	contactor_cfg.c.1.obj (ex C:\Users\Smit\Documents\foxbms-2\build\bin\src\app\driver\libfoxbms-driver.a)
   1953	      7	      0	   1960	    7a8	can_cfg_tx.c.1.obj (ex C:\Users\Smit\Documents\foxbms-2\build\bin\src\app\driver\libfoxbms-driver.a)
   1801	      0	      0	   1801	    709	can_cfg_rx.c.1.obj (ex C:\Users\Smit\Documents\foxbms-2\build\bin\src\app\driver\libfoxbms-driver.a)
   1628	    848	      0	   2476	    9ac	can_cfg.c.1.obj (ex C:\Users\Smit\Documents\foxbms-2\build\bin\src\app\driver\libfoxbms-driver.a)
      0	     40	      0	     40	     28	dma_cfg.c.1.obj (ex C:\Users\Smit\Documents\foxbms-2\build\bin\src\app\driver\libfoxbms-driver.a)
   1560	    162	      0	   1722	    6ba	fram_cfg.c.1.obj (ex C:\Users\Smit\Documents\foxbms-2\build\bin\src\app\driver\libfoxbms-driver.a)
      0	      0	      0	      0	      0	interlock_cfg.c.1.obj (ex C:\Users\Smit\Documents\foxbms-2\build\bin\src\app\driver\libfoxbms-driver.a)
      0	      0	      0	      0	      0	nxpfs85xx_cfg.c.1.obj (ex C:\Users\Smit\Documents\foxbms-2\build\bin\src\app\driver\libfoxbms-driver.a)
   1563	      0	      0	   1563	    61b	pex_cfg.c.1.obj (ex C:\Users\Smit\Documents\foxbms-2\build\bin\src\app\driver\libfoxbms-driver.a)
    113	    177	      0	    290	    122	spi_cfg.c.1.obj (ex C:\Users\Smit\Documents\foxbms-2\build\bin\src\app\driver\libfoxbms-driver.a)
   1576	    128	      0	   1704	    6a8	sps_cfg.c.1.obj (ex C:\Users\Smit\Documents\foxbms-2\build\bin\src\app\driver\libfoxbms-driver.a)
   2932	      0	      0	   2932	    b74	contactor.c.1.obj (ex C:\Users\Smit\Documents\foxbms-2\build\bin\src\app\driver\libfoxbms-driver.a)
   3572	      0	      0	   3572	    df4	dma.c.1.obj (ex C:\Users\Smit\Documents\foxbms-2\build\bin\src\app\driver\libfoxbms-driver.a)
   2148	      0	      0	   2148	    864	foxmath.c.1.obj (ex C:\Users\Smit\Documents\foxbms-2\build\bin\src\app\driver\libfoxbms-driver.a)
   3076	      0	      0	   3076	    c04	fram.c.1.obj (ex C:\Users\Smit\Documents\foxbms-2\build\bin\src\app\driver\libfoxbms-driver.a)
   2252	     26	      0	   2278	    8e6	htsensor.c.1.obj (ex C:\Users\Smit\Documents\foxbms-2\build\bin\src\app\driver\libfoxbms-driver.a)
   2600	     48	      0	   2648	    a58	interlock.c.1.obj (ex C:\Users\Smit\Documents\foxbms-2\build\bin\src\app\driver\libfoxbms-driver.a)
   6232	      2	      0	   6234	   185a	i2c.c.1.obj (ex C:\Users\Smit\Documents\foxbms-2\build\bin\src\app\driver\libfoxbms-driver.a)
    484	      0	      0	    484	    1e4	io.c.1.obj (ex C:\Users\Smit\Documents\foxbms-2\build\bin\src\app\driver\libfoxbms-driver.a)
    316	      8	      0	    324	    144	led.c.1.obj (ex C:\Users\Smit\Documents\foxbms-2\build\bin\src\app\driver\libfoxbms-driver.a)
   1768	      0	      0	   1768	    6e8	mcu.c.1.obj (ex C:\Users\Smit\Documents\foxbms-2\build\bin\src\app\driver\libfoxbms-driver.a)
    352	      0	      0	    352	    160	meas.c.1.obj (ex C:\Users\Smit\Documents\foxbms-2\build\bin\src\app\driver\libfoxbms-driver.a)
   3904	     53	      0	   3957	    f75	pex.c.1.obj (ex C:\Users\Smit\Documents\foxbms-2\build\bin\src\app\driver\libfoxbms-driver.a)
   2308	     10	      0	   2318	    90e	pwm.c.1.obj (ex C:\Users\Smit\Documents\foxbms-2\build\bin\src\app\driver\libfoxbms-driver.a)
   5840	     44	      0	   5884	   16fc	rtc.c.1.obj (ex C:\Users\Smit\Documents\foxbms-2\build\bin\src\app\driver\libfoxbms-driver.a)
   6160	     96	      0	   6256	   1870	nxpfs85xx.c.1.obj (ex C:\Users\Smit\Documents\foxbms-2\build\bin\src\app\driver\libfoxbms-driver.a)
   3004	     28	      0	   3032	    bd8	sbc.c.1.obj (ex C:\Users\Smit\Documents\foxbms-2\build\bin\src\app\driver\libfoxbms-driver.a)
   1048	      0	      0	   1048	    418	sbc_fs8x_communication.c.1.obj (ex C:\Users\Smit\Documents\foxbms-2\build\bin\src\app\driver\libfoxbms-driver.a)
    560	      0	      0	    560	    230	sbc_fs8x.c.1.obj (ex C:\Users\Smit\Documents\foxbms-2\build\bin\src\app\driver\libfoxbms-driver.a)
   3848	     20	      0	   3868	    f1c	spi.c.1.obj (ex C:\Users\Smit\Documents\foxbms-2\build\bin\src\app\driver\libfoxbms-driver.a)
   4076	     18	      0	   4094	    ffe	sps.c.1.obj (ex C:\Users\Smit\Documents\foxbms-2\build\bin\src\app\driver\libfoxbms-driver.a)
      4	      0	      0	      4	      4	epcos_b57861s0103f045_lookup-table.c.1.obj (ex C:\Users\Smit\Documents\foxbms-2\build\bin\src\app\driver\libfoxbms-driver.a)
     20	      0	      0	     20	     14	tsi_limits.c.1.obj (ex C:\Users\Smit\Documents\foxbms-2\build\bin\src\app\driver\libfoxbms-driver.a)
   2434	      0	      0	   2434	    982	epcos_b57251v5103j060.c.1.obj (ex C:\Users\Smit\Documents\foxbms-2\build\bin\src\app\driver\libfoxbms-driver.a)
   2422	      0	      0	   2422	    976	epcos_b57861s0103f045.c.1.obj (ex C:\Users\Smit\Documents\foxbms-2\build\bin\src\app\driver\libfoxbms-driver.a)
     24	      0	      0	     24	     18	fake_none.c.1.obj (ex C:\Users\Smit\Documents\foxbms-2\build\bin\src\app\driver\libfoxbms-driver.a)
   2286	      0	      0	   2286	    8ee	murata_ncu15xh103f6sxx.c.1.obj (ex C:\Users\Smit\Documents\foxbms-2\build\bin\src\app\driver\libfoxbms-driver.a)
   3114	      0	      0	   3114	    c2a	vishay_ntcalug01a103g.c.1.obj (ex C:\Users\Smit\Documents\foxbms-2\build\bin\src\app\driver\libfoxbms-driver.a)
   3606	      0	      0	   3606	    e16	vishay_ntcle317e4103sba.c.1.obj (ex C:\Users\Smit\Documents\foxbms-2\build\bin\src\app\driver\libfoxbms-driver.a)
   2036	      0	      0	   2036	    7f4	beta.c.1.obj (ex C:\Users\Smit\Documents\foxbms-2\build\bin\src\app\driver\libfoxbms-driver.a)
   1680	      0	      0	   1680	    690	no-imd.c.1.obj (ex C:\Users\Smit\Documents\foxbms-2\build\bin\src\app\driver\libfoxbms-driver.a)
   3384	     48	      0	   3432	    d68	imd.c.1.obj (ex C:\Users\Smit\Documents\foxbms-2\build\bin\src\app\driver\libfoxbms-driver.a)
 149180	   2535	      0	 151715	  250a3	(TOTALS)
