
file            [index]  value      size  bind  type  vis   shndx  symbol name 

src\app\driver\crc\crc.c.1.obj|[0]     |0x00000000|0|LOCL |NONE |DFLT |UNDEF |
src\app\driver\crc\crc.c.1.obj|[23]    |0x000001f0|0|LOCL |FUNC |HIDN |13    |$C$CON1
src\app\driver\crc\crc.c.1.obj|[24]    |0x000001f4|0|LOCL |FUNC |HIDN |13    |$C$CON2
src\app\driver\crc\crc.c.1.obj|[25]    |0x000001f8|0|LOCL |FUNC |HIDN |13    |$C$CON3
src\app\driver\crc\crc.c.1.obj|[26]    |0x000001fc|0|LOCL |FUNC |HIDN |13    |$C$CON4
src\app\driver\crc\crc.c.1.obj|[27]    |0x00000200|0|LOCL |FUNC |HIDN |13    |$C$CON5
src\app\driver\crc\crc.c.1.obj|[28]    |0x00000204|0|LOCL |FUNC |HIDN |13    |$C$CON6
src\app\driver\crc\crc.c.1.obj|[3]     |0x00000084|0|LOCL |FUNC |HIDN |13    |$C$L1
src\app\driver\crc\crc.c.1.obj|[12]    |0x0000013c|0|LOCL |FUNC |HIDN |13    |$C$L10
src\app\driver\crc\crc.c.1.obj|[13]    |0x00000150|0|LOCL |FUNC |HIDN |13    |$C$L11
src\app\driver\crc\crc.c.1.obj|[14]    |0x00000168|0|LOCL |FUNC |HIDN |13    |$C$L12
src\app\driver\crc\crc.c.1.obj|[15]    |0x00000174|0|LOCL |FUNC |HIDN |13    |$C$L13
src\app\driver\crc\crc.c.1.obj|[16]    |0x000001a8|0|LOCL |FUNC |HIDN |13    |$C$L14
src\app\driver\crc\crc.c.1.obj|[17]    |0x000001b4|0|LOCL |FUNC |HIDN |13    |$C$L15
src\app\driver\crc\crc.c.1.obj|[18]    |0x000001bc|0|LOCL |FUNC |HIDN |13    |$C$L16
src\app\driver\crc\crc.c.1.obj|[19]    |0x000001d0|0|LOCL |FUNC |HIDN |13    |$C$L17
src\app\driver\crc\crc.c.1.obj|[20]    |0x000001d4|0|LOCL |FUNC |HIDN |13    |$C$L18
src\app\driver\crc\crc.c.1.obj|[21]    |0x000001e8|0|LOCL |FUNC |HIDN |13    |$C$L19
src\app\driver\crc\crc.c.1.obj|[4]     |0x0000009c|0|LOCL |FUNC |HIDN |13    |$C$L2
src\app\driver\crc\crc.c.1.obj|[22]    |0x000001ec|0|LOCL |FUNC |HIDN |13    |$C$L20
src\app\driver\crc\crc.c.1.obj|[5]     |0x000000bc|0|LOCL |FUNC |HIDN |13    |$C$L3
src\app\driver\crc\crc.c.1.obj|[6]     |0x000000c4|0|LOCL |FUNC |HIDN |13    |$C$L4
src\app\driver\crc\crc.c.1.obj|[7]     |0x000000d4|0|LOCL |FUNC |HIDN |13    |$C$L5
src\app\driver\crc\crc.c.1.obj|[8]     |0x000000f4|0|LOCL |FUNC |HIDN |13    |$C$L6
src\app\driver\crc\crc.c.1.obj|[9]     |0x00000108|0|LOCL |FUNC |HIDN |13    |$C$L7
src\app\driver\crc\crc.c.1.obj|[10]    |0x00000118|0|LOCL |FUNC |HIDN |13    |$C$L8
src\app\driver\crc\crc.c.1.obj|[11]    |0x00000124|0|LOCL |FUNC |HIDN |13    |$C$L9
src\app\driver\crc\crc.c.1.obj|[32]    |0x00000000|0|LOCL |NONE |HIDN |13    |$a
src\app\driver\crc\crc.c.1.obj|[33]    |0x000001f0|0|LOCL |NONE |HIDN |13    |$d
src\app\driver\crc\crc.c.1.obj|[31]    |0x00000000|0|LOCL |NONE |HIDN |14    |$d
src\app\driver\crc\crc.c.1.obj|[30]    |0x00000000|0|LOCL |SECT |HIDN |14    |.data
src\app\driver\crc\crc.c.1.obj|[63]    |0x00000000|0|LOCL |SECT |HIDN |44    |.debug_abbrev
src\app\driver\crc\crc.c.1.obj|[64]    |0x00000000|0|LOCL |SECT |HIDN |45    |.debug_abbrev
src\app\driver\crc\crc.c.1.obj|[76]    |0x00000000|0|LOCL |SECT |HIDN |56    |.debug_abbrev
src\app\driver\crc\crc.c.1.obj|[66]    |0x00000000|0|LOCL |SECT |HIDN |46    |.debug_abbrev
src\app\driver\crc\crc.c.1.obj|[68]    |0x00000000|0|LOCL |SECT |HIDN |48    |.debug_abbrev
src\app\driver\crc\crc.c.1.obj|[70]    |0x00000000|0|LOCL |SECT |HIDN |50    |.debug_abbrev
src\app\driver\crc\crc.c.1.obj|[72]    |0x00000000|0|LOCL |SECT |HIDN |52    |.debug_abbrev
src\app\driver\crc\crc.c.1.obj|[74]    |0x00000000|0|LOCL |SECT |HIDN |54    |.debug_abbrev
src\app\driver\crc\crc.c.1.obj|[78]    |0x00000000|0|LOCL |SECT |HIDN |58    |.debug_abbrev
src\app\driver\crc\crc.c.1.obj|[80]    |0x00000000|0|LOCL |SECT |HIDN |60    |.debug_abbrev
src\app\driver\crc\crc.c.1.obj|[82]    |0x00000000|0|LOCL |SECT |HIDN |62    |.debug_abbrev
src\app\driver\crc\crc.c.1.obj|[84]    |0x00000000|0|LOCL |SECT |HIDN |64    |.debug_abbrev
src\app\driver\crc\crc.c.1.obj|[86]    |0x00000000|0|LOCL |SECT |HIDN |66    |.debug_abbrev
src\app\driver\crc\crc.c.1.obj|[88]    |0x00000000|0|LOCL |SECT |HIDN |68    |.debug_abbrev
src\app\driver\crc\crc.c.1.obj|[89]    |0x00000000|0|LOCL |SECT |HIDN |70    |.debug_aranges
src\app\driver\crc\crc.c.1.obj|[62]    |0x00000000|0|LOCL |SECT |HIDN |43    |.debug_frame
src\app\driver\crc\crc.c.1.obj|[34]    |0x00000000|0|LOCL |SECT |HIDN |15    |.debug_info
src\app\driver\crc\crc.c.1.obj|[35]    |0x00000000|0|LOCL |SECT |HIDN |16    |.debug_info
src\app\driver\crc\crc.c.1.obj|[36]    |0x00000000|0|LOCL |SECT |HIDN |17    |.debug_info
src\app\driver\crc\crc.c.1.obj|[37]    |0x00000000|0|LOCL |SECT |HIDN |18    |.debug_info
src\app\driver\crc\crc.c.1.obj|[38]    |0x00000000|0|LOCL |SECT |HIDN |19    |.debug_info
src\app\driver\crc\crc.c.1.obj|[39]    |0x00000000|0|LOCL |SECT |HIDN |20    |.debug_info
src\app\driver\crc\crc.c.1.obj|[40]    |0x00000000|0|LOCL |SECT |HIDN |21    |.debug_info
src\app\driver\crc\crc.c.1.obj|[41]    |0x00000000|0|LOCL |SECT |HIDN |22    |.debug_info
src\app\driver\crc\crc.c.1.obj|[42]    |0x00000000|0|LOCL |SECT |HIDN |23    |.debug_info
src\app\driver\crc\crc.c.1.obj|[43]    |0x00000000|0|LOCL |SECT |HIDN |24    |.debug_info
src\app\driver\crc\crc.c.1.obj|[44]    |0x00000000|0|LOCL |SECT |HIDN |25    |.debug_info
src\app\driver\crc\crc.c.1.obj|[45]    |0x00000000|0|LOCL |SECT |HIDN |26    |.debug_info
src\app\driver\crc\crc.c.1.obj|[47]    |0x00000000|0|LOCL |SECT |HIDN |28    |.debug_info
src\app\driver\crc\crc.c.1.obj|[46]    |0x00000000|0|LOCL |SECT |HIDN |27    |.debug_info
src\app\driver\crc\crc.c.1.obj|[61]    |0x00000000|0|LOCL |SECT |HIDN |42    |.debug_line
src\app\driver\crc\crc.c.1.obj|[48]    |0x00000000|0|LOCL |SECT |HIDN |29    |.debug_line
src\app\driver\crc\crc.c.1.obj|[49]    |0x00000000|0|LOCL |SECT |HIDN |30    |.debug_line
src\app\driver\crc\crc.c.1.obj|[50]    |0x00000000|0|LOCL |SECT |HIDN |31    |.debug_line
src\app\driver\crc\crc.c.1.obj|[51]    |0x00000000|0|LOCL |SECT |HIDN |32    |.debug_line
src\app\driver\crc\crc.c.1.obj|[52]    |0x00000000|0|LOCL |SECT |HIDN |33    |.debug_line
src\app\driver\crc\crc.c.1.obj|[53]    |0x00000000|0|LOCL |SECT |HIDN |34    |.debug_line
src\app\driver\crc\crc.c.1.obj|[54]    |0x00000000|0|LOCL |SECT |HIDN |35    |.debug_line
src\app\driver\crc\crc.c.1.obj|[55]    |0x00000000|0|LOCL |SECT |HIDN |36    |.debug_line
src\app\driver\crc\crc.c.1.obj|[56]    |0x00000000|0|LOCL |SECT |HIDN |37    |.debug_line
src\app\driver\crc\crc.c.1.obj|[57]    |0x00000000|0|LOCL |SECT |HIDN |38    |.debug_line
src\app\driver\crc\crc.c.1.obj|[58]    |0x00000000|0|LOCL |SECT |HIDN |39    |.debug_line
src\app\driver\crc\crc.c.1.obj|[59]    |0x00000000|0|LOCL |SECT |HIDN |40    |.debug_line
src\app\driver\crc\crc.c.1.obj|[60]    |0x00000000|0|LOCL |SECT |HIDN |41    |.debug_line
src\app\driver\crc\crc.c.1.obj|[90]    |0x00000000|0|LOCL |SECT |HIDN |71    |.debug_pubnames
src\app\driver\crc\crc.c.1.obj|[94]    |0x00000000|0|LOCL |SECT |HIDN |75    |.debug_pubtypes
src\app\driver\crc\crc.c.1.obj|[95]    |0x00000000|0|LOCL |SECT |HIDN |76    |.debug_pubtypes
src\app\driver\crc\crc.c.1.obj|[96]    |0x00000000|0|LOCL |SECT |HIDN |77    |.debug_pubtypes
src\app\driver\crc\crc.c.1.obj|[100]   |0x00000000|0|LOCL |SECT |HIDN |81    |.debug_pubtypes
src\app\driver\crc\crc.c.1.obj|[98]    |0x00000000|0|LOCL |SECT |HIDN |79    |.debug_pubtypes
src\app\driver\crc\crc.c.1.obj|[97]    |0x00000000|0|LOCL |SECT |HIDN |78    |.debug_pubtypes
src\app\driver\crc\crc.c.1.obj|[99]    |0x00000000|0|LOCL |SECT |HIDN |80    |.debug_pubtypes
src\app\driver\crc\crc.c.1.obj|[91]    |0x00000000|0|LOCL |SECT |HIDN |72    |.debug_pubtypes
src\app\driver\crc\crc.c.1.obj|[92]    |0x00000000|0|LOCL |SECT |HIDN |73    |.debug_pubtypes
src\app\driver\crc\crc.c.1.obj|[93]    |0x00000000|0|LOCL |SECT |HIDN |74    |.debug_pubtypes
src\app\driver\crc\crc.c.1.obj|[101]   |0x00000000|0|LOCL |SECT |HIDN |82    |.debug_pubtypes
src\app\driver\crc\crc.c.1.obj|[102]   |0x00000000|0|LOCL |SECT |HIDN |83    |.debug_pubtypes
src\app\driver\crc\crc.c.1.obj|[77]    |0x00000000|0|LOCL |SECT |HIDN |59    |.debug_str
src\app\driver\crc\crc.c.1.obj|[79]    |0x00000000|0|LOCL |SECT |HIDN |61    |.debug_str
src\app\driver\crc\crc.c.1.obj|[81]    |0x00000000|0|LOCL |SECT |HIDN |63    |.debug_str
src\app\driver\crc\crc.c.1.obj|[83]    |0x00000000|0|LOCL |SECT |HIDN |65    |.debug_str
src\app\driver\crc\crc.c.1.obj|[71]    |0x00000000|0|LOCL |SECT |HIDN |53    |.debug_str
src\app\driver\crc\crc.c.1.obj|[85]    |0x00000000|0|LOCL |SECT |HIDN |67    |.debug_str
src\app\driver\crc\crc.c.1.obj|[65]    |0x00000000|0|LOCL |SECT |HIDN |47    |.debug_str
src\app\driver\crc\crc.c.1.obj|[87]    |0x00000000|0|LOCL |SECT |HIDN |69    |.debug_str
src\app\driver\crc\crc.c.1.obj|[73]    |0x00000000|0|LOCL |SECT |HIDN |55    |.debug_str
src\app\driver\crc\crc.c.1.obj|[69]    |0x00000000|0|LOCL |SECT |HIDN |51    |.debug_str
src\app\driver\crc\crc.c.1.obj|[75]    |0x00000000|0|LOCL |SECT |HIDN |57    |.debug_str
src\app\driver\crc\crc.c.1.obj|[67]    |0x00000000|0|LOCL |SECT |HIDN |49    |.debug_str
src\app\driver\crc\crc.c.1.obj|[29]    |0x00000000|0|LOCL |SECT |HIDN |13    |.text
src\app\driver\crc\crc.c.1.obj|[105]   |0x00000000|496|GLOB |FUNC |HIDN |13    |CRC_CalculateCrc
src\app\driver\crc\crc.c.1.obj|[106]   |0x00000000|0|GLOB |NONE |HIDN |UNDEF |FAS_StoreAssertLocation
src\app\driver\crc\crc.c.1.obj|[103]   |0x00000000|0|WEAK |FUNC |HIDN |UNDEF |Lib$$Request$$armlib
src\app\driver\crc\crc.c.1.obj|[104]   |0x00000000|0|WEAK |FUNC |HIDN |UNDEF |Lib$$Request$$cpplib
src\app\driver\crc\crc.c.1.obj|[112]   |0x00000000|0|GLOB |NONE |HIDN |22    |__TI_DW.debug_info.$base_types.a3001db55c69772f4e2efd565078122a
src\app\driver\crc\crc.c.1.obj|[118]   |0x00000000|0|GLOB |NONE |HIDN |28    |__TI_DW.debug_info.HL_crc.h.842431a04080ac09ae9be6c25edcd9cf
src\app\driver\crc\crc.c.1.obj|[110]   |0x00000000|0|GLOB |NONE |HIDN |20    |__TI_DW.debug_info.HL_hal_stdtypes.h.f6fe50beccb00e10c974b1712ae0460c
src\app\driver\crc\crc.c.1.obj|[117]   |0x00000000|0|GLOB |NONE |HIDN |27    |__TI_DW.debug_info.HL_reg_crc.h.9e8215c19344e85c7bfd24de8a82df7f
src\app\driver\crc\crc.c.1.obj|[116]   |0x00000000|0|GLOB |NONE |HIDN |26    |__TI_DW.debug_info.HL_sys_common.h.e8daada136d191dca44e4b47f4729313
src\app\driver\crc\crc.c.1.obj|[115]   |0x00000000|0|GLOB |NONE |HIDN |25    |__TI_DW.debug_info._stdint.h.55dc0724062de24f6648c36a36931c9a
src\app\driver\crc\crc.c.1.obj|[109]   |0x00000000|0|GLOB |NONE |HIDN |19    |__TI_DW.debug_info._types.h.59562a94a523b27bdcf6ba60164276f0
src\app\driver\crc\crc.c.1.obj|[113]   |0x00000000|0|GLOB |NONE |HIDN |23    |__TI_DW.debug_info._types.h.62a9317002fb36f2a0c7d45aa6f41cd3
src\app\driver\crc\crc.c.1.obj|[108]   |0x00000000|0|GLOB |NONE |HIDN |18    |__TI_DW.debug_info.crc.h.eae8267a6df5f285a5aabac53084fbc4
src\app\driver\crc\crc.c.1.obj|[111]   |0x00000000|0|GLOB |NONE |HIDN |21    |__TI_DW.debug_info.fassert.h.0b7b2882a1c517594159c37868ac3e58
src\app\driver\crc\crc.c.1.obj|[107]   |0x00000000|0|GLOB |NONE |HIDN |17    |__TI_DW.debug_info.fstd_types.h.1d46766ec8ec487eaf2fab650eb7b69f
src\app\driver\crc\crc.c.1.obj|[114]   |0x00000000|0|GLOB |NONE |HIDN |24    |__TI_DW.debug_info.stdint.h.ad4b679dbce029afdbcc9a8c662c70ff
src\app\driver\crc\crc.c.1.obj|[2]     |0x00000000|2|LOCL |OBJT |HIDN |14    |crcCalls$1
src\app\driver\crc\crc.c.1.obj|[1]     |0x00000000|0|LOCL |FILE |HIDN |ABS   |{4276AB06-F699-4D43-9421-D2D83B752AE1}
