
file            [index]  value      size  bind  type  vis   shndx  symbol name 

src\app\driver\can\cbs\tx\can_cbs_tx_string-state-estimation.c.1.obj|[0]     |0x00000000|0|LOCL |NONE |DFLT |UNDEF |
src\app\driver\can\cbs\tx\can_cbs_tx_string-state-estimation.c.1.obj|[73]    |0x0000037c|0|LOCL |FUNC |HIDN |51    |$C$FL1
src\app\driver\can\cbs\tx\can_cbs_tx_string-state-estimation.c.1.obj|[74]    |0x00000380|0|LOCL |FUNC |HIDN |51    |$C$FL2
src\app\driver\can\cbs\tx\can_cbs_tx_string-state-estimation.c.1.obj|[75]    |0x00000384|0|LOCL |FUNC |HIDN |51    |$C$FL3
src\app\driver\can\cbs\tx\can_cbs_tx_string-state-estimation.c.1.obj|[2]     |0x00000028|0|LOCL |FUNC |HIDN |52    |$C$L1
src\app\driver\can\cbs\tx\can_cbs_tx_string-state-estimation.c.1.obj|[11]    |0x00000058|0|LOCL |FUNC |HIDN |58    |$C$L10
src\app\driver\can\cbs\tx\can_cbs_tx_string-state-estimation.c.1.obj|[12]    |0x00000060|0|LOCL |FUNC |HIDN |58    |$C$L11
src\app\driver\can\cbs\tx\can_cbs_tx_string-state-estimation.c.1.obj|[13]    |0x00000028|0|LOCL |FUNC |HIDN |59    |$C$L12
src\app\driver\can\cbs\tx\can_cbs_tx_string-state-estimation.c.1.obj|[14]    |0x00000058|0|LOCL |FUNC |HIDN |60    |$C$L13
src\app\driver\can\cbs\tx\can_cbs_tx_string-state-estimation.c.1.obj|[15]    |0x00000060|0|LOCL |FUNC |HIDN |60    |$C$L14
src\app\driver\can\cbs\tx\can_cbs_tx_string-state-estimation.c.1.obj|[16]    |0x00000058|0|LOCL |FUNC |HIDN |61    |$C$L15
src\app\driver\can\cbs\tx\can_cbs_tx_string-state-estimation.c.1.obj|[17]    |0x00000060|0|LOCL |FUNC |HIDN |61    |$C$L16
src\app\driver\can\cbs\tx\can_cbs_tx_string-state-estimation.c.1.obj|[18]    |0x00000028|0|LOCL |FUNC |HIDN |62    |$C$L17
src\app\driver\can\cbs\tx\can_cbs_tx_string-state-estimation.c.1.obj|[19]    |0x00000058|0|LOCL |FUNC |HIDN |63    |$C$L18
src\app\driver\can\cbs\tx\can_cbs_tx_string-state-estimation.c.1.obj|[20]    |0x00000060|0|LOCL |FUNC |HIDN |63    |$C$L19
src\app\driver\can\cbs\tx\can_cbs_tx_string-state-estimation.c.1.obj|[3]     |0x00000030|0|LOCL |FUNC |HIDN |52    |$C$L2
src\app\driver\can\cbs\tx\can_cbs_tx_string-state-estimation.c.1.obj|[21]    |0x00000020|0|LOCL |FUNC |HIDN |64    |$C$L20
src\app\driver\can\cbs\tx\can_cbs_tx_string-state-estimation.c.1.obj|[22]    |0x0000001c|0|LOCL |FUNC |HIDN |65    |$C$L21
src\app\driver\can\cbs\tx\can_cbs_tx_string-state-estimation.c.1.obj|[23]    |0x00000020|0|LOCL |FUNC |HIDN |66    |$C$L22
src\app\driver\can\cbs\tx\can_cbs_tx_string-state-estimation.c.1.obj|[24]    |0x00000050|0|LOCL |FUNC |HIDN |67    |$C$L23
src\app\driver\can\cbs\tx\can_cbs_tx_string-state-estimation.c.1.obj|[25]    |0x0000005c|0|LOCL |FUNC |HIDN |67    |$C$L24
src\app\driver\can\cbs\tx\can_cbs_tx_string-state-estimation.c.1.obj|[26]    |0x00000064|0|LOCL |FUNC |HIDN |67    |$C$L25
src\app\driver\can\cbs\tx\can_cbs_tx_string-state-estimation.c.1.obj|[27]    |0x00000094|0|LOCL |FUNC |HIDN |67    |$C$L26
src\app\driver\can\cbs\tx\can_cbs_tx_string-state-estimation.c.1.obj|[28]    |0x000000a0|0|LOCL |FUNC |HIDN |67    |$C$L27
src\app\driver\can\cbs\tx\can_cbs_tx_string-state-estimation.c.1.obj|[29]    |0x000000d0|0|LOCL |FUNC |HIDN |67    |$C$L28
src\app\driver\can\cbs\tx\can_cbs_tx_string-state-estimation.c.1.obj|[30]    |0x000000dc|0|LOCL |FUNC |HIDN |67    |$C$L29
src\app\driver\can\cbs\tx\can_cbs_tx_string-state-estimation.c.1.obj|[4]     |0x00000028|0|LOCL |FUNC |HIDN |54    |$C$L3
src\app\driver\can\cbs\tx\can_cbs_tx_string-state-estimation.c.1.obj|[31]    |0x000000e0|0|LOCL |FUNC |HIDN |67    |$C$L30
src\app\driver\can\cbs\tx\can_cbs_tx_string-state-estimation.c.1.obj|[32]    |0x00000028|0|LOCL |FUNC |HIDN |68    |$C$L31
src\app\driver\can\cbs\tx\can_cbs_tx_string-state-estimation.c.1.obj|[33]    |0x00000030|0|LOCL |FUNC |HIDN |68    |$C$L32
src\app\driver\can\cbs\tx\can_cbs_tx_string-state-estimation.c.1.obj|[34]    |0x00000048|0|LOCL |FUNC |HIDN |68    |$C$L33
src\app\driver\can\cbs\tx\can_cbs_tx_string-state-estimation.c.1.obj|[35]    |0x0000005c|0|LOCL |FUNC |HIDN |68    |$C$L34
src\app\driver\can\cbs\tx\can_cbs_tx_string-state-estimation.c.1.obj|[36]    |0x00000060|0|LOCL |FUNC |HIDN |68    |$C$L35
src\app\driver\can\cbs\tx\can_cbs_tx_string-state-estimation.c.1.obj|[37]    |0x00000050|0|LOCL |FUNC |HIDN |69    |$C$L36
src\app\driver\can\cbs\tx\can_cbs_tx_string-state-estimation.c.1.obj|[38]    |0x0000005c|0|LOCL |FUNC |HIDN |69    |$C$L37
src\app\driver\can\cbs\tx\can_cbs_tx_string-state-estimation.c.1.obj|[39]    |0x00000064|0|LOCL |FUNC |HIDN |69    |$C$L38
src\app\driver\can\cbs\tx\can_cbs_tx_string-state-estimation.c.1.obj|[40]    |0x00000094|0|LOCL |FUNC |HIDN |69    |$C$L39
src\app\driver\can\cbs\tx\can_cbs_tx_string-state-estimation.c.1.obj|[5]     |0x00000030|0|LOCL |FUNC |HIDN |54    |$C$L4
src\app\driver\can\cbs\tx\can_cbs_tx_string-state-estimation.c.1.obj|[41]    |0x000000a0|0|LOCL |FUNC |HIDN |69    |$C$L40
src\app\driver\can\cbs\tx\can_cbs_tx_string-state-estimation.c.1.obj|[42]    |0x000000d0|0|LOCL |FUNC |HIDN |69    |$C$L41
src\app\driver\can\cbs\tx\can_cbs_tx_string-state-estimation.c.1.obj|[43]    |0x000000dc|0|LOCL |FUNC |HIDN |69    |$C$L42
src\app\driver\can\cbs\tx\can_cbs_tx_string-state-estimation.c.1.obj|[44]    |0x000000e0|0|LOCL |FUNC |HIDN |69    |$C$L43
src\app\driver\can\cbs\tx\can_cbs_tx_string-state-estimation.c.1.obj|[45]    |0x000001b0|0|LOCL |FUNC |HIDN |51    |$C$L44
src\app\driver\can\cbs\tx\can_cbs_tx_string-state-estimation.c.1.obj|[46]    |0x000001bc|0|LOCL |FUNC |HIDN |51    |$C$L45
src\app\driver\can\cbs\tx\can_cbs_tx_string-state-estimation.c.1.obj|[47]    |0x000002b8|0|LOCL |FUNC |HIDN |51    |$C$L46
src\app\driver\can\cbs\tx\can_cbs_tx_string-state-estimation.c.1.obj|[48]    |0x000002c0|0|LOCL |FUNC |HIDN |51    |$C$L47
src\app\driver\can\cbs\tx\can_cbs_tx_string-state-estimation.c.1.obj|[49]    |0x000002d4|0|LOCL |FUNC |HIDN |51    |$C$L48
src\app\driver\can\cbs\tx\can_cbs_tx_string-state-estimation.c.1.obj|[50]    |0x000002d8|0|LOCL |FUNC |HIDN |51    |$C$L49
src\app\driver\can\cbs\tx\can_cbs_tx_string-state-estimation.c.1.obj|[6]     |0x00000034|0|LOCL |FUNC |HIDN |55    |$C$L5
src\app\driver\can\cbs\tx\can_cbs_tx_string-state-estimation.c.1.obj|[51]    |0x000002ec|0|LOCL |FUNC |HIDN |51    |$C$L50
src\app\driver\can\cbs\tx\can_cbs_tx_string-state-estimation.c.1.obj|[52]    |0x000002f0|0|LOCL |FUNC |HIDN |51    |$C$L51
src\app\driver\can\cbs\tx\can_cbs_tx_string-state-estimation.c.1.obj|[53]    |0x00000304|0|LOCL |FUNC |HIDN |51    |$C$L52
src\app\driver\can\cbs\tx\can_cbs_tx_string-state-estimation.c.1.obj|[54]    |0x00000308|0|LOCL |FUNC |HIDN |51    |$C$L53
src\app\driver\can\cbs\tx\can_cbs_tx_string-state-estimation.c.1.obj|[55]    |0x0000031c|0|LOCL |FUNC |HIDN |51    |$C$L54
src\app\driver\can\cbs\tx\can_cbs_tx_string-state-estimation.c.1.obj|[56]    |0x00000320|0|LOCL |FUNC |HIDN |51    |$C$L55
src\app\driver\can\cbs\tx\can_cbs_tx_string-state-estimation.c.1.obj|[57]    |0x00000334|0|LOCL |FUNC |HIDN |51    |$C$L56
src\app\driver\can\cbs\tx\can_cbs_tx_string-state-estimation.c.1.obj|[58]    |0x00000338|0|LOCL |FUNC |HIDN |51    |$C$L57
src\app\driver\can\cbs\tx\can_cbs_tx_string-state-estimation.c.1.obj|[59]    |0x0000034c|0|LOCL |FUNC |HIDN |51    |$C$L58
src\app\driver\can\cbs\tx\can_cbs_tx_string-state-estimation.c.1.obj|[60]    |0x00000350|0|LOCL |FUNC |HIDN |51    |$C$L59
src\app\driver\can\cbs\tx\can_cbs_tx_string-state-estimation.c.1.obj|[7]     |0x00000050|0|LOCL |FUNC |HIDN |55    |$C$L6
src\app\driver\can\cbs\tx\can_cbs_tx_string-state-estimation.c.1.obj|[61]    |0x00000364|0|LOCL |FUNC |HIDN |51    |$C$L60
src\app\driver\can\cbs\tx\can_cbs_tx_string-state-estimation.c.1.obj|[62]    |0x00000368|0|LOCL |FUNC |HIDN |51    |$C$L61
src\app\driver\can\cbs\tx\can_cbs_tx_string-state-estimation.c.1.obj|[8]     |0x0000002c|0|LOCL |FUNC |HIDN |56    |$C$L7
src\app\driver\can\cbs\tx\can_cbs_tx_string-state-estimation.c.1.obj|[9]     |0x00000034|0|LOCL |FUNC |HIDN |57    |$C$L8
src\app\driver\can\cbs\tx\can_cbs_tx_string-state-estimation.c.1.obj|[10]    |0x00000050|0|LOCL |FUNC |HIDN |57    |$C$L9
src\app\driver\can\cbs\tx\can_cbs_tx_string-state-estimation.c.1.obj|[63]    |0x00000054|0|LOCL |FUNC |HIDN |55    |$C$LL1
src\app\driver\can\cbs\tx\can_cbs_tx_string-state-estimation.c.1.obj|[72]    |0x000000ec|0|LOCL |FUNC |HIDN |69    |$C$LL10
src\app\driver\can\cbs\tx\can_cbs_tx_string-state-estimation.c.1.obj|[64]    |0x00000054|0|LOCL |FUNC |HIDN |57    |$C$LL2
src\app\driver\can\cbs\tx\can_cbs_tx_string-state-estimation.c.1.obj|[65]    |0x00000064|0|LOCL |FUNC |HIDN |58    |$C$LL3
src\app\driver\can\cbs\tx\can_cbs_tx_string-state-estimation.c.1.obj|[66]    |0x00000064|0|LOCL |FUNC |HIDN |60    |$C$LL4
src\app\driver\can\cbs\tx\can_cbs_tx_string-state-estimation.c.1.obj|[67]    |0x00000064|0|LOCL |FUNC |HIDN |61    |$C$LL5
src\app\driver\can\cbs\tx\can_cbs_tx_string-state-estimation.c.1.obj|[68]    |0x00000064|0|LOCL |FUNC |HIDN |63    |$C$LL6
src\app\driver\can\cbs\tx\can_cbs_tx_string-state-estimation.c.1.obj|[69]    |0x000000e4|0|LOCL |FUNC |HIDN |67    |$C$LL7
src\app\driver\can\cbs\tx\can_cbs_tx_string-state-estimation.c.1.obj|[70]    |0x000000ec|0|LOCL |FUNC |HIDN |67    |$C$LL8
src\app\driver\can\cbs\tx\can_cbs_tx_string-state-estimation.c.1.obj|[71]    |0x000000e4|0|LOCL |FUNC |HIDN |69    |$C$LL9
src\app\driver\can\cbs\tx\can_cbs_tx_string-state-estimation.c.1.obj|[130]   |0x00000000|0|LOCL |NONE |HIDN |69    |$a
src\app\driver\can\cbs\tx\can_cbs_tx_string-state-estimation.c.1.obj|[131]   |0x00000000|0|LOCL |NONE |HIDN |51    |$a
src\app\driver\can\cbs\tx\can_cbs_tx_string-state-estimation.c.1.obj|[120]   |0x00000000|0|LOCL |NONE |HIDN |59    |$a
src\app\driver\can\cbs\tx\can_cbs_tx_string-state-estimation.c.1.obj|[113]   |0x00000000|0|LOCL |NONE |HIDN |52    |$a
src\app\driver\can\cbs\tx\can_cbs_tx_string-state-estimation.c.1.obj|[114]   |0x00000000|0|LOCL |NONE |HIDN |53    |$a
src\app\driver\can\cbs\tx\can_cbs_tx_string-state-estimation.c.1.obj|[115]   |0x00000000|0|LOCL |NONE |HIDN |54    |$a
src\app\driver\can\cbs\tx\can_cbs_tx_string-state-estimation.c.1.obj|[116]   |0x00000000|0|LOCL |NONE |HIDN |55    |$a
src\app\driver\can\cbs\tx\can_cbs_tx_string-state-estimation.c.1.obj|[117]   |0x00000000|0|LOCL |NONE |HIDN |56    |$a
src\app\driver\can\cbs\tx\can_cbs_tx_string-state-estimation.c.1.obj|[118]   |0x00000000|0|LOCL |NONE |HIDN |57    |$a
src\app\driver\can\cbs\tx\can_cbs_tx_string-state-estimation.c.1.obj|[119]   |0x00000000|0|LOCL |NONE |HIDN |58    |$a
src\app\driver\can\cbs\tx\can_cbs_tx_string-state-estimation.c.1.obj|[121]   |0x00000000|0|LOCL |NONE |HIDN |60    |$a
src\app\driver\can\cbs\tx\can_cbs_tx_string-state-estimation.c.1.obj|[122]   |0x00000000|0|LOCL |NONE |HIDN |61    |$a
src\app\driver\can\cbs\tx\can_cbs_tx_string-state-estimation.c.1.obj|[123]   |0x00000000|0|LOCL |NONE |HIDN |62    |$a
src\app\driver\can\cbs\tx\can_cbs_tx_string-state-estimation.c.1.obj|[124]   |0x00000000|0|LOCL |NONE |HIDN |63    |$a
src\app\driver\can\cbs\tx\can_cbs_tx_string-state-estimation.c.1.obj|[125]   |0x00000000|0|LOCL |NONE |HIDN |64    |$a
src\app\driver\can\cbs\tx\can_cbs_tx_string-state-estimation.c.1.obj|[126]   |0x00000000|0|LOCL |NONE |HIDN |65    |$a
src\app\driver\can\cbs\tx\can_cbs_tx_string-state-estimation.c.1.obj|[127]   |0x00000000|0|LOCL |NONE |HIDN |66    |$a
src\app\driver\can\cbs\tx\can_cbs_tx_string-state-estimation.c.1.obj|[128]   |0x00000000|0|LOCL |NONE |HIDN |67    |$a
src\app\driver\can\cbs\tx\can_cbs_tx_string-state-estimation.c.1.obj|[129]   |0x00000000|0|LOCL |NONE |HIDN |68    |$a
src\app\driver\can\cbs\tx\can_cbs_tx_string-state-estimation.c.1.obj|[137]   |0x00000064|0|LOCL |NONE |HIDN |63    |$d
src\app\driver\can\cbs\tx\can_cbs_tx_string-state-estimation.c.1.obj|[139]   |0x000000e4|0|LOCL |NONE |HIDN |69    |$d
src\app\driver\can\cbs\tx\can_cbs_tx_string-state-estimation.c.1.obj|[132]   |0x00000054|0|LOCL |NONE |HIDN |55    |$d
src\app\driver\can\cbs\tx\can_cbs_tx_string-state-estimation.c.1.obj|[133]   |0x00000054|0|LOCL |NONE |HIDN |57    |$d
src\app\driver\can\cbs\tx\can_cbs_tx_string-state-estimation.c.1.obj|[134]   |0x00000064|0|LOCL |NONE |HIDN |58    |$d
src\app\driver\can\cbs\tx\can_cbs_tx_string-state-estimation.c.1.obj|[135]   |0x00000064|0|LOCL |NONE |HIDN |60    |$d
src\app\driver\can\cbs\tx\can_cbs_tx_string-state-estimation.c.1.obj|[136]   |0x00000064|0|LOCL |NONE |HIDN |61    |$d
src\app\driver\can\cbs\tx\can_cbs_tx_string-state-estimation.c.1.obj|[140]   |0x0000037c|0|LOCL |NONE |HIDN |51    |$d
src\app\driver\can\cbs\tx\can_cbs_tx_string-state-estimation.c.1.obj|[138]   |0x000000e4|0|LOCL |NONE |HIDN |67    |$d
src\app\driver\can\cbs\tx\can_cbs_tx_string-state-estimation.c.1.obj|[327]   |0x00000000|0|LOCL |SECT |HIDN |255   |.debug_abbrev
src\app\driver\can\cbs\tx\can_cbs_tx_string-state-estimation.c.1.obj|[319]   |0x00000000|0|LOCL |SECT |HIDN |247   |.debug_abbrev
src\app\driver\can\cbs\tx\can_cbs_tx_string-state-estimation.c.1.obj|[295]   |0x00000000|0|LOCL |SECT |HIDN |223   |.debug_abbrev
src\app\driver\can\cbs\tx\can_cbs_tx_string-state-estimation.c.1.obj|[281]   |0x00000000|0|LOCL |SECT |HIDN |210   |.debug_abbrev
src\app\driver\can\cbs\tx\can_cbs_tx_string-state-estimation.c.1.obj|[347]   |0x00000000|0|LOCL |SECT |HIDN |275   |.debug_abbrev
src\app\driver\can\cbs\tx\can_cbs_tx_string-state-estimation.c.1.obj|[345]   |0x00000000|0|LOCL |SECT |HIDN |273   |.debug_abbrev
src\app\driver\can\cbs\tx\can_cbs_tx_string-state-estimation.c.1.obj|[343]   |0x00000000|0|LOCL |SECT |HIDN |271   |.debug_abbrev
src\app\driver\can\cbs\tx\can_cbs_tx_string-state-estimation.c.1.obj|[341]   |0x00000000|0|LOCL |SECT |HIDN |269   |.debug_abbrev
src\app\driver\can\cbs\tx\can_cbs_tx_string-state-estimation.c.1.obj|[339]   |0x00000000|0|LOCL |SECT |HIDN |267   |.debug_abbrev
src\app\driver\can\cbs\tx\can_cbs_tx_string-state-estimation.c.1.obj|[337]   |0x00000000|0|LOCL |SECT |HIDN |265   |.debug_abbrev
src\app\driver\can\cbs\tx\can_cbs_tx_string-state-estimation.c.1.obj|[335]   |0x00000000|0|LOCL |SECT |HIDN |263   |.debug_abbrev
src\app\driver\can\cbs\tx\can_cbs_tx_string-state-estimation.c.1.obj|[333]   |0x00000000|0|LOCL |SECT |HIDN |261   |.debug_abbrev
src\app\driver\can\cbs\tx\can_cbs_tx_string-state-estimation.c.1.obj|[325]   |0x00000000|0|LOCL |SECT |HIDN |253   |.debug_abbrev
src\app\driver\can\cbs\tx\can_cbs_tx_string-state-estimation.c.1.obj|[323]   |0x00000000|0|LOCL |SECT |HIDN |251   |.debug_abbrev
src\app\driver\can\cbs\tx\can_cbs_tx_string-state-estimation.c.1.obj|[321]   |0x00000000|0|LOCL |SECT |HIDN |249   |.debug_abbrev
src\app\driver\can\cbs\tx\can_cbs_tx_string-state-estimation.c.1.obj|[268]   |0x00000000|0|LOCL |SECT |HIDN |197   |.debug_abbrev
src\app\driver\can\cbs\tx\can_cbs_tx_string-state-estimation.c.1.obj|[317]   |0x00000000|0|LOCL |SECT |HIDN |245   |.debug_abbrev
src\app\driver\can\cbs\tx\can_cbs_tx_string-state-estimation.c.1.obj|[331]   |0x00000000|0|LOCL |SECT |HIDN |259   |.debug_abbrev
src\app\driver\can\cbs\tx\can_cbs_tx_string-state-estimation.c.1.obj|[315]   |0x00000000|0|LOCL |SECT |HIDN |243   |.debug_abbrev
src\app\driver\can\cbs\tx\can_cbs_tx_string-state-estimation.c.1.obj|[313]   |0x00000000|0|LOCL |SECT |HIDN |241   |.debug_abbrev
src\app\driver\can\cbs\tx\can_cbs_tx_string-state-estimation.c.1.obj|[311]   |0x00000000|0|LOCL |SECT |HIDN |239   |.debug_abbrev
src\app\driver\can\cbs\tx\can_cbs_tx_string-state-estimation.c.1.obj|[309]   |0x00000000|0|LOCL |SECT |HIDN |237   |.debug_abbrev
src\app\driver\can\cbs\tx\can_cbs_tx_string-state-estimation.c.1.obj|[307]   |0x00000000|0|LOCL |SECT |HIDN |235   |.debug_abbrev
src\app\driver\can\cbs\tx\can_cbs_tx_string-state-estimation.c.1.obj|[305]   |0x00000000|0|LOCL |SECT |HIDN |233   |.debug_abbrev
src\app\driver\can\cbs\tx\can_cbs_tx_string-state-estimation.c.1.obj|[303]   |0x00000000|0|LOCL |SECT |HIDN |231   |.debug_abbrev
src\app\driver\can\cbs\tx\can_cbs_tx_string-state-estimation.c.1.obj|[301]   |0x00000000|0|LOCL |SECT |HIDN |229   |.debug_abbrev
src\app\driver\can\cbs\tx\can_cbs_tx_string-state-estimation.c.1.obj|[299]   |0x00000000|0|LOCL |SECT |HIDN |227   |.debug_abbrev
src\app\driver\can\cbs\tx\can_cbs_tx_string-state-estimation.c.1.obj|[329]   |0x00000000|0|LOCL |SECT |HIDN |257   |.debug_abbrev
src\app\driver\can\cbs\tx\can_cbs_tx_string-state-estimation.c.1.obj|[293]   |0x00000000|0|LOCL |SECT |HIDN |221   |.debug_abbrev
src\app\driver\can\cbs\tx\can_cbs_tx_string-state-estimation.c.1.obj|[291]   |0x00000000|0|LOCL |SECT |HIDN |219   |.debug_abbrev
src\app\driver\can\cbs\tx\can_cbs_tx_string-state-estimation.c.1.obj|[289]   |0x00000000|0|LOCL |SECT |HIDN |217   |.debug_abbrev
src\app\driver\can\cbs\tx\can_cbs_tx_string-state-estimation.c.1.obj|[287]   |0x00000000|0|LOCL |SECT |HIDN |215   |.debug_abbrev
src\app\driver\can\cbs\tx\can_cbs_tx_string-state-estimation.c.1.obj|[285]   |0x00000000|0|LOCL |SECT |HIDN |213   |.debug_abbrev
src\app\driver\can\cbs\tx\can_cbs_tx_string-state-estimation.c.1.obj|[283]   |0x00000000|0|LOCL |SECT |HIDN |212   |.debug_abbrev
src\app\driver\can\cbs\tx\can_cbs_tx_string-state-estimation.c.1.obj|[282]   |0x00000000|0|LOCL |SECT |HIDN |211   |.debug_abbrev
src\app\driver\can\cbs\tx\can_cbs_tx_string-state-estimation.c.1.obj|[280]   |0x00000000|0|LOCL |SECT |HIDN |209   |.debug_abbrev
src\app\driver\can\cbs\tx\can_cbs_tx_string-state-estimation.c.1.obj|[279]   |0x00000000|0|LOCL |SECT |HIDN |208   |.debug_abbrev
src\app\driver\can\cbs\tx\can_cbs_tx_string-state-estimation.c.1.obj|[278]   |0x00000000|0|LOCL |SECT |HIDN |207   |.debug_abbrev
src\app\driver\can\cbs\tx\can_cbs_tx_string-state-estimation.c.1.obj|[277]   |0x00000000|0|LOCL |SECT |HIDN |206   |.debug_abbrev
src\app\driver\can\cbs\tx\can_cbs_tx_string-state-estimation.c.1.obj|[276]   |0x00000000|0|LOCL |SECT |HIDN |205   |.debug_abbrev
src\app\driver\can\cbs\tx\can_cbs_tx_string-state-estimation.c.1.obj|[275]   |0x00000000|0|LOCL |SECT |HIDN |204   |.debug_abbrev
src\app\driver\can\cbs\tx\can_cbs_tx_string-state-estimation.c.1.obj|[274]   |0x00000000|0|LOCL |SECT |HIDN |203   |.debug_abbrev
src\app\driver\can\cbs\tx\can_cbs_tx_string-state-estimation.c.1.obj|[273]   |0x00000000|0|LOCL |SECT |HIDN |202   |.debug_abbrev
src\app\driver\can\cbs\tx\can_cbs_tx_string-state-estimation.c.1.obj|[272]   |0x00000000|0|LOCL |SECT |HIDN |201   |.debug_abbrev
src\app\driver\can\cbs\tx\can_cbs_tx_string-state-estimation.c.1.obj|[271]   |0x00000000|0|LOCL |SECT |HIDN |200   |.debug_abbrev
src\app\driver\can\cbs\tx\can_cbs_tx_string-state-estimation.c.1.obj|[270]   |0x00000000|0|LOCL |SECT |HIDN |199   |.debug_abbrev
src\app\driver\can\cbs\tx\can_cbs_tx_string-state-estimation.c.1.obj|[269]   |0x00000000|0|LOCL |SECT |HIDN |198   |.debug_abbrev
src\app\driver\can\cbs\tx\can_cbs_tx_string-state-estimation.c.1.obj|[267]   |0x00000000|0|LOCL |SECT |HIDN |196   |.debug_abbrev
src\app\driver\can\cbs\tx\can_cbs_tx_string-state-estimation.c.1.obj|[266]   |0x00000000|0|LOCL |SECT |HIDN |195   |.debug_abbrev
src\app\driver\can\cbs\tx\can_cbs_tx_string-state-estimation.c.1.obj|[265]   |0x00000000|0|LOCL |SECT |HIDN |194   |.debug_abbrev
src\app\driver\can\cbs\tx\can_cbs_tx_string-state-estimation.c.1.obj|[264]   |0x00000000|0|LOCL |SECT |HIDN |193   |.debug_abbrev
src\app\driver\can\cbs\tx\can_cbs_tx_string-state-estimation.c.1.obj|[297]   |0x00000000|0|LOCL |SECT |HIDN |225   |.debug_abbrev
src\app\driver\can\cbs\tx\can_cbs_tx_string-state-estimation.c.1.obj|[348]   |0x00000000|0|LOCL |SECT |HIDN |277   |.debug_aranges
src\app\driver\can\cbs\tx\can_cbs_tx_string-state-estimation.c.1.obj|[360]   |0x00000000|0|LOCL |SECT |HIDN |289   |.debug_aranges
src\app\driver\can\cbs\tx\can_cbs_tx_string-state-estimation.c.1.obj|[359]   |0x00000000|0|LOCL |SECT |HIDN |288   |.debug_aranges
src\app\driver\can\cbs\tx\can_cbs_tx_string-state-estimation.c.1.obj|[358]   |0x00000000|0|LOCL |SECT |HIDN |287   |.debug_aranges
src\app\driver\can\cbs\tx\can_cbs_tx_string-state-estimation.c.1.obj|[357]   |0x00000000|0|LOCL |SECT |HIDN |286   |.debug_aranges
src\app\driver\can\cbs\tx\can_cbs_tx_string-state-estimation.c.1.obj|[356]   |0x00000000|0|LOCL |SECT |HIDN |285   |.debug_aranges
src\app\driver\can\cbs\tx\can_cbs_tx_string-state-estimation.c.1.obj|[355]   |0x00000000|0|LOCL |SECT |HIDN |284   |.debug_aranges
src\app\driver\can\cbs\tx\can_cbs_tx_string-state-estimation.c.1.obj|[354]   |0x00000000|0|LOCL |SECT |HIDN |283   |.debug_aranges
src\app\driver\can\cbs\tx\can_cbs_tx_string-state-estimation.c.1.obj|[366]   |0x00000000|0|LOCL |SECT |HIDN |295   |.debug_aranges
src\app\driver\can\cbs\tx\can_cbs_tx_string-state-estimation.c.1.obj|[353]   |0x00000000|0|LOCL |SECT |HIDN |282   |.debug_aranges
src\app\driver\can\cbs\tx\can_cbs_tx_string-state-estimation.c.1.obj|[352]   |0x00000000|0|LOCL |SECT |HIDN |281   |.debug_aranges
src\app\driver\can\cbs\tx\can_cbs_tx_string-state-estimation.c.1.obj|[351]   |0x00000000|0|LOCL |SECT |HIDN |280   |.debug_aranges
src\app\driver\can\cbs\tx\can_cbs_tx_string-state-estimation.c.1.obj|[350]   |0x00000000|0|LOCL |SECT |HIDN |279   |.debug_aranges
src\app\driver\can\cbs\tx\can_cbs_tx_string-state-estimation.c.1.obj|[349]   |0x00000000|0|LOCL |SECT |HIDN |278   |.debug_aranges
src\app\driver\can\cbs\tx\can_cbs_tx_string-state-estimation.c.1.obj|[361]   |0x00000000|0|LOCL |SECT |HIDN |290   |.debug_aranges
src\app\driver\can\cbs\tx\can_cbs_tx_string-state-estimation.c.1.obj|[362]   |0x00000000|0|LOCL |SECT |HIDN |291   |.debug_aranges
src\app\driver\can\cbs\tx\can_cbs_tx_string-state-estimation.c.1.obj|[363]   |0x00000000|0|LOCL |SECT |HIDN |292   |.debug_aranges
src\app\driver\can\cbs\tx\can_cbs_tx_string-state-estimation.c.1.obj|[364]   |0x00000000|0|LOCL |SECT |HIDN |293   |.debug_aranges
src\app\driver\can\cbs\tx\can_cbs_tx_string-state-estimation.c.1.obj|[365]   |0x00000000|0|LOCL |SECT |HIDN |294   |.debug_aranges
src\app\driver\can\cbs\tx\can_cbs_tx_string-state-estimation.c.1.obj|[262]   |0x00000000|0|LOCL |SECT |HIDN |191   |.debug_frame
src\app\driver\can\cbs\tx\can_cbs_tx_string-state-estimation.c.1.obj|[261]   |0x00000000|0|LOCL |SECT |HIDN |190   |.debug_frame
src\app\driver\can\cbs\tx\can_cbs_tx_string-state-estimation.c.1.obj|[260]   |0x00000000|0|LOCL |SECT |HIDN |189   |.debug_frame
src\app\driver\can\cbs\tx\can_cbs_tx_string-state-estimation.c.1.obj|[259]   |0x00000000|0|LOCL |SECT |HIDN |188   |.debug_frame
src\app\driver\can\cbs\tx\can_cbs_tx_string-state-estimation.c.1.obj|[258]   |0x00000000|0|LOCL |SECT |HIDN |187   |.debug_frame
src\app\driver\can\cbs\tx\can_cbs_tx_string-state-estimation.c.1.obj|[246]   |0x00000000|0|LOCL |SECT |HIDN |175   |.debug_frame
src\app\driver\can\cbs\tx\can_cbs_tx_string-state-estimation.c.1.obj|[257]   |0x00000000|0|LOCL |SECT |HIDN |186   |.debug_frame
src\app\driver\can\cbs\tx\can_cbs_tx_string-state-estimation.c.1.obj|[256]   |0x00000000|0|LOCL |SECT |HIDN |185   |.debug_frame
src\app\driver\can\cbs\tx\can_cbs_tx_string-state-estimation.c.1.obj|[255]   |0x00000000|0|LOCL |SECT |HIDN |184   |.debug_frame
src\app\driver\can\cbs\tx\can_cbs_tx_string-state-estimation.c.1.obj|[254]   |0x00000000|0|LOCL |SECT |HIDN |183   |.debug_frame
src\app\driver\can\cbs\tx\can_cbs_tx_string-state-estimation.c.1.obj|[253]   |0x00000000|0|LOCL |SECT |HIDN |182   |.debug_frame
src\app\driver\can\cbs\tx\can_cbs_tx_string-state-estimation.c.1.obj|[252]   |0x00000000|0|LOCL |SECT |HIDN |181   |.debug_frame
src\app\driver\can\cbs\tx\can_cbs_tx_string-state-estimation.c.1.obj|[251]   |0x00000000|0|LOCL |SECT |HIDN |180   |.debug_frame
src\app\driver\can\cbs\tx\can_cbs_tx_string-state-estimation.c.1.obj|[245]   |0x00000000|0|LOCL |SECT |HIDN |174   |.debug_frame
src\app\driver\can\cbs\tx\can_cbs_tx_string-state-estimation.c.1.obj|[248]   |0x00000000|0|LOCL |SECT |HIDN |177   |.debug_frame
src\app\driver\can\cbs\tx\can_cbs_tx_string-state-estimation.c.1.obj|[250]   |0x00000000|0|LOCL |SECT |HIDN |179   |.debug_frame
src\app\driver\can\cbs\tx\can_cbs_tx_string-state-estimation.c.1.obj|[249]   |0x00000000|0|LOCL |SECT |HIDN |178   |.debug_frame
src\app\driver\can\cbs\tx\can_cbs_tx_string-state-estimation.c.1.obj|[263]   |0x00000000|0|LOCL |SECT |HIDN |192   |.debug_frame
src\app\driver\can\cbs\tx\can_cbs_tx_string-state-estimation.c.1.obj|[247]   |0x00000000|0|LOCL |SECT |HIDN |176   |.debug_frame
src\app\driver\can\cbs\tx\can_cbs_tx_string-state-estimation.c.1.obj|[147]   |0x00000000|0|LOCL |SECT |HIDN |76    |.debug_info
src\app\driver\can\cbs\tx\can_cbs_tx_string-state-estimation.c.1.obj|[148]   |0x00000000|0|LOCL |SECT |HIDN |77    |.debug_info
src\app\driver\can\cbs\tx\can_cbs_tx_string-state-estimation.c.1.obj|[149]   |0x00000000|0|LOCL |SECT |HIDN |78    |.debug_info
src\app\driver\can\cbs\tx\can_cbs_tx_string-state-estimation.c.1.obj|[150]   |0x00000000|0|LOCL |SECT |HIDN |79    |.debug_info
src\app\driver\can\cbs\tx\can_cbs_tx_string-state-estimation.c.1.obj|[151]   |0x00000000|0|LOCL |SECT |HIDN |80    |.debug_info
src\app\driver\can\cbs\tx\can_cbs_tx_string-state-estimation.c.1.obj|[152]   |0x00000000|0|LOCL |SECT |HIDN |81    |.debug_info
src\app\driver\can\cbs\tx\can_cbs_tx_string-state-estimation.c.1.obj|[153]   |0x00000000|0|LOCL |SECT |HIDN |82    |.debug_info
src\app\driver\can\cbs\tx\can_cbs_tx_string-state-estimation.c.1.obj|[154]   |0x00000000|0|LOCL |SECT |HIDN |83    |.debug_info
src\app\driver\can\cbs\tx\can_cbs_tx_string-state-estimation.c.1.obj|[155]   |0x00000000|0|LOCL |SECT |HIDN |84    |.debug_info
src\app\driver\can\cbs\tx\can_cbs_tx_string-state-estimation.c.1.obj|[156]   |0x00000000|0|LOCL |SECT |HIDN |85    |.debug_info
src\app\driver\can\cbs\tx\can_cbs_tx_string-state-estimation.c.1.obj|[157]   |0x00000000|0|LOCL |SECT |HIDN |86    |.debug_info
src\app\driver\can\cbs\tx\can_cbs_tx_string-state-estimation.c.1.obj|[158]   |0x00000000|0|LOCL |SECT |HIDN |87    |.debug_info
src\app\driver\can\cbs\tx\can_cbs_tx_string-state-estimation.c.1.obj|[159]   |0x00000000|0|LOCL |SECT |HIDN |88    |.debug_info
src\app\driver\can\cbs\tx\can_cbs_tx_string-state-estimation.c.1.obj|[160]   |0x00000000|0|LOCL |SECT |HIDN |89    |.debug_info
src\app\driver\can\cbs\tx\can_cbs_tx_string-state-estimation.c.1.obj|[161]   |0x00000000|0|LOCL |SECT |HIDN |90    |.debug_info
src\app\driver\can\cbs\tx\can_cbs_tx_string-state-estimation.c.1.obj|[162]   |0x00000000|0|LOCL |SECT |HIDN |91    |.debug_info
src\app\driver\can\cbs\tx\can_cbs_tx_string-state-estimation.c.1.obj|[163]   |0x00000000|0|LOCL |SECT |HIDN |92    |.debug_info
src\app\driver\can\cbs\tx\can_cbs_tx_string-state-estimation.c.1.obj|[164]   |0x00000000|0|LOCL |SECT |HIDN |93    |.debug_info
src\app\driver\can\cbs\tx\can_cbs_tx_string-state-estimation.c.1.obj|[165]   |0x00000000|0|LOCL |SECT |HIDN |94    |.debug_info
src\app\driver\can\cbs\tx\can_cbs_tx_string-state-estimation.c.1.obj|[166]   |0x00000000|0|LOCL |SECT |HIDN |95    |.debug_info
src\app\driver\can\cbs\tx\can_cbs_tx_string-state-estimation.c.1.obj|[167]   |0x00000000|0|LOCL |SECT |HIDN |96    |.debug_info
src\app\driver\can\cbs\tx\can_cbs_tx_string-state-estimation.c.1.obj|[168]   |0x00000000|0|LOCL |SECT |HIDN |97    |.debug_info
src\app\driver\can\cbs\tx\can_cbs_tx_string-state-estimation.c.1.obj|[169]   |0x00000000|0|LOCL |SECT |HIDN |98    |.debug_info
src\app\driver\can\cbs\tx\can_cbs_tx_string-state-estimation.c.1.obj|[170]   |0x00000000|0|LOCL |SECT |HIDN |99    |.debug_info
src\app\driver\can\cbs\tx\can_cbs_tx_string-state-estimation.c.1.obj|[171]   |0x00000000|0|LOCL |SECT |HIDN |100   |.debug_info
src\app\driver\can\cbs\tx\can_cbs_tx_string-state-estimation.c.1.obj|[172]   |0x00000000|0|LOCL |SECT |HIDN |101   |.debug_info
src\app\driver\can\cbs\tx\can_cbs_tx_string-state-estimation.c.1.obj|[173]   |0x00000000|0|LOCL |SECT |HIDN |102   |.debug_info
src\app\driver\can\cbs\tx\can_cbs_tx_string-state-estimation.c.1.obj|[174]   |0x00000000|0|LOCL |SECT |HIDN |103   |.debug_info
src\app\driver\can\cbs\tx\can_cbs_tx_string-state-estimation.c.1.obj|[175]   |0x00000000|0|LOCL |SECT |HIDN |104   |.debug_info
src\app\driver\can\cbs\tx\can_cbs_tx_string-state-estimation.c.1.obj|[176]   |0x00000000|0|LOCL |SECT |HIDN |105   |.debug_info
src\app\driver\can\cbs\tx\can_cbs_tx_string-state-estimation.c.1.obj|[177]   |0x00000000|0|LOCL |SECT |HIDN |106   |.debug_info
src\app\driver\can\cbs\tx\can_cbs_tx_string-state-estimation.c.1.obj|[178]   |0x00000000|0|LOCL |SECT |HIDN |107   |.debug_info
src\app\driver\can\cbs\tx\can_cbs_tx_string-state-estimation.c.1.obj|[180]   |0x00000000|0|LOCL |SECT |HIDN |109   |.debug_info
src\app\driver\can\cbs\tx\can_cbs_tx_string-state-estimation.c.1.obj|[181]   |0x00000000|0|LOCL |SECT |HIDN |110   |.debug_info
src\app\driver\can\cbs\tx\can_cbs_tx_string-state-estimation.c.1.obj|[182]   |0x00000000|0|LOCL |SECT |HIDN |111   |.debug_info
src\app\driver\can\cbs\tx\can_cbs_tx_string-state-estimation.c.1.obj|[183]   |0x00000000|0|LOCL |SECT |HIDN |112   |.debug_info
src\app\driver\can\cbs\tx\can_cbs_tx_string-state-estimation.c.1.obj|[184]   |0x00000000|0|LOCL |SECT |HIDN |113   |.debug_info
src\app\driver\can\cbs\tx\can_cbs_tx_string-state-estimation.c.1.obj|[185]   |0x00000000|0|LOCL |SECT |HIDN |114   |.debug_info
src\app\driver\can\cbs\tx\can_cbs_tx_string-state-estimation.c.1.obj|[186]   |0x00000000|0|LOCL |SECT |HIDN |115   |.debug_info
src\app\driver\can\cbs\tx\can_cbs_tx_string-state-estimation.c.1.obj|[187]   |0x00000000|0|LOCL |SECT |HIDN |116   |.debug_info
src\app\driver\can\cbs\tx\can_cbs_tx_string-state-estimation.c.1.obj|[188]   |0x00000000|0|LOCL |SECT |HIDN |117   |.debug_info
src\app\driver\can\cbs\tx\can_cbs_tx_string-state-estimation.c.1.obj|[189]   |0x00000000|0|LOCL |SECT |HIDN |118   |.debug_info
src\app\driver\can\cbs\tx\can_cbs_tx_string-state-estimation.c.1.obj|[190]   |0x00000000|0|LOCL |SECT |HIDN |119   |.debug_info
src\app\driver\can\cbs\tx\can_cbs_tx_string-state-estimation.c.1.obj|[191]   |0x00000000|0|LOCL |SECT |HIDN |120   |.debug_info
src\app\driver\can\cbs\tx\can_cbs_tx_string-state-estimation.c.1.obj|[192]   |0x00000000|0|LOCL |SECT |HIDN |121   |.debug_info
src\app\driver\can\cbs\tx\can_cbs_tx_string-state-estimation.c.1.obj|[179]   |0x00000000|0|LOCL |SECT |HIDN |108   |.debug_info
src\app\driver\can\cbs\tx\can_cbs_tx_string-state-estimation.c.1.obj|[141]   |0x00000000|0|LOCL |SECT |HIDN |70    |.debug_info
src\app\driver\can\cbs\tx\can_cbs_tx_string-state-estimation.c.1.obj|[142]   |0x00000000|0|LOCL |SECT |HIDN |71    |.debug_info
src\app\driver\can\cbs\tx\can_cbs_tx_string-state-estimation.c.1.obj|[143]   |0x00000000|0|LOCL |SECT |HIDN |72    |.debug_info
src\app\driver\can\cbs\tx\can_cbs_tx_string-state-estimation.c.1.obj|[144]   |0x00000000|0|LOCL |SECT |HIDN |73    |.debug_info
src\app\driver\can\cbs\tx\can_cbs_tx_string-state-estimation.c.1.obj|[145]   |0x00000000|0|LOCL |SECT |HIDN |74    |.debug_info
src\app\driver\can\cbs\tx\can_cbs_tx_string-state-estimation.c.1.obj|[146]   |0x00000000|0|LOCL |SECT |HIDN |75    |.debug_info
src\app\driver\can\cbs\tx\can_cbs_tx_string-state-estimation.c.1.obj|[237]   |0x00000000|0|LOCL |SECT |HIDN |166   |.debug_line
src\app\driver\can\cbs\tx\can_cbs_tx_string-state-estimation.c.1.obj|[236]   |0x00000000|0|LOCL |SECT |HIDN |165   |.debug_line
src\app\driver\can\cbs\tx\can_cbs_tx_string-state-estimation.c.1.obj|[235]   |0x00000000|0|LOCL |SECT |HIDN |164   |.debug_line
src\app\driver\can\cbs\tx\can_cbs_tx_string-state-estimation.c.1.obj|[234]   |0x00000000|0|LOCL |SECT |HIDN |163   |.debug_line
src\app\driver\can\cbs\tx\can_cbs_tx_string-state-estimation.c.1.obj|[233]   |0x00000000|0|LOCL |SECT |HIDN |162   |.debug_line
src\app\driver\can\cbs\tx\can_cbs_tx_string-state-estimation.c.1.obj|[232]   |0x00000000|0|LOCL |SECT |HIDN |161   |.debug_line
src\app\driver\can\cbs\tx\can_cbs_tx_string-state-estimation.c.1.obj|[231]   |0x00000000|0|LOCL |SECT |HIDN |160   |.debug_line
src\app\driver\can\cbs\tx\can_cbs_tx_string-state-estimation.c.1.obj|[230]   |0x00000000|0|LOCL |SECT |HIDN |159   |.debug_line
src\app\driver\can\cbs\tx\can_cbs_tx_string-state-estimation.c.1.obj|[229]   |0x00000000|0|LOCL |SECT |HIDN |158   |.debug_line
src\app\driver\can\cbs\tx\can_cbs_tx_string-state-estimation.c.1.obj|[228]   |0x00000000|0|LOCL |SECT |HIDN |157   |.debug_line
src\app\driver\can\cbs\tx\can_cbs_tx_string-state-estimation.c.1.obj|[227]   |0x00000000|0|LOCL |SECT |HIDN |156   |.debug_line
src\app\driver\can\cbs\tx\can_cbs_tx_string-state-estimation.c.1.obj|[226]   |0x00000000|0|LOCL |SECT |HIDN |155   |.debug_line
src\app\driver\can\cbs\tx\can_cbs_tx_string-state-estimation.c.1.obj|[225]   |0x00000000|0|LOCL |SECT |HIDN |154   |.debug_line
src\app\driver\can\cbs\tx\can_cbs_tx_string-state-estimation.c.1.obj|[224]   |0x00000000|0|LOCL |SECT |HIDN |153   |.debug_line
src\app\driver\can\cbs\tx\can_cbs_tx_string-state-estimation.c.1.obj|[223]   |0x00000000|0|LOCL |SECT |HIDN |152   |.debug_line
src\app\driver\can\cbs\tx\can_cbs_tx_string-state-estimation.c.1.obj|[222]   |0x00000000|0|LOCL |SECT |HIDN |151   |.debug_line
src\app\driver\can\cbs\tx\can_cbs_tx_string-state-estimation.c.1.obj|[221]   |0x00000000|0|LOCL |SECT |HIDN |150   |.debug_line
src\app\driver\can\cbs\tx\can_cbs_tx_string-state-estimation.c.1.obj|[220]   |0x00000000|0|LOCL |SECT |HIDN |149   |.debug_line
src\app\driver\can\cbs\tx\can_cbs_tx_string-state-estimation.c.1.obj|[219]   |0x00000000|0|LOCL |SECT |HIDN |148   |.debug_line
src\app\driver\can\cbs\tx\can_cbs_tx_string-state-estimation.c.1.obj|[218]   |0x00000000|0|LOCL |SECT |HIDN |147   |.debug_line
src\app\driver\can\cbs\tx\can_cbs_tx_string-state-estimation.c.1.obj|[217]   |0x00000000|0|LOCL |SECT |HIDN |146   |.debug_line
src\app\driver\can\cbs\tx\can_cbs_tx_string-state-estimation.c.1.obj|[216]   |0x00000000|0|LOCL |SECT |HIDN |145   |.debug_line
src\app\driver\can\cbs\tx\can_cbs_tx_string-state-estimation.c.1.obj|[215]   |0x00000000|0|LOCL |SECT |HIDN |144   |.debug_line
src\app\driver\can\cbs\tx\can_cbs_tx_string-state-estimation.c.1.obj|[214]   |0x00000000|0|LOCL |SECT |HIDN |143   |.debug_line
src\app\driver\can\cbs\tx\can_cbs_tx_string-state-estimation.c.1.obj|[213]   |0x00000000|0|LOCL |SECT |HIDN |142   |.debug_line
src\app\driver\can\cbs\tx\can_cbs_tx_string-state-estimation.c.1.obj|[212]   |0x00000000|0|LOCL |SECT |HIDN |141   |.debug_line
src\app\driver\can\cbs\tx\can_cbs_tx_string-state-estimation.c.1.obj|[211]   |0x00000000|0|LOCL |SECT |HIDN |140   |.debug_line
src\app\driver\can\cbs\tx\can_cbs_tx_string-state-estimation.c.1.obj|[210]   |0x00000000|0|LOCL |SECT |HIDN |139   |.debug_line
src\app\driver\can\cbs\tx\can_cbs_tx_string-state-estimation.c.1.obj|[209]   |0x00000000|0|LOCL |SECT |HIDN |138   |.debug_line
src\app\driver\can\cbs\tx\can_cbs_tx_string-state-estimation.c.1.obj|[208]   |0x00000000|0|LOCL |SECT |HIDN |137   |.debug_line
src\app\driver\can\cbs\tx\can_cbs_tx_string-state-estimation.c.1.obj|[207]   |0x00000000|0|LOCL |SECT |HIDN |136   |.debug_line
src\app\driver\can\cbs\tx\can_cbs_tx_string-state-estimation.c.1.obj|[206]   |0x00000000|0|LOCL |SECT |HIDN |135   |.debug_line
src\app\driver\can\cbs\tx\can_cbs_tx_string-state-estimation.c.1.obj|[205]   |0x00000000|0|LOCL |SECT |HIDN |134   |.debug_line
src\app\driver\can\cbs\tx\can_cbs_tx_string-state-estimation.c.1.obj|[204]   |0x00000000|0|LOCL |SECT |HIDN |133   |.debug_line
src\app\driver\can\cbs\tx\can_cbs_tx_string-state-estimation.c.1.obj|[203]   |0x00000000|0|LOCL |SECT |HIDN |132   |.debug_line
src\app\driver\can\cbs\tx\can_cbs_tx_string-state-estimation.c.1.obj|[202]   |0x00000000|0|LOCL |SECT |HIDN |131   |.debug_line
src\app\driver\can\cbs\tx\can_cbs_tx_string-state-estimation.c.1.obj|[201]   |0x00000000|0|LOCL |SECT |HIDN |130   |.debug_line
src\app\driver\can\cbs\tx\can_cbs_tx_string-state-estimation.c.1.obj|[200]   |0x00000000|0|LOCL |SECT |HIDN |129   |.debug_line
src\app\driver\can\cbs\tx\can_cbs_tx_string-state-estimation.c.1.obj|[199]   |0x00000000|0|LOCL |SECT |HIDN |128   |.debug_line
src\app\driver\can\cbs\tx\can_cbs_tx_string-state-estimation.c.1.obj|[195]   |0x00000000|0|LOCL |SECT |HIDN |124   |.debug_line
src\app\driver\can\cbs\tx\can_cbs_tx_string-state-estimation.c.1.obj|[198]   |0x00000000|0|LOCL |SECT |HIDN |127   |.debug_line
src\app\driver\can\cbs\tx\can_cbs_tx_string-state-estimation.c.1.obj|[193]   |0x00000000|0|LOCL |SECT |HIDN |122   |.debug_line
src\app\driver\can\cbs\tx\can_cbs_tx_string-state-estimation.c.1.obj|[197]   |0x00000000|0|LOCL |SECT |HIDN |126   |.debug_line
src\app\driver\can\cbs\tx\can_cbs_tx_string-state-estimation.c.1.obj|[194]   |0x00000000|0|LOCL |SECT |HIDN |123   |.debug_line
src\app\driver\can\cbs\tx\can_cbs_tx_string-state-estimation.c.1.obj|[196]   |0x00000000|0|LOCL |SECT |HIDN |125   |.debug_line
src\app\driver\can\cbs\tx\can_cbs_tx_string-state-estimation.c.1.obj|[238]   |0x00000000|0|LOCL |SECT |HIDN |167   |.debug_line
src\app\driver\can\cbs\tx\can_cbs_tx_string-state-estimation.c.1.obj|[244]   |0x00000000|0|LOCL |SECT |HIDN |173   |.debug_line
src\app\driver\can\cbs\tx\can_cbs_tx_string-state-estimation.c.1.obj|[243]   |0x00000000|0|LOCL |SECT |HIDN |172   |.debug_line
src\app\driver\can\cbs\tx\can_cbs_tx_string-state-estimation.c.1.obj|[242]   |0x00000000|0|LOCL |SECT |HIDN |171   |.debug_line
src\app\driver\can\cbs\tx\can_cbs_tx_string-state-estimation.c.1.obj|[241]   |0x00000000|0|LOCL |SECT |HIDN |170   |.debug_line
src\app\driver\can\cbs\tx\can_cbs_tx_string-state-estimation.c.1.obj|[240]   |0x00000000|0|LOCL |SECT |HIDN |169   |.debug_line
src\app\driver\can\cbs\tx\can_cbs_tx_string-state-estimation.c.1.obj|[239]   |0x00000000|0|LOCL |SECT |HIDN |168   |.debug_line
src\app\driver\can\cbs\tx\can_cbs_tx_string-state-estimation.c.1.obj|[382]   |0x00000000|0|LOCL |SECT |HIDN |311   |.debug_pubnames
src\app\driver\can\cbs\tx\can_cbs_tx_string-state-estimation.c.1.obj|[378]   |0x00000000|0|LOCL |SECT |HIDN |307   |.debug_pubnames
src\app\driver\can\cbs\tx\can_cbs_tx_string-state-estimation.c.1.obj|[368]   |0x00000000|0|LOCL |SECT |HIDN |297   |.debug_pubnames
src\app\driver\can\cbs\tx\can_cbs_tx_string-state-estimation.c.1.obj|[377]   |0x00000000|0|LOCL |SECT |HIDN |306   |.debug_pubnames
src\app\driver\can\cbs\tx\can_cbs_tx_string-state-estimation.c.1.obj|[381]   |0x00000000|0|LOCL |SECT |HIDN |310   |.debug_pubnames
src\app\driver\can\cbs\tx\can_cbs_tx_string-state-estimation.c.1.obj|[376]   |0x00000000|0|LOCL |SECT |HIDN |305   |.debug_pubnames
src\app\driver\can\cbs\tx\can_cbs_tx_string-state-estimation.c.1.obj|[380]   |0x00000000|0|LOCL |SECT |HIDN |309   |.debug_pubnames
src\app\driver\can\cbs\tx\can_cbs_tx_string-state-estimation.c.1.obj|[375]   |0x00000000|0|LOCL |SECT |HIDN |304   |.debug_pubnames
src\app\driver\can\cbs\tx\can_cbs_tx_string-state-estimation.c.1.obj|[367]   |0x00000000|0|LOCL |SECT |HIDN |296   |.debug_pubnames
src\app\driver\can\cbs\tx\can_cbs_tx_string-state-estimation.c.1.obj|[374]   |0x00000000|0|LOCL |SECT |HIDN |303   |.debug_pubnames
src\app\driver\can\cbs\tx\can_cbs_tx_string-state-estimation.c.1.obj|[379]   |0x00000000|0|LOCL |SECT |HIDN |308   |.debug_pubnames
src\app\driver\can\cbs\tx\can_cbs_tx_string-state-estimation.c.1.obj|[373]   |0x00000000|0|LOCL |SECT |HIDN |302   |.debug_pubnames
src\app\driver\can\cbs\tx\can_cbs_tx_string-state-estimation.c.1.obj|[372]   |0x00000000|0|LOCL |SECT |HIDN |301   |.debug_pubnames
src\app\driver\can\cbs\tx\can_cbs_tx_string-state-estimation.c.1.obj|[385]   |0x00000000|0|LOCL |SECT |HIDN |314   |.debug_pubnames
src\app\driver\can\cbs\tx\can_cbs_tx_string-state-estimation.c.1.obj|[371]   |0x00000000|0|LOCL |SECT |HIDN |300   |.debug_pubnames
src\app\driver\can\cbs\tx\can_cbs_tx_string-state-estimation.c.1.obj|[384]   |0x00000000|0|LOCL |SECT |HIDN |313   |.debug_pubnames
src\app\driver\can\cbs\tx\can_cbs_tx_string-state-estimation.c.1.obj|[370]   |0x00000000|0|LOCL |SECT |HIDN |299   |.debug_pubnames
src\app\driver\can\cbs\tx\can_cbs_tx_string-state-estimation.c.1.obj|[383]   |0x00000000|0|LOCL |SECT |HIDN |312   |.debug_pubnames
src\app\driver\can\cbs\tx\can_cbs_tx_string-state-estimation.c.1.obj|[369]   |0x00000000|0|LOCL |SECT |HIDN |298   |.debug_pubnames
src\app\driver\can\cbs\tx\can_cbs_tx_string-state-estimation.c.1.obj|[397]   |0x00000000|0|LOCL |SECT |HIDN |326   |.debug_pubtypes
src\app\driver\can\cbs\tx\can_cbs_tx_string-state-estimation.c.1.obj|[389]   |0x00000000|0|LOCL |SECT |HIDN |318   |.debug_pubtypes
src\app\driver\can\cbs\tx\can_cbs_tx_string-state-estimation.c.1.obj|[394]   |0x00000000|0|LOCL |SECT |HIDN |323   |.debug_pubtypes
src\app\driver\can\cbs\tx\can_cbs_tx_string-state-estimation.c.1.obj|[387]   |0x00000000|0|LOCL |SECT |HIDN |316   |.debug_pubtypes
src\app\driver\can\cbs\tx\can_cbs_tx_string-state-estimation.c.1.obj|[398]   |0x00000000|0|LOCL |SECT |HIDN |327   |.debug_pubtypes
src\app\driver\can\cbs\tx\can_cbs_tx_string-state-estimation.c.1.obj|[386]   |0x00000000|0|LOCL |SECT |HIDN |315   |.debug_pubtypes
src\app\driver\can\cbs\tx\can_cbs_tx_string-state-estimation.c.1.obj|[393]   |0x00000000|0|LOCL |SECT |HIDN |322   |.debug_pubtypes
src\app\driver\can\cbs\tx\can_cbs_tx_string-state-estimation.c.1.obj|[396]   |0x00000000|0|LOCL |SECT |HIDN |325   |.debug_pubtypes
src\app\driver\can\cbs\tx\can_cbs_tx_string-state-estimation.c.1.obj|[392]   |0x00000000|0|LOCL |SECT |HIDN |321   |.debug_pubtypes
src\app\driver\can\cbs\tx\can_cbs_tx_string-state-estimation.c.1.obj|[388]   |0x00000000|0|LOCL |SECT |HIDN |317   |.debug_pubtypes
src\app\driver\can\cbs\tx\can_cbs_tx_string-state-estimation.c.1.obj|[391]   |0x00000000|0|LOCL |SECT |HIDN |320   |.debug_pubtypes
src\app\driver\can\cbs\tx\can_cbs_tx_string-state-estimation.c.1.obj|[395]   |0x00000000|0|LOCL |SECT |HIDN |324   |.debug_pubtypes
src\app\driver\can\cbs\tx\can_cbs_tx_string-state-estimation.c.1.obj|[390]   |0x00000000|0|LOCL |SECT |HIDN |319   |.debug_pubtypes
src\app\driver\can\cbs\tx\can_cbs_tx_string-state-estimation.c.1.obj|[399]   |0x00000000|0|LOCL |SECT |HIDN |328   |.debug_pubtypes
src\app\driver\can\cbs\tx\can_cbs_tx_string-state-estimation.c.1.obj|[400]   |0x00000000|0|LOCL |SECT |HIDN |329   |.debug_pubtypes
src\app\driver\can\cbs\tx\can_cbs_tx_string-state-estimation.c.1.obj|[401]   |0x00000000|0|LOCL |SECT |HIDN |330   |.debug_pubtypes
src\app\driver\can\cbs\tx\can_cbs_tx_string-state-estimation.c.1.obj|[402]   |0x00000000|0|LOCL |SECT |HIDN |331   |.debug_pubtypes
src\app\driver\can\cbs\tx\can_cbs_tx_string-state-estimation.c.1.obj|[403]   |0x00000000|0|LOCL |SECT |HIDN |332   |.debug_pubtypes
src\app\driver\can\cbs\tx\can_cbs_tx_string-state-estimation.c.1.obj|[404]   |0x00000000|0|LOCL |SECT |HIDN |333   |.debug_pubtypes
src\app\driver\can\cbs\tx\can_cbs_tx_string-state-estimation.c.1.obj|[405]   |0x00000000|0|LOCL |SECT |HIDN |334   |.debug_pubtypes
src\app\driver\can\cbs\tx\can_cbs_tx_string-state-estimation.c.1.obj|[406]   |0x00000000|0|LOCL |SECT |HIDN |335   |.debug_pubtypes
src\app\driver\can\cbs\tx\can_cbs_tx_string-state-estimation.c.1.obj|[407]   |0x00000000|0|LOCL |SECT |HIDN |336   |.debug_pubtypes
src\app\driver\can\cbs\tx\can_cbs_tx_string-state-estimation.c.1.obj|[408]   |0x00000000|0|LOCL |SECT |HIDN |337   |.debug_pubtypes
src\app\driver\can\cbs\tx\can_cbs_tx_string-state-estimation.c.1.obj|[409]   |0x00000000|0|LOCL |SECT |HIDN |338   |.debug_pubtypes
src\app\driver\can\cbs\tx\can_cbs_tx_string-state-estimation.c.1.obj|[410]   |0x00000000|0|LOCL |SECT |HIDN |339   |.debug_pubtypes
src\app\driver\can\cbs\tx\can_cbs_tx_string-state-estimation.c.1.obj|[411]   |0x00000000|0|LOCL |SECT |HIDN |340   |.debug_pubtypes
src\app\driver\can\cbs\tx\can_cbs_tx_string-state-estimation.c.1.obj|[412]   |0x00000000|0|LOCL |SECT |HIDN |341   |.debug_pubtypes
src\app\driver\can\cbs\tx\can_cbs_tx_string-state-estimation.c.1.obj|[413]   |0x00000000|0|LOCL |SECT |HIDN |342   |.debug_pubtypes
src\app\driver\can\cbs\tx\can_cbs_tx_string-state-estimation.c.1.obj|[414]   |0x00000000|0|LOCL |SECT |HIDN |343   |.debug_pubtypes
src\app\driver\can\cbs\tx\can_cbs_tx_string-state-estimation.c.1.obj|[415]   |0x00000000|0|LOCL |SECT |HIDN |344   |.debug_pubtypes
src\app\driver\can\cbs\tx\can_cbs_tx_string-state-estimation.c.1.obj|[416]   |0x00000000|0|LOCL |SECT |HIDN |345   |.debug_pubtypes
src\app\driver\can\cbs\tx\can_cbs_tx_string-state-estimation.c.1.obj|[417]   |0x00000000|0|LOCL |SECT |HIDN |346   |.debug_pubtypes
src\app\driver\can\cbs\tx\can_cbs_tx_string-state-estimation.c.1.obj|[322]   |0x00000000|0|LOCL |SECT |HIDN |252   |.debug_str
src\app\driver\can\cbs\tx\can_cbs_tx_string-state-estimation.c.1.obj|[324]   |0x00000000|0|LOCL |SECT |HIDN |254   |.debug_str
src\app\driver\can\cbs\tx\can_cbs_tx_string-state-estimation.c.1.obj|[326]   |0x00000000|0|LOCL |SECT |HIDN |256   |.debug_str
src\app\driver\can\cbs\tx\can_cbs_tx_string-state-estimation.c.1.obj|[328]   |0x00000000|0|LOCL |SECT |HIDN |258   |.debug_str
src\app\driver\can\cbs\tx\can_cbs_tx_string-state-estimation.c.1.obj|[330]   |0x00000000|0|LOCL |SECT |HIDN |260   |.debug_str
src\app\driver\can\cbs\tx\can_cbs_tx_string-state-estimation.c.1.obj|[334]   |0x00000000|0|LOCL |SECT |HIDN |264   |.debug_str
src\app\driver\can\cbs\tx\can_cbs_tx_string-state-estimation.c.1.obj|[336]   |0x00000000|0|LOCL |SECT |HIDN |266   |.debug_str
src\app\driver\can\cbs\tx\can_cbs_tx_string-state-estimation.c.1.obj|[338]   |0x00000000|0|LOCL |SECT |HIDN |268   |.debug_str
src\app\driver\can\cbs\tx\can_cbs_tx_string-state-estimation.c.1.obj|[340]   |0x00000000|0|LOCL |SECT |HIDN |270   |.debug_str
src\app\driver\can\cbs\tx\can_cbs_tx_string-state-estimation.c.1.obj|[342]   |0x00000000|0|LOCL |SECT |HIDN |272   |.debug_str
src\app\driver\can\cbs\tx\can_cbs_tx_string-state-estimation.c.1.obj|[344]   |0x00000000|0|LOCL |SECT |HIDN |274   |.debug_str
src\app\driver\can\cbs\tx\can_cbs_tx_string-state-estimation.c.1.obj|[346]   |0x00000000|0|LOCL |SECT |HIDN |276   |.debug_str
src\app\driver\can\cbs\tx\can_cbs_tx_string-state-estimation.c.1.obj|[332]   |0x00000000|0|LOCL |SECT |HIDN |262   |.debug_str
src\app\driver\can\cbs\tx\can_cbs_tx_string-state-estimation.c.1.obj|[284]   |0x00000000|0|LOCL |SECT |HIDN |214   |.debug_str
src\app\driver\can\cbs\tx\can_cbs_tx_string-state-estimation.c.1.obj|[286]   |0x00000000|0|LOCL |SECT |HIDN |216   |.debug_str
src\app\driver\can\cbs\tx\can_cbs_tx_string-state-estimation.c.1.obj|[288]   |0x00000000|0|LOCL |SECT |HIDN |218   |.debug_str
src\app\driver\can\cbs\tx\can_cbs_tx_string-state-estimation.c.1.obj|[290]   |0x00000000|0|LOCL |SECT |HIDN |220   |.debug_str
src\app\driver\can\cbs\tx\can_cbs_tx_string-state-estimation.c.1.obj|[292]   |0x00000000|0|LOCL |SECT |HIDN |222   |.debug_str
src\app\driver\can\cbs\tx\can_cbs_tx_string-state-estimation.c.1.obj|[294]   |0x00000000|0|LOCL |SECT |HIDN |224   |.debug_str
src\app\driver\can\cbs\tx\can_cbs_tx_string-state-estimation.c.1.obj|[296]   |0x00000000|0|LOCL |SECT |HIDN |226   |.debug_str
src\app\driver\can\cbs\tx\can_cbs_tx_string-state-estimation.c.1.obj|[298]   |0x00000000|0|LOCL |SECT |HIDN |228   |.debug_str
src\app\driver\can\cbs\tx\can_cbs_tx_string-state-estimation.c.1.obj|[300]   |0x00000000|0|LOCL |SECT |HIDN |230   |.debug_str
src\app\driver\can\cbs\tx\can_cbs_tx_string-state-estimation.c.1.obj|[302]   |0x00000000|0|LOCL |SECT |HIDN |232   |.debug_str
src\app\driver\can\cbs\tx\can_cbs_tx_string-state-estimation.c.1.obj|[304]   |0x00000000|0|LOCL |SECT |HIDN |234   |.debug_str
src\app\driver\can\cbs\tx\can_cbs_tx_string-state-estimation.c.1.obj|[306]   |0x00000000|0|LOCL |SECT |HIDN |236   |.debug_str
src\app\driver\can\cbs\tx\can_cbs_tx_string-state-estimation.c.1.obj|[308]   |0x00000000|0|LOCL |SECT |HIDN |238   |.debug_str
src\app\driver\can\cbs\tx\can_cbs_tx_string-state-estimation.c.1.obj|[310]   |0x00000000|0|LOCL |SECT |HIDN |240   |.debug_str
src\app\driver\can\cbs\tx\can_cbs_tx_string-state-estimation.c.1.obj|[312]   |0x00000000|0|LOCL |SECT |HIDN |242   |.debug_str
src\app\driver\can\cbs\tx\can_cbs_tx_string-state-estimation.c.1.obj|[314]   |0x00000000|0|LOCL |SECT |HIDN |244   |.debug_str
src\app\driver\can\cbs\tx\can_cbs_tx_string-state-estimation.c.1.obj|[316]   |0x00000000|0|LOCL |SECT |HIDN |246   |.debug_str
src\app\driver\can\cbs\tx\can_cbs_tx_string-state-estimation.c.1.obj|[318]   |0x00000000|0|LOCL |SECT |HIDN |248   |.debug_str
src\app\driver\can\cbs\tx\can_cbs_tx_string-state-estimation.c.1.obj|[320]   |0x00000000|0|LOCL |SECT |HIDN |250   |.debug_str
src\app\driver\can\cbs\tx\can_cbs_tx_string-state-estimation.c.1.obj|[76]    |0x00000000|0|LOCL |SECT |HIDN |51    |.text
src\app\driver\can\cbs\tx\can_cbs_tx_string-state-estimation.c.1.obj|[94]    |0x00000000|0|LOCL |SECT |HIDN |69    |.text:__fpclassify
src\app\driver\can\cbs\tx\can_cbs_tx_string-state-estimation.c.1.obj|[93]    |0x00000000|0|LOCL |SECT |HIDN |68    |.text:__fpclassifyf
src\app\driver\can\cbs\tx\can_cbs_tx_string-state-estimation.c.1.obj|[92]    |0x00000000|0|LOCL |SECT |HIDN |67    |.text:__fpclassifyl
src\app\driver\can\cbs\tx\can_cbs_tx_string-state-estimation.c.1.obj|[91]    |0x00000000|0|LOCL |SECT |HIDN |66    |.text:__isfinite
src\app\driver\can\cbs\tx\can_cbs_tx_string-state-estimation.c.1.obj|[90]    |0x00000000|0|LOCL |SECT |HIDN |65    |.text:__isfinitef
src\app\driver\can\cbs\tx\can_cbs_tx_string-state-estimation.c.1.obj|[89]    |0x00000000|0|LOCL |SECT |HIDN |64    |.text:__isfinitel
src\app\driver\can\cbs\tx\can_cbs_tx_string-state-estimation.c.1.obj|[88]    |0x00000000|0|LOCL |SECT |HIDN |63    |.text:__isinf
src\app\driver\can\cbs\tx\can_cbs_tx_string-state-estimation.c.1.obj|[87]    |0x00000000|0|LOCL |SECT |HIDN |62    |.text:__isinff
src\app\driver\can\cbs\tx\can_cbs_tx_string-state-estimation.c.1.obj|[86]    |0x00000000|0|LOCL |SECT |HIDN |61    |.text:__isinfl
src\app\driver\can\cbs\tx\can_cbs_tx_string-state-estimation.c.1.obj|[85]    |0x00000000|0|LOCL |SECT |HIDN |60    |.text:__isnan
src\app\driver\can\cbs\tx\can_cbs_tx_string-state-estimation.c.1.obj|[84]    |0x00000000|0|LOCL |SECT |HIDN |59    |.text:__isnanf
src\app\driver\can\cbs\tx\can_cbs_tx_string-state-estimation.c.1.obj|[83]    |0x00000000|0|LOCL |SECT |HIDN |58    |.text:__isnanl
src\app\driver\can\cbs\tx\can_cbs_tx_string-state-estimation.c.1.obj|[82]    |0x00000000|0|LOCL |SECT |HIDN |57    |.text:__isnormal
src\app\driver\can\cbs\tx\can_cbs_tx_string-state-estimation.c.1.obj|[81]    |0x00000000|0|LOCL |SECT |HIDN |56    |.text:__isnormalf
src\app\driver\can\cbs\tx\can_cbs_tx_string-state-estimation.c.1.obj|[80]    |0x00000000|0|LOCL |SECT |HIDN |55    |.text:__isnormall
src\app\driver\can\cbs\tx\can_cbs_tx_string-state-estimation.c.1.obj|[79]    |0x00000000|0|LOCL |SECT |HIDN |54    |.text:__signbit
src\app\driver\can\cbs\tx\can_cbs_tx_string-state-estimation.c.1.obj|[78]    |0x00000000|0|LOCL |SECT |HIDN |53    |.text:__signbitf
src\app\driver\can\cbs\tx\can_cbs_tx_string-state-estimation.c.1.obj|[77]    |0x00000000|0|LOCL |SECT |HIDN |52    |.text:__signbitl
src\app\driver\can\cbs\tx\can_cbs_tx_string-state-estimation.c.1.obj|[442]   |0x00000000|0|GLOB |NONE |HIDN |UNDEF |BMS_GetCurrentFlowDirection
src\app\driver\can\cbs\tx\can_cbs_tx_string-state-estimation.c.1.obj|[437]   |0x00000000|892|GLOB |FUNC |HIDN |51    |CANTX_StringStateEstimation
src\app\driver\can\cbs\tx\can_cbs_tx_string-state-estimation.c.1.obj|[420]   |0x00000000|0|GLOB |NONE |HIDN |UNDEF |CAN_TxSetCanDataWithMessageData
src\app\driver\can\cbs\tx\can_cbs_tx_string-state-estimation.c.1.obj|[443]   |0x00000000|0|GLOB |NONE |HIDN |UNDEF |CAN_TxSetMessageDataWithSignalData
src\app\driver\can\cbs\tx\can_cbs_tx_string-state-estimation.c.1.obj|[441]   |0x00000000|0|GLOB |NONE |HIDN |UNDEF |FAS_StoreAssertLocation
src\app\driver\can\cbs\tx\can_cbs_tx_string-state-estimation.c.1.obj|[418]   |0x00000000|0|WEAK |FUNC |HIDN |UNDEF |Lib$$Request$$armlib
src\app\driver\can\cbs\tx\can_cbs_tx_string-state-estimation.c.1.obj|[419]   |0x00000000|0|WEAK |FUNC |HIDN |UNDEF |Lib$$Request$$cpplib
src\app\driver\can\cbs\tx\can_cbs_tx_string-state-estimation.c.1.obj|[465]   |0x00000000|0|GLOB |NONE |HIDN |111   |__TI_DW.debug_info.$base_types.a3001db55c69772f4e2efd565078122a
src\app\driver\can\cbs\tx\can_cbs_tx_string-state-estimation.c.1.obj|[461]   |0x00000000|0|GLOB |NONE |HIDN |107   |__TI_DW.debug_info.FreeRTOS.h.04ae4be274fdd73f669237d7bd419fd8
src\app\driver\can\cbs\tx\can_cbs_tx_string-state-estimation.c.1.obj|[474]   |0x00000000|0|GLOB |NONE |HIDN |120   |__TI_DW.debug_info.HL_can.h.1630562fb95cacb7a32f67f6d5e8c788
src\app\driver\can\cbs\tx\can_cbs_tx_string-state-estimation.c.1.obj|[458]   |0x00000000|0|GLOB |NONE |HIDN |104   |__TI_DW.debug_info.HL_hal_stdtypes.h.f6fe50beccb00e10c974b1712ae0460c
src\app\driver\can\cbs\tx\can_cbs_tx_string-state-estimation.c.1.obj|[473]   |0x00000000|0|GLOB |NONE |HIDN |119   |__TI_DW.debug_info.HL_reg_can.h.924d9b21fd38995cf9ce170f66f0f00d
src\app\driver\can\cbs\tx\can_cbs_tx_string-state-estimation.c.1.obj|[472]   |0x00000000|0|GLOB |NONE |HIDN |118   |__TI_DW.debug_info.HL_sys_common.h.e8daada136d191dca44e4b47f4729313
src\app\driver\can\cbs\tx\can_cbs_tx_string-state-estimation.c.1.obj|[469]   |0x00000000|0|GLOB |NONE |HIDN |115   |__TI_DW.debug_info._stdint.h.55dc0724062de24f6648c36a36931c9a
src\app\driver\can\cbs\tx\can_cbs_tx_string-state-estimation.c.1.obj|[456]   |0x00000000|0|GLOB |NONE |HIDN |102   |__TI_DW.debug_info._types.h.59562a94a523b27bdcf6ba60164276f0
src\app\driver\can\cbs\tx\can_cbs_tx_string-state-estimation.c.1.obj|[467]   |0x00000000|0|GLOB |NONE |HIDN |113   |__TI_DW.debug_info._types.h.62a9317002fb36f2a0c7d45aa6f41cd3
src\app\driver\can\cbs\tx\can_cbs_tx_string-state-estimation.c.1.obj|[448]   |0x00000000|0|GLOB |NONE |HIDN |94    |__TI_DW.debug_info.battery_system_cfg.h.0d4bf392593ad8c7424a2b56147ab1c8
src\app\driver\can\cbs\tx\can_cbs_tx_string-state-estimation.c.1.obj|[449]   |0x00000000|0|GLOB |NONE |HIDN |95    |__TI_DW.debug_info.bms.h.fcac313e7fece0a657185e89ba9af49e
src\app\driver\can\cbs\tx\can_cbs_tx_string-state-estimation.c.1.obj|[444]   |0x00000000|0|GLOB |NONE |HIDN |90    |__TI_DW.debug_info.can_cfg.h.dcfe6b6a0c4b145e8995202949a5dce4
src\app\driver\can\cbs\tx\can_cbs_tx_string-state-estimation.c.1.obj|[459]   |0x00000000|0|GLOB |NONE |HIDN |105   |__TI_DW.debug_info.can_helper.h.7f3fd7e7338f5861166565c890027b84
src\app\driver\can\cbs\tx\can_cbs_tx_string-state-estimation.c.1.obj|[447]   |0x00000000|0|GLOB |NONE |HIDN |93    |__TI_DW.debug_info.contactor_cfg.h.477cd96064fdff34e6dc6c2f5cbe7f7c
src\app\driver\can\cbs\tx\can_cbs_tx_string-state-estimation.c.1.obj|[451]   |0x00000000|0|GLOB |NONE |HIDN |97    |__TI_DW.debug_info.database.h.8375bc513bfbcb2ca5a182379d78bf12
src\app\driver\can\cbs\tx\can_cbs_tx_string-state-estimation.c.1.obj|[445]   |0x00000000|0|GLOB |NONE |HIDN |91    |__TI_DW.debug_info.database_cfg.h.f906c4dd07ebafd1cbb04cd9a5d8f73a
src\app\driver\can\cbs\tx\can_cbs_tx_string-state-estimation.c.1.obj|[453]   |0x00000000|0|GLOB |NONE |HIDN |99    |__TI_DW.debug_info.diag.h.2dd585e2425af65e825e83e0b2f8299d
src\app\driver\can\cbs\tx\can_cbs_tx_string-state-estimation.c.1.obj|[452]   |0x00000000|0|GLOB |NONE |HIDN |98    |__TI_DW.debug_info.diag_cfg.h.e7a813b80aca141ada97b819c1b25b3c
src\app\driver\can\cbs\tx\can_cbs_tx_string-state-estimation.c.1.obj|[457]   |0x00000000|0|GLOB |NONE |HIDN |103   |__TI_DW.debug_info.fassert.h.0b7b2882a1c517594159c37868ac3e58
src\app\driver\can\cbs\tx\can_cbs_tx_string-state-estimation.c.1.obj|[450]   |0x00000000|0|GLOB |NONE |HIDN |96    |__TI_DW.debug_info.fstd_types.h.1d46766ec8ec487eaf2fab650eb7b69f
src\app\driver\can\cbs\tx\can_cbs_tx_string-state-estimation.c.1.obj|[475]   |0x00000000|0|GLOB |NONE |HIDN |121   |__TI_DW.debug_info.list.h.4d6d03950ec964682d1452032bc583c0
src\app\driver\can\cbs\tx\can_cbs_tx_string-state-estimation.c.1.obj|[471]   |0x00000000|0|GLOB |NONE |HIDN |117   |__TI_DW.debug_info.math.h.13c7f3b9a83b668b2d889e035795d0ae
src\app\driver\can\cbs\tx\can_cbs_tx_string-state-estimation.c.1.obj|[446]   |0x00000000|0|GLOB |NONE |HIDN |92    |__TI_DW.debug_info.os.h.41398224f6b5d0f5c3f79f50da01e755
src\app\driver\can\cbs\tx\can_cbs_tx_string-state-estimation.c.1.obj|[462]   |0x00000000|0|GLOB |NONE |HIDN |108   |__TI_DW.debug_info.portable.h.c0bc1a9dbc14fbad9a0d50cf4c508b48
src\app\driver\can\cbs\tx\can_cbs_tx_string-state-estimation.c.1.obj|[463]   |0x00000000|0|GLOB |NONE |HIDN |109   |__TI_DW.debug_info.portmacro.h.27a49087feeaefca4aa91ed2620167d4
src\app\driver\can\cbs\tx\can_cbs_tx_string-state-estimation.c.1.obj|[466]   |0x00000000|0|GLOB |NONE |HIDN |112   |__TI_DW.debug_info.projdefs.h.5856c2ba92afc82b3ee8e01784625b26
src\app\driver\can\cbs\tx\can_cbs_tx_string-state-estimation.c.1.obj|[464]   |0x00000000|0|GLOB |NONE |HIDN |110   |__TI_DW.debug_info.queue.h.4395c51deb74aa560f9a5fb5d2d2ba23
src\app\driver\can\cbs\tx\can_cbs_tx_string-state-estimation.c.1.obj|[455]   |0x00000000|0|GLOB |NONE |HIDN |101   |__TI_DW.debug_info.sps_types.h.64f048f9255ea587a5d04bff49a64c25
src\app\driver\can\cbs\tx\can_cbs_tx_string-state-estimation.c.1.obj|[470]   |0x00000000|0|GLOB |NONE |HIDN |116   |__TI_DW.debug_info.stddef.h.3995acaf97b16aff113f2eef85fc0668
src\app\driver\can\cbs\tx\can_cbs_tx_string-state-estimation.c.1.obj|[468]   |0x00000000|0|GLOB |NONE |HIDN |114   |__TI_DW.debug_info.stdint.h.ad4b679dbce029afdbcc9a8c662c70ff
src\app\driver\can\cbs\tx\can_cbs_tx_string-state-estimation.c.1.obj|[460]   |0x00000000|0|GLOB |NONE |HIDN |106   |__TI_DW.debug_info.stdlib.h.ac2c69815a1a68a7badf152f1671e101
src\app\driver\can\cbs\tx\can_cbs_tx_string-state-estimation.c.1.obj|[454]   |0x00000000|0|GLOB |NONE |HIDN |100   |__TI_DW.debug_info.task.h.10d8fb1d269a36a83fc81a7c5881d7b4
src\app\driver\can\cbs\tx\can_cbs_tx_string-state-estimation.c.1.obj|[438]   |0x00000000|0|GLOB |NONE |HIDN |UNDEF |__aeabi_f2lz
src\app\driver\can\cbs\tx\can_cbs_tx_string-state-estimation.c.1.obj|[439]   |0x00000000|228|GLOB |FUNC |HIDN |69    |__fpclassify
src\app\driver\can\cbs\tx\can_cbs_tx_string-state-estimation.c.1.obj|[95]    |0x00000000|0|LOCL |SECT |HIDN |1     |__fpclassify
src\app\driver\can\cbs\tx\can_cbs_tx_string-state-estimation.c.1.obj|[431]   |0x00000000|100|GLOB |FUNC |HIDN |68    |__fpclassifyf
src\app\driver\can\cbs\tx\can_cbs_tx_string-state-estimation.c.1.obj|[96]    |0x00000000|0|LOCL |SECT |HIDN |2     |__fpclassifyf
src\app\driver\can\cbs\tx\can_cbs_tx_string-state-estimation.c.1.obj|[430]   |0x00000000|228|GLOB |FUNC |HIDN |67    |__fpclassifyl
src\app\driver\can\cbs\tx\can_cbs_tx_string-state-estimation.c.1.obj|[97]    |0x00000000|0|LOCL |SECT |HIDN |3     |__fpclassifyl
src\app\driver\can\cbs\tx\can_cbs_tx_string-state-estimation.c.1.obj|[98]    |0x00000000|0|LOCL |SECT |HIDN |4     |__isfinite
src\app\driver\can\cbs\tx\can_cbs_tx_string-state-estimation.c.1.obj|[436]   |0x00000000|36|GLOB |FUNC |HIDN |66    |__isfinite
src\app\driver\can\cbs\tx\can_cbs_tx_string-state-estimation.c.1.obj|[425]   |0x00000000|32|GLOB |FUNC |HIDN |65    |__isfinitef
src\app\driver\can\cbs\tx\can_cbs_tx_string-state-estimation.c.1.obj|[99]    |0x00000000|0|LOCL |SECT |HIDN |5     |__isfinitef
src\app\driver\can\cbs\tx\can_cbs_tx_string-state-estimation.c.1.obj|[424]   |0x00000000|36|GLOB |FUNC |HIDN |64    |__isfinitel
src\app\driver\can\cbs\tx\can_cbs_tx_string-state-estimation.c.1.obj|[100]   |0x00000000|0|LOCL |SECT |HIDN |6     |__isfinitel
src\app\driver\can\cbs\tx\can_cbs_tx_string-state-estimation.c.1.obj|[434]   |0x00000000|100|GLOB |FUNC |HIDN |63    |__isinf
src\app\driver\can\cbs\tx\can_cbs_tx_string-state-estimation.c.1.obj|[101]   |0x00000000|0|LOCL |SECT |HIDN |7     |__isinf
src\app\driver\can\cbs\tx\can_cbs_tx_string-state-estimation.c.1.obj|[432]   |0x00000000|44|GLOB |FUNC |HIDN |62    |__isinff
src\app\driver\can\cbs\tx\can_cbs_tx_string-state-estimation.c.1.obj|[102]   |0x00000000|0|LOCL |SECT |HIDN |8     |__isinff
src\app\driver\can\cbs\tx\can_cbs_tx_string-state-estimation.c.1.obj|[103]   |0x00000000|0|LOCL |SECT |HIDN |9     |__isinfl
src\app\driver\can\cbs\tx\can_cbs_tx_string-state-estimation.c.1.obj|[433]   |0x00000000|100|GLOB |FUNC |HIDN |61    |__isinfl
src\app\driver\can\cbs\tx\can_cbs_tx_string-state-estimation.c.1.obj|[104]   |0x00000000|0|LOCL |SECT |HIDN |10    |__isnan
src\app\driver\can\cbs\tx\can_cbs_tx_string-state-estimation.c.1.obj|[435]   |0x00000000|100|GLOB |FUNC |HIDN |60    |__isnan
src\app\driver\can\cbs\tx\can_cbs_tx_string-state-estimation.c.1.obj|[428]   |0x00000000|44|GLOB |FUNC |HIDN |59    |__isnanf
src\app\driver\can\cbs\tx\can_cbs_tx_string-state-estimation.c.1.obj|[105]   |0x00000000|0|LOCL |SECT |HIDN |11    |__isnanf
src\app\driver\can\cbs\tx\can_cbs_tx_string-state-estimation.c.1.obj|[106]   |0x00000000|0|LOCL |SECT |HIDN |12    |__isnanl
src\app\driver\can\cbs\tx\can_cbs_tx_string-state-estimation.c.1.obj|[429]   |0x00000000|100|GLOB |FUNC |HIDN |58    |__isnanl
src\app\driver\can\cbs\tx\can_cbs_tx_string-state-estimation.c.1.obj|[107]   |0x00000000|0|LOCL |SECT |HIDN |13    |__isnormal
src\app\driver\can\cbs\tx\can_cbs_tx_string-state-estimation.c.1.obj|[440]   |0x00000000|84|GLOB |FUNC |HIDN |57    |__isnormal
src\app\driver\can\cbs\tx\can_cbs_tx_string-state-estimation.c.1.obj|[423]   |0x00000000|48|GLOB |FUNC |HIDN |56    |__isnormalf
src\app\driver\can\cbs\tx\can_cbs_tx_string-state-estimation.c.1.obj|[108]   |0x00000000|0|LOCL |SECT |HIDN |14    |__isnormalf
src\app\driver\can\cbs\tx\can_cbs_tx_string-state-estimation.c.1.obj|[422]   |0x00000000|84|GLOB |FUNC |HIDN |55    |__isnormall
src\app\driver\can\cbs\tx\can_cbs_tx_string-state-estimation.c.1.obj|[109]   |0x00000000|0|LOCL |SECT |HIDN |15    |__isnormall
src\app\driver\can\cbs\tx\can_cbs_tx_string-state-estimation.c.1.obj|[421]   |0x00000000|52|GLOB |FUNC |HIDN |54    |__signbit
src\app\driver\can\cbs\tx\can_cbs_tx_string-state-estimation.c.1.obj|[110]   |0x00000000|0|LOCL |SECT |HIDN |16    |__signbit
src\app\driver\can\cbs\tx\can_cbs_tx_string-state-estimation.c.1.obj|[111]   |0x00000000|0|LOCL |SECT |HIDN |17    |__signbitf
src\app\driver\can\cbs\tx\can_cbs_tx_string-state-estimation.c.1.obj|[427]   |0x00000000|12|GLOB |FUNC |HIDN |53    |__signbitf
src\app\driver\can\cbs\tx\can_cbs_tx_string-state-estimation.c.1.obj|[112]   |0x00000000|0|LOCL |SECT |HIDN |18    |__signbitl
src\app\driver\can\cbs\tx\can_cbs_tx_string-state-estimation.c.1.obj|[426]   |0x00000000|52|GLOB |FUNC |HIDN |52    |__signbitl
src\app\driver\can\cbs\tx\can_cbs_tx_string-state-estimation.c.1.obj|[1]     |0x00000000|0|LOCL |FILE |HIDN |ABS   |{02CC440E-B82B-41FE-B7C7-822FD51820CF}
