
file            [index]  value      size  bind  type  vis   shndx  symbol name 

src\app\application\redundancy\redundancy.c.1.obj|[0]     |0x00000000|0|LOCL |NONE |DFLT |UNDEF |
src\app\application\redundancy\redundancy.c.1.obj|[156]   |0x00000ee4|0|LOCL |FUNC |HIDN |46    |$C$CON1
src\app\application\redundancy\redundancy.c.1.obj|[191]   |0x000011cc|0|LOCL |FUNC |HIDN |46    |$C$CON10
src\app\application\redundancy\redundancy.c.1.obj|[192]   |0x000011d0|0|LOCL |FUNC |HIDN |46    |$C$CON11
src\app\application\redundancy\redundancy.c.1.obj|[193]   |0x000011d4|0|LOCL |FUNC |HIDN |46    |$C$CON12
src\app\application\redundancy\redundancy.c.1.obj|[212]   |0x00001568|0|LOCL |FUNC |HIDN |46    |$C$CON13
src\app\application\redundancy\redundancy.c.1.obj|[213]   |0x0000156c|0|LOCL |FUNC |HIDN |46    |$C$CON14
src\app\application\redundancy\redundancy.c.1.obj|[214]   |0x00001570|0|LOCL |FUNC |HIDN |46    |$C$CON15
src\app\application\redundancy\redundancy.c.1.obj|[215]   |0x00001574|0|LOCL |FUNC |HIDN |46    |$C$CON16
src\app\application\redundancy\redundancy.c.1.obj|[216]   |0x00001578|0|LOCL |FUNC |HIDN |46    |$C$CON17
src\app\application\redundancy\redundancy.c.1.obj|[217]   |0x0000157c|0|LOCL |FUNC |HIDN |46    |$C$CON18
src\app\application\redundancy\redundancy.c.1.obj|[218]   |0x00001580|0|LOCL |FUNC |HIDN |46    |$C$CON19
src\app\application\redundancy\redundancy.c.1.obj|[157]   |0x00000ee8|0|LOCL |FUNC |HIDN |46    |$C$CON2
src\app\application\redundancy\redundancy.c.1.obj|[219]   |0x00001584|0|LOCL |FUNC |HIDN |46    |$C$CON20
src\app\application\redundancy\redundancy.c.1.obj|[220]   |0x00001588|0|LOCL |FUNC |HIDN |46    |$C$CON21
src\app\application\redundancy\redundancy.c.1.obj|[275]   |0x00001b60|0|LOCL |FUNC |HIDN |46    |$C$CON22
src\app\application\redundancy\redundancy.c.1.obj|[276]   |0x00001b64|0|LOCL |FUNC |HIDN |46    |$C$CON23
src\app\application\redundancy\redundancy.c.1.obj|[277]   |0x00001b68|0|LOCL |FUNC |HIDN |46    |$C$CON24
src\app\application\redundancy\redundancy.c.1.obj|[278]   |0x00001b6c|0|LOCL |FUNC |HIDN |46    |$C$CON25
src\app\application\redundancy\redundancy.c.1.obj|[279]   |0x00001b70|0|LOCL |FUNC |HIDN |46    |$C$CON26
src\app\application\redundancy\redundancy.c.1.obj|[280]   |0x00001b74|0|LOCL |FUNC |HIDN |46    |$C$CON27
src\app\application\redundancy\redundancy.c.1.obj|[281]   |0x00001b78|0|LOCL |FUNC |HIDN |46    |$C$CON28
src\app\application\redundancy\redundancy.c.1.obj|[282]   |0x00001b7c|0|LOCL |FUNC |HIDN |46    |$C$CON29
src\app\application\redundancy\redundancy.c.1.obj|[158]   |0x00000eec|0|LOCL |FUNC |HIDN |46    |$C$CON3
src\app\application\redundancy\redundancy.c.1.obj|[283]   |0x00001b80|0|LOCL |FUNC |HIDN |46    |$C$CON30
src\app\application\redundancy\redundancy.c.1.obj|[284]   |0x00001b84|0|LOCL |FUNC |HIDN |46    |$C$CON31
src\app\application\redundancy\redundancy.c.1.obj|[285]   |0x00001b88|0|LOCL |FUNC |HIDN |46    |$C$CON32
src\app\application\redundancy\redundancy.c.1.obj|[286]   |0x00001b8c|0|LOCL |FUNC |HIDN |46    |$C$CON33
src\app\application\redundancy\redundancy.c.1.obj|[287]   |0x00001b90|0|LOCL |FUNC |HIDN |46    |$C$CON34
src\app\application\redundancy\redundancy.c.1.obj|[288]   |0x00001b94|0|LOCL |FUNC |HIDN |46    |$C$CON35
src\app\application\redundancy\redundancy.c.1.obj|[159]   |0x00000ef0|0|LOCL |FUNC |HIDN |46    |$C$CON4
src\app\application\redundancy\redundancy.c.1.obj|[180]   |0x00001144|0|LOCL |FUNC |HIDN |46    |$C$CON5
src\app\application\redundancy\redundancy.c.1.obj|[187]   |0x000011bc|0|LOCL |FUNC |HIDN |46    |$C$CON6
src\app\application\redundancy\redundancy.c.1.obj|[188]   |0x000011c0|0|LOCL |FUNC |HIDN |46    |$C$CON7
src\app\application\redundancy\redundancy.c.1.obj|[189]   |0x000011c4|0|LOCL |FUNC |HIDN |46    |$C$CON8
src\app\application\redundancy\redundancy.c.1.obj|[190]   |0x000011c8|0|LOCL |FUNC |HIDN |46    |$C$CON9
src\app\application\redundancy\redundancy.c.1.obj|[236]   |0x0000178c|0|LOCL |FUNC |HIDN |46    |$C$FL1
src\app\application\redundancy\redundancy.c.1.obj|[12]    |0x00000028|0|LOCL |FUNC |HIDN |57    |$C$L1
src\app\application\redundancy\redundancy.c.1.obj|[21]    |0x00000058|0|LOCL |FUNC |HIDN |63    |$C$L10
src\app\application\redundancy\redundancy.c.1.obj|[120]   |0x00000850|0|LOCL |FUNC |HIDN |46    |$C$L100
src\app\application\redundancy\redundancy.c.1.obj|[121]   |0x00000888|0|LOCL |FUNC |HIDN |46    |$C$L101
src\app\application\redundancy\redundancy.c.1.obj|[122]   |0x000008c4|0|LOCL |FUNC |HIDN |46    |$C$L102
src\app\application\redundancy\redundancy.c.1.obj|[123]   |0x0000098c|0|LOCL |FUNC |HIDN |46    |$C$L103
src\app\application\redundancy\redundancy.c.1.obj|[124]   |0x000009cc|0|LOCL |FUNC |HIDN |46    |$C$L104
src\app\application\redundancy\redundancy.c.1.obj|[125]   |0x00000a04|0|LOCL |FUNC |HIDN |46    |$C$L105
src\app\application\redundancy\redundancy.c.1.obj|[126]   |0x00000a40|0|LOCL |FUNC |HIDN |46    |$C$L106
src\app\application\redundancy\redundancy.c.1.obj|[127]   |0x00000adc|0|LOCL |FUNC |HIDN |46    |$C$L107
src\app\application\redundancy\redundancy.c.1.obj|[128]   |0x00000b70|0|LOCL |FUNC |HIDN |46    |$C$L108
src\app\application\redundancy\redundancy.c.1.obj|[129]   |0x00000c04|0|LOCL |FUNC |HIDN |46    |$C$L109
src\app\application\redundancy\redundancy.c.1.obj|[22]    |0x00000060|0|LOCL |FUNC |HIDN |63    |$C$L11
src\app\application\redundancy\redundancy.c.1.obj|[130]   |0x00000c14|0|LOCL |FUNC |HIDN |46    |$C$L110
src\app\application\redundancy\redundancy.c.1.obj|[131]   |0x00000c24|0|LOCL |FUNC |HIDN |46    |$C$L111
src\app\application\redundancy\redundancy.c.1.obj|[132]   |0x00000c64|0|LOCL |FUNC |HIDN |46    |$C$L112
src\app\application\redundancy\redundancy.c.1.obj|[133]   |0x00000c78|0|LOCL |FUNC |HIDN |46    |$C$L113
src\app\application\redundancy\redundancy.c.1.obj|[134]   |0x00000c7c|0|LOCL |FUNC |HIDN |46    |$C$L114
src\app\application\redundancy\redundancy.c.1.obj|[135]   |0x00000c90|0|LOCL |FUNC |HIDN |46    |$C$L115
src\app\application\redundancy\redundancy.c.1.obj|[136]   |0x00000c94|0|LOCL |FUNC |HIDN |46    |$C$L116
src\app\application\redundancy\redundancy.c.1.obj|[137]   |0x00000ca8|0|LOCL |FUNC |HIDN |46    |$C$L117
src\app\application\redundancy\redundancy.c.1.obj|[138]   |0x00000cac|0|LOCL |FUNC |HIDN |46    |$C$L118
src\app\application\redundancy\redundancy.c.1.obj|[140]   |0x00000ce0|0|LOCL |FUNC |HIDN |46    |$C$L119
src\app\application\redundancy\redundancy.c.1.obj|[23]    |0x00000028|0|LOCL |FUNC |HIDN |64    |$C$L12
src\app\application\redundancy\redundancy.c.1.obj|[141]   |0x00000d0c|0|LOCL |FUNC |HIDN |46    |$C$L120
src\app\application\redundancy\redundancy.c.1.obj|[142]   |0x00000d18|0|LOCL |FUNC |HIDN |46    |$C$L121
src\app\application\redundancy\redundancy.c.1.obj|[143]   |0x00000d48|0|LOCL |FUNC |HIDN |46    |$C$L122
src\app\application\redundancy\redundancy.c.1.obj|[144]   |0x00000dbc|0|LOCL |FUNC |HIDN |46    |$C$L123
src\app\application\redundancy\redundancy.c.1.obj|[145]   |0x00000e08|0|LOCL |FUNC |HIDN |46    |$C$L124
src\app\application\redundancy\redundancy.c.1.obj|[146]   |0x00000e0c|0|LOCL |FUNC |HIDN |46    |$C$L125
src\app\application\redundancy\redundancy.c.1.obj|[147]   |0x00000e1c|0|LOCL |FUNC |HIDN |46    |$C$L126
src\app\application\redundancy\redundancy.c.1.obj|[148]   |0x00000e2c|0|LOCL |FUNC |HIDN |46    |$C$L127
src\app\application\redundancy\redundancy.c.1.obj|[149]   |0x00000e8c|0|LOCL |FUNC |HIDN |46    |$C$L128
src\app\application\redundancy\redundancy.c.1.obj|[150]   |0x00000e98|0|LOCL |FUNC |HIDN |46    |$C$L129
src\app\application\redundancy\redundancy.c.1.obj|[24]    |0x00000058|0|LOCL |FUNC |HIDN |65    |$C$L13
src\app\application\redundancy\redundancy.c.1.obj|[151]   |0x00000eac|0|LOCL |FUNC |HIDN |46    |$C$L130
src\app\application\redundancy\redundancy.c.1.obj|[152]   |0x00000ec0|0|LOCL |FUNC |HIDN |46    |$C$L131
src\app\application\redundancy\redundancy.c.1.obj|[153]   |0x00000ec4|0|LOCL |FUNC |HIDN |46    |$C$L132
src\app\application\redundancy\redundancy.c.1.obj|[154]   |0x00000ed8|0|LOCL |FUNC |HIDN |46    |$C$L133
src\app\application\redundancy\redundancy.c.1.obj|[155]   |0x00000edc|0|LOCL |FUNC |HIDN |46    |$C$L134
src\app\application\redundancy\redundancy.c.1.obj|[161]   |0x00000f60|0|LOCL |FUNC |HIDN |46    |$C$L135
src\app\application\redundancy\redundancy.c.1.obj|[162]   |0x00000f78|0|LOCL |FUNC |HIDN |46    |$C$L136
src\app\application\redundancy\redundancy.c.1.obj|[163]   |0x00000f94|0|LOCL |FUNC |HIDN |46    |$C$L137
src\app\application\redundancy\redundancy.c.1.obj|[164]   |0x00000fd4|0|LOCL |FUNC |HIDN |46    |$C$L138
src\app\application\redundancy\redundancy.c.1.obj|[165]   |0x00000fec|0|LOCL |FUNC |HIDN |46    |$C$L139
src\app\application\redundancy\redundancy.c.1.obj|[25]    |0x00000060|0|LOCL |FUNC |HIDN |65    |$C$L14
src\app\application\redundancy\redundancy.c.1.obj|[166]   |0x00001018|0|LOCL |FUNC |HIDN |46    |$C$L140
src\app\application\redundancy\redundancy.c.1.obj|[167]   |0x00001034|0|LOCL |FUNC |HIDN |46    |$C$L141
src\app\application\redundancy\redundancy.c.1.obj|[168]   |0x00001044|0|LOCL |FUNC |HIDN |46    |$C$L142
src\app\application\redundancy\redundancy.c.1.obj|[169]   |0x00001078|0|LOCL |FUNC |HIDN |46    |$C$L143
src\app\application\redundancy\redundancy.c.1.obj|[170]   |0x0000108c|0|LOCL |FUNC |HIDN |46    |$C$L144
src\app\application\redundancy\redundancy.c.1.obj|[171]   |0x00001090|0|LOCL |FUNC |HIDN |46    |$C$L145
src\app\application\redundancy\redundancy.c.1.obj|[172]   |0x000010ac|0|LOCL |FUNC |HIDN |46    |$C$L146
src\app\application\redundancy\redundancy.c.1.obj|[173]   |0x000010d0|0|LOCL |FUNC |HIDN |46    |$C$L147
src\app\application\redundancy\redundancy.c.1.obj|[174]   |0x00001108|0|LOCL |FUNC |HIDN |46    |$C$L148
src\app\application\redundancy\redundancy.c.1.obj|[175]   |0x00001110|0|LOCL |FUNC |HIDN |46    |$C$L149
src\app\application\redundancy\redundancy.c.1.obj|[26]    |0x00000058|0|LOCL |FUNC |HIDN |66    |$C$L15
src\app\application\redundancy\redundancy.c.1.obj|[176]   |0x00001124|0|LOCL |FUNC |HIDN |46    |$C$L150
src\app\application\redundancy\redundancy.c.1.obj|[177]   |0x00001128|0|LOCL |FUNC |HIDN |46    |$C$L151
src\app\application\redundancy\redundancy.c.1.obj|[178]   |0x0000113c|0|LOCL |FUNC |HIDN |46    |$C$L152
src\app\application\redundancy\redundancy.c.1.obj|[179]   |0x00001140|0|LOCL |FUNC |HIDN |46    |$C$L153
src\app\application\redundancy\redundancy.c.1.obj|[182]   |0x00001184|0|LOCL |FUNC |HIDN |46    |$C$L154
src\app\application\redundancy\redundancy.c.1.obj|[183]   |0x00001198|0|LOCL |FUNC |HIDN |46    |$C$L155
src\app\application\redundancy\redundancy.c.1.obj|[184]   |0x0000119c|0|LOCL |FUNC |HIDN |46    |$C$L156
src\app\application\redundancy\redundancy.c.1.obj|[185]   |0x000011b0|0|LOCL |FUNC |HIDN |46    |$C$L157
src\app\application\redundancy\redundancy.c.1.obj|[186]   |0x000011b4|0|LOCL |FUNC |HIDN |46    |$C$L158
src\app\application\redundancy\redundancy.c.1.obj|[195]   |0x00001210|0|LOCL |FUNC |HIDN |46    |$C$L159
src\app\application\redundancy\redundancy.c.1.obj|[27]    |0x00000060|0|LOCL |FUNC |HIDN |66    |$C$L16
src\app\application\redundancy\redundancy.c.1.obj|[196]   |0x0000121c|0|LOCL |FUNC |HIDN |46    |$C$L160
src\app\application\redundancy\redundancy.c.1.obj|[197]   |0x00001228|0|LOCL |FUNC |HIDN |46    |$C$L161
src\app\application\redundancy\redundancy.c.1.obj|[198]   |0x00001300|0|LOCL |FUNC |HIDN |46    |$C$L162
src\app\application\redundancy\redundancy.c.1.obj|[199]   |0x0000132c|0|LOCL |FUNC |HIDN |46    |$C$L163
src\app\application\redundancy\redundancy.c.1.obj|[200]   |0x000013d4|0|LOCL |FUNC |HIDN |46    |$C$L164
src\app\application\redundancy\redundancy.c.1.obj|[201]   |0x00001458|0|LOCL |FUNC |HIDN |46    |$C$L165
src\app\application\redundancy\redundancy.c.1.obj|[202]   |0x000014c4|0|LOCL |FUNC |HIDN |46    |$C$L166
src\app\application\redundancy\redundancy.c.1.obj|[203]   |0x000014d4|0|LOCL |FUNC |HIDN |46    |$C$L167
src\app\application\redundancy\redundancy.c.1.obj|[204]   |0x000014e4|0|LOCL |FUNC |HIDN |46    |$C$L168
src\app\application\redundancy\redundancy.c.1.obj|[205]   |0x0000151c|0|LOCL |FUNC |HIDN |46    |$C$L169
src\app\application\redundancy\redundancy.c.1.obj|[28]    |0x00000028|0|LOCL |FUNC |HIDN |67    |$C$L17
src\app\application\redundancy\redundancy.c.1.obj|[206]   |0x00001530|0|LOCL |FUNC |HIDN |46    |$C$L170
src\app\application\redundancy\redundancy.c.1.obj|[207]   |0x00001534|0|LOCL |FUNC |HIDN |46    |$C$L171
src\app\application\redundancy\redundancy.c.1.obj|[208]   |0x00001548|0|LOCL |FUNC |HIDN |46    |$C$L172
src\app\application\redundancy\redundancy.c.1.obj|[209]   |0x0000154c|0|LOCL |FUNC |HIDN |46    |$C$L173
src\app\application\redundancy\redundancy.c.1.obj|[210]   |0x00001560|0|LOCL |FUNC |HIDN |46    |$C$L174
src\app\application\redundancy\redundancy.c.1.obj|[211]   |0x00001564|0|LOCL |FUNC |HIDN |46    |$C$L175
src\app\application\redundancy\redundancy.c.1.obj|[222]   |0x000015ac|0|LOCL |FUNC |HIDN |46    |$C$L176
src\app\application\redundancy\redundancy.c.1.obj|[223]   |0x000015d8|0|LOCL |FUNC |HIDN |46    |$C$L177
src\app\application\redundancy\redundancy.c.1.obj|[224]   |0x000015e4|0|LOCL |FUNC |HIDN |46    |$C$L178
src\app\application\redundancy\redundancy.c.1.obj|[225]   |0x00001678|0|LOCL |FUNC |HIDN |46    |$C$L179
src\app\application\redundancy\redundancy.c.1.obj|[29]    |0x00000058|0|LOCL |FUNC |HIDN |68    |$C$L18
src\app\application\redundancy\redundancy.c.1.obj|[226]   |0x000016c0|0|LOCL |FUNC |HIDN |46    |$C$L180
src\app\application\redundancy\redundancy.c.1.obj|[227]   |0x000016d0|0|LOCL |FUNC |HIDN |46    |$C$L181
src\app\application\redundancy\redundancy.c.1.obj|[228]   |0x000016e0|0|LOCL |FUNC |HIDN |46    |$C$L182
src\app\application\redundancy\redundancy.c.1.obj|[229]   |0x00001738|0|LOCL |FUNC |HIDN |46    |$C$L183
src\app\application\redundancy\redundancy.c.1.obj|[230]   |0x0000173c|0|LOCL |FUNC |HIDN |46    |$C$L184
src\app\application\redundancy\redundancy.c.1.obj|[231]   |0x00001758|0|LOCL |FUNC |HIDN |46    |$C$L185
src\app\application\redundancy\redundancy.c.1.obj|[232]   |0x0000176c|0|LOCL |FUNC |HIDN |46    |$C$L186
src\app\application\redundancy\redundancy.c.1.obj|[233]   |0x00001770|0|LOCL |FUNC |HIDN |46    |$C$L187
src\app\application\redundancy\redundancy.c.1.obj|[234]   |0x00001784|0|LOCL |FUNC |HIDN |46    |$C$L188
src\app\application\redundancy\redundancy.c.1.obj|[235]   |0x00001788|0|LOCL |FUNC |HIDN |46    |$C$L189
src\app\application\redundancy\redundancy.c.1.obj|[30]    |0x00000060|0|LOCL |FUNC |HIDN |68    |$C$L19
src\app\application\redundancy\redundancy.c.1.obj|[238]   |0x000017fc|0|LOCL |FUNC |HIDN |46    |$C$L190
src\app\application\redundancy\redundancy.c.1.obj|[239]   |0x00001814|0|LOCL |FUNC |HIDN |46    |$C$L191
src\app\application\redundancy\redundancy.c.1.obj|[240]   |0x00001830|0|LOCL |FUNC |HIDN |46    |$C$L192
src\app\application\redundancy\redundancy.c.1.obj|[241]   |0x00001870|0|LOCL |FUNC |HIDN |46    |$C$L193
src\app\application\redundancy\redundancy.c.1.obj|[242]   |0x00001888|0|LOCL |FUNC |HIDN |46    |$C$L194
src\app\application\redundancy\redundancy.c.1.obj|[243]   |0x000018b4|0|LOCL |FUNC |HIDN |46    |$C$L195
src\app\application\redundancy\redundancy.c.1.obj|[244]   |0x000018d0|0|LOCL |FUNC |HIDN |46    |$C$L196
src\app\application\redundancy\redundancy.c.1.obj|[245]   |0x000018e0|0|LOCL |FUNC |HIDN |46    |$C$L197
src\app\application\redundancy\redundancy.c.1.obj|[246]   |0x00001914|0|LOCL |FUNC |HIDN |46    |$C$L198
src\app\application\redundancy\redundancy.c.1.obj|[247]   |0x00001928|0|LOCL |FUNC |HIDN |46    |$C$L199
src\app\application\redundancy\redundancy.c.1.obj|[13]    |0x00000030|0|LOCL |FUNC |HIDN |57    |$C$L2
src\app\application\redundancy\redundancy.c.1.obj|[31]    |0x00000020|0|LOCL |FUNC |HIDN |69    |$C$L20
src\app\application\redundancy\redundancy.c.1.obj|[248]   |0x0000192c|0|LOCL |FUNC |HIDN |46    |$C$L200
src\app\application\redundancy\redundancy.c.1.obj|[249]   |0x00001948|0|LOCL |FUNC |HIDN |46    |$C$L201
src\app\application\redundancy\redundancy.c.1.obj|[250]   |0x0000196c|0|LOCL |FUNC |HIDN |46    |$C$L202
src\app\application\redundancy\redundancy.c.1.obj|[251]   |0x000019a4|0|LOCL |FUNC |HIDN |46    |$C$L203
src\app\application\redundancy\redundancy.c.1.obj|[252]   |0x000019ac|0|LOCL |FUNC |HIDN |46    |$C$L204
src\app\application\redundancy\redundancy.c.1.obj|[253]   |0x000019c0|0|LOCL |FUNC |HIDN |46    |$C$L205
src\app\application\redundancy\redundancy.c.1.obj|[254]   |0x000019c4|0|LOCL |FUNC |HIDN |46    |$C$L206
src\app\application\redundancy\redundancy.c.1.obj|[255]   |0x000019d8|0|LOCL |FUNC |HIDN |46    |$C$L207
src\app\application\redundancy\redundancy.c.1.obj|[256]   |0x000019dc|0|LOCL |FUNC |HIDN |46    |$C$L208
src\app\application\redundancy\redundancy.c.1.obj|[257]   |0x00001a48|0|LOCL |FUNC |HIDN |46    |$C$L209
src\app\application\redundancy\redundancy.c.1.obj|[32]    |0x0000001c|0|LOCL |FUNC |HIDN |70    |$C$L21
src\app\application\redundancy\redundancy.c.1.obj|[258]   |0x00001a60|0|LOCL |FUNC |HIDN |46    |$C$L210
src\app\application\redundancy\redundancy.c.1.obj|[259]   |0x00001a70|0|LOCL |FUNC |HIDN |46    |$C$L211
src\app\application\redundancy\redundancy.c.1.obj|[260]   |0x00001a7c|0|LOCL |FUNC |HIDN |46    |$C$L212
src\app\application\redundancy\redundancy.c.1.obj|[261]   |0x00001a80|0|LOCL |FUNC |HIDN |46    |$C$L213
src\app\application\redundancy\redundancy.c.1.obj|[262]   |0x00001ab4|0|LOCL |FUNC |HIDN |46    |$C$L214
src\app\application\redundancy\redundancy.c.1.obj|[263]   |0x00001ac0|0|LOCL |FUNC |HIDN |46    |$C$L215
src\app\application\redundancy\redundancy.c.1.obj|[264]   |0x00001b08|0|LOCL |FUNC |HIDN |46    |$C$L216
src\app\application\redundancy\redundancy.c.1.obj|[33]    |0x00000020|0|LOCL |FUNC |HIDN |71    |$C$L22
src\app\application\redundancy\redundancy.c.1.obj|[34]    |0x00000050|0|LOCL |FUNC |HIDN |72    |$C$L23
src\app\application\redundancy\redundancy.c.1.obj|[35]    |0x0000005c|0|LOCL |FUNC |HIDN |72    |$C$L24
src\app\application\redundancy\redundancy.c.1.obj|[36]    |0x00000064|0|LOCL |FUNC |HIDN |72    |$C$L25
src\app\application\redundancy\redundancy.c.1.obj|[37]    |0x00000094|0|LOCL |FUNC |HIDN |72    |$C$L26
src\app\application\redundancy\redundancy.c.1.obj|[38]    |0x000000a0|0|LOCL |FUNC |HIDN |72    |$C$L27
src\app\application\redundancy\redundancy.c.1.obj|[39]    |0x000000d0|0|LOCL |FUNC |HIDN |72    |$C$L28
src\app\application\redundancy\redundancy.c.1.obj|[40]    |0x000000dc|0|LOCL |FUNC |HIDN |72    |$C$L29
src\app\application\redundancy\redundancy.c.1.obj|[14]    |0x00000028|0|LOCL |FUNC |HIDN |59    |$C$L3
src\app\application\redundancy\redundancy.c.1.obj|[41]    |0x000000e0|0|LOCL |FUNC |HIDN |72    |$C$L30
src\app\application\redundancy\redundancy.c.1.obj|[42]    |0x00000028|0|LOCL |FUNC |HIDN |73    |$C$L31
src\app\application\redundancy\redundancy.c.1.obj|[43]    |0x00000030|0|LOCL |FUNC |HIDN |73    |$C$L32
src\app\application\redundancy\redundancy.c.1.obj|[44]    |0x00000048|0|LOCL |FUNC |HIDN |73    |$C$L33
src\app\application\redundancy\redundancy.c.1.obj|[45]    |0x0000005c|0|LOCL |FUNC |HIDN |73    |$C$L34
src\app\application\redundancy\redundancy.c.1.obj|[46]    |0x00000060|0|LOCL |FUNC |HIDN |73    |$C$L35
src\app\application\redundancy\redundancy.c.1.obj|[47]    |0x00000050|0|LOCL |FUNC |HIDN |74    |$C$L36
src\app\application\redundancy\redundancy.c.1.obj|[48]    |0x0000005c|0|LOCL |FUNC |HIDN |74    |$C$L37
src\app\application\redundancy\redundancy.c.1.obj|[49]    |0x00000064|0|LOCL |FUNC |HIDN |74    |$C$L38
src\app\application\redundancy\redundancy.c.1.obj|[50]    |0x00000094|0|LOCL |FUNC |HIDN |74    |$C$L39
src\app\application\redundancy\redundancy.c.1.obj|[15]    |0x00000030|0|LOCL |FUNC |HIDN |59    |$C$L4
src\app\application\redundancy\redundancy.c.1.obj|[51]    |0x000000a0|0|LOCL |FUNC |HIDN |74    |$C$L40
src\app\application\redundancy\redundancy.c.1.obj|[52]    |0x000000d0|0|LOCL |FUNC |HIDN |74    |$C$L41
src\app\application\redundancy\redundancy.c.1.obj|[53]    |0x000000dc|0|LOCL |FUNC |HIDN |74    |$C$L42
src\app\application\redundancy\redundancy.c.1.obj|[54]    |0x000000e0|0|LOCL |FUNC |HIDN |74    |$C$L43
src\app\application\redundancy\redundancy.c.1.obj|[56]    |0x00000010|0|LOCL |FUNC |HIDN |46    |$C$L44
src\app\application\redundancy\redundancy.c.1.obj|[58]    |0x00000054|0|LOCL |FUNC |HIDN |46    |$C$L45
src\app\application\redundancy\redundancy.c.1.obj|[60]    |0x0000008c|0|LOCL |FUNC |HIDN |46    |$C$L46
src\app\application\redundancy\redundancy.c.1.obj|[61]    |0x00000124|0|LOCL |FUNC |HIDN |46    |$C$L47
src\app\application\redundancy\redundancy.c.1.obj|[62]    |0x00000140|0|LOCL |FUNC |HIDN |46    |$C$L48
src\app\application\redundancy\redundancy.c.1.obj|[63]    |0x00000144|0|LOCL |FUNC |HIDN |46    |$C$L49
src\app\application\redundancy\redundancy.c.1.obj|[16]    |0x00000034|0|LOCL |FUNC |HIDN |60    |$C$L5
src\app\application\redundancy\redundancy.c.1.obj|[64]    |0x00000160|0|LOCL |FUNC |HIDN |46    |$C$L50
src\app\application\redundancy\redundancy.c.1.obj|[65]    |0x0000016c|0|LOCL |FUNC |HIDN |46    |$C$L51
src\app\application\redundancy\redundancy.c.1.obj|[66]    |0x00000188|0|LOCL |FUNC |HIDN |46    |$C$L52
src\app\application\redundancy\redundancy.c.1.obj|[67]    |0x0000019c|0|LOCL |FUNC |HIDN |46    |$C$L53
src\app\application\redundancy\redundancy.c.1.obj|[68]    |0x000001a0|0|LOCL |FUNC |HIDN |46    |$C$L54
src\app\application\redundancy\redundancy.c.1.obj|[70]    |0x000001d4|0|LOCL |FUNC |HIDN |46    |$C$L55
src\app\application\redundancy\redundancy.c.1.obj|[71]    |0x00000240|0|LOCL |FUNC |HIDN |46    |$C$L56
src\app\application\redundancy\redundancy.c.1.obj|[72]    |0x00000270|0|LOCL |FUNC |HIDN |46    |$C$L57
src\app\application\redundancy\redundancy.c.1.obj|[73]    |0x000002c0|0|LOCL |FUNC |HIDN |46    |$C$L58
src\app\application\redundancy\redundancy.c.1.obj|[74]    |0x000002c8|0|LOCL |FUNC |HIDN |46    |$C$L59
src\app\application\redundancy\redundancy.c.1.obj|[17]    |0x00000050|0|LOCL |FUNC |HIDN |60    |$C$L6
src\app\application\redundancy\redundancy.c.1.obj|[75]    |0x000002e0|0|LOCL |FUNC |HIDN |46    |$C$L60
src\app\application\redundancy\redundancy.c.1.obj|[76]    |0x000002fc|0|LOCL |FUNC |HIDN |46    |$C$L61
src\app\application\redundancy\redundancy.c.1.obj|[77]    |0x00000350|0|LOCL |FUNC |HIDN |46    |$C$L62
src\app\application\redundancy\redundancy.c.1.obj|[78]    |0x00000354|0|LOCL |FUNC |HIDN |46    |$C$L63
src\app\application\redundancy\redundancy.c.1.obj|[79]    |0x00000368|0|LOCL |FUNC |HIDN |46    |$C$L64
src\app\application\redundancy\redundancy.c.1.obj|[80]    |0x0000037c|0|LOCL |FUNC |HIDN |46    |$C$L65
src\app\application\redundancy\redundancy.c.1.obj|[81]    |0x00000380|0|LOCL |FUNC |HIDN |46    |$C$L66
src\app\application\redundancy\redundancy.c.1.obj|[82]    |0x00000394|0|LOCL |FUNC |HIDN |46    |$C$L67
src\app\application\redundancy\redundancy.c.1.obj|[83]    |0x00000398|0|LOCL |FUNC |HIDN |46    |$C$L68
src\app\application\redundancy\redundancy.c.1.obj|[85]    |0x000003c4|0|LOCL |FUNC |HIDN |46    |$C$L69
src\app\application\redundancy\redundancy.c.1.obj|[18]    |0x0000002c|0|LOCL |FUNC |HIDN |61    |$C$L7
src\app\application\redundancy\redundancy.c.1.obj|[86]    |0x000003e8|0|LOCL |FUNC |HIDN |46    |$C$L70
src\app\application\redundancy\redundancy.c.1.obj|[87]    |0x000003fc|0|LOCL |FUNC |HIDN |46    |$C$L71
src\app\application\redundancy\redundancy.c.1.obj|[88]    |0x00000400|0|LOCL |FUNC |HIDN |46    |$C$L72
src\app\application\redundancy\redundancy.c.1.obj|[89]    |0x00000434|0|LOCL |FUNC |HIDN |46    |$C$L73
src\app\application\redundancy\redundancy.c.1.obj|[90]    |0x00000444|0|LOCL |FUNC |HIDN |46    |$C$L74
src\app\application\redundancy\redundancy.c.1.obj|[91]    |0x0000045c|0|LOCL |FUNC |HIDN |46    |$C$L75
src\app\application\redundancy\redundancy.c.1.obj|[92]    |0x00000480|0|LOCL |FUNC |HIDN |46    |$C$L76
src\app\application\redundancy\redundancy.c.1.obj|[94]    |0x000004a8|0|LOCL |FUNC |HIDN |46    |$C$L77
src\app\application\redundancy\redundancy.c.1.obj|[95]    |0x00000528|0|LOCL |FUNC |HIDN |46    |$C$L78
src\app\application\redundancy\redundancy.c.1.obj|[96]    |0x00000550|0|LOCL |FUNC |HIDN |46    |$C$L79
src\app\application\redundancy\redundancy.c.1.obj|[19]    |0x00000034|0|LOCL |FUNC |HIDN |62    |$C$L8
src\app\application\redundancy\redundancy.c.1.obj|[97]    |0x00000570|0|LOCL |FUNC |HIDN |46    |$C$L80
src\app\application\redundancy\redundancy.c.1.obj|[98]    |0x00000584|0|LOCL |FUNC |HIDN |46    |$C$L81
src\app\application\redundancy\redundancy.c.1.obj|[99]    |0x00000588|0|LOCL |FUNC |HIDN |46    |$C$L82
src\app\application\redundancy\redundancy.c.1.obj|[101]   |0x000005c0|0|LOCL |FUNC |HIDN |46    |$C$L83
src\app\application\redundancy\redundancy.c.1.obj|[102]   |0x00000640|0|LOCL |FUNC |HIDN |46    |$C$L84
src\app\application\redundancy\redundancy.c.1.obj|[103]   |0x0000064c|0|LOCL |FUNC |HIDN |46    |$C$L85
src\app\application\redundancy\redundancy.c.1.obj|[104]   |0x00000658|0|LOCL |FUNC |HIDN |46    |$C$L86
src\app\application\redundancy\redundancy.c.1.obj|[105]   |0x000006a8|0|LOCL |FUNC |HIDN |46    |$C$L87
src\app\application\redundancy\redundancy.c.1.obj|[106]   |0x000006d8|0|LOCL |FUNC |HIDN |46    |$C$L88
src\app\application\redundancy\redundancy.c.1.obj|[107]   |0x000006f8|0|LOCL |FUNC |HIDN |46    |$C$L89
src\app\application\redundancy\redundancy.c.1.obj|[20]    |0x00000050|0|LOCL |FUNC |HIDN |62    |$C$L9
src\app\application\redundancy\redundancy.c.1.obj|[108]   |0x00000714|0|LOCL |FUNC |HIDN |46    |$C$L90
src\app\application\redundancy\redundancy.c.1.obj|[109]   |0x00000728|0|LOCL |FUNC |HIDN |46    |$C$L91
src\app\application\redundancy\redundancy.c.1.obj|[110]   |0x0000072c|0|LOCL |FUNC |HIDN |46    |$C$L92
src\app\application\redundancy\redundancy.c.1.obj|[112]   |0x000007c8|0|LOCL |FUNC |HIDN |46    |$C$L93
src\app\application\redundancy\redundancy.c.1.obj|[113]   |0x000007dc|0|LOCL |FUNC |HIDN |46    |$C$L94
src\app\application\redundancy\redundancy.c.1.obj|[114]   |0x000007e0|0|LOCL |FUNC |HIDN |46    |$C$L95
src\app\application\redundancy\redundancy.c.1.obj|[115]   |0x000007f4|0|LOCL |FUNC |HIDN |46    |$C$L96
src\app\application\redundancy\redundancy.c.1.obj|[116]   |0x000007f8|0|LOCL |FUNC |HIDN |46    |$C$L97
src\app\application\redundancy\redundancy.c.1.obj|[118]   |0x00000834|0|LOCL |FUNC |HIDN |46    |$C$L98
src\app\application\redundancy\redundancy.c.1.obj|[119]   |0x00000844|0|LOCL |FUNC |HIDN |46    |$C$L99
src\app\application\redundancy\redundancy.c.1.obj|[265]   |0x00000054|0|LOCL |FUNC |HIDN |60    |$C$LL1
src\app\application\redundancy\redundancy.c.1.obj|[274]   |0x000000ec|0|LOCL |FUNC |HIDN |74    |$C$LL10
src\app\application\redundancy\redundancy.c.1.obj|[289]   |0x00001b98|0|LOCL |FUNC |HIDN |46    |$C$LL11
src\app\application\redundancy\redundancy.c.1.obj|[266]   |0x00000054|0|LOCL |FUNC |HIDN |62    |$C$LL2
src\app\application\redundancy\redundancy.c.1.obj|[267]   |0x00000064|0|LOCL |FUNC |HIDN |63    |$C$LL3
src\app\application\redundancy\redundancy.c.1.obj|[268]   |0x00000064|0|LOCL |FUNC |HIDN |65    |$C$LL4
src\app\application\redundancy\redundancy.c.1.obj|[269]   |0x00000064|0|LOCL |FUNC |HIDN |66    |$C$LL5
src\app\application\redundancy\redundancy.c.1.obj|[270]   |0x00000064|0|LOCL |FUNC |HIDN |68    |$C$LL6
src\app\application\redundancy\redundancy.c.1.obj|[271]   |0x000000e4|0|LOCL |FUNC |HIDN |72    |$C$LL7
src\app\application\redundancy\redundancy.c.1.obj|[272]   |0x000000ec|0|LOCL |FUNC |HIDN |72    |$C$LL8
src\app\application\redundancy\redundancy.c.1.obj|[273]   |0x000000e4|0|LOCL |FUNC |HIDN |74    |$C$LL9
src\app\application\redundancy\redundancy.c.1.obj|[11]    |0x00000000|124|LOCL |OBJT |HIDN |56    |$P$T0$5
src\app\application\redundancy\redundancy.c.1.obj|[373]   |0x0000078c|0|LOCL |NONE |HIDN |46    |$a
src\app\application\redundancy\redundancy.c.1.obj|[374]   |0x00000800|0|LOCL |NONE |HIDN |46    |$a
src\app\application\redundancy\redundancy.c.1.obj|[375]   |0x00000cb0|0|LOCL |NONE |HIDN |46    |$a
src\app\application\redundancy\redundancy.c.1.obj|[377]   |0x00000ef4|0|LOCL |NONE |HIDN |46    |$a
src\app\application\redundancy\redundancy.c.1.obj|[379]   |0x00001148|0|LOCL |NONE |HIDN |46    |$a
src\app\application\redundancy\redundancy.c.1.obj|[381]   |0x000011d8|0|LOCL |NONE |HIDN |46    |$a
src\app\application\redundancy\redundancy.c.1.obj|[383]   |0x0000158c|0|LOCL |NONE |HIDN |46    |$a
src\app\application\redundancy\redundancy.c.1.obj|[385]   |0x00001790|0|LOCL |NONE |HIDN |46    |$a
src\app\application\redundancy\redundancy.c.1.obj|[386]   |0x000019e0|0|LOCL |NONE |HIDN |46    |$a
src\app\application\redundancy\redundancy.c.1.obj|[387]   |0x00001a88|0|LOCL |NONE |HIDN |46    |$a
src\app\application\redundancy\redundancy.c.1.obj|[347]   |0x00000000|0|LOCL |NONE |HIDN |57    |$a
src\app\application\redundancy\redundancy.c.1.obj|[348]   |0x00000000|0|LOCL |NONE |HIDN |58    |$a
src\app\application\redundancy\redundancy.c.1.obj|[349]   |0x00000000|0|LOCL |NONE |HIDN |59    |$a
src\app\application\redundancy\redundancy.c.1.obj|[350]   |0x00000000|0|LOCL |NONE |HIDN |60    |$a
src\app\application\redundancy\redundancy.c.1.obj|[351]   |0x00000000|0|LOCL |NONE |HIDN |61    |$a
src\app\application\redundancy\redundancy.c.1.obj|[352]   |0x00000000|0|LOCL |NONE |HIDN |62    |$a
src\app\application\redundancy\redundancy.c.1.obj|[353]   |0x00000000|0|LOCL |NONE |HIDN |63    |$a
src\app\application\redundancy\redundancy.c.1.obj|[354]   |0x00000000|0|LOCL |NONE |HIDN |64    |$a
src\app\application\redundancy\redundancy.c.1.obj|[355]   |0x00000000|0|LOCL |NONE |HIDN |65    |$a
src\app\application\redundancy\redundancy.c.1.obj|[356]   |0x00000000|0|LOCL |NONE |HIDN |66    |$a
src\app\application\redundancy\redundancy.c.1.obj|[357]   |0x00000000|0|LOCL |NONE |HIDN |67    |$a
src\app\application\redundancy\redundancy.c.1.obj|[358]   |0x00000000|0|LOCL |NONE |HIDN |68    |$a
src\app\application\redundancy\redundancy.c.1.obj|[359]   |0x00000000|0|LOCL |NONE |HIDN |69    |$a
src\app\application\redundancy\redundancy.c.1.obj|[360]   |0x00000000|0|LOCL |NONE |HIDN |70    |$a
src\app\application\redundancy\redundancy.c.1.obj|[361]   |0x00000000|0|LOCL |NONE |HIDN |71    |$a
src\app\application\redundancy\redundancy.c.1.obj|[362]   |0x00000000|0|LOCL |NONE |HIDN |72    |$a
src\app\application\redundancy\redundancy.c.1.obj|[363]   |0x00000000|0|LOCL |NONE |HIDN |73    |$a
src\app\application\redundancy\redundancy.c.1.obj|[364]   |0x00000000|0|LOCL |NONE |HIDN |74    |$a
src\app\application\redundancy\redundancy.c.1.obj|[365]   |0x00000000|0|LOCL |NONE |HIDN |46    |$a
src\app\application\redundancy\redundancy.c.1.obj|[366]   |0x00000018|0|LOCL |NONE |HIDN |46    |$a
src\app\application\redundancy\redundancy.c.1.obj|[367]   |0x0000005c|0|LOCL |NONE |HIDN |46    |$a
src\app\application\redundancy\redundancy.c.1.obj|[368]   |0x000001a4|0|LOCL |NONE |HIDN |46    |$a
src\app\application\redundancy\redundancy.c.1.obj|[369]   |0x0000039c|0|LOCL |NONE |HIDN |46    |$a
src\app\application\redundancy\redundancy.c.1.obj|[370]   |0x00000484|0|LOCL |NONE |HIDN |46    |$a
src\app\application\redundancy\redundancy.c.1.obj|[371]   |0x0000058c|0|LOCL |NONE |HIDN |46    |$a
src\app\application\redundancy\redundancy.c.1.obj|[372]   |0x00000730|0|LOCL |NONE |HIDN |46    |$a
src\app\application\redundancy\redundancy.c.1.obj|[395]   |0x000000e4|0|LOCL |NONE |HIDN |74    |$d
src\app\application\redundancy\redundancy.c.1.obj|[342]   |0x00000000|0|LOCL |NONE |HIDN |52    |$d
src\app\application\redundancy\redundancy.c.1.obj|[343]   |0x00000000|0|LOCL |NONE |HIDN |53    |$d
src\app\application\redundancy\redundancy.c.1.obj|[344]   |0x00000000|0|LOCL |NONE |HIDN |54    |$d
src\app\application\redundancy\redundancy.c.1.obj|[345]   |0x00000000|0|LOCL |NONE |HIDN |55    |$d
src\app\application\redundancy\redundancy.c.1.obj|[346]   |0x00000000|0|LOCL |NONE |HIDN |56    |$d
src\app\application\redundancy\redundancy.c.1.obj|[376]   |0x00000ee4|0|LOCL |NONE |HIDN |46    |$d
src\app\application\redundancy\redundancy.c.1.obj|[384]   |0x0000178c|0|LOCL |NONE |HIDN |46    |$d
src\app\application\redundancy\redundancy.c.1.obj|[380]   |0x000011bc|0|LOCL |NONE |HIDN |46    |$d
src\app\application\redundancy\redundancy.c.1.obj|[390]   |0x00000064|0|LOCL |NONE |HIDN |63    |$d
src\app\application\redundancy\redundancy.c.1.obj|[378]   |0x00001144|0|LOCL |NONE |HIDN |46    |$d
src\app\application\redundancy\redundancy.c.1.obj|[382]   |0x00001568|0|LOCL |NONE |HIDN |46    |$d
src\app\application\redundancy\redundancy.c.1.obj|[388]   |0x00000054|0|LOCL |NONE |HIDN |60    |$d
src\app\application\redundancy\redundancy.c.1.obj|[389]   |0x00000054|0|LOCL |NONE |HIDN |62    |$d
src\app\application\redundancy\redundancy.c.1.obj|[397]   |0x00001b98|0|LOCL |NONE |HIDN |46    |$d
src\app\application\redundancy\redundancy.c.1.obj|[396]   |0x00001b60|0|LOCL |NONE |HIDN |46    |$d
src\app\application\redundancy\redundancy.c.1.obj|[394]   |0x000000e4|0|LOCL |NONE |HIDN |72    |$d
src\app\application\redundancy\redundancy.c.1.obj|[393]   |0x00000064|0|LOCL |NONE |HIDN |68    |$d
src\app\application\redundancy\redundancy.c.1.obj|[392]   |0x00000064|0|LOCL |NONE |HIDN |66    |$d
src\app\application\redundancy\redundancy.c.1.obj|[391]   |0x00000064|0|LOCL |NONE |HIDN |65    |$d
src\app\application\redundancy\redundancy.c.1.obj|[337]   |0x00000000|0|LOCL |NONE |HIDN |47    |$d
src\app\application\redundancy\redundancy.c.1.obj|[338]   |0x00000000|0|LOCL |NONE |HIDN |48    |$d
src\app\application\redundancy\redundancy.c.1.obj|[339]   |0x00000000|0|LOCL |NONE |HIDN |49    |$d
src\app\application\redundancy\redundancy.c.1.obj|[340]   |0x00000000|0|LOCL |NONE |HIDN |50    |$d
src\app\application\redundancy\redundancy.c.1.obj|[341]   |0x00000000|0|LOCL |NONE |HIDN |51    |$d
src\app\application\redundancy\redundancy.c.1.obj|[300]   |0x00000000|0|LOCL |SECT |HIDN |56    |.const:$P$T0$5
src\app\application\redundancy\redundancy.c.1.obj|[295]   |0x00000000|0|LOCL |SECT |HIDN |51    |.data:mrc_state
src\app\application\redundancy\redundancy.c.1.obj|[293]   |0x00000000|0|LOCL |SECT |HIDN |49    |.data:mrc_tableCellTemperatures
src\app\application\redundancy\redundancy.c.1.obj|[296]   |0x00000000|0|LOCL |SECT |HIDN |52    |.data:mrc_tableCellVoltageBase$1
src\app\application\redundancy\redundancy.c.1.obj|[297]   |0x00000000|0|LOCL |SECT |HIDN |53    |.data:mrc_tableCellVoltageRedundancy0$2
src\app\application\redundancy\redundancy.c.1.obj|[292]   |0x00000000|0|LOCL |SECT |HIDN |48    |.data:mrc_tableCellVoltages
src\app\application\redundancy\redundancy.c.1.obj|[298]   |0x00000000|0|LOCL |SECT |HIDN |54    |.data:mrc_tableCelltemperatureBase$3
src\app\application\redundancy\redundancy.c.1.obj|[299]   |0x00000000|0|LOCL |SECT |HIDN |55    |.data:mrc_tableCelltemperatureRedundancy0$4
src\app\application\redundancy\redundancy.c.1.obj|[291]   |0x00000000|0|LOCL |SECT |HIDN |47    |.data:mrc_tableMinimumMaximumValues
src\app\application\redundancy\redundancy.c.1.obj|[294]   |0x00000000|0|LOCL |SECT |HIDN |50    |.data:mrc_tablePackValues
src\app\application\redundancy\redundancy.c.1.obj|[550]   |0x00000000|0|LOCL |SECT |HIDN |226   |.debug_abbrev
src\app\application\redundancy\redundancy.c.1.obj|[584]   |0x00000000|0|LOCL |SECT |HIDN |260   |.debug_abbrev
src\app\application\redundancy\redundancy.c.1.obj|[548]   |0x00000000|0|LOCL |SECT |HIDN |225   |.debug_abbrev
src\app\application\redundancy\redundancy.c.1.obj|[547]   |0x00000000|0|LOCL |SECT |HIDN |224   |.debug_abbrev
src\app\application\redundancy\redundancy.c.1.obj|[546]   |0x00000000|0|LOCL |SECT |HIDN |223   |.debug_abbrev
src\app\application\redundancy\redundancy.c.1.obj|[545]   |0x00000000|0|LOCL |SECT |HIDN |222   |.debug_abbrev
src\app\application\redundancy\redundancy.c.1.obj|[544]   |0x00000000|0|LOCL |SECT |HIDN |221   |.debug_abbrev
src\app\application\redundancy\redundancy.c.1.obj|[543]   |0x00000000|0|LOCL |SECT |HIDN |220   |.debug_abbrev
src\app\application\redundancy\redundancy.c.1.obj|[542]   |0x00000000|0|LOCL |SECT |HIDN |219   |.debug_abbrev
src\app\application\redundancy\redundancy.c.1.obj|[582]   |0x00000000|0|LOCL |SECT |HIDN |258   |.debug_abbrev
src\app\application\redundancy\redundancy.c.1.obj|[580]   |0x00000000|0|LOCL |SECT |HIDN |256   |.debug_abbrev
src\app\application\redundancy\redundancy.c.1.obj|[576]   |0x00000000|0|LOCL |SECT |HIDN |252   |.debug_abbrev
src\app\application\redundancy\redundancy.c.1.obj|[574]   |0x00000000|0|LOCL |SECT |HIDN |250   |.debug_abbrev
src\app\application\redundancy\redundancy.c.1.obj|[572]   |0x00000000|0|LOCL |SECT |HIDN |248   |.debug_abbrev
src\app\application\redundancy\redundancy.c.1.obj|[570]   |0x00000000|0|LOCL |SECT |HIDN |246   |.debug_abbrev
src\app\application\redundancy\redundancy.c.1.obj|[568]   |0x00000000|0|LOCL |SECT |HIDN |244   |.debug_abbrev
src\app\application\redundancy\redundancy.c.1.obj|[566]   |0x00000000|0|LOCL |SECT |HIDN |242   |.debug_abbrev
src\app\application\redundancy\redundancy.c.1.obj|[564]   |0x00000000|0|LOCL |SECT |HIDN |240   |.debug_abbrev
src\app\application\redundancy\redundancy.c.1.obj|[562]   |0x00000000|0|LOCL |SECT |HIDN |238   |.debug_abbrev
src\app\application\redundancy\redundancy.c.1.obj|[560]   |0x00000000|0|LOCL |SECT |HIDN |236   |.debug_abbrev
src\app\application\redundancy\redundancy.c.1.obj|[558]   |0x00000000|0|LOCL |SECT |HIDN |234   |.debug_abbrev
src\app\application\redundancy\redundancy.c.1.obj|[556]   |0x00000000|0|LOCL |SECT |HIDN |232   |.debug_abbrev
src\app\application\redundancy\redundancy.c.1.obj|[554]   |0x00000000|0|LOCL |SECT |HIDN |230   |.debug_abbrev
src\app\application\redundancy\redundancy.c.1.obj|[552]   |0x00000000|0|LOCL |SECT |HIDN |228   |.debug_abbrev
src\app\application\redundancy\redundancy.c.1.obj|[525]   |0x00000000|0|LOCL |SECT |HIDN |202   |.debug_abbrev
src\app\application\redundancy\redundancy.c.1.obj|[529]   |0x00000000|0|LOCL |SECT |HIDN |206   |.debug_abbrev
src\app\application\redundancy\redundancy.c.1.obj|[524]   |0x00000000|0|LOCL |SECT |HIDN |201   |.debug_abbrev
src\app\application\redundancy\redundancy.c.1.obj|[596]   |0x00000000|0|LOCL |SECT |HIDN |272   |.debug_abbrev
src\app\application\redundancy\redundancy.c.1.obj|[523]   |0x00000000|0|LOCL |SECT |HIDN |200   |.debug_abbrev
src\app\application\redundancy\redundancy.c.1.obj|[586]   |0x00000000|0|LOCL |SECT |HIDN |262   |.debug_abbrev
src\app\application\redundancy\redundancy.c.1.obj|[588]   |0x00000000|0|LOCL |SECT |HIDN |264   |.debug_abbrev
src\app\application\redundancy\redundancy.c.1.obj|[590]   |0x00000000|0|LOCL |SECT |HIDN |266   |.debug_abbrev
src\app\application\redundancy\redundancy.c.1.obj|[592]   |0x00000000|0|LOCL |SECT |HIDN |268   |.debug_abbrev
src\app\application\redundancy\redundancy.c.1.obj|[594]   |0x00000000|0|LOCL |SECT |HIDN |270   |.debug_abbrev
src\app\application\redundancy\redundancy.c.1.obj|[598]   |0x00000000|0|LOCL |SECT |HIDN |274   |.debug_abbrev
src\app\application\redundancy\redundancy.c.1.obj|[600]   |0x00000000|0|LOCL |SECT |HIDN |276   |.debug_abbrev
src\app\application\redundancy\redundancy.c.1.obj|[602]   |0x00000000|0|LOCL |SECT |HIDN |278   |.debug_abbrev
src\app\application\redundancy\redundancy.c.1.obj|[541]   |0x00000000|0|LOCL |SECT |HIDN |218   |.debug_abbrev
src\app\application\redundancy\redundancy.c.1.obj|[578]   |0x00000000|0|LOCL |SECT |HIDN |254   |.debug_abbrev
src\app\application\redundancy\redundancy.c.1.obj|[540]   |0x00000000|0|LOCL |SECT |HIDN |217   |.debug_abbrev
src\app\application\redundancy\redundancy.c.1.obj|[539]   |0x00000000|0|LOCL |SECT |HIDN |216   |.debug_abbrev
src\app\application\redundancy\redundancy.c.1.obj|[538]   |0x00000000|0|LOCL |SECT |HIDN |215   |.debug_abbrev
src\app\application\redundancy\redundancy.c.1.obj|[537]   |0x00000000|0|LOCL |SECT |HIDN |214   |.debug_abbrev
src\app\application\redundancy\redundancy.c.1.obj|[536]   |0x00000000|0|LOCL |SECT |HIDN |213   |.debug_abbrev
src\app\application\redundancy\redundancy.c.1.obj|[535]   |0x00000000|0|LOCL |SECT |HIDN |212   |.debug_abbrev
src\app\application\redundancy\redundancy.c.1.obj|[534]   |0x00000000|0|LOCL |SECT |HIDN |211   |.debug_abbrev
src\app\application\redundancy\redundancy.c.1.obj|[533]   |0x00000000|0|LOCL |SECT |HIDN |210   |.debug_abbrev
src\app\application\redundancy\redundancy.c.1.obj|[532]   |0x00000000|0|LOCL |SECT |HIDN |209   |.debug_abbrev
src\app\application\redundancy\redundancy.c.1.obj|[531]   |0x00000000|0|LOCL |SECT |HIDN |208   |.debug_abbrev
src\app\application\redundancy\redundancy.c.1.obj|[530]   |0x00000000|0|LOCL |SECT |HIDN |207   |.debug_abbrev
src\app\application\redundancy\redundancy.c.1.obj|[528]   |0x00000000|0|LOCL |SECT |HIDN |205   |.debug_abbrev
src\app\application\redundancy\redundancy.c.1.obj|[527]   |0x00000000|0|LOCL |SECT |HIDN |204   |.debug_abbrev
src\app\application\redundancy\redundancy.c.1.obj|[526]   |0x00000000|0|LOCL |SECT |HIDN |203   |.debug_abbrev
src\app\application\redundancy\redundancy.c.1.obj|[609]   |0x00000000|0|LOCL |SECT |HIDN |286   |.debug_aranges
src\app\application\redundancy\redundancy.c.1.obj|[608]   |0x00000000|0|LOCL |SECT |HIDN |285   |.debug_aranges
src\app\application\redundancy\redundancy.c.1.obj|[607]   |0x00000000|0|LOCL |SECT |HIDN |284   |.debug_aranges
src\app\application\redundancy\redundancy.c.1.obj|[606]   |0x00000000|0|LOCL |SECT |HIDN |283   |.debug_aranges
src\app\application\redundancy\redundancy.c.1.obj|[605]   |0x00000000|0|LOCL |SECT |HIDN |282   |.debug_aranges
src\app\application\redundancy\redundancy.c.1.obj|[604]   |0x00000000|0|LOCL |SECT |HIDN |281   |.debug_aranges
src\app\application\redundancy\redundancy.c.1.obj|[603]   |0x00000000|0|LOCL |SECT |HIDN |280   |.debug_aranges
src\app\application\redundancy\redundancy.c.1.obj|[621]   |0x00000000|0|LOCL |SECT |HIDN |298   |.debug_aranges
src\app\application\redundancy\redundancy.c.1.obj|[620]   |0x00000000|0|LOCL |SECT |HIDN |297   |.debug_aranges
src\app\application\redundancy\redundancy.c.1.obj|[619]   |0x00000000|0|LOCL |SECT |HIDN |296   |.debug_aranges
src\app\application\redundancy\redundancy.c.1.obj|[618]   |0x00000000|0|LOCL |SECT |HIDN |295   |.debug_aranges
src\app\application\redundancy\redundancy.c.1.obj|[610]   |0x00000000|0|LOCL |SECT |HIDN |287   |.debug_aranges
src\app\application\redundancy\redundancy.c.1.obj|[617]   |0x00000000|0|LOCL |SECT |HIDN |294   |.debug_aranges
src\app\application\redundancy\redundancy.c.1.obj|[616]   |0x00000000|0|LOCL |SECT |HIDN |293   |.debug_aranges
src\app\application\redundancy\redundancy.c.1.obj|[615]   |0x00000000|0|LOCL |SECT |HIDN |292   |.debug_aranges
src\app\application\redundancy\redundancy.c.1.obj|[614]   |0x00000000|0|LOCL |SECT |HIDN |291   |.debug_aranges
src\app\application\redundancy\redundancy.c.1.obj|[613]   |0x00000000|0|LOCL |SECT |HIDN |290   |.debug_aranges
src\app\application\redundancy\redundancy.c.1.obj|[612]   |0x00000000|0|LOCL |SECT |HIDN |289   |.debug_aranges
src\app\application\redundancy\redundancy.c.1.obj|[611]   |0x00000000|0|LOCL |SECT |HIDN |288   |.debug_aranges
src\app\application\redundancy\redundancy.c.1.obj|[522]   |0x00000000|0|LOCL |SECT |HIDN |199   |.debug_frame
src\app\application\redundancy\redundancy.c.1.obj|[521]   |0x00000000|0|LOCL |SECT |HIDN |198   |.debug_frame
src\app\application\redundancy\redundancy.c.1.obj|[520]   |0x00000000|0|LOCL |SECT |HIDN |197   |.debug_frame
src\app\application\redundancy\redundancy.c.1.obj|[519]   |0x00000000|0|LOCL |SECT |HIDN |196   |.debug_frame
src\app\application\redundancy\redundancy.c.1.obj|[518]   |0x00000000|0|LOCL |SECT |HIDN |195   |.debug_frame
src\app\application\redundancy\redundancy.c.1.obj|[517]   |0x00000000|0|LOCL |SECT |HIDN |194   |.debug_frame
src\app\application\redundancy\redundancy.c.1.obj|[516]   |0x00000000|0|LOCL |SECT |HIDN |193   |.debug_frame
src\app\application\redundancy\redundancy.c.1.obj|[515]   |0x00000000|0|LOCL |SECT |HIDN |192   |.debug_frame
src\app\application\redundancy\redundancy.c.1.obj|[514]   |0x00000000|0|LOCL |SECT |HIDN |191   |.debug_frame
src\app\application\redundancy\redundancy.c.1.obj|[513]   |0x00000000|0|LOCL |SECT |HIDN |190   |.debug_frame
src\app\application\redundancy\redundancy.c.1.obj|[512]   |0x00000000|0|LOCL |SECT |HIDN |189   |.debug_frame
src\app\application\redundancy\redundancy.c.1.obj|[506]   |0x00000000|0|LOCL |SECT |HIDN |183   |.debug_frame
src\app\application\redundancy\redundancy.c.1.obj|[507]   |0x00000000|0|LOCL |SECT |HIDN |184   |.debug_frame
src\app\application\redundancy\redundancy.c.1.obj|[505]   |0x00000000|0|LOCL |SECT |HIDN |182   |.debug_frame
src\app\application\redundancy\redundancy.c.1.obj|[508]   |0x00000000|0|LOCL |SECT |HIDN |185   |.debug_frame
src\app\application\redundancy\redundancy.c.1.obj|[504]   |0x00000000|0|LOCL |SECT |HIDN |181   |.debug_frame
src\app\application\redundancy\redundancy.c.1.obj|[509]   |0x00000000|0|LOCL |SECT |HIDN |186   |.debug_frame
src\app\application\redundancy\redundancy.c.1.obj|[510]   |0x00000000|0|LOCL |SECT |HIDN |187   |.debug_frame
src\app\application\redundancy\redundancy.c.1.obj|[511]   |0x00000000|0|LOCL |SECT |HIDN |188   |.debug_frame
src\app\application\redundancy\redundancy.c.1.obj|[411]   |0x00000000|0|LOCL |SECT |HIDN |88    |.debug_info
src\app\application\redundancy\redundancy.c.1.obj|[402]   |0x00000000|0|LOCL |SECT |HIDN |79    |.debug_info
src\app\application\redundancy\redundancy.c.1.obj|[403]   |0x00000000|0|LOCL |SECT |HIDN |80    |.debug_info
src\app\application\redundancy\redundancy.c.1.obj|[404]   |0x00000000|0|LOCL |SECT |HIDN |81    |.debug_info
src\app\application\redundancy\redundancy.c.1.obj|[405]   |0x00000000|0|LOCL |SECT |HIDN |82    |.debug_info
src\app\application\redundancy\redundancy.c.1.obj|[406]   |0x00000000|0|LOCL |SECT |HIDN |83    |.debug_info
src\app\application\redundancy\redundancy.c.1.obj|[407]   |0x00000000|0|LOCL |SECT |HIDN |84    |.debug_info
src\app\application\redundancy\redundancy.c.1.obj|[408]   |0x00000000|0|LOCL |SECT |HIDN |85    |.debug_info
src\app\application\redundancy\redundancy.c.1.obj|[409]   |0x00000000|0|LOCL |SECT |HIDN |86    |.debug_info
src\app\application\redundancy\redundancy.c.1.obj|[410]   |0x00000000|0|LOCL |SECT |HIDN |87    |.debug_info
src\app\application\redundancy\redundancy.c.1.obj|[412]   |0x00000000|0|LOCL |SECT |HIDN |89    |.debug_info
src\app\application\redundancy\redundancy.c.1.obj|[413]   |0x00000000|0|LOCL |SECT |HIDN |90    |.debug_info
src\app\application\redundancy\redundancy.c.1.obj|[414]   |0x00000000|0|LOCL |SECT |HIDN |91    |.debug_info
src\app\application\redundancy\redundancy.c.1.obj|[415]   |0x00000000|0|LOCL |SECT |HIDN |92    |.debug_info
src\app\application\redundancy\redundancy.c.1.obj|[441]   |0x00000000|0|LOCL |SECT |HIDN |118   |.debug_info
src\app\application\redundancy\redundancy.c.1.obj|[442]   |0x00000000|0|LOCL |SECT |HIDN |119   |.debug_info
src\app\application\redundancy\redundancy.c.1.obj|[443]   |0x00000000|0|LOCL |SECT |HIDN |120   |.debug_info
src\app\application\redundancy\redundancy.c.1.obj|[444]   |0x00000000|0|LOCL |SECT |HIDN |121   |.debug_info
src\app\application\redundancy\redundancy.c.1.obj|[445]   |0x00000000|0|LOCL |SECT |HIDN |122   |.debug_info
src\app\application\redundancy\redundancy.c.1.obj|[446]   |0x00000000|0|LOCL |SECT |HIDN |123   |.debug_info
src\app\application\redundancy\redundancy.c.1.obj|[447]   |0x00000000|0|LOCL |SECT |HIDN |124   |.debug_info
src\app\application\redundancy\redundancy.c.1.obj|[448]   |0x00000000|0|LOCL |SECT |HIDN |125   |.debug_info
src\app\application\redundancy\redundancy.c.1.obj|[449]   |0x00000000|0|LOCL |SECT |HIDN |126   |.debug_info
src\app\application\redundancy\redundancy.c.1.obj|[450]   |0x00000000|0|LOCL |SECT |HIDN |127   |.debug_info
src\app\application\redundancy\redundancy.c.1.obj|[436]   |0x00000000|0|LOCL |SECT |HIDN |113   |.debug_info
src\app\application\redundancy\redundancy.c.1.obj|[437]   |0x00000000|0|LOCL |SECT |HIDN |114   |.debug_info
src\app\application\redundancy\redundancy.c.1.obj|[438]   |0x00000000|0|LOCL |SECT |HIDN |115   |.debug_info
src\app\application\redundancy\redundancy.c.1.obj|[439]   |0x00000000|0|LOCL |SECT |HIDN |116   |.debug_info
src\app\application\redundancy\redundancy.c.1.obj|[440]   |0x00000000|0|LOCL |SECT |HIDN |117   |.debug_info
src\app\application\redundancy\redundancy.c.1.obj|[398]   |0x00000000|0|LOCL |SECT |HIDN |75    |.debug_info
src\app\application\redundancy\redundancy.c.1.obj|[433]   |0x00000000|0|LOCL |SECT |HIDN |110   |.debug_info
src\app\application\redundancy\redundancy.c.1.obj|[399]   |0x00000000|0|LOCL |SECT |HIDN |76    |.debug_info
src\app\application\redundancy\redundancy.c.1.obj|[400]   |0x00000000|0|LOCL |SECT |HIDN |77    |.debug_info
src\app\application\redundancy\redundancy.c.1.obj|[401]   |0x00000000|0|LOCL |SECT |HIDN |78    |.debug_info
src\app\application\redundancy\redundancy.c.1.obj|[432]   |0x00000000|0|LOCL |SECT |HIDN |109   |.debug_info
src\app\application\redundancy\redundancy.c.1.obj|[431]   |0x00000000|0|LOCL |SECT |HIDN |108   |.debug_info
src\app\application\redundancy\redundancy.c.1.obj|[430]   |0x00000000|0|LOCL |SECT |HIDN |107   |.debug_info
src\app\application\redundancy\redundancy.c.1.obj|[429]   |0x00000000|0|LOCL |SECT |HIDN |106   |.debug_info
src\app\application\redundancy\redundancy.c.1.obj|[428]   |0x00000000|0|LOCL |SECT |HIDN |105   |.debug_info
src\app\application\redundancy\redundancy.c.1.obj|[427]   |0x00000000|0|LOCL |SECT |HIDN |104   |.debug_info
src\app\application\redundancy\redundancy.c.1.obj|[426]   |0x00000000|0|LOCL |SECT |HIDN |103   |.debug_info
src\app\application\redundancy\redundancy.c.1.obj|[434]   |0x00000000|0|LOCL |SECT |HIDN |111   |.debug_info
src\app\application\redundancy\redundancy.c.1.obj|[425]   |0x00000000|0|LOCL |SECT |HIDN |102   |.debug_info
src\app\application\redundancy\redundancy.c.1.obj|[424]   |0x00000000|0|LOCL |SECT |HIDN |101   |.debug_info
src\app\application\redundancy\redundancy.c.1.obj|[423]   |0x00000000|0|LOCL |SECT |HIDN |100   |.debug_info
src\app\application\redundancy\redundancy.c.1.obj|[422]   |0x00000000|0|LOCL |SECT |HIDN |99    |.debug_info
src\app\application\redundancy\redundancy.c.1.obj|[421]   |0x00000000|0|LOCL |SECT |HIDN |98    |.debug_info
src\app\application\redundancy\redundancy.c.1.obj|[420]   |0x00000000|0|LOCL |SECT |HIDN |97    |.debug_info
src\app\application\redundancy\redundancy.c.1.obj|[419]   |0x00000000|0|LOCL |SECT |HIDN |96    |.debug_info
src\app\application\redundancy\redundancy.c.1.obj|[418]   |0x00000000|0|LOCL |SECT |HIDN |95    |.debug_info
src\app\application\redundancy\redundancy.c.1.obj|[417]   |0x00000000|0|LOCL |SECT |HIDN |94    |.debug_info
src\app\application\redundancy\redundancy.c.1.obj|[416]   |0x00000000|0|LOCL |SECT |HIDN |93    |.debug_info
src\app\application\redundancy\redundancy.c.1.obj|[435]   |0x00000000|0|LOCL |SECT |HIDN |112   |.debug_info
src\app\application\redundancy\redundancy.c.1.obj|[480]   |0x00000000|0|LOCL |SECT |HIDN |157   |.debug_line
src\app\application\redundancy\redundancy.c.1.obj|[481]   |0x00000000|0|LOCL |SECT |HIDN |158   |.debug_line
src\app\application\redundancy\redundancy.c.1.obj|[482]   |0x00000000|0|LOCL |SECT |HIDN |159   |.debug_line
src\app\application\redundancy\redundancy.c.1.obj|[483]   |0x00000000|0|LOCL |SECT |HIDN |160   |.debug_line
src\app\application\redundancy\redundancy.c.1.obj|[484]   |0x00000000|0|LOCL |SECT |HIDN |161   |.debug_line
src\app\application\redundancy\redundancy.c.1.obj|[485]   |0x00000000|0|LOCL |SECT |HIDN |162   |.debug_line
src\app\application\redundancy\redundancy.c.1.obj|[486]   |0x00000000|0|LOCL |SECT |HIDN |163   |.debug_line
src\app\application\redundancy\redundancy.c.1.obj|[487]   |0x00000000|0|LOCL |SECT |HIDN |164   |.debug_line
src\app\application\redundancy\redundancy.c.1.obj|[488]   |0x00000000|0|LOCL |SECT |HIDN |165   |.debug_line
src\app\application\redundancy\redundancy.c.1.obj|[489]   |0x00000000|0|LOCL |SECT |HIDN |166   |.debug_line
src\app\application\redundancy\redundancy.c.1.obj|[490]   |0x00000000|0|LOCL |SECT |HIDN |167   |.debug_line
src\app\application\redundancy\redundancy.c.1.obj|[491]   |0x00000000|0|LOCL |SECT |HIDN |168   |.debug_line
src\app\application\redundancy\redundancy.c.1.obj|[492]   |0x00000000|0|LOCL |SECT |HIDN |169   |.debug_line
src\app\application\redundancy\redundancy.c.1.obj|[493]   |0x00000000|0|LOCL |SECT |HIDN |170   |.debug_line
src\app\application\redundancy\redundancy.c.1.obj|[494]   |0x00000000|0|LOCL |SECT |HIDN |171   |.debug_line
src\app\application\redundancy\redundancy.c.1.obj|[495]   |0x00000000|0|LOCL |SECT |HIDN |172   |.debug_line
src\app\application\redundancy\redundancy.c.1.obj|[496]   |0x00000000|0|LOCL |SECT |HIDN |173   |.debug_line
src\app\application\redundancy\redundancy.c.1.obj|[497]   |0x00000000|0|LOCL |SECT |HIDN |174   |.debug_line
src\app\application\redundancy\redundancy.c.1.obj|[498]   |0x00000000|0|LOCL |SECT |HIDN |175   |.debug_line
src\app\application\redundancy\redundancy.c.1.obj|[499]   |0x00000000|0|LOCL |SECT |HIDN |176   |.debug_line
src\app\application\redundancy\redundancy.c.1.obj|[500]   |0x00000000|0|LOCL |SECT |HIDN |177   |.debug_line
src\app\application\redundancy\redundancy.c.1.obj|[501]   |0x00000000|0|LOCL |SECT |HIDN |178   |.debug_line
src\app\application\redundancy\redundancy.c.1.obj|[502]   |0x00000000|0|LOCL |SECT |HIDN |179   |.debug_line
src\app\application\redundancy\redundancy.c.1.obj|[503]   |0x00000000|0|LOCL |SECT |HIDN |180   |.debug_line
src\app\application\redundancy\redundancy.c.1.obj|[468]   |0x00000000|0|LOCL |SECT |HIDN |145   |.debug_line
src\app\application\redundancy\redundancy.c.1.obj|[451]   |0x00000000|0|LOCL |SECT |HIDN |128   |.debug_line
src\app\application\redundancy\redundancy.c.1.obj|[452]   |0x00000000|0|LOCL |SECT |HIDN |129   |.debug_line
src\app\application\redundancy\redundancy.c.1.obj|[453]   |0x00000000|0|LOCL |SECT |HIDN |130   |.debug_line
src\app\application\redundancy\redundancy.c.1.obj|[454]   |0x00000000|0|LOCL |SECT |HIDN |131   |.debug_line
src\app\application\redundancy\redundancy.c.1.obj|[455]   |0x00000000|0|LOCL |SECT |HIDN |132   |.debug_line
src\app\application\redundancy\redundancy.c.1.obj|[456]   |0x00000000|0|LOCL |SECT |HIDN |133   |.debug_line
src\app\application\redundancy\redundancy.c.1.obj|[457]   |0x00000000|0|LOCL |SECT |HIDN |134   |.debug_line
src\app\application\redundancy\redundancy.c.1.obj|[458]   |0x00000000|0|LOCL |SECT |HIDN |135   |.debug_line
src\app\application\redundancy\redundancy.c.1.obj|[459]   |0x00000000|0|LOCL |SECT |HIDN |136   |.debug_line
src\app\application\redundancy\redundancy.c.1.obj|[460]   |0x00000000|0|LOCL |SECT |HIDN |137   |.debug_line
src\app\application\redundancy\redundancy.c.1.obj|[461]   |0x00000000|0|LOCL |SECT |HIDN |138   |.debug_line
src\app\application\redundancy\redundancy.c.1.obj|[462]   |0x00000000|0|LOCL |SECT |HIDN |139   |.debug_line
src\app\application\redundancy\redundancy.c.1.obj|[463]   |0x00000000|0|LOCL |SECT |HIDN |140   |.debug_line
src\app\application\redundancy\redundancy.c.1.obj|[464]   |0x00000000|0|LOCL |SECT |HIDN |141   |.debug_line
src\app\application\redundancy\redundancy.c.1.obj|[465]   |0x00000000|0|LOCL |SECT |HIDN |142   |.debug_line
src\app\application\redundancy\redundancy.c.1.obj|[466]   |0x00000000|0|LOCL |SECT |HIDN |143   |.debug_line
src\app\application\redundancy\redundancy.c.1.obj|[467]   |0x00000000|0|LOCL |SECT |HIDN |144   |.debug_line
src\app\application\redundancy\redundancy.c.1.obj|[469]   |0x00000000|0|LOCL |SECT |HIDN |146   |.debug_line
src\app\application\redundancy\redundancy.c.1.obj|[470]   |0x00000000|0|LOCL |SECT |HIDN |147   |.debug_line
src\app\application\redundancy\redundancy.c.1.obj|[471]   |0x00000000|0|LOCL |SECT |HIDN |148   |.debug_line
src\app\application\redundancy\redundancy.c.1.obj|[472]   |0x00000000|0|LOCL |SECT |HIDN |149   |.debug_line
src\app\application\redundancy\redundancy.c.1.obj|[473]   |0x00000000|0|LOCL |SECT |HIDN |150   |.debug_line
src\app\application\redundancy\redundancy.c.1.obj|[474]   |0x00000000|0|LOCL |SECT |HIDN |151   |.debug_line
src\app\application\redundancy\redundancy.c.1.obj|[475]   |0x00000000|0|LOCL |SECT |HIDN |152   |.debug_line
src\app\application\redundancy\redundancy.c.1.obj|[476]   |0x00000000|0|LOCL |SECT |HIDN |153   |.debug_line
src\app\application\redundancy\redundancy.c.1.obj|[477]   |0x00000000|0|LOCL |SECT |HIDN |154   |.debug_line
src\app\application\redundancy\redundancy.c.1.obj|[478]   |0x00000000|0|LOCL |SECT |HIDN |155   |.debug_line
src\app\application\redundancy\redundancy.c.1.obj|[479]   |0x00000000|0|LOCL |SECT |HIDN |156   |.debug_line
src\app\application\redundancy\redundancy.c.1.obj|[633]   |0x00000000|0|LOCL |SECT |HIDN |310   |.debug_pubnames
src\app\application\redundancy\redundancy.c.1.obj|[642]   |0x00000000|0|LOCL |SECT |HIDN |319   |.debug_pubnames
src\app\application\redundancy\redundancy.c.1.obj|[641]   |0x00000000|0|LOCL |SECT |HIDN |318   |.debug_pubnames
src\app\application\redundancy\redundancy.c.1.obj|[625]   |0x00000000|0|LOCL |SECT |HIDN |302   |.debug_pubnames
src\app\application\redundancy\redundancy.c.1.obj|[634]   |0x00000000|0|LOCL |SECT |HIDN |311   |.debug_pubnames
src\app\application\redundancy\redundancy.c.1.obj|[626]   |0x00000000|0|LOCL |SECT |HIDN |303   |.debug_pubnames
src\app\application\redundancy\redundancy.c.1.obj|[640]   |0x00000000|0|LOCL |SECT |HIDN |317   |.debug_pubnames
src\app\application\redundancy\redundancy.c.1.obj|[627]   |0x00000000|0|LOCL |SECT |HIDN |304   |.debug_pubnames
src\app\application\redundancy\redundancy.c.1.obj|[635]   |0x00000000|0|LOCL |SECT |HIDN |312   |.debug_pubnames
src\app\application\redundancy\redundancy.c.1.obj|[628]   |0x00000000|0|LOCL |SECT |HIDN |305   |.debug_pubnames
src\app\application\redundancy\redundancy.c.1.obj|[639]   |0x00000000|0|LOCL |SECT |HIDN |316   |.debug_pubnames
src\app\application\redundancy\redundancy.c.1.obj|[629]   |0x00000000|0|LOCL |SECT |HIDN |306   |.debug_pubnames
src\app\application\redundancy\redundancy.c.1.obj|[636]   |0x00000000|0|LOCL |SECT |HIDN |313   |.debug_pubnames
src\app\application\redundancy\redundancy.c.1.obj|[630]   |0x00000000|0|LOCL |SECT |HIDN |307   |.debug_pubnames
src\app\application\redundancy\redundancy.c.1.obj|[638]   |0x00000000|0|LOCL |SECT |HIDN |315   |.debug_pubnames
src\app\application\redundancy\redundancy.c.1.obj|[631]   |0x00000000|0|LOCL |SECT |HIDN |308   |.debug_pubnames
src\app\application\redundancy\redundancy.c.1.obj|[632]   |0x00000000|0|LOCL |SECT |HIDN |309   |.debug_pubnames
src\app\application\redundancy\redundancy.c.1.obj|[646]   |0x00000000|0|LOCL |SECT |HIDN |323   |.debug_pubnames
src\app\application\redundancy\redundancy.c.1.obj|[645]   |0x00000000|0|LOCL |SECT |HIDN |322   |.debug_pubnames
src\app\application\redundancy\redundancy.c.1.obj|[644]   |0x00000000|0|LOCL |SECT |HIDN |321   |.debug_pubnames
src\app\application\redundancy\redundancy.c.1.obj|[637]   |0x00000000|0|LOCL |SECT |HIDN |314   |.debug_pubnames
src\app\application\redundancy\redundancy.c.1.obj|[643]   |0x00000000|0|LOCL |SECT |HIDN |320   |.debug_pubnames
src\app\application\redundancy\redundancy.c.1.obj|[622]   |0x00000000|0|LOCL |SECT |HIDN |299   |.debug_pubnames
src\app\application\redundancy\redundancy.c.1.obj|[623]   |0x00000000|0|LOCL |SECT |HIDN |300   |.debug_pubnames
src\app\application\redundancy\redundancy.c.1.obj|[624]   |0x00000000|0|LOCL |SECT |HIDN |301   |.debug_pubnames
src\app\application\redundancy\redundancy.c.1.obj|[672]   |0x00000000|0|LOCL |SECT |HIDN |349   |.debug_pubtypes
src\app\application\redundancy\redundancy.c.1.obj|[671]   |0x00000000|0|LOCL |SECT |HIDN |348   |.debug_pubtypes
src\app\application\redundancy\redundancy.c.1.obj|[670]   |0x00000000|0|LOCL |SECT |HIDN |347   |.debug_pubtypes
src\app\application\redundancy\redundancy.c.1.obj|[669]   |0x00000000|0|LOCL |SECT |HIDN |346   |.debug_pubtypes
src\app\application\redundancy\redundancy.c.1.obj|[668]   |0x00000000|0|LOCL |SECT |HIDN |345   |.debug_pubtypes
src\app\application\redundancy\redundancy.c.1.obj|[667]   |0x00000000|0|LOCL |SECT |HIDN |344   |.debug_pubtypes
src\app\application\redundancy\redundancy.c.1.obj|[666]   |0x00000000|0|LOCL |SECT |HIDN |343   |.debug_pubtypes
src\app\application\redundancy\redundancy.c.1.obj|[665]   |0x00000000|0|LOCL |SECT |HIDN |342   |.debug_pubtypes
src\app\application\redundancy\redundancy.c.1.obj|[652]   |0x00000000|0|LOCL |SECT |HIDN |329   |.debug_pubtypes
src\app\application\redundancy\redundancy.c.1.obj|[664]   |0x00000000|0|LOCL |SECT |HIDN |341   |.debug_pubtypes
src\app\application\redundancy\redundancy.c.1.obj|[654]   |0x00000000|0|LOCL |SECT |HIDN |331   |.debug_pubtypes
src\app\application\redundancy\redundancy.c.1.obj|[663]   |0x00000000|0|LOCL |SECT |HIDN |340   |.debug_pubtypes
src\app\application\redundancy\redundancy.c.1.obj|[662]   |0x00000000|0|LOCL |SECT |HIDN |339   |.debug_pubtypes
src\app\application\redundancy\redundancy.c.1.obj|[661]   |0x00000000|0|LOCL |SECT |HIDN |338   |.debug_pubtypes
src\app\application\redundancy\redundancy.c.1.obj|[653]   |0x00000000|0|LOCL |SECT |HIDN |330   |.debug_pubtypes
src\app\application\redundancy\redundancy.c.1.obj|[657]   |0x00000000|0|LOCL |SECT |HIDN |334   |.debug_pubtypes
src\app\application\redundancy\redundancy.c.1.obj|[651]   |0x00000000|0|LOCL |SECT |HIDN |328   |.debug_pubtypes
src\app\application\redundancy\redundancy.c.1.obj|[650]   |0x00000000|0|LOCL |SECT |HIDN |327   |.debug_pubtypes
src\app\application\redundancy\redundancy.c.1.obj|[649]   |0x00000000|0|LOCL |SECT |HIDN |326   |.debug_pubtypes
src\app\application\redundancy\redundancy.c.1.obj|[648]   |0x00000000|0|LOCL |SECT |HIDN |325   |.debug_pubtypes
src\app\application\redundancy\redundancy.c.1.obj|[647]   |0x00000000|0|LOCL |SECT |HIDN |324   |.debug_pubtypes
src\app\application\redundancy\redundancy.c.1.obj|[660]   |0x00000000|0|LOCL |SECT |HIDN |337   |.debug_pubtypes
src\app\application\redundancy\redundancy.c.1.obj|[656]   |0x00000000|0|LOCL |SECT |HIDN |333   |.debug_pubtypes
src\app\application\redundancy\redundancy.c.1.obj|[658]   |0x00000000|0|LOCL |SECT |HIDN |335   |.debug_pubtypes
src\app\application\redundancy\redundancy.c.1.obj|[655]   |0x00000000|0|LOCL |SECT |HIDN |332   |.debug_pubtypes
src\app\application\redundancy\redundancy.c.1.obj|[659]   |0x00000000|0|LOCL |SECT |HIDN |336   |.debug_pubtypes
src\app\application\redundancy\redundancy.c.1.obj|[673]   |0x00000000|0|LOCL |SECT |HIDN |350   |.debug_pubtypes
src\app\application\redundancy\redundancy.c.1.obj|[563]   |0x00000000|0|LOCL |SECT |HIDN |241   |.debug_str
src\app\application\redundancy\redundancy.c.1.obj|[565]   |0x00000000|0|LOCL |SECT |HIDN |243   |.debug_str
src\app\application\redundancy\redundancy.c.1.obj|[567]   |0x00000000|0|LOCL |SECT |HIDN |245   |.debug_str
src\app\application\redundancy\redundancy.c.1.obj|[569]   |0x00000000|0|LOCL |SECT |HIDN |247   |.debug_str
src\app\application\redundancy\redundancy.c.1.obj|[571]   |0x00000000|0|LOCL |SECT |HIDN |249   |.debug_str
src\app\application\redundancy\redundancy.c.1.obj|[573]   |0x00000000|0|LOCL |SECT |HIDN |251   |.debug_str
src\app\application\redundancy\redundancy.c.1.obj|[575]   |0x00000000|0|LOCL |SECT |HIDN |253   |.debug_str
src\app\application\redundancy\redundancy.c.1.obj|[577]   |0x00000000|0|LOCL |SECT |HIDN |255   |.debug_str
src\app\application\redundancy\redundancy.c.1.obj|[581]   |0x00000000|0|LOCL |SECT |HIDN |259   |.debug_str
src\app\application\redundancy\redundancy.c.1.obj|[583]   |0x00000000|0|LOCL |SECT |HIDN |261   |.debug_str
src\app\application\redundancy\redundancy.c.1.obj|[549]   |0x00000000|0|LOCL |SECT |HIDN |227   |.debug_str
src\app\application\redundancy\redundancy.c.1.obj|[585]   |0x00000000|0|LOCL |SECT |HIDN |263   |.debug_str
src\app\application\redundancy\redundancy.c.1.obj|[587]   |0x00000000|0|LOCL |SECT |HIDN |265   |.debug_str
src\app\application\redundancy\redundancy.c.1.obj|[589]   |0x00000000|0|LOCL |SECT |HIDN |267   |.debug_str
src\app\application\redundancy\redundancy.c.1.obj|[591]   |0x00000000|0|LOCL |SECT |HIDN |269   |.debug_str
src\app\application\redundancy\redundancy.c.1.obj|[593]   |0x00000000|0|LOCL |SECT |HIDN |271   |.debug_str
src\app\application\redundancy\redundancy.c.1.obj|[595]   |0x00000000|0|LOCL |SECT |HIDN |273   |.debug_str
src\app\application\redundancy\redundancy.c.1.obj|[597]   |0x00000000|0|LOCL |SECT |HIDN |275   |.debug_str
src\app\application\redundancy\redundancy.c.1.obj|[599]   |0x00000000|0|LOCL |SECT |HIDN |277   |.debug_str
src\app\application\redundancy\redundancy.c.1.obj|[601]   |0x00000000|0|LOCL |SECT |HIDN |279   |.debug_str
src\app\application\redundancy\redundancy.c.1.obj|[551]   |0x00000000|0|LOCL |SECT |HIDN |229   |.debug_str
src\app\application\redundancy\redundancy.c.1.obj|[553]   |0x00000000|0|LOCL |SECT |HIDN |231   |.debug_str
src\app\application\redundancy\redundancy.c.1.obj|[555]   |0x00000000|0|LOCL |SECT |HIDN |233   |.debug_str
src\app\application\redundancy\redundancy.c.1.obj|[579]   |0x00000000|0|LOCL |SECT |HIDN |257   |.debug_str
src\app\application\redundancy\redundancy.c.1.obj|[559]   |0x00000000|0|LOCL |SECT |HIDN |237   |.debug_str
src\app\application\redundancy\redundancy.c.1.obj|[557]   |0x00000000|0|LOCL |SECT |HIDN |235   |.debug_str
src\app\application\redundancy\redundancy.c.1.obj|[561]   |0x00000000|0|LOCL |SECT |HIDN |239   |.debug_str
src\app\application\redundancy\redundancy.c.1.obj|[290]   |0x00000000|0|LOCL |SECT |HIDN |46    |.text
src\app\application\redundancy\redundancy.c.1.obj|[318]   |0x00000000|0|LOCL |SECT |HIDN |74    |.text:__fpclassify
src\app\application\redundancy\redundancy.c.1.obj|[317]   |0x00000000|0|LOCL |SECT |HIDN |73    |.text:__fpclassifyf
src\app\application\redundancy\redundancy.c.1.obj|[316]   |0x00000000|0|LOCL |SECT |HIDN |72    |.text:__fpclassifyl
src\app\application\redundancy\redundancy.c.1.obj|[315]   |0x00000000|0|LOCL |SECT |HIDN |71    |.text:__isfinite
src\app\application\redundancy\redundancy.c.1.obj|[314]   |0x00000000|0|LOCL |SECT |HIDN |70    |.text:__isfinitef
src\app\application\redundancy\redundancy.c.1.obj|[313]   |0x00000000|0|LOCL |SECT |HIDN |69    |.text:__isfinitel
src\app\application\redundancy\redundancy.c.1.obj|[312]   |0x00000000|0|LOCL |SECT |HIDN |68    |.text:__isinf
src\app\application\redundancy\redundancy.c.1.obj|[311]   |0x00000000|0|LOCL |SECT |HIDN |67    |.text:__isinff
src\app\application\redundancy\redundancy.c.1.obj|[310]   |0x00000000|0|LOCL |SECT |HIDN |66    |.text:__isinfl
src\app\application\redundancy\redundancy.c.1.obj|[309]   |0x00000000|0|LOCL |SECT |HIDN |65    |.text:__isnan
src\app\application\redundancy\redundancy.c.1.obj|[308]   |0x00000000|0|LOCL |SECT |HIDN |64    |.text:__isnanf
src\app\application\redundancy\redundancy.c.1.obj|[307]   |0x00000000|0|LOCL |SECT |HIDN |63    |.text:__isnanl
src\app\application\redundancy\redundancy.c.1.obj|[306]   |0x00000000|0|LOCL |SECT |HIDN |62    |.text:__isnormal
src\app\application\redundancy\redundancy.c.1.obj|[305]   |0x00000000|0|LOCL |SECT |HIDN |61    |.text:__isnormalf
src\app\application\redundancy\redundancy.c.1.obj|[304]   |0x00000000|0|LOCL |SECT |HIDN |60    |.text:__isnormall
src\app\application\redundancy\redundancy.c.1.obj|[303]   |0x00000000|0|LOCL |SECT |HIDN |59    |.text:__signbit
src\app\application\redundancy\redundancy.c.1.obj|[302]   |0x00000000|0|LOCL |SECT |HIDN |58    |.text:__signbitf
src\app\application\redundancy\redundancy.c.1.obj|[301]   |0x00000000|0|LOCL |SECT |HIDN |57    |.text:__signbitl
src\app\application\redundancy\redundancy.c.1.obj|[697]   |0x00000000|0|GLOB |NONE |HIDN |UNDEF |BMS_GetNumberOfConnectedStrings
src\app\application\redundancy\redundancy.c.1.obj|[693]   |0x00000000|0|GLOB |NONE |HIDN |UNDEF |BMS_IsStringClosed
src\app\application\redundancy\redundancy.c.1.obj|[716]   |0x00000000|0|GLOB |NONE |HIDN |UNDEF |BMS_IsStringPrecharging
src\app\application\redundancy\redundancy.c.1.obj|[705]   |0x00000000|0|GLOB |NONE |HIDN |UNDEF |DATA_DatabaseEntryUpdatedAtLeastOnce
src\app\application\redundancy\redundancy.c.1.obj|[687]   |0x00000000|0|GLOB |NONE |HIDN |UNDEF |DATA_EntryUpdatedWithinInterval
src\app\application\redundancy\redundancy.c.1.obj|[717]   |0x00000000|0|GLOB |NONE |HIDN |UNDEF |DATA_Read1DataBlock
src\app\application\redundancy\redundancy.c.1.obj|[676]   |0x00000000|0|GLOB |NONE |HIDN |UNDEF |DATA_Read4DataBlocks
src\app\application\redundancy\redundancy.c.1.obj|[688]   |0x00000000|0|GLOB |NONE |HIDN |UNDEF |DATA_Write1DataBlock
src\app\application\redundancy\redundancy.c.1.obj|[678]   |0x00000000|0|GLOB |NONE |HIDN |UNDEF |DATA_Write2DataBlocks
src\app\application\redundancy\redundancy.c.1.obj|[677]   |0x00000000|0|GLOB |NONE |HIDN |UNDEF |DATA_Write3DataBlocks
src\app\application\redundancy\redundancy.c.1.obj|[712]   |0x00000000|0|GLOB |NONE |HIDN |UNDEF |DIAG_CheckEvent
src\app\application\redundancy\redundancy.c.1.obj|[706]   |0x00000000|0|GLOB |NONE |HIDN |UNDEF |DIAG_Handler
src\app\application\redundancy\redundancy.c.1.obj|[714]   |0x00000000|0|GLOB |NONE |HIDN |UNDEF |FAS_StoreAssertLocation
src\app\application\redundancy\redundancy.c.1.obj|[674]   |0x00000000|0|WEAK |FUNC |HIDN |UNDEF |Lib$$Request$$armlib
src\app\application\redundancy\redundancy.c.1.obj|[675]   |0x00000000|0|WEAK |FUNC |HIDN |UNDEF |Lib$$Request$$cpplib
src\app\application\redundancy\redundancy.c.1.obj|[221]   |0x0000158c|0|LOCL |FUNC |HIDN |46    |MRC_CalculateCellTemperatureMinMaxAverage
src\app\application\redundancy\redundancy.c.1.obj|[139]   |0x00000cb0|0|LOCL |FUNC |HIDN |46    |MRC_CalculateCellVoltageMinMaxAverage
src\app\application\redundancy\redundancy.c.1.obj|[696]   |0x00001a88|216|GLOB |FUNC |HIDN |46    |MRC_Initialize
src\app\application\redundancy\redundancy.c.1.obj|[55]    |0x00000000|0|LOCL |FUNC |HIDN |46    |MRC_MeasurementUpdatedAtLeastOnce
src\app\application\redundancy\redundancy.c.1.obj|[57]    |0x00000018|0|LOCL |FUNC |HIDN |46    |MRC_MeasurementUpdatedRecently
src\app\application\redundancy\redundancy.c.1.obj|[181]   |0x00001148|0|LOCL |FUNC |HIDN |46    |MRC_UpdateCellTemperatureValidation
src\app\application\redundancy\redundancy.c.1.obj|[111]   |0x0000078c|0|LOCL |FUNC |HIDN |46    |MRC_UpdateCellVoltageValidation
src\app\application\redundancy\redundancy.c.1.obj|[692]   |0x000019e0|168|GLOB |FUNC |HIDN |46    |MRC_ValidateAfeMeasurement
src\app\application\redundancy\redundancy.c.1.obj|[84]    |0x0000039c|0|LOCL |FUNC |HIDN |46    |MRC_ValidateBatteryVoltageMeasurement
src\app\application\redundancy\redundancy.c.1.obj|[194]   |0x000011d8|0|LOCL |FUNC |HIDN |46    |MRC_ValidateCellTemperature
src\app\application\redundancy\redundancy.c.1.obj|[237]   |0x00001790|0|LOCL |FUNC |HIDN |46    |MRC_ValidateCellTemperatureMeasurement
src\app\application\redundancy\redundancy.c.1.obj|[117]   |0x00000800|0|LOCL |FUNC |HIDN |46    |MRC_ValidateCellVoltage
src\app\application\redundancy\redundancy.c.1.obj|[160]   |0x00000ef4|0|LOCL |FUNC |HIDN |46    |MRC_ValidateCellVoltageMeasurement
src\app\application\redundancy\redundancy.c.1.obj|[59]    |0x0000005c|0|LOCL |FUNC |HIDN |46    |MRC_ValidateCurrentMeasurement
src\app\application\redundancy\redundancy.c.1.obj|[93]    |0x00000484|0|LOCL |FUNC |HIDN |46    |MRC_ValidateHighVoltageBusMeasurement
src\app\application\redundancy\redundancy.c.1.obj|[708]   |0x00000730|92|GLOB |FUNC |HIDN |46    |MRC_ValidatePackMeasurement
src\app\application\redundancy\redundancy.c.1.obj|[100]   |0x0000058c|0|LOCL |FUNC |HIDN |46    |MRC_ValidatePowerMeasurement
src\app\application\redundancy\redundancy.c.1.obj|[69]    |0x000001a4|0|LOCL |FUNC |HIDN |46    |MRC_ValidateStringVoltageMeasurement
src\app\application\redundancy\redundancy.c.1.obj|[715]   |0x00000000|0|GLOB |NONE |HIDN |UNDEF |OS_GetTickCount
src\app\application\redundancy\redundancy.c.1.obj|[691]   |0x00000000|0|GLOB |NONE |HIDN |UNDEF |PL_CheckCellVoltage
src\app\application\redundancy\redundancy.c.1.obj|[703]   |0x00000000|0|GLOB |NONE |HIDN |UNDEF |PL_CheckCelltemperature
src\app\application\redundancy\redundancy.c.1.obj|[718]   |0x00000000|0|GLOB |NONE |HIDN |UNDEF |PL_CheckStringVoltage
src\app\application\redundancy\redundancy.c.1.obj|[713]   |0x00000000|0|GLOB |NONE |HIDN |UNDEF |PL_CheckTemperatureSpread
src\app\application\redundancy\redundancy.c.1.obj|[709]   |0x00000000|0|GLOB |NONE |HIDN |UNDEF |PL_CheckVoltageSpread
src\app\application\redundancy\redundancy.c.1.obj|[738]   |0x00000000|0|GLOB |NONE |HIDN |120   |__TI_DW.debug_info.$base_types.a3001db55c69772f4e2efd565078122a
src\app\application\redundancy\redundancy.c.1.obj|[734]   |0x00000000|0|GLOB |NONE |HIDN |116   |__TI_DW.debug_info.FreeRTOS.h.04ae4be274fdd73f669237d7bd419fd8
src\app\application\redundancy\redundancy.c.1.obj|[742]   |0x00000000|0|GLOB |NONE |HIDN |124   |__TI_DW.debug_info._stdint.h.55dc0724062de24f6648c36a36931c9a
src\app\application\redundancy\redundancy.c.1.obj|[731]   |0x00000000|0|GLOB |NONE |HIDN |113   |__TI_DW.debug_info._types.h.59562a94a523b27bdcf6ba60164276f0
src\app\application\redundancy\redundancy.c.1.obj|[740]   |0x00000000|0|GLOB |NONE |HIDN |122   |__TI_DW.debug_info._types.h.62a9317002fb36f2a0c7d45aa6f41cd3
src\app\application\redundancy\redundancy.c.1.obj|[723]   |0x00000000|0|GLOB |NONE |HIDN |105   |__TI_DW.debug_info.battery_system_cfg.h.0d4bf392593ad8c7424a2b56147ab1c8
src\app\application\redundancy\redundancy.c.1.obj|[724]   |0x00000000|0|GLOB |NONE |HIDN |106   |__TI_DW.debug_info.bms.h.fcac313e7fece0a657185e89ba9af49e
src\app\application\redundancy\redundancy.c.1.obj|[722]   |0x00000000|0|GLOB |NONE |HIDN |104   |__TI_DW.debug_info.contactor_cfg.h.477cd96064fdff34e6dc6c2f5cbe7f7c
src\app\application\redundancy\redundancy.c.1.obj|[721]   |0x00000000|0|GLOB |NONE |HIDN |103   |__TI_DW.debug_info.database.h.8375bc513bfbcb2ca5a182379d78bf12
src\app\application\redundancy\redundancy.c.1.obj|[719]   |0x00000000|0|GLOB |NONE |HIDN |101   |__TI_DW.debug_info.database_cfg.h.f906c4dd07ebafd1cbb04cd9a5d8f73a
src\app\application\redundancy\redundancy.c.1.obj|[727]   |0x00000000|0|GLOB |NONE |HIDN |109   |__TI_DW.debug_info.diag.h.2dd585e2425af65e825e83e0b2f8299d
src\app\application\redundancy\redundancy.c.1.obj|[726]   |0x00000000|0|GLOB |NONE |HIDN |108   |__TI_DW.debug_info.diag_cfg.h.e7a813b80aca141ada97b819c1b25b3c
src\app\application\redundancy\redundancy.c.1.obj|[732]   |0x00000000|0|GLOB |NONE |HIDN |114   |__TI_DW.debug_info.fassert.h.0b7b2882a1c517594159c37868ac3e58
src\app\application\redundancy\redundancy.c.1.obj|[725]   |0x00000000|0|GLOB |NONE |HIDN |107   |__TI_DW.debug_info.fstd_types.h.1d46766ec8ec487eaf2fab650eb7b69f
src\app\application\redundancy\redundancy.c.1.obj|[745]   |0x00000000|0|GLOB |NONE |HIDN |127   |__TI_DW.debug_info.list.h.4d6d03950ec964682d1452032bc583c0
src\app\application\redundancy\redundancy.c.1.obj|[744]   |0x00000000|0|GLOB |NONE |HIDN |126   |__TI_DW.debug_info.math.h.13c7f3b9a83b668b2d889e035795d0ae
src\app\application\redundancy\redundancy.c.1.obj|[720]   |0x00000000|0|GLOB |NONE |HIDN |102   |__TI_DW.debug_info.os.h.41398224f6b5d0f5c3f79f50da01e755
src\app\application\redundancy\redundancy.c.1.obj|[735]   |0x00000000|0|GLOB |NONE |HIDN |117   |__TI_DW.debug_info.portable.h.c0bc1a9dbc14fbad9a0d50cf4c508b48
src\app\application\redundancy\redundancy.c.1.obj|[736]   |0x00000000|0|GLOB |NONE |HIDN |118   |__TI_DW.debug_info.portmacro.h.27a49087feeaefca4aa91ed2620167d4
src\app\application\redundancy\redundancy.c.1.obj|[739]   |0x00000000|0|GLOB |NONE |HIDN |121   |__TI_DW.debug_info.projdefs.h.5856c2ba92afc82b3ee8e01784625b26
src\app\application\redundancy\redundancy.c.1.obj|[737]   |0x00000000|0|GLOB |NONE |HIDN |119   |__TI_DW.debug_info.queue.h.4395c51deb74aa560f9a5fb5d2d2ba23
src\app\application\redundancy\redundancy.c.1.obj|[730]   |0x00000000|0|GLOB |NONE |HIDN |112   |__TI_DW.debug_info.redundancy.h.c7702109bf43166d6f2c464783ffbd82
src\app\application\redundancy\redundancy.c.1.obj|[729]   |0x00000000|0|GLOB |NONE |HIDN |111   |__TI_DW.debug_info.sps_types.h.64f048f9255ea587a5d04bff49a64c25
src\app\application\redundancy\redundancy.c.1.obj|[743]   |0x00000000|0|GLOB |NONE |HIDN |125   |__TI_DW.debug_info.stddef.h.3995acaf97b16aff113f2eef85fc0668
src\app\application\redundancy\redundancy.c.1.obj|[741]   |0x00000000|0|GLOB |NONE |HIDN |123   |__TI_DW.debug_info.stdint.h.ad4b679dbce029afdbcc9a8c662c70ff
src\app\application\redundancy\redundancy.c.1.obj|[733]   |0x00000000|0|GLOB |NONE |HIDN |115   |__TI_DW.debug_info.stdlib.h.ac2c69815a1a68a7badf152f1671e101
src\app\application\redundancy\redundancy.c.1.obj|[728]   |0x00000000|0|GLOB |NONE |HIDN |110   |__TI_DW.debug_info.task.h.10d8fb1d269a36a83fc81a7c5881d7b4
src\app\application\redundancy\redundancy.c.1.obj|[682]   |0x00000000|0|GLOB |NONE |HIDN |UNDEF |__aeabi_idivmod
src\app\application\redundancy\redundancy.c.1.obj|[679]   |0x00000000|0|GLOB |NONE |HIDN |UNDEF |__aeabi_ldivmod
src\app\application\redundancy\redundancy.c.1.obj|[710]   |0x00000000|228|GLOB |FUNC |HIDN |74    |__fpclassify
src\app\application\redundancy\redundancy.c.1.obj|[319]   |0x00000000|0|LOCL |SECT |HIDN |1     |__fpclassify
src\app\application\redundancy\redundancy.c.1.obj|[699]   |0x00000000|100|GLOB |FUNC |HIDN |73    |__fpclassifyf
src\app\application\redundancy\redundancy.c.1.obj|[320]   |0x00000000|0|LOCL |SECT |HIDN |2     |__fpclassifyf
src\app\application\redundancy\redundancy.c.1.obj|[321]   |0x00000000|0|LOCL |SECT |HIDN |3     |__fpclassifyl
src\app\application\redundancy\redundancy.c.1.obj|[698]   |0x00000000|228|GLOB |FUNC |HIDN |72    |__fpclassifyl
src\app\application\redundancy\redundancy.c.1.obj|[322]   |0x00000000|0|LOCL |SECT |HIDN |4     |__isfinite
src\app\application\redundancy\redundancy.c.1.obj|[707]   |0x00000000|36|GLOB |FUNC |HIDN |71    |__isfinite
src\app\application\redundancy\redundancy.c.1.obj|[686]   |0x00000000|32|GLOB |FUNC |HIDN |70    |__isfinitef
src\app\application\redundancy\redundancy.c.1.obj|[323]   |0x00000000|0|LOCL |SECT |HIDN |5     |__isfinitef
src\app\application\redundancy\redundancy.c.1.obj|[685]   |0x00000000|36|GLOB |FUNC |HIDN |69    |__isfinitel
src\app\application\redundancy\redundancy.c.1.obj|[324]   |0x00000000|0|LOCL |SECT |HIDN |6     |__isfinitel
src\app\application\redundancy\redundancy.c.1.obj|[702]   |0x00000000|100|GLOB |FUNC |HIDN |68    |__isinf
src\app\application\redundancy\redundancy.c.1.obj|[325]   |0x00000000|0|LOCL |SECT |HIDN |7     |__isinf
src\app\application\redundancy\redundancy.c.1.obj|[700]   |0x00000000|44|GLOB |FUNC |HIDN |67    |__isinff
src\app\application\redundancy\redundancy.c.1.obj|[326]   |0x00000000|0|LOCL |SECT |HIDN |8     |__isinff
src\app\application\redundancy\redundancy.c.1.obj|[701]   |0x00000000|100|GLOB |FUNC |HIDN |66    |__isinfl
src\app\application\redundancy\redundancy.c.1.obj|[327]   |0x00000000|0|LOCL |SECT |HIDN |9     |__isinfl
src\app\application\redundancy\redundancy.c.1.obj|[328]   |0x00000000|0|LOCL |SECT |HIDN |10    |__isnan
src\app\application\redundancy\redundancy.c.1.obj|[704]   |0x00000000|100|GLOB |FUNC |HIDN |65    |__isnan
src\app\application\redundancy\redundancy.c.1.obj|[329]   |0x00000000|0|LOCL |SECT |HIDN |11    |__isnanf
src\app\application\redundancy\redundancy.c.1.obj|[694]   |0x00000000|44|GLOB |FUNC |HIDN |64    |__isnanf
src\app\application\redundancy\redundancy.c.1.obj|[330]   |0x00000000|0|LOCL |SECT |HIDN |12    |__isnanl
src\app\application\redundancy\redundancy.c.1.obj|[695]   |0x00000000|100|GLOB |FUNC |HIDN |63    |__isnanl
src\app\application\redundancy\redundancy.c.1.obj|[331]   |0x00000000|0|LOCL |SECT |HIDN |13    |__isnormal
src\app\application\redundancy\redundancy.c.1.obj|[711]   |0x00000000|84|GLOB |FUNC |HIDN |62    |__isnormal
src\app\application\redundancy\redundancy.c.1.obj|[332]   |0x00000000|0|LOCL |SECT |HIDN |14    |__isnormalf
src\app\application\redundancy\redundancy.c.1.obj|[684]   |0x00000000|48|GLOB |FUNC |HIDN |61    |__isnormalf
src\app\application\redundancy\redundancy.c.1.obj|[333]   |0x00000000|0|LOCL |SECT |HIDN |15    |__isnormall
src\app\application\redundancy\redundancy.c.1.obj|[683]   |0x00000000|84|GLOB |FUNC |HIDN |60    |__isnormall
src\app\application\redundancy\redundancy.c.1.obj|[334]   |0x00000000|0|LOCL |SECT |HIDN |16    |__signbit
src\app\application\redundancy\redundancy.c.1.obj|[681]   |0x00000000|52|GLOB |FUNC |HIDN |59    |__signbit
src\app\application\redundancy\redundancy.c.1.obj|[335]   |0x00000000|0|LOCL |SECT |HIDN |17    |__signbitf
src\app\application\redundancy\redundancy.c.1.obj|[690]   |0x00000000|12|GLOB |FUNC |HIDN |58    |__signbitf
src\app\application\redundancy\redundancy.c.1.obj|[689]   |0x00000000|52|GLOB |FUNC |HIDN |57    |__signbitl
src\app\application\redundancy\redundancy.c.1.obj|[336]   |0x00000000|0|LOCL |SECT |HIDN |18    |__signbitl
src\app\application\redundancy\redundancy.c.1.obj|[680]   |0x00000000|0|GLOB |NONE |HIDN |UNDEF |memcpy
src\app\application\redundancy\redundancy.c.1.obj|[6]     |0x00000000|24|LOCL |OBJT |HIDN |51    |mrc_state
src\app\application\redundancy\redundancy.c.1.obj|[4]     |0x00000000|72|LOCL |OBJT |HIDN |49    |mrc_tableCellTemperatures
src\app\application\redundancy\redundancy.c.1.obj|[7]     |0x00000000|168|LOCL |OBJT |HIDN |52    |mrc_tableCellVoltageBase$1
src\app\application\redundancy\redundancy.c.1.obj|[8]     |0x00000000|168|LOCL |OBJT |HIDN |53    |mrc_tableCellVoltageRedundancy0$2
src\app\application\redundancy\redundancy.c.1.obj|[3]     |0x00000000|168|LOCL |OBJT |HIDN |48    |mrc_tableCellVoltages
src\app\application\redundancy\redundancy.c.1.obj|[9]     |0x00000000|72|LOCL |OBJT |HIDN |54    |mrc_tableCelltemperatureBase$3
src\app\application\redundancy\redundancy.c.1.obj|[10]    |0x00000000|72|LOCL |OBJT |HIDN |55    |mrc_tableCelltemperatureRedundancy0$4
src\app\application\redundancy\redundancy.c.1.obj|[2]     |0x00000000|52|LOCL |OBJT |HIDN |47    |mrc_tableMinimumMaximumValues
src\app\application\redundancy\redundancy.c.1.obj|[5]     |0x00000000|68|LOCL |OBJT |HIDN |50    |mrc_tablePackValues
src\app\application\redundancy\redundancy.c.1.obj|[1]     |0x00000000|0|LOCL |FILE |HIDN |ABS   |{5964333F-4C0B-492F-9C17-11602FB8B239}
